Log file open, 03/09/17 02:02:45
LogInit:Display: Running engine for game: DissertationLevel
LogPlatformFile: Not using cached read wrapper
LogInit:Display: RandInit(-1418354619) SRandInit(-1418354618).
LogTaskGraph: Started task graph with 4 named threads and 7 total threads with 1 sets of task threads.
LogStats: Stats thread started at 0.070610
LogInit: Version: 4.12.5-3039270+++UE4+Release-4.12
LogInit: API Version: 2992821
LogInit: Net Version: 3039270
LogDevObjectVersion: Number of dev versions registered: 13
LogDevObjectVersion:   Dev-Blueprints (B0D832E4-1F89-4F0D-ACCF-7EB736FD4AA2): 3
LogDevObjectVersion:   Dev-Build (E1C64328-A22C-4D53-A36C-8E866417BD8C): 0
LogDevObjectVersion:   Dev-Core (375EC13C-06E4-48FB-B500-84F0262A717E): 1
LogDevObjectVersion:   Dev-Editor (E4B068ED-F494-42E9-A231-DA0B2E46BB41): 2
LogDevObjectVersion:   Dev-Framework (CFFC743F-43B0-4480-9391-14DF171D2073): 6
LogDevObjectVersion:   Dev-Mobile (B02B49B5-BB20-44E9-A304-32B752E40360): 0
LogDevObjectVersion:   Dev-Networking (A4E4105C-59A1-49B5-A7C5-40C4547EDFEE): 0
LogDevObjectVersion:   Dev-Online (39C831C9-5AE6-47DC-9A44-9C173E1C8E7C): 0
LogDevObjectVersion:   Dev-Physics (78F01B33-EBEA-4F98-B9B4-84EACCB95AA2): 0
LogDevObjectVersion:   Dev-Platform (6631380F-2D4D-43E0-8009-CF276956A95A): 0
LogDevObjectVersion:   Dev-Rendering (12F88B9F-8875-4AFC-A67C-D90C383ABD29): 2
LogDevObjectVersion:   Dev-Sequencer (7B5AE74C-D270-4C10-A958-57980B212A5A): 0
LogDevObjectVersion:   Dev-VR (D7296918-1DD6-4BDD-9DE2-64A83CC13884): 0
LogInit: Compiled (64-bit): Jul  6 2016 09:09:46
LogInit: Compiled with Visual C++: 19.00.23026.00
LogInit: Build Configuration: Development
LogInit: Branch Name: ++UE4+Release-4.12
LogInit: Command line: 
LogInit: Base directory: C:/Program Files/Epic Games/4.12/Engine/Binaries/Win64/
LogInit: Installed Engine Build: 1
LogInit: Using libcurl 7.41.0
LogInit:  - built for x86_64-pc-win32
LogInit:  - supports SSL with WinSSL
LogInit:  - other features:
LogInit:      CURL_VERSION_SSL
LogInit:      CURL_VERSION_IPV6
LogInit:      CURL_VERSION_ASYNCHDNS
LogInit:      CURL_VERSION_LARGEFILE
LogInit:      CURL_VERSION_IDN
LogInit:  CurlRequestOptions (configurable via config and command line):
LogInit:  - bVerifyPeer = true  - Libcurl will verify peer certificate
LogInit:  - bUseHttpProxy = false  - Libcurl will NOT use HTTP proxy
LogInit:  - bDontReuseConnections = false  - Libcurl will reuse connections
LogInit:  - CertBundlePath = nullptr  - Libcurl will use whatever was configured at build time.
LogInit: Presizing for max 8388607 objects, including 0 objects not considered by GC, pre-allocating 0 bytes for permanent pool.
LogInit: Object subsystem initialized
[2017.03.09-02.02.46:281][  0]LogInit: Selected Device Profile: [Windows]
[2017.03.09-02.02.46:281][  0]LogInit: Applying CVar settings loaded from the selected device profile: [Windows]
[2017.03.09-02.02.46:410][  0]LogInit: Computer: RIGG001
[2017.03.09-02.02.46:410][  0]LogInit: User: b3030113
[2017.03.09-02.02.46:410][  0]LogInit: CPU Page size=65536, Cores=4
[2017.03.09-02.02.46:410][  0]LogInit: High frequency timer resolution =3.312791 MHz
[2017.03.09-02.02.46:410][  0]LogMemory: Memory total: Physical=8.0GB (8GB approx)
[2017.03.09-02.02.46:410][  0]LogMemory: Platform Memory Stats for Windows
[2017.03.09-02.02.46:410][  0]LogMemory: Process Physical Memory: 188.39 MB used, 188.39 MB peak
[2017.03.09-02.02.46:410][  0]LogMemory: Process Virtual Memory: 195.11 MB used, 195.11 MB peak
[2017.03.09-02.02.46:410][  0]LogMemory: Physical Memory: 6309.04 MB used, 8142.59 MB total
[2017.03.09-02.02.46:410][  0]LogMemory: Virtual Memory: 536.59 MB used, 134217728.00 MB total
[2017.03.09-02.02.46:658][  0]LogTextLocalizationManager: No specific translations for ('en-GB') exist, so ('en') translations will be used.
[2017.03.09-02.02.47:280][  0]LogD3D11RHI: D3D11 adapters:
[2017.03.09-02.02.47:311][  0]LogD3D11RHI:    0. 'NVIDIA GeForce GT 610  ' (Feature Level 11_0)
[2017.03.09-02.02.47:311][  0]LogD3D11RHI:       973/0/3071 MB DedicatedVideo/DedicatedSystem/SharedSystem, Outputs:1, VendorId:0x10de
[2017.03.09-02.02.47:333][  0]LogD3D11RHI:    1. 'Microsoft Basic Render Driver' (Feature Level 11_0)
[2017.03.09-02.02.47:333][  0]LogD3D11RHI:       0/0/256 MB DedicatedVideo/DedicatedSystem/SharedSystem, Outputs:0, VendorId:0x1414
[2017.03.09-02.02.47:333][  0]LogD3D11RHI: Chosen D3D11 Adapter: 0
[2017.03.09-02.02.47:341][  0]LogD3D11RHI: Creating new Direct3DDevice
[2017.03.09-02.02.47:341][  0]LogD3D11RHI:     GPU DeviceId: 0x104a (for the marketing name, search the web for "GPU Device Id")
[2017.03.09-02.02.47:341][  0]LogWindows: EnumDisplayDevices:
[2017.03.09-02.02.47:341][  0]LogWindows:    0. 'NVIDIA GeForce GT 610  ' (P:1 D:1)
[2017.03.09-02.02.47:342][  0]LogWindows:    1. 'NVIDIA GeForce GT 610  ' (P:0 D:0)
[2017.03.09-02.02.47:342][  0]LogWindows: DebugString: FoundDriverCount:2 
[2017.03.09-02.02.47:342][  0]LogD3D11RHI:     Adapter Name: NVIDIA GeForce GT 610  
[2017.03.09-02.02.47:342][  0]LogD3D11RHI:   Driver Version: 362.84 (internal:10.18.13.6284, unified:362.84)
[2017.03.09-02.02.47:342][  0]LogD3D11RHI:      Driver Date: 6-26-2016
[2017.03.09-02.02.47:342][  0]LogRHI: Texture pool is 681 MB (70% of 973 MB)
[2017.03.09-02.02.47:354][  0]LogD3D11RHI: Async texture creation enabled
[2017.03.09-02.02.47:373][  0]LogD3D11RHI: GPU Timing Frequency: 1000.000000 (Debug: 2 2)
[2017.03.09-02.02.47:373][  0]LogShaderCompilers: Guid format shader working directory is -12 characters bigger than the processId version (D:/Unreal Engine Projects/DissertationLevel/DissertationLevel/Intermediate/Shaders/WorkingDirectory/1608/).
[2017.03.09-02.02.47:373][  0]LogShaderCompilers: Cleaned the shader compiler working directory 'C:/Users/b3030113/AppData/Local/Temp/UnrealShaderWorkingDir/DA18CE244B77118B2569F6B2DBF1E5E7/'.
[2017.03.09-02.02.47:373][  0]LogShaderCompilers:Display: Using Local Shader Compiler.
[2017.03.09-02.02.51:618][  0]LogTemp:Display: Loaded TP AllDesktopTargetPlatform
[2017.03.09-02.02.51:630][  0]LogTemp:Display: Loaded TP WindowsClientTargetPlatform
[2017.03.09-02.02.51:642][  0]LogTemp:Display: Loaded TP WindowsNoEditorTargetPlatform
[2017.03.09-02.02.51:653][  0]LogTemp:Display: Loaded TP WindowsServerTargetPlatform
[2017.03.09-02.02.51:665][  0]LogTemp:Display: Loaded TP WindowsTargetPlatform
[2017.03.09-02.02.51:676][  0]LogTemp:Display: Loaded TP AndroidTargetPlatform
[2017.03.09-02.02.51:687][  0]LogTemp:Display: Loaded TP Android_ASTCTargetPlatform
[2017.03.09-02.02.51:698][  0]LogTemp:Display: Loaded TP Android_ATCTargetPlatform
[2017.03.09-02.02.51:708][  0]LogTemp:Display: Loaded TP Android_DXTTargetPlatform
[2017.03.09-02.02.51:719][  0]LogTemp:Display: Loaded TP Android_ETC1TargetPlatform
[2017.03.09-02.02.51:731][  0]LogTemp:Display: Loaded TP Android_ETC2TargetPlatform
[2017.03.09-02.02.51:753][  0]LogTemp:Display: Loaded TP Android_MultiTargetPlatform
[2017.03.09-02.02.51:753][  0]LogTemp:Display: Loaded TP Android_PVRTCTargetPlatform
[2017.03.09-02.02.51:754][  0]LogTemp:Display: Loaded TP HTML5TargetPlatform
[2017.03.09-02.02.51:780][  0]LogTemp:Display: Loaded TP IOSTargetPlatform
[2017.03.09-02.02.51:790][  0]LogTemp:Display: Loaded TP TVOSTargetPlatform
[2017.03.09-02.02.51:800][  0]LogTemp:Display: Loaded TP LinuxNoEditorTargetPlatform
[2017.03.09-02.02.51:810][  0]LogTemp:Display: Loaded TP LinuxServerTargetPlatform
[2017.03.09-02.02.51:836][  0]LogTemp:Display: Loaded TP LinuxTargetPlatform
[2017.03.09-02.02.51:836][  0]LogTargetPlatformManager:Display: Building Assets For Windows
[2017.03.09-02.02.51:892][  0]LogDerivedDataCache:Display: Max Cache Size: 512 MB
[2017.03.09-02.02.51:941][  0]LogDerivedDataCache: Loaded boot cache 0.05s 50MB C:/Users/b3030113/AppData/Local/UnrealEngine/4.12/DerivedDataCache/Boot.ddc.
[2017.03.09-02.02.51:942][  0]LogDerivedDataCache:Display: Loaded Boot cache: C:/Users/b3030113/AppData/Local/UnrealEngine/4.12/DerivedDataCache/Boot.ddc
[2017.03.09-02.02.51:942][  0]LogDerivedDataCache: FDerivedDataBackendGraph:  Pak pak cache file D:/Unreal Engine Projects/DissertationLevel/DissertationLevel/DerivedDataCache/DDC.ddp not found, will not use a pak cache.
[2017.03.09-02.02.51:942][  0]LogDerivedDataCache: Unable to find inner node Pak for hierarchical cache Hierarchy.
[2017.03.09-02.02.51:942][  0]LogDerivedDataCache: FDerivedDataBackendGraph:  CompressedPak pak cache file D:/Unreal Engine Projects/DissertationLevel/DissertationLevel/DerivedDataCache/Compressed.ddp not found, will not use a pak cache.
[2017.03.09-02.02.51:942][  0]LogDerivedDataCache: Unable to find inner node CompressedPak for hierarchical cache Hierarchy.
[2017.03.09-02.02.51:958][  0]LogDerivedDataCache:Display: Pak cache opened for reading ../../../Engine/DerivedDataCache/Compressed.ddp.
[2017.03.09-02.02.51:970][  0]LogDerivedDataCache: Using Local data cache path C:/Users/b3030113/AppData/Local/UnrealEngine/Common/DerivedDataCache: Writable
[2017.03.09-02.02.53:313][  0]LogInit: Selected Device Profile: [Windows]
[2017.03.09-02.02.53:314][  0]LogContentStreaming: Texture pool size is 0.00 MB
[2017.03.09-02.02.53:595][  0]LogMeshUtilities: No automatic mesh reduction module available
[2017.03.09-02.02.53:595][  0]LogMeshUtilities: No automatic mesh merging module available
[2017.03.09-02.02.53:595][  0]LogMeshUtilities: No distributed automatic mesh merging module available
[2017.03.09-02.02.53:825][  0]LogAssetRegistry: FAssetRegistry took 0.0225 seconds to start up
[2017.03.09-02.02.57:260][  0]LogPackageLocalizationCache: Processed 3 localized package path(s) for 2 prioritized culture(s) in 3.425192 seconds
[2017.03.09-02.02.57:268][  0]LogUObjectArray: 28739 objects as part of root set at end of initial load.
[2017.03.09-02.02.57:268][  0]LogUObjectAllocator: 5855624 out of 0 bytes used by permanent object pool.
[2017.03.09-02.02.57:268][  0]LogUObjectArray: CloseDisregardForGC: 0/0 objects in disregard for GC pool
[2017.03.09-02.02.57:278][  0]LogInit: WinSock: version 1.1 (2.2), MaxSocks=32767, MaxUdp=65467
[2017.03.09-02.02.57:659][  0]LogSlate: SlateFontCache - WITH_FREETYPE: 1, WITH_HARFBUZZ: 1
[2017.03.09-02.02.57:659][  0]LogSlate: SlateFontCache - WITH_FREETYPE: 1, WITH_HARFBUZZ: 1
[2017.03.09-02.03.10:870][  0]LogUdpMessaging: Initializing bridge on interface 0.0.0.0:0 to multicast group 230.0.0.1:6666.
[2017.03.09-02.03.11:498][  0]SourceControl: Info Source control is disabled
[2017.03.09-02.03.11:737][  0]SourceControl: Info Source control is disabled
[2017.03.09-02.03.11:744][  0]SourceControl: Info Source control is disabled
[2017.03.09-02.03.11:751][  0]SourceControl: Info Source control is disabled
[2017.03.09-02.03.11:929][  0]LogEngine: Initializing Engine...
[2017.03.09-02.03.11:929][  0]LogHMD: SteamVR failed to initialize.  Err: 110
[2017.03.09-02.03.11:930][  0]LogHMD: SteamVR failed to initialize.  Err: 110
[2017.03.09-02.03.12:052][  0]LogAIModule: Creating AISystem for world NewWorld
[2017.03.09-02.03.12:057][  0]LogInit: XAudio2 using 'Speakers (Realtek High Definition Audio)' : 2 channels at 48 kHz using 32 bits per sample (channel mask 0x3)
[2017.03.09-02.03.12:074][  0]LogInit: FAudioDevice initialized.
[2017.03.09-02.03.12:101][  0]LogDerivedDataCache: Saved boot cache 0.03s 50MB C:/Users/b3030113/AppData/Local/UnrealEngine/4.12/DerivedDataCache/Boot.ddc.
[2017.03.09-02.03.12:111][  0]LogInit: Texture streaming: Enabled
[2017.03.09-02.03.12:127][  0]LogInit: Transaction tracking system initialized
[2017.03.09-02.03.12:142][  0]BlueprintLog: New page: Editor Load
[2017.03.09-02.03.12:288][  0]LocalizationService: Info Localization service is disabled
[2017.03.09-02.03.12:491][  0]LogConsoleResponse:Display: 
[2017.03.09-02.03.12:929][  0]LogCook:Display: Max memory allowance for cook 8192mb
[2017.03.09-02.03.12:929][  0]LogCook:Display: Mobile HDR setting 1
[2017.03.09-02.03.13:010][  0]LogFileCache: Scanning file cache for directory 'D:/Unreal Engine Projects/DissertationLevel/DissertationLevel/Content/' took 0.04s
[2017.03.09-02.03.13:238][  0]SourceControl: Info Source control is disabled
[2017.03.09-02.03.13:238][  0]Cmd: MAP LOAD FILE="D:/Unreal Engine Projects/DissertationLevel/DissertationLevel/Content/ThirdPersonCPP/Maps/ThirdPersonExampleMap.umap" TEMPLATE=0 SHOWPROGRESS=1 FEATURELEVEL=3
[2017.03.09-02.03.13:244][  0]LightingResults: New page: Lighting Build
[2017.03.09-02.03.13:246][  0]MapCheck: New page: Map Check
[2017.03.09-02.03.13:246][  0]LightingResults: New page: Lighting Build
[2017.03.09-02.03.13:592][  0]LogAIModule: Creating AISystem for world ThirdPersonExampleMap
[2017.03.09-02.03.13:723][  0]LogEditorServer: Finished looking for orphan Actors (0.000 secs)
[2017.03.09-02.03.13:724][  0]Cmd: MAP CHECKDEP NOCLEARLOG
[2017.03.09-02.03.13:810][  0]MapCheck: Info Map check complete: 0 Error(s), 0 Warning(s), took 86.359ms to complete.
[2017.03.09-02.03.13:810][  0]LogFileHelpers: Loading map 'ThirdPersonExampleMap' took 0.572
[2017.03.09-02.03.14:004][  0]LogCollectionManager: Loaded 0 collections in 0.002050 seconds
[2017.03.09-02.03.14:048][  0]LogFileCache: Scanning file cache for directory 'D:/Unreal Engine Projects/DissertationLevel/DissertationLevel/Saved/Collections/' took 0.01s
[2017.03.09-02.03.14:048][  0]LogFileCache: Scanning file cache for directory 'D:/Unreal Engine Projects/DissertationLevel/DissertationLevel/Content/Developers/b3030113/Collections/' took 0.01s
[2017.03.09-02.03.14:048][  0]LogFileCache: Scanning file cache for directory 'D:/Unreal Engine Projects/DissertationLevel/DissertationLevel/Content/Collections/' took 0.01s
[2017.03.09-02.03.14:048][  0]LogCollectionManager: Rebuilt the GUID cache for 0 collections in 0.000003 seconds
[2017.03.09-02.03.14:072][  0]LogContentBrowser: Native class hierarchy populated in 0.0243 seconds. Added 2068 classes and 376 folders.
[2017.03.09-02.03.14:075][  0]LogStats: UGameplayTagsManager::ConstructGameplayTagTree: Construct from data asset -  0.000 s
[2017.03.09-02.03.14:075][  0]LogStats: UGameplayTagsManager::ConstructGameplayTagTree: GameplayTagTreeChangedEvent.Broadcast -  0.000 s
[2017.03.09-02.03.14:093][  0]LogContentBrowser: Native class hierarchy updated for 'GameplayTags' in 0.0177 seconds. Added 12 classes and 0 folders.
[2017.03.09-02.03.14:114][  0]LogContentBrowser: Native class hierarchy updated for 'WidgetCarousel' in 0.0179 seconds. Added 0 classes and 0 folders.
[2017.03.09-02.03.15:551][  0]LogContentBrowser: Native class hierarchy updated for 'AddContentDialog' in 0.0458 seconds. Added 0 classes and 0 folders.
[2017.03.09-02.03.15:611][  0]LogContentBrowser: Native class hierarchy updated for 'SceneOutliner' in 0.0377 seconds. Added 1 classes and 2 folders.
[2017.03.09-02.03.15:636][  0]LogCrashTracker: Crashtracker disabled due to settings.
[2017.03.09-02.03.15:642][  0]LogUObjectGlobals:Warning: Failed to find object 'Class None.'
[2017.03.09-02.03.15:709][  0]LogContentBrowser: Native class hierarchy updated for 'HierarchicalLODOutliner' in 0.0431 seconds. Added 1 classes and 2 folders.
[2017.03.09-02.03.15:709][  0]LogLoad: Full Startup: 32.83 seconds (BP compile: 0.06 seconds)
[2017.03.09-02.03.15:709][  0]LogExternalProfiler: Found external profiler: VSPerf
[2017.03.09-02.03.15:709][  0]LogExternalProfiler: Using external profiler: VSPerf
[2017.03.09-02.03.15:718][  0]LogOcInput: OculusInput pre-init called
[2017.03.09-02.03.15:735][  0]LogContentStreaming: Texture pool size now 200 MB
[2017.03.09-02.03.16:002][  0]LogRenderer: Reallocating scene render targets to support 1208x576 (Frame:2).
[2017.03.09-02.03.16:095][  1]LogActor:Warning: WinningLocation_BP_C /Engine/Transient.World_1:PersistentLevel.WinningLocation_BP_C_0 has natively added scene component(s), but none of them were set as the actor's RootComponent - picking one arbitrarily
[2017.03.09-02.03.16:117][  1]LogAssetRegistry: Asset discovery search completed in 22.3152 seconds
[2017.03.09-02.03.16:118][  1]LogCollectionManager: Rebuilt the object cache for 0 collections in 0.000002 seconds (found 0 objects)
[2017.03.09-02.03.16:118][  1]LogCollectionManager: Fixed up redirectors for 0 collections in 0.000026 seconds (updated 0 objects)
[2017.03.09-02.03.19:394][146]Recompiling DissertationLevel...
[2017.03.09-02.03.19:396][146]Launching UnrealBuildTool... [C:/Program Files/Epic Games/4.12/Engine/Binaries/DotNET/UnrealBuildTool.exe DissertationLevel -ModuleWithSuffix DissertationLevel 6893 Win64 Development -editorrecompile -canskiplink "D:/Unreal Engine Projects/DissertationLevel/DissertationLevel/DissertationLevel.uproject"  -2015]
[2017.03.09-02.03.19:397][146]Warning: Starting HotReload took  0.0s.
[2017.03.09-02.03.21:764][270]CompilerResultsLog: New page: Compilation - 9 Mar 2017 02:03:21
[2017.03.09-02.03.21:764][270]CompilerResultsLog: Info Compiling game modules for hot reload
[2017.03.09-02.03.21:766][270]CompilerResultsLog: Info Target is up to date
[2017.03.09-02.03.21:766][270]LogMainFrame: MainFrame: Module compiling took 2.375 seconds
[2017.03.09-02.03.21:813][270]LogContentBrowser: Native class hierarchy populated in 0.0262 seconds. Added 2070 classes and 380 folders.
[2017.03.09-02.03.21:813][270]Warning: HotReload took  2.4s.
[2017.03.09-02.03.24:110][388]LogBlueprintUserMessages: Early PlayInEditor Detection: Level '/Game/ThirdPersonCPP/Maps/ThirdPersonExampleMap.ThirdPersonExampleMap:PersistentLevel' has LevelScriptBlueprint '/Game/ThirdPersonCPP/Maps/ThirdPersonExampleMap.ThirdPersonExampleMap:PersistentLevel.ThirdPersonExampleMap' with GeneratedClass '/Game/ThirdPersonCPP/Maps/ThirdPersonExampleMap.ThirdPersonExampleMap_C' with ClassGeneratedBy '/Game/ThirdPersonCPP/Maps/ThirdPersonExampleMap.ThirdPersonExampleMap:PersistentLevel.ThirdPersonExampleMap'
[2017.03.09-02.03.24:110][388]LogPlayLevel: PlayLevel: No blueprints needed recompiling
[2017.03.09-02.03.24:110][388]PIE: New page: PIE session: ThirdPersonExampleMap (9 Mar 2017 02:03:24)
[2017.03.09-02.03.24:110][388]LogPlayLevel: Creating play world package: /Game/ThirdPersonCPP/Maps/UEDPIE_0_ThirdPersonExampleMap
[2017.03.09-02.03.24:164][388]LogPlayLevel: PIE: StaticDuplicateObject took: (0.053682s)
[2017.03.09-02.03.24:165][388]LogAIModule: Creating AISystem for world ThirdPersonExampleMap
[2017.03.09-02.03.24:165][388]LogPlayLevel: PIE: World Init took: (0.001056s)
[2017.03.09-02.03.24:165][388]LogPlayLevel: PIE: Created PIE world by copying editor world from /Game/ThirdPersonCPP/Maps/ThirdPersonExampleMap.ThirdPersonExampleMap to /Game/ThirdPersonCPP/Maps/UEDPIE_0_ThirdPersonExampleMap.ThirdPersonExampleMap (0.055116s)
[2017.03.09-02.03.24:180][388]LogInit: XAudio2 using 'Speakers (Realtek High Definition Audio)' : 2 channels at 48 kHz using 32 bits per sample (channel mask 0x3)
[2017.03.09-02.03.24:185][388]LogInit: FAudioDevice initialized.
[2017.03.09-02.03.24:258][388]LogWorld: Game class is 'DissertationLevelGameMode'
[2017.03.09-02.03.24:368][388]LogWorld: Bringing World /Game/ThirdPersonCPP/Maps/UEDPIE_0_ThirdPersonExampleMap.ThirdPersonExampleMap up for play (max tick rate 0) at 2017.03.09-02.03.24
[2017.03.09-02.03.24:377][388]LogWorld: Bringing up level for play took: 0.116965
[2017.03.09-02.03.24:412][388]LogContentBrowser: Native class hierarchy updated for 'MovieSceneCapture' in 0.0188 seconds. Added 11 classes and 0 folders.
[2017.03.09-02.03.24:413][388]LogActor:Warning: WorldObject /Game/ThirdPersonCPP/Maps/UEDPIE_0_ThirdPersonExampleMap.ThirdPersonExampleMap:PersistentLevel.WorldObject_0 has natively added scene component(s), but none of them were set as the actor's RootComponent - picking one arbitrarily
[2017.03.09-02.03.24:414][388]LogActor:Warning: WorldObject /Game/ThirdPersonCPP/Maps/UEDPIE_0_ThirdPersonExampleMap.ThirdPersonExampleMap:PersistentLevel.WorldObject_1 has natively added scene component(s), but none of them were set as the actor's RootComponent - picking one arbitrarily
[2017.03.09-02.03.24:415][388]LogActor:Warning: WorldObject /Game/ThirdPersonCPP/Maps/UEDPIE_0_ThirdPersonExampleMap.ThirdPersonExampleMap:PersistentLevel.WorldObject_2 has natively added scene component(s), but none of them were set as the actor's RootComponent - picking one arbitrarily
[2017.03.09-02.03.24:415][388]LogActor:Warning: WorldObject /Game/ThirdPersonCPP/Maps/UEDPIE_0_ThirdPersonExampleMap.ThirdPersonExampleMap:PersistentLevel.WorldObject_3 has natively added scene component(s), but none of them were set as the actor's RootComponent - picking one arbitrarily
[2017.03.09-02.03.24:421][388]LogActor:Warning: WorldObject /Game/ThirdPersonCPP/Maps/UEDPIE_0_ThirdPersonExampleMap.ThirdPersonExampleMap:PersistentLevel.WorldObject_4 has natively added scene component(s), but none of them were set as the actor's RootComponent - picking one arbitrarily
[2017.03.09-02.03.24:421][388]LogActor:Warning: WorldObject /Game/ThirdPersonCPP/Maps/UEDPIE_0_ThirdPersonExampleMap.ThirdPersonExampleMap:PersistentLevel.WorldObject_5 has natively added scene component(s), but none of them were set as the actor's RootComponent - picking one arbitrarily
[2017.03.09-02.03.24:422][388]LogActor:Warning: WorldObject /Game/ThirdPersonCPP/Maps/UEDPIE_0_ThirdPersonExampleMap.ThirdPersonExampleMap:PersistentLevel.WorldObject_6 has natively added scene component(s), but none of them were set as the actor's RootComponent - picking one arbitrarily
[2017.03.09-02.03.24:423][388]LogActor:Warning: WorldObject /Game/ThirdPersonCPP/Maps/UEDPIE_0_ThirdPersonExampleMap.ThirdPersonExampleMap:PersistentLevel.WorldObject_7 has natively added scene component(s), but none of them were set as the actor's RootComponent - picking one arbitrarily
[2017.03.09-02.03.24:423][388]LogActor:Warning: WorldObject /Game/ThirdPersonCPP/Maps/UEDPIE_0_ThirdPersonExampleMap.ThirdPersonExampleMap:PersistentLevel.WorldObject_8 has natively added scene component(s), but none of them were set as the actor's RootComponent - picking one arbitrarily
[2017.03.09-02.03.24:424][388]LogActor:Warning: WorldObject /Game/ThirdPersonCPP/Maps/UEDPIE_0_ThirdPersonExampleMap.ThirdPersonExampleMap:PersistentLevel.WorldObject_9 has natively added scene component(s), but none of them were set as the actor's RootComponent - picking one arbitrarily
[2017.03.09-02.03.24:425][388]LogActor:Warning: WorldObject /Game/ThirdPersonCPP/Maps/UEDPIE_0_ThirdPersonExampleMap.ThirdPersonExampleMap:PersistentLevel.WorldObject_10 has natively added scene component(s), but none of them were set as the actor's RootComponent - picking one arbitrarily
[2017.03.09-02.03.24:425][388]LogActor:Warning: WorldObject /Game/ThirdPersonCPP/Maps/UEDPIE_0_ThirdPersonExampleMap.ThirdPersonExampleMap:PersistentLevel.WorldObject_11 has natively added scene component(s), but none of them were set as the actor's RootComponent - picking one arbitrarily
[2017.03.09-02.03.24:426][388]LogActor:Warning: WorldObject /Game/ThirdPersonCPP/Maps/UEDPIE_0_ThirdPersonExampleMap.ThirdPersonExampleMap:PersistentLevel.WorldObject_12 has natively added scene component(s), but none of them were set as the actor's RootComponent - picking one arbitrarily
[2017.03.09-02.03.24:427][388]LogActor:Warning: WorldObject /Game/ThirdPersonCPP/Maps/UEDPIE_0_ThirdPersonExampleMap.ThirdPersonExampleMap:PersistentLevel.WorldObject_13 has natively added scene component(s), but none of them were set as the actor's RootComponent - picking one arbitrarily
[2017.03.09-02.03.24:427][388]LogActor:Warning: WorldObject /Game/ThirdPersonCPP/Maps/UEDPIE_0_ThirdPersonExampleMap.ThirdPersonExampleMap:PersistentLevel.WorldObject_14 has natively added scene component(s), but none of them were set as the actor's RootComponent - picking one arbitrarily
[2017.03.09-02.03.24:428][388]PIE: Info Play in editor start time for /Game/ThirdPersonCPP/Maps/UEDPIE_0_ThirdPersonExampleMap 0.499
[2017.03.09-02.03.24:428][388]LogBlueprintUserMessages: Late PlayInEditor Detection: Level '/Game/ThirdPersonCPP/Maps/ThirdPersonExampleMap.ThirdPersonExampleMap:PersistentLevel' has LevelScriptBlueprint '/Game/ThirdPersonCPP/Maps/ThirdPersonExampleMap.ThirdPersonExampleMap:PersistentLevel.ThirdPersonExampleMap' with GeneratedClass '/Game/ThirdPersonCPP/Maps/ThirdPersonExampleMap.ThirdPersonExampleMap_C' with ClassGeneratedBy '/Game/ThirdPersonCPP/Maps/ThirdPersonExampleMap.ThirdPersonExampleMap:PersistentLevel.ThirdPersonExampleMap'
[2017.03.09-02.03.30:547][599]Cmd: EnableGDT
[2017.03.09-02.03.30:563][599]LogGameplayDebugger:Warning: Got from client: EnableGDT 
[2017.03.09-02.03.37:123][841]LogEQS:Warning: Query [FindPlayer_EQS] can't use test [AStarQueryTest_0] in option 0 [], removing it
[2017.03.09-02.04.04:501][715]LogCrashTracker: 


[2017.03.09-02.04.04:501][715]LogCrashTracker: 


[2017.03.09-02.04.04:501][715]LogWindows:Error: === Critical error: ===
Fatal error!



[2017.03.09-02.04.04:552][715]LogExit: Executing StaticShutdownAfterError
[2017.03.09-02.04.04:555][715]LogWindows: FPlatformMisc::RequestExit(1)
[2017.03.09-02.04.04:555][715]Log file closed, 03/09/17 02:04:04
