Log file open, 03/09/17 00:48:41
LogInit:Display: Running engine for game: DissertationLevel
LogPlatformFile: Not using cached read wrapper
LogInit:Display: RandInit(1040076127) SRandInit(1040076128).
LogTaskGraph: Started task graph with 4 named threads and 7 total threads with 1 sets of task threads.
LogStats: Stats thread started at 0.069227
LogInit: Version: 4.12.5-3039270+++UE4+Release-4.12
LogInit: API Version: 2992821
LogInit: Net Version: 3039270
LogDevObjectVersion: Number of dev versions registered: 13
LogDevObjectVersion:   Dev-Blueprints (B0D832E4-1F89-4F0D-ACCF-7EB736FD4AA2): 3
LogDevObjectVersion:   Dev-Build (E1C64328-A22C-4D53-A36C-8E866417BD8C): 0
LogDevObjectVersion:   Dev-Core (375EC13C-06E4-48FB-B500-84F0262A717E): 1
LogDevObjectVersion:   Dev-Editor (E4B068ED-F494-42E9-A231-DA0B2E46BB41): 2
LogDevObjectVersion:   Dev-Framework (CFFC743F-43B0-4480-9391-14DF171D2073): 6
LogDevObjectVersion:   Dev-Mobile (B02B49B5-BB20-44E9-A304-32B752E40360): 0
LogDevObjectVersion:   Dev-Networking (A4E4105C-59A1-49B5-A7C5-40C4547EDFEE): 0
LogDevObjectVersion:   Dev-Online (39C831C9-5AE6-47DC-9A44-9C173E1C8E7C): 0
LogDevObjectVersion:   Dev-Physics (78F01B33-EBEA-4F98-B9B4-84EACCB95AA2): 0
LogDevObjectVersion:   Dev-Platform (6631380F-2D4D-43E0-8009-CF276956A95A): 0
LogDevObjectVersion:   Dev-Rendering (12F88B9F-8875-4AFC-A67C-D90C383ABD29): 2
LogDevObjectVersion:   Dev-Sequencer (7B5AE74C-D270-4C10-A958-57980B212A5A): 0
LogDevObjectVersion:   Dev-VR (D7296918-1DD6-4BDD-9DE2-64A83CC13884): 0
LogInit: Compiled (64-bit): Jul  6 2016 09:09:46
LogInit: Compiled with Visual C++: 19.00.23026.00
LogInit: Build Configuration: Development
LogInit: Branch Name: ++UE4+Release-4.12
LogInit: Command line: 
LogInit: Base directory: C:/Program Files/Epic Games/4.12/Engine/Binaries/Win64/
LogInit: Installed Engine Build: 1
LogInit: Using libcurl 7.41.0
LogInit:  - built for x86_64-pc-win32
LogInit:  - supports SSL with WinSSL
LogInit:  - other features:
LogInit:      CURL_VERSION_SSL
LogInit:      CURL_VERSION_IPV6
LogInit:      CURL_VERSION_ASYNCHDNS
LogInit:      CURL_VERSION_LARGEFILE
LogInit:      CURL_VERSION_IDN
LogInit:  CurlRequestOptions (configurable via config and command line):
LogInit:  - bVerifyPeer = true  - Libcurl will verify peer certificate
LogInit:  - bUseHttpProxy = false  - Libcurl will NOT use HTTP proxy
LogInit:  - bDontReuseConnections = false  - Libcurl will reuse connections
LogInit:  - CertBundlePath = nullptr  - Libcurl will use whatever was configured at build time.
LogInit: Presizing for max 8388607 objects, including 0 objects not considered by GC, pre-allocating 0 bytes for permanent pool.
LogInit: Object subsystem initialized
[2017.03.09-00.48.41:556][  0]LogInit: Selected Device Profile: [Windows]
[2017.03.09-00.48.41:556][  0]LogInit: Applying CVar settings loaded from the selected device profile: [Windows]
[2017.03.09-00.48.41:733][  0]LogInit: Computer: RIGG001
[2017.03.09-00.48.41:733][  0]LogInit: User: b3030113
[2017.03.09-00.48.41:733][  0]LogInit: CPU Page size=65536, Cores=4
[2017.03.09-00.48.41:733][  0]LogInit: High frequency timer resolution =3.312791 MHz
[2017.03.09-00.48.41:734][  0]LogMemory: Memory total: Physical=8.0GB (8GB approx)
[2017.03.09-00.48.41:734][  0]LogMemory: Platform Memory Stats for Windows
[2017.03.09-00.48.41:734][  0]LogMemory: Process Physical Memory: 188.33 MB used, 188.33 MB peak
[2017.03.09-00.48.41:734][  0]LogMemory: Process Virtual Memory: 195.08 MB used, 195.08 MB peak
[2017.03.09-00.48.41:734][  0]LogMemory: Physical Memory: 5871.58 MB used, 8142.59 MB total
[2017.03.09-00.48.41:734][  0]LogMemory: Virtual Memory: 536.59 MB used, 134217728.00 MB total
[2017.03.09-00.48.41:775][  0]LogTextLocalizationManager: No specific translations for ('en-GB') exist, so ('en') translations will be used.
[2017.03.09-00.48.42:153][  0]LogD3D11RHI: D3D11 adapters:
[2017.03.09-00.48.42:169][  0]LogD3D11RHI:    0. 'NVIDIA GeForce GT 610  ' (Feature Level 11_0)
[2017.03.09-00.48.42:169][  0]LogD3D11RHI:       973/0/3071 MB DedicatedVideo/DedicatedSystem/SharedSystem, Outputs:1, VendorId:0x10de
[2017.03.09-00.48.42:193][  0]LogD3D11RHI:    1. 'Microsoft Basic Render Driver' (Feature Level 11_0)
[2017.03.09-00.48.42:193][  0]LogD3D11RHI:       0/0/256 MB DedicatedVideo/DedicatedSystem/SharedSystem, Outputs:0, VendorId:0x1414
[2017.03.09-00.48.42:193][  0]LogD3D11RHI: Chosen D3D11 Adapter: 0
[2017.03.09-00.48.42:197][  0]LogD3D11RHI: Creating new Direct3DDevice
[2017.03.09-00.48.42:197][  0]LogD3D11RHI:     GPU DeviceId: 0x104a (for the marketing name, search the web for "GPU Device Id")
[2017.03.09-00.48.42:197][  0]LogWindows: EnumDisplayDevices:
[2017.03.09-00.48.42:197][  0]LogWindows:    0. 'NVIDIA GeForce GT 610  ' (P:1 D:1)
[2017.03.09-00.48.42:197][  0]LogWindows:    1. 'NVIDIA GeForce GT 610  ' (P:0 D:0)
[2017.03.09-00.48.42:197][  0]LogWindows: DebugString: FoundDriverCount:2 
[2017.03.09-00.48.42:197][  0]LogD3D11RHI:     Adapter Name: NVIDIA GeForce GT 610  
[2017.03.09-00.48.42:197][  0]LogD3D11RHI:   Driver Version: 362.84 (internal:10.18.13.6284, unified:362.84)
[2017.03.09-00.48.42:197][  0]LogD3D11RHI:      Driver Date: 6-26-2016
[2017.03.09-00.48.42:197][  0]LogRHI: Texture pool is 681 MB (70% of 973 MB)
[2017.03.09-00.48.42:206][  0]LogD3D11RHI: Async texture creation enabled
[2017.03.09-00.48.42:222][  0]LogD3D11RHI: GPU Timing Frequency: 1000.000000 (Debug: 2 2)
[2017.03.09-00.48.42:222][  0]LogShaderCompilers: Guid format shader working directory is -12 characters bigger than the processId version (D:/Unreal Engine Projects/DissertationLevel/DissertationLevel/Intermediate/Shaders/WorkingDirectory/8052/).
[2017.03.09-00.48.42:222][  0]LogShaderCompilers: Cleaned the shader compiler working directory 'C:/Users/b3030113/AppData/Local/Temp/UnrealShaderWorkingDir/06CF5BF84B268B8E42D3E69C115F6976/'.
[2017.03.09-00.48.42:222][  0]LogShaderCompilers:Display: Using Local Shader Compiler.
[2017.03.09-00.48.43:084][  0]LogTemp:Display: Loaded TP AllDesktopTargetPlatform
[2017.03.09-00.48.43:096][  0]LogTemp:Display: Loaded TP WindowsClientTargetPlatform
[2017.03.09-00.48.43:108][  0]LogTemp:Display: Loaded TP WindowsNoEditorTargetPlatform
[2017.03.09-00.48.43:120][  0]LogTemp:Display: Loaded TP WindowsServerTargetPlatform
[2017.03.09-00.48.43:132][  0]LogTemp:Display: Loaded TP WindowsTargetPlatform
[2017.03.09-00.48.43:143][  0]LogTemp:Display: Loaded TP AndroidTargetPlatform
[2017.03.09-00.48.43:161][  0]LogTemp:Display: Loaded TP Android_ASTCTargetPlatform
[2017.03.09-00.48.43:172][  0]LogTemp:Display: Loaded TP Android_ATCTargetPlatform
[2017.03.09-00.48.43:184][  0]LogTemp:Display: Loaded TP Android_DXTTargetPlatform
[2017.03.09-00.48.43:194][  0]LogTemp:Display: Loaded TP Android_ETC1TargetPlatform
[2017.03.09-00.48.43:205][  0]LogTemp:Display: Loaded TP Android_ETC2TargetPlatform
[2017.03.09-00.48.43:229][  0]LogTemp:Display: Loaded TP Android_MultiTargetPlatform
[2017.03.09-00.48.43:229][  0]LogTemp:Display: Loaded TP Android_PVRTCTargetPlatform
[2017.03.09-00.48.43:229][  0]LogTemp:Display: Loaded TP HTML5TargetPlatform
[2017.03.09-00.48.43:253][  0]LogTemp:Display: Loaded TP IOSTargetPlatform
[2017.03.09-00.48.43:267][  0]LogTemp:Display: Loaded TP TVOSTargetPlatform
[2017.03.09-00.48.43:282][  0]LogTemp:Display: Loaded TP LinuxNoEditorTargetPlatform
[2017.03.09-00.48.43:297][  0]LogTemp:Display: Loaded TP LinuxServerTargetPlatform
[2017.03.09-00.48.43:311][  0]LogTemp:Display: Loaded TP LinuxTargetPlatform
[2017.03.09-00.48.43:311][  0]LogTargetPlatformManager:Display: Building Assets For Windows
[2017.03.09-00.48.43:370][  0]LogDerivedDataCache:Display: Max Cache Size: 512 MB
[2017.03.09-00.48.43:424][  0]LogDerivedDataCache: Loaded boot cache 0.05s 50MB C:/Users/b3030113/AppData/Local/UnrealEngine/4.12/DerivedDataCache/Boot.ddc.
[2017.03.09-00.48.43:425][  0]LogDerivedDataCache:Display: Loaded Boot cache: C:/Users/b3030113/AppData/Local/UnrealEngine/4.12/DerivedDataCache/Boot.ddc
[2017.03.09-00.48.43:425][  0]LogDerivedDataCache: FDerivedDataBackendGraph:  Pak pak cache file D:/Unreal Engine Projects/DissertationLevel/DissertationLevel/DerivedDataCache/DDC.ddp not found, will not use a pak cache.
[2017.03.09-00.48.43:425][  0]LogDerivedDataCache: Unable to find inner node Pak for hierarchical cache Hierarchy.
[2017.03.09-00.48.43:425][  0]LogDerivedDataCache: FDerivedDataBackendGraph:  CompressedPak pak cache file D:/Unreal Engine Projects/DissertationLevel/DissertationLevel/DerivedDataCache/Compressed.ddp not found, will not use a pak cache.
[2017.03.09-00.48.43:425][  0]LogDerivedDataCache: Unable to find inner node CompressedPak for hierarchical cache Hierarchy.
[2017.03.09-00.48.43:442][  0]LogDerivedDataCache:Display: Pak cache opened for reading ../../../Engine/DerivedDataCache/Compressed.ddp.
[2017.03.09-00.48.43:454][  0]LogDerivedDataCache: Using Local data cache path C:/Users/b3030113/AppData/Local/UnrealEngine/Common/DerivedDataCache: Writable
[2017.03.09-00.48.43:960][  0]LogInit: Selected Device Profile: [Windows]
[2017.03.09-00.48.43:961][  0]LogContentStreaming: Texture pool size is 0.00 MB
[2017.03.09-00.48.44:209][  0]LogMeshUtilities: No automatic mesh reduction module available
[2017.03.09-00.48.44:209][  0]LogMeshUtilities: No automatic mesh merging module available
[2017.03.09-00.48.44:209][  0]LogMeshUtilities: No distributed automatic mesh merging module available
[2017.03.09-00.48.44:507][  0]LogAssetRegistry: FAssetRegistry took 0.0216 seconds to start up
[2017.03.09-00.48.48:282][  0]LogPackageLocalizationCache: Processed 3 localized package path(s) for 2 prioritized culture(s) in 3.767381 seconds
[2017.03.09-00.48.48:290][  0]LogUObjectArray: 28739 objects as part of root set at end of initial load.
[2017.03.09-00.48.48:290][  0]LogUObjectAllocator: 5855632 out of 0 bytes used by permanent object pool.
[2017.03.09-00.48.48:290][  0]LogUObjectArray: CloseDisregardForGC: 0/0 objects in disregard for GC pool
[2017.03.09-00.48.48:300][  0]LogInit: WinSock: version 1.1 (2.2), MaxSocks=32767, MaxUdp=65467
[2017.03.09-00.48.48:686][  0]LogSlate: SlateFontCache - WITH_FREETYPE: 1, WITH_HARFBUZZ: 1
[2017.03.09-00.48.48:686][  0]LogSlate: SlateFontCache - WITH_FREETYPE: 1, WITH_HARFBUZZ: 1
[2017.03.09-00.49.01:927][  0]LogUdpMessaging: Initializing bridge on interface 0.0.0.0:0 to multicast group 230.0.0.1:6666.
[2017.03.09-00.49.02:767][  0]SourceControl: Info Source control is disabled
[2017.03.09-00.49.02:793][  0]SourceControl: Info Source control is disabled
[2017.03.09-00.49.02:800][  0]SourceControl: Info Source control is disabled
[2017.03.09-00.49.02:807][  0]SourceControl: Info Source control is disabled
[2017.03.09-00.49.03:034][  0]LogEngine: Initializing Engine...
[2017.03.09-00.49.03:035][  0]LogHMD: SteamVR failed to initialize.  Err: 110
[2017.03.09-00.49.03:036][  0]LogHMD: SteamVR failed to initialize.  Err: 110
[2017.03.09-00.49.03:153][  0]LogAIModule: Creating AISystem for world NewWorld
[2017.03.09-00.49.03:158][  0]LogInit: XAudio2 using 'Speakers (Realtek High Definition Audio)' : 2 channels at 48 kHz using 32 bits per sample (channel mask 0x3)
[2017.03.09-00.49.03:174][  0]LogInit: FAudioDevice initialized.
[2017.03.09-00.49.03:204][  0]LogDerivedDataCache: Saved boot cache 0.03s 50MB C:/Users/b3030113/AppData/Local/UnrealEngine/4.12/DerivedDataCache/Boot.ddc.
[2017.03.09-00.49.03:215][  0]LogInit: Texture streaming: Enabled
[2017.03.09-00.49.03:231][  0]LogInit: Transaction tracking system initialized
[2017.03.09-00.49.03:246][  0]BlueprintLog: New page: Editor Load
[2017.03.09-00.49.03:402][  0]LocalizationService: Info Localization service is disabled
[2017.03.09-00.49.03:528][  0]LogConsoleResponse:Display: 
[2017.03.09-00.49.03:933][  0]LogCook:Display: Max memory allowance for cook 8192mb
[2017.03.09-00.49.03:933][  0]LogCook:Display: Mobile HDR setting 1
[2017.03.09-00.49.04:231][  0]LogFileCache: Scanning file cache for directory 'D:/Unreal Engine Projects/DissertationLevel/DissertationLevel/Content/' took 0.03s
[2017.03.09-00.49.04:239][  0]SourceControl: Info Source control is disabled
[2017.03.09-00.49.04:239][  0]Cmd: MAP LOAD FILE="D:/Unreal Engine Projects/DissertationLevel/DissertationLevel/Content/ThirdPersonCPP/Maps/ThirdPersonExampleMap.umap" TEMPLATE=0 SHOWPROGRESS=1 FEATURELEVEL=3
[2017.03.09-00.49.04:252][  0]LightingResults: New page: Lighting Build
[2017.03.09-00.49.04:254][  0]MapCheck: New page: Map Check
[2017.03.09-00.49.04:254][  0]LightingResults: New page: Lighting Build
[2017.03.09-00.49.04:703][  0]LogAIModule: Creating AISystem for world ThirdPersonExampleMap
[2017.03.09-00.49.04:846][  0]LogEditorServer: Finished looking for orphan Actors (0.000 secs)
[2017.03.09-00.49.04:847][  0]Cmd: MAP CHECKDEP NOCLEARLOG
[2017.03.09-00.49.05:016][  0]MapCheck: Info Map check complete: 0 Error(s), 0 Warning(s), took 168.365ms to complete.
[2017.03.09-00.49.05:016][  0]LogFileHelpers: Loading map 'ThirdPersonExampleMap' took 0.777
[2017.03.09-00.49.05:244][  0]LogCollectionManager: Loaded 0 collections in 0.003893 seconds
[2017.03.09-00.49.05:295][  0]LogFileCache: Scanning file cache for directory 'D:/Unreal Engine Projects/DissertationLevel/DissertationLevel/Saved/Collections/' took 0.01s
[2017.03.09-00.49.05:296][  0]LogFileCache: Scanning file cache for directory 'D:/Unreal Engine Projects/DissertationLevel/DissertationLevel/Content/Developers/b3030113/Collections/' took 0.01s
[2017.03.09-00.49.05:296][  0]LogFileCache: Scanning file cache for directory 'D:/Unreal Engine Projects/DissertationLevel/DissertationLevel/Content/Collections/' took 0.01s
[2017.03.09-00.49.05:296][  0]LogCollectionManager: Rebuilt the GUID cache for 0 collections in 0.000002 seconds
[2017.03.09-00.49.05:324][  0]LogContentBrowser: Native class hierarchy populated in 0.0276 seconds. Added 2068 classes and 376 folders.
[2017.03.09-00.49.05:327][  0]LogStats: UGameplayTagsManager::ConstructGameplayTagTree: Construct from data asset -  0.000 s
[2017.03.09-00.49.05:327][  0]LogStats: UGameplayTagsManager::ConstructGameplayTagTree: GameplayTagTreeChangedEvent.Broadcast -  0.000 s
[2017.03.09-00.49.05:362][  0]LogContentBrowser: Native class hierarchy updated for 'GameplayTags' in 0.0355 seconds. Added 12 classes and 0 folders.
[2017.03.09-00.49.05:393][  0]LogContentBrowser: Native class hierarchy updated for 'WidgetCarousel' in 0.0276 seconds. Added 0 classes and 0 folders.
[2017.03.09-00.49.06:721][  0]LogContentBrowser: Native class hierarchy updated for 'AddContentDialog' in 0.0317 seconds. Added 0 classes and 0 folders.
[2017.03.09-00.49.06:760][  0]LogContentBrowser: Native class hierarchy updated for 'SceneOutliner' in 0.0259 seconds. Added 1 classes and 2 folders.
[2017.03.09-00.49.06:779][  0]LogCrashTracker: Crashtracker disabled due to settings.
[2017.03.09-00.49.06:783][  0]LogUObjectGlobals:Warning: Failed to find object 'Class None.'
[2017.03.09-00.49.06:833][  0]LogContentBrowser: Native class hierarchy updated for 'HierarchicalLODOutliner' in 0.0253 seconds. Added 1 classes and 2 folders.
[2017.03.09-00.49.06:833][  0]LogLoad: Full Startup: 27.77 seconds (BP compile: 0.11 seconds)
[2017.03.09-00.49.06:833][  0]LogExternalProfiler: Found external profiler: VSPerf
[2017.03.09-00.49.06:833][  0]LogExternalProfiler: Using external profiler: VSPerf
[2017.03.09-00.49.06:843][  0]LogOcInput: OculusInput pre-init called
[2017.03.09-00.49.06:859][  0]LogContentStreaming: Texture pool size now 1000 MB
[2017.03.09-00.49.07:116][  0]LogRenderer: Reallocating scene render targets to support 1208x576 (Frame:2).
[2017.03.09-00.49.07:222][  1]LogActor:Warning: WinningLocation_BP_C /Engine/Transient.World_1:PersistentLevel.WinningLocation_BP_C_0 has natively added scene component(s), but none of them were set as the actor's RootComponent - picking one arbitrarily
[2017.03.09-00.49.07:243][  1]LogAssetRegistry: Asset discovery search completed in 22.7569 seconds
[2017.03.09-00.49.07:243][  1]LogCollectionManager: Rebuilt the object cache for 0 collections in 0.000002 seconds (found 0 objects)
[2017.03.09-00.49.07:243][  1]LogCollectionManager: Fixed up redirectors for 0 collections in 0.000025 seconds (updated 0 objects)
[2017.03.09-00.49.08:443][ 29]LogActor:Warning: WinningLocation_BP_C /Engine/Transient.World_1:PersistentLevel.WinningLocation_BP_C_1 has natively added scene component(s), but none of them were set as the actor's RootComponent - picking one arbitrarily
[2017.03.09-00.49.08:480][ 30]LogActor:Warning: WinningLocation_BP_C /Engine/Transient.World_1:PersistentLevel.WinningLocation_BP_C_2 has natively added scene component(s), but none of them were set as the actor's RootComponent - picking one arbitrarily
[2017.03.09-00.49.08:490][ 31]LogActor:Warning: WinningLocation_BP_C /Engine/Transient.World_1:PersistentLevel.WinningLocation_BP_C_3 has natively added scene component(s), but none of them were set as the actor's RootComponent - picking one arbitrarily
[2017.03.09-00.49.08:623][ 32]LogActor:Warning: WinningLocation_BP_C /Engine/Transient.World_1:PersistentLevel.WinningLocation_BP_C_4 has natively added scene component(s), but none of them were set as the actor's RootComponent - picking one arbitrarily
[2017.03.09-00.53.06:818][804]LogActor:Warning: WinningLocation_BP_C /Engine/Transient.World_1:PersistentLevel.WinningLocation_BP_C_5 has natively added scene component(s), but none of them were set as the actor's RootComponent - picking one arbitrarily
[2017.03.09-00.53.06:826][805]LogActor:Warning: WinningLocation_BP_C /Engine/Transient.World_1:PersistentLevel.WinningLocation_BP_C_6 has natively added scene component(s), but none of them were set as the actor's RootComponent - picking one arbitrarily
[2017.03.09-00.53.07:235][807]LogActor:Warning: WinningLocation_BP_C /Engine/Transient.World_1:PersistentLevel.WinningLocation_BP_C_7 has natively added scene component(s), but none of them were set as the actor's RootComponent - picking one arbitrarily
[2017.03.09-00.53.07:244][808]LogActor:Warning: WinningLocation_BP_C /Engine/Transient.World_1:PersistentLevel.WinningLocation_BP_C_8 has natively added scene component(s), but none of them were set as the actor's RootComponent - picking one arbitrarily
[2017.03.09-00.53.07:253][809]LogActor:Warning: WinningLocation_BP_C /Engine/Transient.World_1:PersistentLevel.WinningLocation_BP_C_9 has natively added scene component(s), but none of them were set as the actor's RootComponent - picking one arbitrarily
[2017.03.09-00.53.07:398][810]LogActor:Warning: WinningLocation_BP_C /Engine/Transient.World_1:PersistentLevel.WinningLocation_BP_C_10 has natively added scene component(s), but none of them were set as the actor's RootComponent - picking one arbitrarily
[2017.03.09-00.53.07:543][811]LogActor:Warning: WinningLocation_BP_C /Engine/Transient.World_1:PersistentLevel.WinningLocation_BP_C_11 has natively added scene component(s), but none of them were set as the actor's RootComponent - picking one arbitrarily
[2017.03.09-00.54.52:722][142]LogActor:Warning: WinningLocation_BP_C /Engine/Transient.World_1:PersistentLevel.WinningLocation_BP_C_12 has natively added scene component(s), but none of them were set as the actor's RootComponent - picking one arbitrarily
[2017.03.09-00.54.52:730][143]LogActor:Warning: WinningLocation_BP_C /Engine/Transient.World_1:PersistentLevel.WinningLocation_BP_C_13 has natively added scene component(s), but none of them were set as the actor's RootComponent - picking one arbitrarily
[2017.03.09-00.54.52:738][144]LogActor:Warning: WinningLocation_BP_C /Engine/Transient.World_1:PersistentLevel.WinningLocation_BP_C_14 has natively added scene component(s), but none of them were set as the actor's RootComponent - picking one arbitrarily
[2017.03.09-00.54.53:734][192]Recompiling DissertationLevel...
[2017.03.09-00.54.53:735][192]Launching UnrealBuildTool... [C:/Program Files/Epic Games/4.12/Engine/Binaries/DotNET/UnrealBuildTool.exe DissertationLevel -ModuleWithSuffix DissertationLevel 1004 Win64 Development -editorrecompile -canskiplink "D:/Unreal Engine Projects/DissertationLevel/DissertationLevel/DissertationLevel.uproject"  -2015]
[2017.03.09-00.54.53:758][192]Warning: Starting HotReload took  0.0s.
[2017.03.09-00.56.23:390][749]CompilerResultsLog: New page: Compilation - 9 Mar 2017 00:56:23
[2017.03.09-00.56.23:390][749]CompilerResultsLog: Info Creating makefile for hot reloading DissertationLevel (working set of source files changed)
[2017.03.09-00.56.23:390][749]CompilerResultsLog: Info Compiling game modules for hot reload
[2017.03.09-00.56.23:390][749]CompilerResultsLog: Info Performing 2 actions (4 in parallel)
[2017.03.09-00.56.23:390][749]CompilerResultsLog: Info EnemyAIController.cpp
[2017.03.09-00.56.23:390][749]CompilerResultsLog: Info [2/2] Link UE4Editor-DissertationLevel-1004.dll
[2017.03.09-00.56.23:390][749]CompilerResultsLog: Info    Creating library D:\Unreal Engine Projects\DissertationLevel\DissertationLevel\Intermediate\Build\Win64\UE4Editor\Development\UE4Editor-DissertationLevel-1004.lib and object D:\Unreal Engine Projects\DissertationLevel\DissertationLevel\Intermediate\Build\Win64\UE4Editor\Development\UE4Editor-DissertationLevel-1004.exp
[2017.03.09-00.56.23:390][749]CompilerResultsLog: Info Total build time: 89.43 seconds
[2017.03.09-00.56.23:390][749]LogMainFrame: MainFrame: Module compiling took 89.659 seconds
[2017.03.09-00.56.23:550][749]LogClass: EPlayState HotReload.
[2017.03.09-00.56.23:550][749]LogClass: NodeCost HotReload.
[2017.03.09-00.56.23:574][749]LogContentBrowser: Native class hierarchy updated for 'DissertationLevel' in 0.0189 seconds. Added 14 classes and 5 folders.
[2017.03.09-00.56.23:575][749]Warning: HotReload successful (4 functions remapped  1 scriptstructs remapped)
[2017.03.09-00.56.23:699][749]LogContentBrowser: Native class hierarchy populated in 0.0514 seconds. Added 2070 classes and 380 folders.
[2017.03.09-00.56.23:699][749]Warning: HotReload took 90.0s.
[2017.03.09-00.56.27:089][915]LogBlueprintUserMessages: Early PlayInEditor Detection: Level '/Game/ThirdPersonCPP/Maps/ThirdPersonExampleMap.ThirdPersonExampleMap:PersistentLevel' has LevelScriptBlueprint '/Game/ThirdPersonCPP/Maps/ThirdPersonExampleMap.ThirdPersonExampleMap:PersistentLevel.ThirdPersonExampleMap' with GeneratedClass '/Game/ThirdPersonCPP/Maps/ThirdPersonExampleMap.ThirdPersonExampleMap_C' with ClassGeneratedBy '/Game/ThirdPersonCPP/Maps/ThirdPersonExampleMap.ThirdPersonExampleMap:PersistentLevel.ThirdPersonExampleMap'
[2017.03.09-00.56.27:089][915]LogPlayLevel: PlayLevel: No blueprints needed recompiling
[2017.03.09-00.56.27:089][915]PIE: New page: PIE session: ThirdPersonExampleMap (9 Mar 2017 00:56:27)
[2017.03.09-00.56.27:089][915]LogPlayLevel: Creating play world package: /Game/ThirdPersonCPP/Maps/UEDPIE_0_ThirdPersonExampleMap
[2017.03.09-00.56.27:159][915]LogPlayLevel: PIE: StaticDuplicateObject took: (0.070941s)
[2017.03.09-00.56.27:160][915]LogAIModule: Creating AISystem for world ThirdPersonExampleMap
[2017.03.09-00.56.27:161][915]LogPlayLevel: PIE: World Init took: (0.001232s)
[2017.03.09-00.56.27:161][915]LogPlayLevel: PIE: Created PIE world by copying editor world from /Game/ThirdPersonCPP/Maps/ThirdPersonExampleMap.ThirdPersonExampleMap to /Game/ThirdPersonCPP/Maps/UEDPIE_0_ThirdPersonExampleMap.ThirdPersonExampleMap (0.072632s)
[2017.03.09-00.56.27:176][915]LogInit: XAudio2 using 'Speakers (Realtek High Definition Audio)' : 2 channels at 48 kHz using 32 bits per sample (channel mask 0x3)
[2017.03.09-00.56.27:182][915]LogInit: FAudioDevice initialized.
[2017.03.09-00.56.27:246][915]LogWorld: Game class is 'DissertationLevelGameMode'
[2017.03.09-00.56.27:356][915]LogWorld: Bringing World /Game/ThirdPersonCPP/Maps/UEDPIE_0_ThirdPersonExampleMap.ThirdPersonExampleMap up for play (max tick rate 0) at 2017.03.09-00.56.27
[2017.03.09-00.56.27:365][915]LogWorld: Bringing up level for play took: 0.116992
[2017.03.09-00.56.27:424][915]LogContentBrowser: Native class hierarchy updated for 'MovieSceneCapture' in 0.0424 seconds. Added 11 classes and 0 folders.
[2017.03.09-00.56.27:424][915]LogActor:Warning: WorldObject /Game/ThirdPersonCPP/Maps/UEDPIE_0_ThirdPersonExampleMap.ThirdPersonExampleMap:PersistentLevel.WorldObject_0 has natively added scene component(s), but none of them were set as the actor's RootComponent - picking one arbitrarily
[2017.03.09-00.56.27:430][915]LogActor:Warning: WorldObject /Game/ThirdPersonCPP/Maps/UEDPIE_0_ThirdPersonExampleMap.ThirdPersonExampleMap:PersistentLevel.WorldObject_1 has natively added scene component(s), but none of them were set as the actor's RootComponent - picking one arbitrarily
[2017.03.09-00.56.27:431][915]LogActor:Warning: WorldObject /Game/ThirdPersonCPP/Maps/UEDPIE_0_ThirdPersonExampleMap.ThirdPersonExampleMap:PersistentLevel.WorldObject_2 has natively added scene component(s), but none of them were set as the actor's RootComponent - picking one arbitrarily
[2017.03.09-00.56.27:432][915]LogActor:Warning: WorldObject /Game/ThirdPersonCPP/Maps/UEDPIE_0_ThirdPersonExampleMap.ThirdPersonExampleMap:PersistentLevel.WorldObject_3 has natively added scene component(s), but none of them were set as the actor's RootComponent - picking one arbitrarily
[2017.03.09-00.56.27:434][915]LogActor:Warning: WorldObject /Game/ThirdPersonCPP/Maps/UEDPIE_0_ThirdPersonExampleMap.ThirdPersonExampleMap:PersistentLevel.WorldObject_4 has natively added scene component(s), but none of them were set as the actor's RootComponent - picking one arbitrarily
[2017.03.09-00.56.27:436][915]LogActor:Warning: WorldObject /Game/ThirdPersonCPP/Maps/UEDPIE_0_ThirdPersonExampleMap.ThirdPersonExampleMap:PersistentLevel.WorldObject_5 has natively added scene component(s), but none of them were set as the actor's RootComponent - picking one arbitrarily
[2017.03.09-00.56.27:437][915]LogActor:Warning: WorldObject /Game/ThirdPersonCPP/Maps/UEDPIE_0_ThirdPersonExampleMap.ThirdPersonExampleMap:PersistentLevel.WorldObject_6 has natively added scene component(s), but none of them were set as the actor's RootComponent - picking one arbitrarily
[2017.03.09-00.56.27:438][915]LogActor:Warning: WorldObject /Game/ThirdPersonCPP/Maps/UEDPIE_0_ThirdPersonExampleMap.ThirdPersonExampleMap:PersistentLevel.WorldObject_7 has natively added scene component(s), but none of them were set as the actor's RootComponent - picking one arbitrarily
[2017.03.09-00.56.27:440][915]LogActor:Warning: WorldObject /Game/ThirdPersonCPP/Maps/UEDPIE_0_ThirdPersonExampleMap.ThirdPersonExampleMap:PersistentLevel.WorldObject_8 has natively added scene component(s), but none of them were set as the actor's RootComponent - picking one arbitrarily
[2017.03.09-00.56.27:441][915]LogActor:Warning: WorldObject /Game/ThirdPersonCPP/Maps/UEDPIE_0_ThirdPersonExampleMap.ThirdPersonExampleMap:PersistentLevel.WorldObject_9 has natively added scene component(s), but none of them were set as the actor's RootComponent - picking one arbitrarily
[2017.03.09-00.56.27:442][915]LogActor:Warning: WorldObject /Game/ThirdPersonCPP/Maps/UEDPIE_0_ThirdPersonExampleMap.ThirdPersonExampleMap:PersistentLevel.WorldObject_10 has natively added scene component(s), but none of them were set as the actor's RootComponent - picking one arbitrarily
[2017.03.09-00.56.27:444][915]LogActor:Warning: WorldObject /Game/ThirdPersonCPP/Maps/UEDPIE_0_ThirdPersonExampleMap.ThirdPersonExampleMap:PersistentLevel.WorldObject_11 has natively added scene component(s), but none of them were set as the actor's RootComponent - picking one arbitrarily
[2017.03.09-00.56.27:445][915]LogActor:Warning: WorldObject /Game/ThirdPersonCPP/Maps/UEDPIE_0_ThirdPersonExampleMap.ThirdPersonExampleMap:PersistentLevel.WorldObject_12 has natively added scene component(s), but none of them were set as the actor's RootComponent - picking one arbitrarily
[2017.03.09-00.56.27:446][915]LogActor:Warning: WorldObject /Game/ThirdPersonCPP/Maps/UEDPIE_0_ThirdPersonExampleMap.ThirdPersonExampleMap:PersistentLevel.WorldObject_13 has natively added scene component(s), but none of them were set as the actor's RootComponent - picking one arbitrarily
[2017.03.09-00.56.27:447][915]LogActor:Warning: WorldObject /Game/ThirdPersonCPP/Maps/UEDPIE_0_ThirdPersonExampleMap.ThirdPersonExampleMap:PersistentLevel.WorldObject_14 has natively added scene component(s), but none of them were set as the actor's RootComponent - picking one arbitrarily
[2017.03.09-00.56.27:453][915]PIE: Info Play in editor start time for /Game/ThirdPersonCPP/Maps/UEDPIE_0_ThirdPersonExampleMap -0.476
[2017.03.09-00.56.27:453][915]LogBlueprintUserMessages: Late PlayInEditor Detection: Level '/Game/ThirdPersonCPP/Maps/ThirdPersonExampleMap.ThirdPersonExampleMap:PersistentLevel' has LevelScriptBlueprint '/Game/ThirdPersonCPP/Maps/ThirdPersonExampleMap.ThirdPersonExampleMap:PersistentLevel.ThirdPersonExampleMap' with GeneratedClass '/Game/ThirdPersonCPP/Maps/ThirdPersonExampleMap.ThirdPersonExampleMap_C' with ClassGeneratedBy '/Game/ThirdPersonCPP/Maps/ThirdPersonExampleMap.ThirdPersonExampleMap:PersistentLevel.ThirdPersonExampleMap'
[2017.03.09-00.56.35:538][  9]Cmd: EnableGDT
[2017.03.09-00.56.35:538][  9]LogGameplayDebugger:Warning: Got from client: EnableGDT 
[2017.03.09-00.56.39:216][ 54]LogEQS:Warning: Query [FindPlayer_EQS] can't use test [AStarQueryTest_0] in option 0 [], removing it
[2017.03.09-00.56.39:372][ 55]LogWindows: Windows GetLastError: The operation completed successfully. (0)
[2017.03.09-00.56.39:975][ 55]LogCrashTracker: 


[2017.03.09-00.56.39:975][ 55]LogCrashTracker: 


[2017.03.09-00.56.39:975][ 55]LogWindows:Error: === Critical error: ===
Assertion failed: (Index >= 0) & (Index < ArrayNum) [File:C:\Program Files\Epic Games\4.12\Engine\Source\Runtime\Core\Public\Containers\Array.h] [Line: 804] 
Array index out of bounds: 0 from an array of size 0




[2017.03.09-00.56.40:103][ 55]LogExit: Executing StaticShutdownAfterError
[2017.03.09-00.56.40:106][ 55]LogWindows: FPlatformMisc::RequestExit(1)
[2017.03.09-00.56.40:106][ 55]Log file closed, 03/09/17 00:56:40
