Log file open, 03/07/17 20:12:22
LogInit:Display: Running engine for game: DissertationLevel
LogPlatformFile: Not using cached read wrapper
LogInit:Display: RandInit(413109746) SRandInit(413109747).
LogTaskGraph: Started task graph with 4 named threads and 7 total threads with 1 sets of task threads.
LogStats: Stats thread started at 0.072083
LogInit: Version: 4.12.5-3039270+++UE4+Release-4.12
LogInit: API Version: 2992821
LogInit: Net Version: 3039270
LogDevObjectVersion: Number of dev versions registered: 13
LogDevObjectVersion:   Dev-Blueprints (B0D832E4-1F89-4F0D-ACCF-7EB736FD4AA2): 3
LogDevObjectVersion:   Dev-Build (E1C64328-A22C-4D53-A36C-8E866417BD8C): 0
LogDevObjectVersion:   Dev-Core (375EC13C-06E4-48FB-B500-84F0262A717E): 1
LogDevObjectVersion:   Dev-Editor (E4B068ED-F494-42E9-A231-DA0B2E46BB41): 2
LogDevObjectVersion:   Dev-Framework (CFFC743F-43B0-4480-9391-14DF171D2073): 6
LogDevObjectVersion:   Dev-Mobile (B02B49B5-BB20-44E9-A304-32B752E40360): 0
LogDevObjectVersion:   Dev-Networking (A4E4105C-59A1-49B5-A7C5-40C4547EDFEE): 0
LogDevObjectVersion:   Dev-Online (39C831C9-5AE6-47DC-9A44-9C173E1C8E7C): 0
LogDevObjectVersion:   Dev-Physics (78F01B33-EBEA-4F98-B9B4-84EACCB95AA2): 0
LogDevObjectVersion:   Dev-Platform (6631380F-2D4D-43E0-8009-CF276956A95A): 0
LogDevObjectVersion:   Dev-Rendering (12F88B9F-8875-4AFC-A67C-D90C383ABD29): 2
LogDevObjectVersion:   Dev-Sequencer (7B5AE74C-D270-4C10-A958-57980B212A5A): 0
LogDevObjectVersion:   Dev-VR (D7296918-1DD6-4BDD-9DE2-64A83CC13884): 0
LogInit: Compiled (64-bit): Jul  6 2016 09:09:46
LogInit: Compiled with Visual C++: 19.00.23026.00
LogInit: Build Configuration: Development
LogInit: Branch Name: ++UE4+Release-4.12
LogInit: Command line: 
LogInit: Base directory: C:/Program Files/Epic Games/4.12/Engine/Binaries/Win64/
LogInit: Installed Engine Build: 1
LogInit: Using libcurl 7.41.0
LogInit:  - built for x86_64-pc-win32
LogInit:  - supports SSL with WinSSL
LogInit:  - other features:
LogInit:      CURL_VERSION_SSL
LogInit:      CURL_VERSION_IPV6
LogInit:      CURL_VERSION_ASYNCHDNS
LogInit:      CURL_VERSION_LARGEFILE
LogInit:      CURL_VERSION_IDN
LogInit:  CurlRequestOptions (configurable via config and command line):
LogInit:  - bVerifyPeer = true  - Libcurl will verify peer certificate
LogInit:  - bUseHttpProxy = false  - Libcurl will NOT use HTTP proxy
LogInit:  - bDontReuseConnections = false  - Libcurl will reuse connections
LogInit:  - CertBundlePath = nullptr  - Libcurl will use whatever was configured at build time.
LogInit: Presizing for max 8388607 objects, including 0 objects not considered by GC, pre-allocating 0 bytes for permanent pool.
LogInit: Object subsystem initialized
[2017.03.07-20.12.22:159][  0]LogInit: Selected Device Profile: [Windows]
[2017.03.07-20.12.22:159][  0]LogInit: Applying CVar settings loaded from the selected device profile: [Windows]
[2017.03.07-20.12.22:252][  0]LogInit: Computer: RIGG056
[2017.03.07-20.12.22:252][  0]LogInit: User: b3030113
[2017.03.07-20.12.22:252][  0]LogInit: CPU Page size=65536, Cores=4
[2017.03.07-20.12.22:252][  0]LogInit: High frequency timer resolution =2.734393 MHz
[2017.03.07-20.12.22:252][  0]LogMemory: Memory total: Physical=8.0GB (8GB approx)
[2017.03.07-20.12.22:252][  0]LogMemory: Platform Memory Stats for Windows
[2017.03.07-20.12.22:252][  0]LogMemory: Process Physical Memory: 188.32 MB used, 188.32 MB peak
[2017.03.07-20.12.22:252][  0]LogMemory: Process Virtual Memory: 195.05 MB used, 195.05 MB peak
[2017.03.07-20.12.22:252][  0]LogMemory: Physical Memory: 3305.07 MB used, 8145.50 MB total
[2017.03.07-20.12.22:252][  0]LogMemory: Virtual Memory: 536.59 MB used, 134217728.00 MB total
[2017.03.07-20.12.22:307][  0]LogTextLocalizationManager: No specific translations for ('en-GB') exist, so ('en') translations will be used.
[2017.03.07-20.12.22:738][  0]LogD3D11RHI: D3D11 adapters:
[2017.03.07-20.12.22:762][  0]LogD3D11RHI:    0. 'NVIDIA Quadro 600 ' (Feature Level 11_0)
[2017.03.07-20.12.22:762][  0]LogD3D11RHI:       963/0/4072 MB DedicatedVideo/DedicatedSystem/SharedSystem, Outputs:1, VendorId:0x10de
[2017.03.07-20.12.22:768][  0]LogD3D11RHI:    1. 'Microsoft Basic Render Driver' (Feature Level 11_0)
[2017.03.07-20.12.22:768][  0]LogD3D11RHI:       0/0/256 MB DedicatedVideo/DedicatedSystem/SharedSystem, Outputs:0, VendorId:0x1414
[2017.03.07-20.12.22:768][  0]LogD3D11RHI: Chosen D3D11 Adapter: 0
[2017.03.07-20.12.22:772][  0]LogD3D11RHI: Creating new Direct3DDevice
[2017.03.07-20.12.22:773][  0]LogD3D11RHI:     GPU DeviceId: 0xdf8 (for the marketing name, search the web for "GPU Device Id")
[2017.03.07-20.12.22:773][  0]LogWindows: EnumDisplayDevices:
[2017.03.07-20.12.22:773][  0]LogWindows:    0. 'NVIDIA Quadro 600 ' (P:1 D:1)
[2017.03.07-20.12.22:773][  0]LogWindows:    1. 'NVIDIA Quadro 600 ' (P:0 D:0)
[2017.03.07-20.12.22:773][  0]LogWindows: DebugString: FoundDriverCount:2 
[2017.03.07-20.12.22:773][  0]LogD3D11RHI:     Adapter Name: NVIDIA Quadro 600 
[2017.03.07-20.12.22:773][  0]LogD3D11RHI:   Driver Version: 362.84 (internal:10.18.13.6284, unified:362.84)
[2017.03.07-20.12.22:773][  0]LogD3D11RHI:      Driver Date: 6-26-2016
[2017.03.07-20.12.22:773][  0]LogRHI: Texture pool is 674 MB (70% of 963 MB)
[2017.03.07-20.12.22:783][  0]LogD3D11RHI: Async texture creation enabled
[2017.03.07-20.12.22:802][  0]LogD3D11RHI: GPU Timing Frequency: 1000.000000 (Debug: 2 2)
[2017.03.07-20.12.22:802][  0]LogShaderCompilers: Guid format shader working directory is -12 characters bigger than the processId version (E:/Unreal Engine Projects/DissertationLevel/DissertationLevel/Intermediate/Shaders/WorkingDirectory/6940/).
[2017.03.07-20.12.22:802][  0]LogShaderCompilers: Cleaned the shader compiler working directory 'C:/Users/b3030113/AppData/Local/Temp/UnrealShaderWorkingDir/72EAC71C43599F79F99F2AAA2AE7CC83/'.
[2017.03.07-20.12.22:802][  0]LogShaderCompilers:Display: Using Local Shader Compiler.
[2017.03.07-20.12.23:748][  0]LogTemp:Display: Loaded TP AllDesktopTargetPlatform
[2017.03.07-20.12.23:762][  0]LogTemp:Display: Loaded TP WindowsClientTargetPlatform
[2017.03.07-20.12.23:775][  0]LogTemp:Display: Loaded TP WindowsNoEditorTargetPlatform
[2017.03.07-20.12.23:787][  0]LogTemp:Display: Loaded TP WindowsServerTargetPlatform
[2017.03.07-20.12.23:799][  0]LogTemp:Display: Loaded TP WindowsTargetPlatform
[2017.03.07-20.12.23:811][  0]LogTemp:Display: Loaded TP AndroidTargetPlatform
[2017.03.07-20.12.23:822][  0]LogTemp:Display: Loaded TP Android_ASTCTargetPlatform
[2017.03.07-20.12.23:834][  0]LogTemp:Display: Loaded TP Android_ATCTargetPlatform
[2017.03.07-20.12.23:846][  0]LogTemp:Display: Loaded TP Android_DXTTargetPlatform
[2017.03.07-20.12.23:857][  0]LogTemp:Display: Loaded TP Android_ETC1TargetPlatform
[2017.03.07-20.12.23:870][  0]LogTemp:Display: Loaded TP Android_ETC2TargetPlatform
[2017.03.07-20.12.23:894][  0]LogTemp:Display: Loaded TP Android_MultiTargetPlatform
[2017.03.07-20.12.23:894][  0]LogTemp:Display: Loaded TP Android_PVRTCTargetPlatform
[2017.03.07-20.12.23:894][  0]LogTemp:Display: Loaded TP HTML5TargetPlatform
[2017.03.07-20.12.23:919][  0]LogTemp:Display: Loaded TP IOSTargetPlatform
[2017.03.07-20.12.23:931][  0]LogTemp:Display: Loaded TP TVOSTargetPlatform
[2017.03.07-20.12.23:942][  0]LogTemp:Display: Loaded TP LinuxNoEditorTargetPlatform
[2017.03.07-20.12.23:955][  0]LogTemp:Display: Loaded TP LinuxServerTargetPlatform
[2017.03.07-20.12.23:967][  0]LogTemp:Display: Loaded TP LinuxTargetPlatform
[2017.03.07-20.12.23:967][  0]LogTargetPlatformManager:Display: Building Assets For Windows
[2017.03.07-20.12.24:027][  0]LogDerivedDataCache:Display: Max Cache Size: 512 MB
[2017.03.07-20.12.24:099][  0]LogDerivedDataCache: Loaded boot cache 0.07s 62MB C:/Users/b3030113/AppData/Local/UnrealEngine/4.12/DerivedDataCache/Boot.ddc.
[2017.03.07-20.12.24:100][  0]LogDerivedDataCache:Display: Loaded Boot cache: C:/Users/b3030113/AppData/Local/UnrealEngine/4.12/DerivedDataCache/Boot.ddc
[2017.03.07-20.12.24:100][  0]LogDerivedDataCache: FDerivedDataBackendGraph:  Pak pak cache file E:/Unreal Engine Projects/DissertationLevel/DissertationLevel/DerivedDataCache/DDC.ddp not found, will not use a pak cache.
[2017.03.07-20.12.24:100][  0]LogDerivedDataCache: Unable to find inner node Pak for hierarchical cache Hierarchy.
[2017.03.07-20.12.24:101][  0]LogDerivedDataCache: FDerivedDataBackendGraph:  CompressedPak pak cache file E:/Unreal Engine Projects/DissertationLevel/DissertationLevel/DerivedDataCache/Compressed.ddp not found, will not use a pak cache.
[2017.03.07-20.12.24:101][  0]LogDerivedDataCache: Unable to find inner node CompressedPak for hierarchical cache Hierarchy.
[2017.03.07-20.12.24:118][  0]LogDerivedDataCache:Display: Pak cache opened for reading ../../../Engine/DerivedDataCache/Compressed.ddp.
[2017.03.07-20.12.24:131][  0]LogDerivedDataCache: Using Local data cache path C:/Users/b3030113/AppData/Local/UnrealEngine/Common/DerivedDataCache: Writable
[2017.03.07-20.12.25:031][  0]LogInit: Selected Device Profile: [Windows]
[2017.03.07-20.12.25:031][  0]LogContentStreaming: Texture pool size is 0.00 MB
[2017.03.07-20.12.25:292][  0]LogMeshUtilities: No automatic mesh reduction module available
[2017.03.07-20.12.25:292][  0]LogMeshUtilities: No automatic mesh merging module available
[2017.03.07-20.12.25:292][  0]LogMeshUtilities: No distributed automatic mesh merging module available
[2017.03.07-20.12.25:557][  0]LogAssetRegistry: FAssetRegistry took 0.0223 seconds to start up
[2017.03.07-20.12.26:530][  0]LogPackageLocalizationCache: Processed 3 localized package path(s) for 2 prioritized culture(s) in 0.969254 seconds
[2017.03.07-20.12.26:538][  0]LogUObjectArray: 28739 objects as part of root set at end of initial load.
[2017.03.07-20.12.26:538][  0]LogUObjectAllocator: 5855632 out of 0 bytes used by permanent object pool.
[2017.03.07-20.12.26:538][  0]LogUObjectArray: CloseDisregardForGC: 0/0 objects in disregard for GC pool
[2017.03.07-20.12.26:548][  0]LogInit: WinSock: version 1.1 (2.2), MaxSocks=32767, MaxUdp=65467
[2017.03.07-20.12.26:777][  0]LogSlate: SlateFontCache - WITH_FREETYPE: 1, WITH_HARFBUZZ: 1
[2017.03.07-20.12.26:777][  0]LogSlate: SlateFontCache - WITH_FREETYPE: 1, WITH_HARFBUZZ: 1
[2017.03.07-20.12.28:084][  0]LogUdpMessaging: Initializing bridge on interface 0.0.0.0:0 to multicast group 230.0.0.1:6666.
[2017.03.07-20.12.31:102][  0]LogTexture:Display: Building textures: T_ML_Aluminum01 (AutoDXT)
[2017.03.07-20.12.31:263][  0]LogTexture:Display: Building textures: T_ML_Rubber_Blue_01_D (AutoDXT)
[2017.03.07-20.12.31:432][  0]LogTexture:Display: Building textures: T_ML_Rubber_Blue_01_N (BC5)
[2017.03.07-20.12.31:476][  0]LogTexture:Display: Building textures: T_ML_Aluminum01_N (BC5)
[2017.03.07-20.12.31:512][  0]LogTexture:Display: Building textures: UE4_Mannequin_MAT_MASKA (AutoDXT)
[2017.03.07-20.12.31:919][  0]LogTexture:Display: Building textures: UE4_Mannequin__normals (BC5)
[2017.03.07-20.12.32:325][  0]LogTexture:Display: Building textures: UE4_LOGO_CARD (AutoDXT)
[2017.03.07-20.12.32:423][  0]LogTexture:Display: Building textures: UE4Man_Logo_N (BC5)
[2017.03.07-20.12.32:890][  0]SourceControl: Info Source control is disabled
[2017.03.07-20.12.32:939][  0]SourceControl: Info Source control is disabled
[2017.03.07-20.12.32:947][  0]SourceControl: Info Source control is disabled
[2017.03.07-20.12.32:954][  0]SourceControl: Info Source control is disabled
[2017.03.07-20.12.33:124][  0]LogEngine: Initializing Engine...
[2017.03.07-20.12.33:124][  0]LogHMD: SteamVR failed to initialize.  Err: 110
[2017.03.07-20.12.33:125][  0]LogHMD: SteamVR failed to initialize.  Err: 110
[2017.03.07-20.12.33:252][  0]LogAIModule: Creating AISystem for world NewWorld
[2017.03.07-20.12.33:256][  0]LogInit: XAudio2 using 'Speakers (Realtek High Definition Audio)' : 2 channels at 48 kHz using 32 bits per sample (channel mask 0x3)
[2017.03.07-20.12.33:273][  0]LogInit: FAudioDevice initialized.
[2017.03.07-20.12.33:305][  0]LogDerivedDataCache: Saved boot cache 0.03s 71MB C:/Users/b3030113/AppData/Local/UnrealEngine/4.12/DerivedDataCache/Boot.ddc.
[2017.03.07-20.12.33:318][  0]LogInit: Texture streaming: Enabled
[2017.03.07-20.12.33:363][  0]LogInit: Transaction tracking system initialized
[2017.03.07-20.12.33:381][  0]BlueprintLog: New page: Editor Load
[2017.03.07-20.12.33:564][  0]LocalizationService: Info Localization service is disabled
[2017.03.07-20.12.33:632][  0]LogConsoleResponse:Display: 
[2017.03.07-20.12.33:894][  0]LogCook:Display: Max memory allowance for cook 8192mb
[2017.03.07-20.12.33:894][  0]LogCook:Display: Mobile HDR setting 1
[2017.03.07-20.12.34:000][  0]LogFileCache: Scanning file cache for directory 'E:/Unreal Engine Projects/DissertationLevel/DissertationLevel/Content/' took 0.03s
[2017.03.07-20.12.34:000][  0]SourceControl: Info Source control is disabled
[2017.03.07-20.12.34:000][  0]Cmd: MAP LOAD FILE="E:/Unreal Engine Projects/DissertationLevel/DissertationLevel/Content/ThirdPersonCPP/Maps/ThirdPersonExampleMap.umap" TEMPLATE=0 SHOWPROGRESS=1 FEATURELEVEL=3
[2017.03.07-20.12.34:014][  0]LightingResults: New page: Lighting Build
[2017.03.07-20.12.34:016][  0]MapCheck: New page: Map Check
[2017.03.07-20.12.34:016][  0]LightingResults: New page: Lighting Build
[2017.03.07-20.12.34:790][  0]LogTexture:Display: Building textures: HQ_Lightmap0_1 (AutoDXT)
[2017.03.07-20.12.35:108][  0]LogTexture:Display: Building textures: HQ_Lightmap0_2 (AutoDXT)
[2017.03.07-20.12.35:194][  0]LogTexture:Display: Building textures: HQ_Lightmap0_3 (AutoDXT)
[2017.03.07-20.12.35:221][  0]LogTexture:Display: Building textures: LQ_Lightmap_0_1 (DXT1)
[2017.03.07-20.12.35:330][  0]LogTexture:Display: Building textures: LQ_Lightmap_0_2 (DXT1)
[2017.03.07-20.12.35:366][  0]LogTexture:Display: Building textures: LQ_Lightmap_0_3 (DXT1)
[2017.03.07-20.12.35:388][  0]LogTexture:Display: Building textures: SkyOcclusion0_1 (AutoDXT)
[2017.03.07-20.12.35:532][  0]LogTexture:Display: Building textures: SkyOcclusion0_2 (AutoDXT)
[2017.03.07-20.12.35:562][  0]LogTexture:Display: Building textures: SkyOcclusion0_3 (AutoDXT)
[2017.03.07-20.12.35:574][  0]LogTexture:Display: Building textures: ShadowMapTexture2D_0 (G8)
[2017.03.07-20.12.35:657][  0]LogTexture:Display: Building textures: ShadowMapTexture2D_1 (G8)
[2017.03.07-20.12.35:778][  0]LogAIModule: Creating AISystem for world ThirdPersonExampleMap
[2017.03.07-20.12.35:903][  0]LogEditorServer: Finished looking for orphan Actors (0.000 secs)
[2017.03.07-20.12.35:940][  0]Cmd: MAP CHECKDEP NOCLEARLOG
[2017.03.07-20.12.36:044][  0]MapCheck: Info Map check complete: 0 Error(s), 0 Warning(s), took 105.238ms to complete.
[2017.03.07-20.12.36:044][  0]LogFileHelpers: Loading map 'ThirdPersonExampleMap' took 2.045
[2017.03.07-20.12.36:809][  0]LogCollectionManager: Loaded 0 collections in 0.003489 seconds
[2017.03.07-20.12.36:956][  0]LogFileCache: Scanning file cache for directory 'E:/Unreal Engine Projects/DissertationLevel/DissertationLevel/Saved/Collections/' took 0.01s
[2017.03.07-20.12.36:956][  0]LogFileCache: Scanning file cache for directory 'E:/Unreal Engine Projects/DissertationLevel/DissertationLevel/Content/Developers/b3030113/Collections/' took 0.01s
[2017.03.07-20.12.36:956][  0]LogFileCache: Scanning file cache for directory 'E:/Unreal Engine Projects/DissertationLevel/DissertationLevel/Content/Collections/' took 0.01s
[2017.03.07-20.12.36:956][  0]LogCollectionManager: Rebuilt the GUID cache for 0 collections in 0.000005 seconds
[2017.03.07-20.12.37:004][  0]LogContentBrowser: Native class hierarchy populated in 0.0455 seconds. Added 2068 classes and 376 folders.
[2017.03.07-20.12.37:047][  0]LogStats: UGameplayTagsManager::ConstructGameplayTagTree: Construct from data asset -  0.000 s
[2017.03.07-20.12.37:055][  0]LogStats: UGameplayTagsManager::ConstructGameplayTagTree: GameplayTagTreeChangedEvent.Broadcast -  0.008 s
[2017.03.07-20.12.37:077][  0]LogContentBrowser: Native class hierarchy updated for 'GameplayTags' in 0.0215 seconds. Added 12 classes and 0 folders.
[2017.03.07-20.12.37:128][  0]LogContentBrowser: Native class hierarchy updated for 'WidgetCarousel' in 0.0220 seconds. Added 0 classes and 0 folders.
[2017.03.07-20.12.38:917][  0]LogContentBrowser: Native class hierarchy updated for 'AddContentDialog' in 0.0207 seconds. Added 0 classes and 0 folders.
[2017.03.07-20.12.38:994][  0]LogContentBrowser: Native class hierarchy updated for 'SceneOutliner' in 0.0198 seconds. Added 1 classes and 2 folders.
[2017.03.07-20.12.39:418][  0]LogCrashTracker: Crashtracker disabled due to settings.
[2017.03.07-20.12.39:551][  0]LogTexture:Display: Building textures: Blueprint_64x (BGRA8)
[2017.03.07-20.12.39:553][  0]LogTexture:Display: Building textures: icon_Editor_Preferences_General_40x (BGRA8)
[2017.03.07-20.12.39:556][  0]LogTexture:Display: Building textures: Paper2DSprite_TutorialIcon (BGRA8)
[2017.03.07-20.12.39:559][  0]LogTexture:Display: Building textures: icon_ShowSkeletalMeshes_40x (BGRA8)
[2017.03.07-20.12.39:562][  0]LogTexture:Display: Building textures: Landscape (BGRA8)
[2017.03.07-20.12.39:565][  0]LogTexture:Display: Building textures: Foliage (BGRA8)
[2017.03.07-20.12.39:657][  0]LogContentBrowser: Native class hierarchy updated for 'HierarchicalLODOutliner' in 0.0188 seconds. Added 1 classes and 2 folders.
[2017.03.07-20.12.39:657][  0]LogLoad: Full Startup: 20.82 seconds (BP compile: 0.14 seconds)
[2017.03.07-20.12.39:657][  0]LogExternalProfiler: Found external profiler: VSPerf
[2017.03.07-20.12.39:657][  0]LogExternalProfiler: Using external profiler: VSPerf
[2017.03.07-20.12.39:666][  0]LogOcInput: OculusInput pre-init called
[2017.03.07-20.12.39:775][  0]LogContentStreaming: Texture pool size now 1000 MB
[2017.03.07-20.12.39:826][  0]LogTexture:Display: Building textures: icon_tab_Levels_40x (BGRA8)
[2017.03.07-20.12.40:065][  0]LogTexture:Display: Building textures: LevelGrid1DStripes (BGRA8)
[2017.03.07-20.12.40:224][  0]LogRenderer: Reallocating scene render targets to support 1208x576 (Frame:2).
[2017.03.07-20.12.40:728][  1]LogActor:Warning: WinningLocation_BP_C /Engine/Transient.World_1:PersistentLevel.WinningLocation_BP_C_0 has natively added scene component(s), but none of them were set as the actor's RootComponent - picking one arbitrarily
[2017.03.07-20.12.41:033][  2]LogAssetRegistry: Asset discovery search completed in 15.4984 seconds
[2017.03.07-20.12.41:033][  2]LogCollectionManager: Rebuilt the object cache for 0 collections in 0.000001 seconds (found 0 objects)
[2017.03.07-20.12.41:033][  2]LogCollectionManager: Fixed up redirectors for 0 collections in 0.000039 seconds (updated 0 objects)
[2017.03.07-20.13.09:282][686]LogTexture:Display: Building textures: CameraActor_64x (BGRA8)
[2017.03.07-20.13.09:289][686]LogTexture:Display: Building textures: BlueprintInterface_64x (BGRA8)
[2017.03.07-20.13.09:293][686]LogTexture:Display: Building textures: BlueprintMacroLibrary_64x (BGRA8)
[2017.03.07-20.13.09:424][686]LogTexture:Display: Building textures: IOS (BGRA8)
[2017.03.07-20.13.09:429][686]LogTexture:Display: Building textures: android_Icon (BGRA8)
[2017.03.07-20.13.09:433][686]LogTexture:Display: Building textures: Paper2DFlipbook_TutorialIcon (BGRA8)
[2017.03.07-20.14.35:608][729]LogActor:Warning: WinningLocation_BP_C /Engine/Transient.World_1:PersistentLevel.WinningLocation_BP_C_1 has natively added scene component(s), but none of them were set as the actor's RootComponent - picking one arbitrarily
[2017.03.07-20.14.35:651][730]LogActor:Warning: WinningLocation_BP_C /Engine/Transient.World_1:PersistentLevel.WinningLocation_BP_C_2 has natively added scene component(s), but none of them were set as the actor's RootComponent - picking one arbitrarily
[2017.03.07-20.14.35:774][731]LogActor:Warning: WinningLocation_BP_C /Engine/Transient.World_1:PersistentLevel.WinningLocation_BP_C_3 has natively added scene component(s), but none of them were set as the actor's RootComponent - picking one arbitrarily
[2017.03.07-20.14.36:036][733]LogActor:Warning: WinningLocation_BP_C /Engine/Transient.World_1:PersistentLevel.WinningLocation_BP_C_4 has natively added scene component(s), but none of them were set as the actor's RootComponent - picking one arbitrarily
[2017.03.07-20.14.40:040][  8]Running C:/Program Files/Epic Games/4.12/Engine/Binaries/DotNET/UnrealBuildTool.exe  -projectfiles -project="E:/Unreal Engine Projects/DissertationLevel/DissertationLevel/DissertationLevel.uproject" -game -rocket -progress
[2017.03.07-20.14.40:343][  8]Discovering modules, targets and source code for project...
[2017.03.07-20.17.10:981][958]LogWindowsTextInputMethodSystem:Display: IME system now deactivated.
[2017.03.07-20.17.11:287][959]Cmd: QUIT_EDITOR
[2017.03.07-20.17.11:401][959]LogExit: Preparing to exit.
[2017.03.07-20.17.12:429][959]LogExit: Editor shut down
[2017.03.07-20.17.12:429][959]LogExit: Transaction tracking system shut down
[2017.03.07-20.17.12:568][959]LogObj: Freed 0b from 0 cluster array pools.
[2017.03.07-20.17.12:569][959]LogExit: Object subsystem successfully closed.
[2017.03.07-20.17.12:586][959]LogD3D11RHI: Shutdown
[2017.03.07-20.17.12:586][959]LogD3D11RHI: CleanupD3DDevice
[2017.03.07-20.17.12:648][959]LogD3D11RHI: ~FD3D11DynamicRHI
[2017.03.07-20.17.12:662][959]LogModuleManager: Shutting down and abandoning module HierarchicalLODOutliner (215)
[2017.03.07-20.17.12:663][959]LogModuleManager: Shutting down and abandoning module CrashTracker (214)
[2017.03.07-20.17.12:663][959]LogModuleManager: Shutting down and abandoning module SceneOutliner (213)
[2017.03.07-20.17.12:663][959]LogModuleManager: Shutting down and abandoning module WidgetCarousel (212)
[2017.03.07-20.17.12:663][959]LogModuleManager: Shutting down and abandoning module AddContentDialog (211)
[2017.03.07-20.17.12:665][959]LogModuleManager: Shutting down and abandoning module GameplayTags (210)
[2017.03.07-20.17.12:665][959]LogModuleManager: Shutting down and abandoning module EditorWidgets (209)
[2017.03.07-20.17.12:665][959]LogModuleManager: Shutting down and abandoning module CollectionManager (208)
[2017.03.07-20.17.12:665][959]LogModuleManager: Shutting down and abandoning module StatsViewer (207)
[2017.03.07-20.17.12:665][959]LogModuleManager: Shutting down and abandoning module FoliageEdit (206)
[2017.03.07-20.17.12:665][959]LogModuleManager: Shutting down and abandoning module LandscapeEditor (205)
[2017.03.07-20.17.12:665][959]LogModuleManager: Shutting down and abandoning module SceneDepthPickerMode (204)
[2017.03.07-20.17.12:665][959]LogModuleManager: Shutting down and abandoning module ActorPickerMode (203)
[2017.03.07-20.17.12:665][959]LogModuleManager: Shutting down and abandoning module GeometryMode (202)
[2017.03.07-20.17.12:665][959]LogModuleManager: Shutting down and abandoning module TextureAlignMode (201)
[2017.03.07-20.17.12:665][959]LogModuleManager: Shutting down and abandoning module BspMode (200)
[2017.03.07-20.17.12:665][959]LogModuleManager: Shutting down and abandoning module HardwareSurvey (199)
[2017.03.07-20.17.12:665][959]LogModuleManager: Shutting down and abandoning module SequenceRecorderSections (198)
[2017.03.07-20.17.12:666][959]LogModuleManager: Shutting down and abandoning module SequenceRecorder (197)
[2017.03.07-20.17.12:666][959]LogModuleManager: Shutting down and abandoning module AutomationWorker (196)
[2017.03.07-20.17.12:666][959]LogModuleManager: Shutting down and abandoning module MatineeToLevelSequence (195)
[2017.03.07-20.17.12:666][959]LogModuleManager: Shutting down and abandoning module PlacementMode (194)
[2017.03.07-20.17.12:666][959]LogModuleManager: Shutting down and abandoning module LevelSequenceEditor (193)
[2017.03.07-20.17.12:666][959]LogModuleManager: Shutting down and abandoning module CharacterAI (192)
[2017.03.07-20.17.12:666][959]LogModuleManager: Shutting down and abandoning module SmartSnapping (191)
[2017.03.07-20.17.12:666][959]LogModuleManager: Shutting down and abandoning module SessionServices (190)
[2017.03.07-20.17.12:666][959]LogModuleManager: Shutting down and abandoning module ViewportSnapping (189)
[2017.03.07-20.17.12:666][959]LogModuleManager: Shutting down and abandoning module LogVisualizer (188)
[2017.03.07-20.17.12:666][959]LogModuleManager: Shutting down and abandoning module GameProjectGeneration (187)
[2017.03.07-20.17.12:666][959]LogModuleManager: Shutting down and abandoning module IntroTutorials (186)
[2017.03.07-20.17.12:666][959]LogModuleManager: Shutting down and abandoning module EditorLiveStreaming (185)
[2017.03.07-20.17.12:666][959]LogModuleManager: Shutting down and abandoning module IOSPlatformEditor (184)
[2017.03.07-20.17.12:666][959]LogModuleManager: Shutting down and abandoning module HTML5PlatformEditor (183)
[2017.03.07-20.17.12:666][959]LogModuleManager: Shutting down and abandoning module AndroidDeviceDetection (182)
[2017.03.07-20.17.12:761][959]LogModuleManager: Shutting down and abandoning module AndroidPlatformEditor (181)
[2017.03.07-20.17.12:761][959]LogModuleManager: Shutting down and abandoning module IOSRuntimeSettings (180)
[2017.03.07-20.17.12:761][959]LogModuleManager: Shutting down and abandoning module AndroidRuntimeSettings (179)
[2017.03.07-20.17.12:761][959]LogModuleManager: Shutting down and abandoning module MergeActors (178)
[2017.03.07-20.17.12:761][959]LogModuleManager: Shutting down and abandoning module SizeMap (177)
[2017.03.07-20.17.12:761][959]LogModuleManager: Shutting down and abandoning module TreeMap (176)
[2017.03.07-20.17.12:761][959]LogModuleManager: Shutting down and abandoning module ReferenceViewer (175)
[2017.03.07-20.17.12:761][959]LogModuleManager: Shutting down and abandoning module LocalizationService (174)
[2017.03.07-20.17.12:761][959]LogModuleManager: Shutting down and abandoning module LocalizationDashboard (173)
[2017.03.07-20.17.12:762][959]LogModuleManager: Shutting down and abandoning module HardwareTargeting (172)
[2017.03.07-20.17.12:762][959]LogModuleManager: Shutting down and abandoning module DeviceProfileEditor (171)
[2017.03.07-20.17.12:762][959]LogModuleManager: Shutting down and abandoning module UndoHistory (170)
[2017.03.07-20.17.12:762][959]LogModuleManager: Shutting down and abandoning module UserFeedback (169)
[2017.03.07-20.17.12:762][959]LogModuleManager: Shutting down and abandoning module XmlParser (168)
[2017.03.07-20.17.12:762][959]LogModuleManager: Shutting down and abandoning module Blutility (167)
[2017.03.07-20.17.12:762][959]LogModuleManager: Shutting down and abandoning module ProjectTargetPlatformEditor (166)
[2017.03.07-20.17.12:762][959]LogModuleManager: Shutting down and abandoning module ProjectSettingsViewer (165)
[2017.03.07-20.17.12:762][959]LogModuleManager: Shutting down and abandoning module InputBindingEditor (164)
[2017.03.07-20.17.12:762][959]LogModuleManager: Shutting down and abandoning module EditorSettingsViewer (163)
[2017.03.07-20.17.12:762][959]LogModuleManager: Shutting down and abandoning module SettingsEditor (162)
[2017.03.07-20.17.12:762][959]LogModuleManager: Shutting down and abandoning module ProjectLauncher (161)
[2017.03.07-20.17.12:762][959]LogModuleManager: Shutting down and abandoning module SessionFrontend (160)
[2017.03.07-20.17.12:762][959]LogModuleManager: Shutting down and abandoning module ProfilerClient (159)
[2017.03.07-20.17.12:762][959]LogModuleManager: Shutting down and abandoning module TargetDeviceServices (158)
[2017.03.07-20.17.12:762][959]LogModuleManager: Shutting down and abandoning module DeviceManager (157)
[2017.03.07-20.17.12:805][959]LogModuleManager: Shutting down and abandoning module AutomationController (156)
[2017.03.07-20.17.12:805][959]LogModuleManager: Shutting down and abandoning module AutomationWindow (155)
[2017.03.07-20.17.12:805][959]LogModuleManager: Shutting down and abandoning module Layers (154)
[2017.03.07-20.17.12:805][959]LogModuleManager: Shutting down and abandoning module ComponentVisualizers (153)
[2017.03.07-20.17.12:805][959]LogModuleManager: Shutting down and abandoning module DetailCustomizations (152)
[2017.03.07-20.17.12:805][959]LogModuleManager: Shutting down and abandoning module PackagesDialog (151)
[2017.03.07-20.17.12:805][959]LogModuleManager: Shutting down and abandoning module Persona (150)
[2017.03.07-20.17.12:805][959]LogModuleManager: Shutting down and abandoning module Kismet (149)
[2017.03.07-20.17.12:805][959]LogModuleManager: Shutting down and abandoning module GraphEditor (148)
[2017.03.07-20.17.12:805][959]LogModuleManager: Shutting down and abandoning module ClassViewer (147)
[2017.03.07-20.17.12:805][959]LogModuleManager: Shutting down and abandoning module Toolbox (146)
[2017.03.07-20.17.12:805][959]LogModuleManager: Shutting down and abandoning module ModuleUI (145)
[2017.03.07-20.17.12:805][959]LogModuleManager: Shutting down and abandoning module MovieSceneTools (144)
[2017.03.07-20.17.12:805][959]LogModuleManager: Shutting down and abandoning module OutputLog (143)
[2017.03.07-20.17.12:805][959]LogModuleManager: Shutting down and abandoning module GammaUI (142)
[2017.03.07-20.17.12:805][959]LogModuleManager: Shutting down and abandoning module Documentation (141)
[2017.03.07-20.17.12:805][959]LogModuleManager: Shutting down and abandoning module StreamingPauseRendering (140)
[2017.03.07-20.17.12:805][959]LogModuleManager: Shutting down and abandoning module AnalyticsET (139)
[2017.03.07-20.17.12:805][959]LogModuleManager: Shutting down and abandoning module Analytics (138)
[2017.03.07-20.17.12:805][959]LogModuleManager: Shutting down and abandoning module PortalServices (137)
[2017.03.07-20.17.12:805][959]LogModuleManager: Shutting down and abandoning module PortalRpc (136)
[2017.03.07-20.17.12:805][959]LogModuleManager: Shutting down and abandoning module MessagingRpc (135)
[2017.03.07-20.17.12:805][959]LogModuleManager: Shutting down and abandoning module GameplayDebugger (134)
[2017.03.07-20.17.12:805][959]LogModuleManager: Shutting down and abandoning module AITestSuite (133)
[2017.03.07-20.17.12:805][959]LogModuleManager: Shutting down and abandoning module AIModule (132)
[2017.03.07-20.17.12:805][959]LogModuleManager: Shutting down and abandoning module ProfilerService (131)
[2017.03.07-20.17.12:985][959]LogModuleManager: Shutting down and abandoning module TaskGraph (130)
[2017.03.07-20.17.12:985][959]LogModuleManager: Shutting down and abandoning module SlateRemote (129)
[2017.03.07-20.17.12:985][959]LogModuleManager: Shutting down and abandoning module SteamVRController (128)
[2017.03.07-20.17.12:985][959]LogModuleManager: Shutting down and abandoning module SteamVR (127)
[2017.03.07-20.17.12:985][959]LogModuleManager: Shutting down and abandoning module ProceduralMeshComponent (126)
[2017.03.07-20.17.12:985][959]LogModuleManager: Shutting down and abandoning module OculusLibrary (125)
[2017.03.07-20.17.12:985][959]LogModuleManager: Shutting down and abandoning module OculusInput (124)
[2017.03.07-20.17.12:986][959]LogModuleManager: Shutting down and abandoning module CustomMeshComponent (123)
[2017.03.07-20.17.12:986][959]LogModuleManager: Shutting down and abandoning module CableComponent (122)
[2017.03.07-20.17.12:986][959]LogModuleManager: Shutting down and abandoning module ArchVisCharacter (121)
[2017.03.07-20.17.12:986][959]LogModuleManager: Shutting down and abandoning module MediaPlayerEditor (120)
[2017.03.07-20.17.12:986][959]LogModuleManager: Shutting down and abandoning module HTML5Networking (119)
[2017.03.07-20.17.12:986][959]LogModuleManager: Shutting down and abandoning module SuperSearch (118)
[2017.03.07-20.17.12:986][959]LogModuleManager: Shutting down and abandoning module SuperSearchEditor (117)
[2017.03.07-20.17.12:986][959]LogModuleManager: Shutting down and abandoning module SpeedTreeImporter (116)
[2017.03.07-20.17.12:986][959]LogModuleManager: Shutting down and abandoning module PluginBrowser (115)
[2017.03.07-20.17.12:986][959]LogModuleManager: Shutting down and abandoning module EpicSurvey (114)
[2017.03.07-20.17.12:986][959]LogModuleManager: Shutting down and abandoning module DesktopPlatform (113)
[2017.03.07-20.17.12:986][959]LogModuleManager: Shutting down and abandoning module VisualStudioSourceCodeAccess (112)
[2017.03.07-20.17.12:986][959]LogModuleManager: Shutting down and abandoning module UObjectPlugin (111)
[2017.03.07-20.17.12:986][959]LogModuleManager: Shutting down and abandoning module SubversionSourceControl (110)
[2017.03.07-20.17.12:986][959]LogModuleManager: Shutting down and abandoning module PerforceSourceControl (109)
[2017.03.07-20.17.12:986][959]LogModuleManager: Shutting down and abandoning module SourceControl (108)
[2017.03.07-20.17.12:986][959]LogModuleManager: Shutting down and abandoning module GitSourceControl (107)
[2017.03.07-20.17.12:986][959]LogModuleManager: Shutting down and abandoning module LightPropagationVolumeEditor (106)
[2017.03.07-20.17.12:986][959]LogModuleManager: Shutting down and abandoning module PaperTiledImporter (105)
[2017.03.07-20.17.12:986][959]LogModuleManager: Shutting down and abandoning module PaperSpriteSheetImporter (104)
[2017.03.07-20.17.12:986][959]LogModuleManager: Shutting down and abandoning module MeshPaint (103)
[2017.03.07-20.17.12:986][959]LogModuleManager: Shutting down and abandoning module PixelInspectorModule (102)
[2017.03.07-20.17.12:986][959]LogModuleManager: Shutting down and abandoning module HotReload (101)
[2017.03.07-20.17.12:987][959]LogModuleManager: Shutting down and abandoning module MainFrame (100)
[2017.03.07-20.17.12:987][959]LogModuleManager: Shutting down and abandoning module LevelEditor (99)
[2017.03.07-20.17.12:988][959]LogModuleManager: Shutting down and abandoning module ContentBrowser (98)
[2017.03.07-20.17.12:989][959]LogModuleManager: Shutting down and abandoning module Paper2DEditor (97)
[2017.03.07-20.17.12:989][959]LogModuleManager: Shutting down and abandoning module DissertationLevel (96)
[2017.03.07-20.17.12:989][959]LogModuleManager: Shutting down and abandoning module UdpMessaging (95)
[2017.03.07-20.17.13:091][959]LogModuleManager: Shutting down and abandoning module LightPropagationVolumeRuntime (94)
[2017.03.07-20.17.13:091][959]LogModuleManager: Shutting down and abandoning module Paper2D (93)
[2017.03.07-20.17.13:091][959]LogModuleManager: Shutting down and abandoning module WindowsMoviePlayer (92)
[2017.03.07-20.17.13:091][959]LogModuleManager: Shutting down and abandoning module Media (91)
[2017.03.07-20.17.13:091][959]LogModuleManager: Shutting down and abandoning module WmfMedia (90)
[2017.03.07-20.17.13:091][959]LogModuleManager: Shutting down and abandoning module MediaAssets (89)
[2017.03.07-20.17.13:091][959]LogModuleManager: Shutting down and abandoning module GameLiveStreaming (88)
[2017.03.07-20.17.13:091][959]LogModuleManager: Shutting down and abandoning module GameplayTagsEditor (87)
[2017.03.07-20.17.13:091][959]LogModuleManager: Shutting down and abandoning module OnlineBlueprintSupport (86)
[2017.03.07-20.17.13:091][959]LogModuleManager: Shutting down and abandoning module EnvironmentQueryEditor (85)
[2017.03.07-20.17.13:092][959]LogModuleManager: Shutting down and abandoning module VREditor (84)
[2017.03.07-20.17.13:092][959]LogModuleManager: Shutting down and abandoning module GameplayTasksEditor (83)
[2017.03.07-20.17.13:092][959]LogModuleManager: Shutting down and abandoning module PropertyEditor (82)
[2017.03.07-20.17.13:092][959]LogModuleManager: Shutting down and abandoning module BehaviorTreeEditor (81)
[2017.03.07-20.17.13:092][959]LogModuleManager: Shutting down and abandoning module FunctionalTesting (80)
[2017.03.07-20.17.13:092][959]LogModuleManager: Shutting down and abandoning module CollisionAnalyzer (79)
[2017.03.07-20.17.13:092][959]LogModuleManager: Shutting down and abandoning module Sequencer (78)
[2017.03.07-20.17.13:092][959]LogModuleManager: Shutting down and abandoning module WorkspaceMenuStructure (77)
[2017.03.07-20.17.13:092][959]LogModuleManager: Shutting down and abandoning module MessageLog (76)
[2017.03.07-20.17.13:092][959]LogModuleManager: Shutting down and abandoning module AssetTools (75)
[2017.03.07-20.17.13:092][959]LogModuleManager: Shutting down and abandoning module UMGEditor (74)
[2017.03.07-20.17.13:092][959]LogModuleManager: Shutting down and abandoning module UMG (73)
[2017.03.07-20.17.13:092][959]LogModuleManager: Shutting down and abandoning module SlateReflector (72)
[2017.03.07-20.17.13:092][959]LogModuleManager: Shutting down and abandoning module Slate (71)
[2017.03.07-20.17.13:092][959]LogModuleManager: Shutting down and abandoning module EditorStyle (70)
[2017.03.07-20.17.13:097][959]LogModuleManager: Shutting down and abandoning module SourceCodeAccess (69)
[2017.03.07-20.17.13:097][959]LogModuleManager: Shutting down and abandoning module HeadMountedDisplay (68)
[2017.03.07-20.17.13:097][959]LogModuleManager: Shutting down and abandoning module XAudio2 (67)
[2017.03.07-20.17.13:097][959]LogModuleManager: Shutting down and abandoning module Networking (65)
[2017.03.07-20.17.13:097][959]LogModuleManager: Shutting down and abandoning module Core (64)
[2017.03.07-20.17.13:097][959]LogModuleManager: Shutting down and abandoning module DirectoryWatcher (63)
[2017.03.07-20.17.13:098][959]LogModuleManager: Shutting down and abandoning module AssetRegistry (62)
[2017.03.07-20.17.16:935][959]LogModuleManager: Shutting down and abandoning module KismetCompiler (61)
[2017.03.07-20.17.16:935][959]LogModuleManager: Shutting down and abandoning module PhysXFormats (60)
[2017.03.07-20.17.16:935][959]LogModuleManager: Shutting down and abandoning module MeshUtilities (59)
[2017.03.07-20.17.16:935][959]LogModuleManager: Shutting down and abandoning module DerivedDataCache (58)
[2017.03.07-20.17.16:967][959]LogDerivedDataCache: Shutdown
[2017.03.07-20.17.16:967][959]LogModuleManager: Shutting down and abandoning module VulkanShaderFormat (57)
[2017.03.07-20.17.16:968][959]LogModuleManager: Shutting down and abandoning module ShaderFormatOpenGL (56)
[2017.03.07-20.17.16:968][959]LogModuleManager: Shutting down and abandoning module ShaderFormatD3D (55)
[2017.03.07-20.17.16:968][959]LogModuleManager: Shutting down and abandoning module MetalShaderFormat (54)
[2017.03.07-20.17.16:968][959]LogModuleManager: Shutting down and abandoning module TextureFormatUncompressed (53)
[2017.03.07-20.17.16:968][959]LogModuleManager: Shutting down and abandoning module TextureFormatPVR (52)
[2017.03.07-20.17.16:968][959]LogModuleManager: Shutting down and abandoning module TextureFormatIntelISPCTexComp (51)
[2017.03.07-20.17.16:968][959]LogModuleManager: Shutting down and abandoning module TextureFormatDXT (50)
[2017.03.07-20.17.16:968][959]LogModuleManager: Shutting down and abandoning module ImageWrapper (49)
[2017.03.07-20.17.16:968][959]LogModuleManager: Shutting down and abandoning module TextureFormatASTC (48)
[2017.03.07-20.17.16:968][959]LogModuleManager: Shutting down and abandoning module TextureFormatAndroid (47)
[2017.03.07-20.17.16:968][959]LogModuleManager: Shutting down and abandoning module AudioFormatOpus (46)
[2017.03.07-20.17.16:968][959]LogModuleManager: Shutting down and abandoning module AudioFormatOgg (45)
[2017.03.07-20.17.16:968][959]LogModuleManager: Shutting down and abandoning module AudioFormatADPCM (44)
[2017.03.07-20.17.16:968][959]LogModuleManager: Shutting down and abandoning module LinuxTargetPlatform (43)
[2017.03.07-20.17.16:968][959]LogModuleManager: Shutting down and abandoning module LinuxServerTargetPlatform (42)
[2017.03.07-20.17.16:968][959]LogModuleManager: Shutting down and abandoning module LinuxNoEditorTargetPlatform (41)
[2017.03.07-20.17.16:968][959]LogModuleManager: Shutting down and abandoning module TVOSTargetPlatform (40)
[2017.03.07-20.17.16:968][959]LogModuleManager: Shutting down and abandoning module Messaging (39)
[2017.03.07-20.17.16:968][959]LogModuleManager: Shutting down and abandoning module IOSTargetPlatform (38)
[2017.03.07-20.17.16:968][959]LogModuleManager: Shutting down and abandoning module HTML5TargetPlatform (37)
[2017.03.07-20.17.16:968][959]LogModuleManager: Shutting down and abandoning module Android_PVRTCTargetPlatform (36)
[2017.03.07-20.17.16:968][959]LogModuleManager: Shutting down and abandoning module Android_MultiTargetPlatform (35)
[2017.03.07-20.17.16:968][959]LogModuleManager: Shutting down and abandoning module Android_ETC2TargetPlatform (34)
[2017.03.07-20.17.16:968][959]LogModuleManager: Shutting down and abandoning module Android_ETC1TargetPlatform (33)
[2017.03.07-20.17.16:968][959]LogModuleManager: Shutting down and abandoning module Android_DXTTargetPlatform (32)
[2017.03.07-20.17.16:968][959]LogModuleManager: Shutting down and abandoning module Android_ATCTargetPlatform (31)
[2017.03.07-20.17.16:968][959]LogModuleManager: Shutting down and abandoning module Android_ASTCTargetPlatform (30)
[2017.03.07-20.17.16:968][959]LogModuleManager: Shutting down and abandoning module AndroidTargetPlatform (29)
[2017.03.07-20.17.16:968][959]LogModuleManager: Shutting down and abandoning module WindowsTargetPlatform (28)
[2017.03.07-20.17.16:968][959]LogModuleManager: Shutting down and abandoning module WindowsServerTargetPlatform (27)
[2017.03.07-20.17.16:968][959]LogModuleManager: Shutting down and abandoning module WindowsNoEditorTargetPlatform (26)
[2017.03.07-20.17.16:968][959]LogModuleManager: Shutting down and abandoning module WindowsClientTargetPlatform (25)
[2017.03.07-20.17.16:968][959]LogModuleManager: Shutting down and abandoning module AllDesktopTargetPlatform (24)
[2017.03.07-20.17.16:968][959]LogModuleManager: Shutting down and abandoning module TargetPlatform (23)
[2017.03.07-20.17.16:968][959]LogModuleManager: Shutting down and abandoning module InputCore (22)
[2017.03.07-20.17.16:968][959]LogModuleManager: Shutting down and abandoning module Settings (21)
[2017.03.07-20.17.16:969][959]LogModuleManager: Shutting down and abandoning module OnlineSubsystem (19)
[2017.03.07-20.17.16:969][959]LogModuleManager: Shutting down and abandoning module HTTP (18)
[2017.03.07-20.17.20:990][959]LogModuleManager: Shutting down and abandoning module XMPP (17)
[2017.03.07-20.17.20:990][959]LogModuleManager: Shutting down and abandoning module OculusRift (16)
[2017.03.07-20.17.20:990][959]LogModuleManager: Shutting down and abandoning module ExampleDeviceProfileSelector (15)
[2017.03.07-20.17.20:990][959]LogModuleManager: Shutting down and abandoning module TextureCompressor (14)
[2017.03.07-20.17.20:990][959]LogModuleManager: Shutting down and abandoning module ShaderCore (13)
[2017.03.07-20.17.20:990][959]LogModuleManager: Shutting down and abandoning module Landscape (12)
[2017.03.07-20.17.20:990][959]LogModuleManager: Shutting down and abandoning module SlateRHIRenderer (11)
[2017.03.07-20.17.20:992][959]LogModuleManager: Shutting down and abandoning module OpenGLDrv (10)
[2017.03.07-20.17.20:992][959]LogModuleManager: Shutting down and abandoning module D3D11RHI (9)
[2017.03.07-20.17.20:992][959]LogModuleManager: Shutting down and abandoning module AnimGraphRuntime (8)
[2017.03.07-20.17.20:992][959]LogModuleManager: Shutting down and abandoning module Renderer (7)
[2017.03.07-20.17.20:992][959]LogModuleManager: Shutting down and abandoning module Engine (6)
[2017.03.07-20.17.20:992][959]LogModuleManager: Shutting down and abandoning module CoreUObject (5)
[2017.03.07-20.17.20:992][959]LogModuleManager: Shutting down and abandoning module NetworkFile (4)
[2017.03.07-20.17.20:992][959]LogModuleManager: Shutting down and abandoning module StreamingFile (3)
[2017.03.07-20.17.20:993][959]LogModuleManager: Shutting down and abandoning module SandboxFile (2)
[2017.03.07-20.17.20:993][959]LogModuleManager: Shutting down and abandoning module PakFile (1)
[2017.03.07-20.17.20:995][959]LogExit: Exiting.
[2017.03.07-20.17.20:997][959]Log file closed, 03/07/17 20:17:20
