Log file open, 03/10/17 01:34:50
LogInit:Display: Running engine for game: DissertationLevel
LogPlatformFile: Not using cached read wrapper
LogInit:Display: RandInit(89692002) SRandInit(89692004).
LogTaskGraph: Started task graph with 4 named threads and 7 total threads with 1 sets of task threads.
LogStats: Stats thread started at 0.071021
LogInit: Version: 4.12.5-3039270+++UE4+Release-4.12
LogInit: API Version: 2992821
LogInit: Net Version: 3039270
LogDevObjectVersion: Number of dev versions registered: 13
LogDevObjectVersion:   Dev-Blueprints (B0D832E4-1F89-4F0D-ACCF-7EB736FD4AA2): 3
LogDevObjectVersion:   Dev-Build (E1C64328-A22C-4D53-A36C-8E866417BD8C): 0
LogDevObjectVersion:   Dev-Core (375EC13C-06E4-48FB-B500-84F0262A717E): 1
LogDevObjectVersion:   Dev-Editor (E4B068ED-F494-42E9-A231-DA0B2E46BB41): 2
LogDevObjectVersion:   Dev-Framework (CFFC743F-43B0-4480-9391-14DF171D2073): 6
LogDevObjectVersion:   Dev-Mobile (B02B49B5-BB20-44E9-A304-32B752E40360): 0
LogDevObjectVersion:   Dev-Networking (A4E4105C-59A1-49B5-A7C5-40C4547EDFEE): 0
LogDevObjectVersion:   Dev-Online (39C831C9-5AE6-47DC-9A44-9C173E1C8E7C): 0
LogDevObjectVersion:   Dev-Physics (78F01B33-EBEA-4F98-B9B4-84EACCB95AA2): 0
LogDevObjectVersion:   Dev-Platform (6631380F-2D4D-43E0-8009-CF276956A95A): 0
LogDevObjectVersion:   Dev-Rendering (12F88B9F-8875-4AFC-A67C-D90C383ABD29): 2
LogDevObjectVersion:   Dev-Sequencer (7B5AE74C-D270-4C10-A958-57980B212A5A): 0
LogDevObjectVersion:   Dev-VR (D7296918-1DD6-4BDD-9DE2-64A83CC13884): 0
LogInit: Compiled (64-bit): Jul  6 2016 09:09:46
LogInit: Compiled with Visual C++: 19.00.23026.00
LogInit: Build Configuration: Development
LogInit: Branch Name: ++UE4+Release-4.12
LogInit: Command line: 
LogInit: Base directory: C:/Program Files/Epic Games/4.12/Engine/Binaries/Win64/
LogInit: Installed Engine Build: 1
LogInit: Using libcurl 7.41.0
LogInit:  - built for x86_64-pc-win32
LogInit:  - supports SSL with WinSSL
LogInit:  - other features:
LogInit:      CURL_VERSION_SSL
LogInit:      CURL_VERSION_IPV6
LogInit:      CURL_VERSION_ASYNCHDNS
LogInit:      CURL_VERSION_LARGEFILE
LogInit:      CURL_VERSION_IDN
LogInit:  CurlRequestOptions (configurable via config and command line):
LogInit:  - bVerifyPeer = true  - Libcurl will verify peer certificate
LogInit:  - bUseHttpProxy = false  - Libcurl will NOT use HTTP proxy
LogInit:  - bDontReuseConnections = false  - Libcurl will reuse connections
LogInit:  - CertBundlePath = nullptr  - Libcurl will use whatever was configured at build time.
LogInit: Presizing for max 8388607 objects, including 0 objects not considered by GC, pre-allocating 0 bytes for permanent pool.
LogInit: Object subsystem initialized
[2017.03.10-01.34.50:950][  0]LogInit: Selected Device Profile: [Windows]
[2017.03.10-01.34.50:950][  0]LogInit: Applying CVar settings loaded from the selected device profile: [Windows]
[2017.03.10-01.34.51:033][  0]LogInit: Computer: RIGG001
[2017.03.10-01.34.51:033][  0]LogInit: User: b3030113
[2017.03.10-01.34.51:033][  0]LogInit: CPU Page size=65536, Cores=4
[2017.03.10-01.34.51:033][  0]LogInit: High frequency timer resolution =3.312783 MHz
[2017.03.10-01.34.51:033][  0]LogMemory: Memory total: Physical=8.0GB (8GB approx)
[2017.03.10-01.34.51:033][  0]LogMemory: Platform Memory Stats for Windows
[2017.03.10-01.34.51:033][  0]LogMemory: Process Physical Memory: 188.32 MB used, 188.32 MB peak
[2017.03.10-01.34.51:033][  0]LogMemory: Process Virtual Memory: 195.09 MB used, 195.09 MB peak
[2017.03.10-01.34.51:033][  0]LogMemory: Physical Memory: 4320.19 MB used, 8142.59 MB total
[2017.03.10-01.34.51:033][  0]LogMemory: Virtual Memory: 536.59 MB used, 134217728.00 MB total
[2017.03.10-01.34.51:078][  0]LogTextLocalizationManager: No specific translations for ('en-GB') exist, so ('en') translations will be used.
[2017.03.10-01.34.51:419][  0]LogD3D11RHI: D3D11 adapters:
[2017.03.10-01.34.51:541][  0]LogD3D11RHI:    0. 'NVIDIA GeForce GT 610  ' (Feature Level 11_0)
[2017.03.10-01.34.51:541][  0]LogD3D11RHI:       973/0/3071 MB DedicatedVideo/DedicatedSystem/SharedSystem, Outputs:1, VendorId:0x10de
[2017.03.10-01.34.51:548][  0]LogD3D11RHI:    1. 'Microsoft Basic Render Driver' (Feature Level 11_0)
[2017.03.10-01.34.51:548][  0]LogD3D11RHI:       0/0/256 MB DedicatedVideo/DedicatedSystem/SharedSystem, Outputs:0, VendorId:0x1414
[2017.03.10-01.34.51:548][  0]LogD3D11RHI: Chosen D3D11 Adapter: 0
[2017.03.10-01.34.51:551][  0]LogD3D11RHI: Creating new Direct3DDevice
[2017.03.10-01.34.51:551][  0]LogD3D11RHI:     GPU DeviceId: 0x104a (for the marketing name, search the web for "GPU Device Id")
[2017.03.10-01.34.51:551][  0]LogWindows: EnumDisplayDevices:
[2017.03.10-01.34.51:551][  0]LogWindows:    0. 'NVIDIA GeForce GT 610  ' (P:1 D:1)
[2017.03.10-01.34.51:552][  0]LogWindows:    1. 'NVIDIA GeForce GT 610  ' (P:0 D:0)
[2017.03.10-01.34.51:552][  0]LogWindows: DebugString: FoundDriverCount:2 
[2017.03.10-01.34.51:552][  0]LogD3D11RHI:     Adapter Name: NVIDIA GeForce GT 610  
[2017.03.10-01.34.51:552][  0]LogD3D11RHI:   Driver Version: 362.84 (internal:10.18.13.6284, unified:362.84)
[2017.03.10-01.34.51:552][  0]LogD3D11RHI:      Driver Date: 6-26-2016
[2017.03.10-01.34.51:552][  0]LogRHI: Texture pool is 681 MB (70% of 973 MB)
[2017.03.10-01.34.51:565][  0]LogD3D11RHI: Async texture creation enabled
[2017.03.10-01.34.51:582][  0]LogD3D11RHI: GPU Timing Frequency: 1000.000000 (Debug: 2 2)
[2017.03.10-01.34.51:582][  0]LogShaderCompilers: Guid format shader working directory is -11 characters bigger than the processId version (D:/Unreal Engine Projects/DissertationLevel/DissertationLevel/Intermediate/Shaders/WorkingDirectory/168/).
[2017.03.10-01.34.51:582][  0]LogShaderCompilers: Cleaned the shader compiler working directory 'C:/Users/b3030113/AppData/Local/Temp/UnrealShaderWorkingDir/8A34135245F685612B85FC801EB6F8B8/'.
[2017.03.10-01.34.51:582][  0]LogShaderCompilers:Display: Using Local Shader Compiler.
[2017.03.10-01.34.52:471][  0]LogTemp:Display: Loaded TP AllDesktopTargetPlatform
[2017.03.10-01.34.52:484][  0]LogTemp:Display: Loaded TP WindowsClientTargetPlatform
[2017.03.10-01.34.52:499][  0]LogTemp:Display: Loaded TP WindowsNoEditorTargetPlatform
[2017.03.10-01.34.52:511][  0]LogTemp:Display: Loaded TP WindowsServerTargetPlatform
[2017.03.10-01.34.52:527][  0]LogTemp:Display: Loaded TP WindowsTargetPlatform
[2017.03.10-01.34.52:538][  0]LogTemp:Display: Loaded TP AndroidTargetPlatform
[2017.03.10-01.34.52:550][  0]LogTemp:Display: Loaded TP Android_ASTCTargetPlatform
[2017.03.10-01.34.52:564][  0]LogTemp:Display: Loaded TP Android_ATCTargetPlatform
[2017.03.10-01.34.52:580][  0]LogTemp:Display: Loaded TP Android_DXTTargetPlatform
[2017.03.10-01.34.52:594][  0]LogTemp:Display: Loaded TP Android_ETC1TargetPlatform
[2017.03.10-01.34.52:608][  0]LogTemp:Display: Loaded TP Android_ETC2TargetPlatform
[2017.03.10-01.34.52:639][  0]LogTemp:Display: Loaded TP Android_MultiTargetPlatform
[2017.03.10-01.34.52:639][  0]LogTemp:Display: Loaded TP Android_PVRTCTargetPlatform
[2017.03.10-01.34.52:639][  0]LogTemp:Display: Loaded TP HTML5TargetPlatform
[2017.03.10-01.34.52:664][  0]LogTemp:Display: Loaded TP IOSTargetPlatform
[2017.03.10-01.34.52:675][  0]LogTemp:Display: Loaded TP TVOSTargetPlatform
[2017.03.10-01.34.52:687][  0]LogTemp:Display: Loaded TP LinuxNoEditorTargetPlatform
[2017.03.10-01.34.52:697][  0]LogTemp:Display: Loaded TP LinuxServerTargetPlatform
[2017.03.10-01.34.52:708][  0]LogTemp:Display: Loaded TP LinuxTargetPlatform
[2017.03.10-01.34.52:708][  0]LogTargetPlatformManager:Display: Building Assets For Windows
[2017.03.10-01.34.52:772][  0]LogDerivedDataCache:Display: Max Cache Size: 512 MB
[2017.03.10-01.34.52:824][  0]LogDerivedDataCache: Loaded boot cache 0.05s 50MB C:/Users/b3030113/AppData/Local/UnrealEngine/4.12/DerivedDataCache/Boot.ddc.
[2017.03.10-01.34.52:824][  0]LogDerivedDataCache:Display: Loaded Boot cache: C:/Users/b3030113/AppData/Local/UnrealEngine/4.12/DerivedDataCache/Boot.ddc
[2017.03.10-01.34.52:824][  0]LogDerivedDataCache: FDerivedDataBackendGraph:  Pak pak cache file D:/Unreal Engine Projects/DissertationLevel/DissertationLevel/DerivedDataCache/DDC.ddp not found, will not use a pak cache.
[2017.03.10-01.34.52:824][  0]LogDerivedDataCache: Unable to find inner node Pak for hierarchical cache Hierarchy.
[2017.03.10-01.34.52:825][  0]LogDerivedDataCache: FDerivedDataBackendGraph:  CompressedPak pak cache file D:/Unreal Engine Projects/DissertationLevel/DissertationLevel/DerivedDataCache/Compressed.ddp not found, will not use a pak cache.
[2017.03.10-01.34.52:825][  0]LogDerivedDataCache: Unable to find inner node CompressedPak for hierarchical cache Hierarchy.
[2017.03.10-01.34.52:841][  0]LogDerivedDataCache:Display: Pak cache opened for reading ../../../Engine/DerivedDataCache/Compressed.ddp.
[2017.03.10-01.34.52:853][  0]LogDerivedDataCache: Using Local data cache path C:/Users/b3030113/AppData/Local/UnrealEngine/Common/DerivedDataCache: Writable
[2017.03.10-01.34.53:109][  0]LogInit: Selected Device Profile: [Windows]
[2017.03.10-01.34.53:109][  0]LogContentStreaming: Texture pool size is 0.00 MB
[2017.03.10-01.34.53:361][  0]LogMeshUtilities: No automatic mesh reduction module available
[2017.03.10-01.34.53:361][  0]LogMeshUtilities: No automatic mesh merging module available
[2017.03.10-01.34.53:361][  0]LogMeshUtilities: No distributed automatic mesh merging module available
[2017.03.10-01.34.53:594][  0]LogAssetRegistry: FAssetRegistry took 0.0222 seconds to start up
[2017.03.10-01.34.57:758][  0]LogPackageLocalizationCache: Processed 3 localized package path(s) for 2 prioritized culture(s) in 4.161613 seconds
[2017.03.10-01.34.57:767][  0]LogUObjectArray: 28739 objects as part of root set at end of initial load.
[2017.03.10-01.34.57:767][  0]LogUObjectAllocator: 5855624 out of 0 bytes used by permanent object pool.
[2017.03.10-01.34.57:767][  0]LogUObjectArray: CloseDisregardForGC: 0/0 objects in disregard for GC pool
[2017.03.10-01.34.57:777][  0]LogInit: WinSock: version 1.1 (2.2), MaxSocks=32767, MaxUdp=65467
[2017.03.10-01.34.58:016][  0]LogSlate: SlateFontCache - WITH_FREETYPE: 1, WITH_HARFBUZZ: 1
[2017.03.10-01.34.58:016][  0]LogSlate: SlateFontCache - WITH_FREETYPE: 1, WITH_HARFBUZZ: 1
[2017.03.10-01.34.58:908][  0]LogUdpMessaging: Initializing bridge on interface 0.0.0.0:0 to multicast group 230.0.0.1:6666.
[2017.03.10-01.35.00:637][  0]SourceControl: Info Source control is disabled
[2017.03.10-01.35.00:663][  0]SourceControl: Info Source control is disabled
[2017.03.10-01.35.00:673][  0]SourceControl: Info Source control is disabled
[2017.03.10-01.35.00:681][  0]SourceControl: Info Source control is disabled
[2017.03.10-01.35.00:872][  0]LogEngine: Initializing Engine...
[2017.03.10-01.35.00:873][  0]LogHMD: SteamVR failed to initialize.  Err: 110
[2017.03.10-01.35.00:873][  0]LogHMD: SteamVR failed to initialize.  Err: 110
[2017.03.10-01.35.00:999][  0]LogAIModule: Creating AISystem for world NewWorld
[2017.03.10-01.35.01:003][  0]LogInit: XAudio2 using 'Speakers (Realtek High Definition Audio)' : 2 channels at 48 kHz using 32 bits per sample (channel mask 0x3)
[2017.03.10-01.35.01:021][  0]LogInit: FAudioDevice initialized.
[2017.03.10-01.35.01:049][  0]LogDerivedDataCache: Saved boot cache 0.03s 50MB C:/Users/b3030113/AppData/Local/UnrealEngine/4.12/DerivedDataCache/Boot.ddc.
[2017.03.10-01.35.01:060][  0]LogInit: Texture streaming: Enabled
[2017.03.10-01.35.01:076][  0]LogInit: Transaction tracking system initialized
[2017.03.10-01.35.01:091][  0]BlueprintLog: New page: Editor Load
[2017.03.10-01.35.01:218][  0]LocalizationService: Info Localization service is disabled
[2017.03.10-01.35.01:432][  0]LogConsoleResponse:Display: 
[2017.03.10-01.35.01:524][  0]LogCook:Display: Max memory allowance for cook 8192mb
[2017.03.10-01.35.01:524][  0]LogCook:Display: Mobile HDR setting 1
[2017.03.10-01.35.01:602][  0]LogFileCache: Scanning file cache for directory 'D:/Unreal Engine Projects/DissertationLevel/DissertationLevel/Content/' took 0.04s
[2017.03.10-01.35.01:602][  0]SourceControl: Info Source control is disabled
[2017.03.10-01.35.01:602][  0]Cmd: MAP LOAD FILE="D:/Unreal Engine Projects/DissertationLevel/DissertationLevel/Content/ThirdPersonCPP/Maps/ThirdPersonExampleMap.umap" TEMPLATE=0 SHOWPROGRESS=1 FEATURELEVEL=3
[2017.03.10-01.35.01:615][  0]LightingResults: New page: Lighting Build
[2017.03.10-01.35.01:617][  0]MapCheck: New page: Map Check
[2017.03.10-01.35.01:617][  0]LightingResults: New page: Lighting Build
[2017.03.10-01.35.01:860][  0]LogAIModule: Creating AISystem for world ThirdPersonExampleMap
[2017.03.10-01.35.01:871][  0]LogEditorServer: Finished looking for orphan Actors (0.000 secs)
[2017.03.10-01.35.01:871][  0]Cmd: MAP CHECKDEP NOCLEARLOG
[2017.03.10-01.35.01:952][  0]MapCheck: Info Map check complete: 0 Error(s), 0 Warning(s), took 80.952ms to complete.
[2017.03.10-01.35.01:952][  0]LogFileHelpers: Loading map 'ThirdPersonExampleMap' took 0.350
[2017.03.10-01.35.02:128][  0]LogCollectionManager: Loaded 0 collections in 0.002009 seconds
[2017.03.10-01.35.02:171][  0]LogFileCache: Scanning file cache for directory 'D:/Unreal Engine Projects/DissertationLevel/DissertationLevel/Saved/Collections/' took 0.01s
[2017.03.10-01.35.02:171][  0]LogFileCache: Scanning file cache for directory 'D:/Unreal Engine Projects/DissertationLevel/DissertationLevel/Content/Developers/b3030113/Collections/' took 0.01s
[2017.03.10-01.35.02:171][  0]LogFileCache: Scanning file cache for directory 'D:/Unreal Engine Projects/DissertationLevel/DissertationLevel/Content/Collections/' took 0.01s
[2017.03.10-01.35.02:171][  0]LogCollectionManager: Rebuilt the GUID cache for 0 collections in 0.000003 seconds
[2017.03.10-01.35.02:205][  0]LogContentBrowser: Native class hierarchy populated in 0.0335 seconds. Added 2068 classes and 376 folders.
[2017.03.10-01.35.02:208][  0]LogStats: UGameplayTagsManager::ConstructGameplayTagTree: Construct from data asset -  0.000 s
[2017.03.10-01.35.02:208][  0]LogStats: UGameplayTagsManager::ConstructGameplayTagTree: GameplayTagTreeChangedEvent.Broadcast -  0.000 s
[2017.03.10-01.35.02:227][  0]LogContentBrowser: Native class hierarchy updated for 'GameplayTags' in 0.0187 seconds. Added 12 classes and 0 folders.
[2017.03.10-01.35.02:248][  0]LogContentBrowser: Native class hierarchy updated for 'WidgetCarousel' in 0.0184 seconds. Added 0 classes and 0 folders.
[2017.03.10-01.35.02:310][  0]LogContentBrowser: Native class hierarchy updated for 'AddContentDialog' in 0.0181 seconds. Added 0 classes and 0 folders.
[2017.03.10-01.35.02:333][  0]LogContentBrowser: Native class hierarchy updated for 'SceneOutliner' in 0.0169 seconds. Added 1 classes and 2 folders.
[2017.03.10-01.35.02:346][  0]LogCrashTracker: Crashtracker disabled due to settings.
[2017.03.10-01.35.02:350][  0]LogUObjectGlobals:Warning: Failed to find object 'Class None.'
[2017.03.10-01.35.02:393][  0]LogContentBrowser: Native class hierarchy updated for 'HierarchicalLODOutliner' in 0.0184 seconds. Added 1 classes and 2 folders.
[2017.03.10-01.35.02:394][  0]LogLoad: Full Startup: 13.59 seconds (BP compile: 0.06 seconds)
[2017.03.10-01.35.02:394][  0]LogExternalProfiler: Found external profiler: VSPerf
[2017.03.10-01.35.02:394][  0]LogExternalProfiler: Using external profiler: VSPerf
[2017.03.10-01.35.02:403][  0]LogOcInput: OculusInput pre-init called
[2017.03.10-01.35.02:420][  0]LogContentStreaming: Texture pool size now 200 MB
[2017.03.10-01.35.02:559][  0]LogRenderer: Reallocating scene render targets to support 1208x576 (Frame:2).
[2017.03.10-01.35.02:640][  1]LogAssetRegistry: Asset discovery search completed in 9.0691 seconds
[2017.03.10-01.35.02:641][  1]LogCollectionManager: Rebuilt the object cache for 0 collections in 0.000001 seconds (found 0 objects)
[2017.03.10-01.35.02:641][  1]LogCollectionManager: Fixed up redirectors for 0 collections in 0.000088 seconds (updated 0 objects)
[2017.03.10-01.36.34:970][903]Recompiling DissertationLevel...
[2017.03.10-01.36.34:973][903]Launching UnrealBuildTool... [C:/Program Files/Epic Games/4.12/Engine/Binaries/DotNET/UnrealBuildTool.exe DissertationLevel -ModuleWithSuffix DissertationLevel 9612 Win64 Development -editorrecompile -canskiplink "D:/Unreal Engine Projects/DissertationLevel/DissertationLevel/DissertationLevel.uproject"  -2015]
[2017.03.10-01.36.34:978][903]Warning: Starting HotReload took  0.1s.
[2017.03.10-01.37.52:718][132]CompilerResultsLog: New page: Compilation - 10 Mar 2017 01:37:52
[2017.03.10-01.37.52:718][132]CompilerResultsLog: Info Creating makefile for hot reloading DissertationLevel (working set of source files changed)
[2017.03.10-01.37.52:718][132]CompilerResultsLog: Info Compiling game modules for hot reload
[2017.03.10-01.37.52:718][132]CompilerResultsLog: Info Performing 2 actions (4 in parallel)
[2017.03.10-01.37.52:718][132]CompilerResultsLog: Info EnemyAIController.cpp
[2017.03.10-01.37.52:718][132]CompilerResultsLog: Info [2/2] Link UE4Editor-DissertationLevel-9612.dll
[2017.03.10-01.37.52:718][132]CompilerResultsLog: Info    Creating library D:\Unreal Engine Projects\DissertationLevel\DissertationLevel\Intermediate\Build\Win64\UE4Editor\Development\UE4Editor-DissertationLevel-9612.lib and object D:\Unreal Engine Projects\DissertationLevel\DissertationLevel\Intermediate\Build\Win64\UE4Editor\Development\UE4Editor-DissertationLevel-9612.exp
[2017.03.10-01.37.52:718][132]CompilerResultsLog: Info Total build time: 77.58 seconds
[2017.03.10-01.37.52:718][132]LogMainFrame: MainFrame: Module compiling took 77.815 seconds
[2017.03.10-01.37.52:770][132]LogClass: EPlayState HotReload.
[2017.03.10-01.37.52:797][132]LogContentBrowser: Native class hierarchy updated for 'DissertationLevel' in 0.0224 seconds. Added 14 classes and 5 folders.
[2017.03.10-01.37.52:799][132]Warning: HotReload successful (4 functions remapped  0 scriptstructs remapped)
[2017.03.10-01.37.52:895][132]LogContentBrowser: Native class hierarchy populated in 0.0314 seconds. Added 2070 classes and 380 folders.
[2017.03.10-01.37.52:895][132]Warning: HotReload took 78.0s.
[2017.03.10-01.38.03:213][534]LogBlueprintUserMessages: Early PlayInEditor Detection: Level '/Game/ThirdPersonCPP/Maps/ThirdPersonExampleMap.ThirdPersonExampleMap:PersistentLevel' has LevelScriptBlueprint '/Game/ThirdPersonCPP/Maps/ThirdPersonExampleMap.ThirdPersonExampleMap:PersistentLevel.ThirdPersonExampleMap' with GeneratedClass '/Game/ThirdPersonCPP/Maps/ThirdPersonExampleMap.ThirdPersonExampleMap_C' with ClassGeneratedBy '/Game/ThirdPersonCPP/Maps/ThirdPersonExampleMap.ThirdPersonExampleMap:PersistentLevel.ThirdPersonExampleMap'
[2017.03.10-01.38.03:214][534]LogPlayLevel: PlayLevel: No blueprints needed recompiling
[2017.03.10-01.38.03:214][534]PIE: New page: PIE session: ThirdPersonExampleMap (10 Mar 2017 01:38:03)
[2017.03.10-01.38.03:214][534]LogPlayLevel: Creating play world package: /Game/ThirdPersonCPP/Maps/UEDPIE_0_ThirdPersonExampleMap
[2017.03.10-01.38.03:246][534]LogPlayLevel: PIE: StaticDuplicateObject took: (0.032109s)
[2017.03.10-01.38.03:248][534]LogAIModule: Creating AISystem for world ThirdPersonExampleMap
[2017.03.10-01.38.03:248][534]LogPlayLevel: PIE: World Init took: (0.001292s)
[2017.03.10-01.38.03:248][534]LogPlayLevel: PIE: Created PIE world by copying editor world from /Game/ThirdPersonCPP/Maps/ThirdPersonExampleMap.ThirdPersonExampleMap to /Game/ThirdPersonCPP/Maps/UEDPIE_0_ThirdPersonExampleMap.ThirdPersonExampleMap (0.034145s)
[2017.03.10-01.38.03:272][534]LogInit: XAudio2 using 'Speakers (Realtek High Definition Audio)' : 2 channels at 48 kHz using 32 bits per sample (channel mask 0x3)
[2017.03.10-01.38.03:278][534]LogInit: FAudioDevice initialized.
[2017.03.10-01.38.03:343][534]LogWorld: Game class is 'DissertationLevelGameMode'
[2017.03.10-01.38.03:409][534]LogWorld: Bringing World /Game/ThirdPersonCPP/Maps/UEDPIE_0_ThirdPersonExampleMap.ThirdPersonExampleMap up for play (max tick rate 0) at 2017.03.10-01.38.03
[2017.03.10-01.38.03:415][534]LogWorld: Bringing up level for play took: 0.070500
[2017.03.10-01.38.03:449][534]LogContentBrowser: Native class hierarchy updated for 'MovieSceneCapture' in 0.0190 seconds. Added 11 classes and 0 folders.
[2017.03.10-01.38.03:449][534]LogActor:Warning: WorldObject /Game/ThirdPersonCPP/Maps/UEDPIE_0_ThirdPersonExampleMap.ThirdPersonExampleMap:PersistentLevel.WorldObject_0 has natively added scene component(s), but none of them were set as the actor's RootComponent - picking one arbitrarily
[2017.03.10-01.38.03:460][534]LogActor:Warning: WorldObject /Game/ThirdPersonCPP/Maps/UEDPIE_0_ThirdPersonExampleMap.ThirdPersonExampleMap:PersistentLevel.WorldObject_1 has natively added scene component(s), but none of them were set as the actor's RootComponent - picking one arbitrarily
[2017.03.10-01.38.03:461][534]LogActor:Warning: WorldObject /Game/ThirdPersonCPP/Maps/UEDPIE_0_ThirdPersonExampleMap.ThirdPersonExampleMap:PersistentLevel.WorldObject_2 has natively added scene component(s), but none of them were set as the actor's RootComponent - picking one arbitrarily
[2017.03.10-01.38.03:462][534]LogActor:Warning: WorldObject /Game/ThirdPersonCPP/Maps/UEDPIE_0_ThirdPersonExampleMap.ThirdPersonExampleMap:PersistentLevel.WorldObject_3 has natively added scene component(s), but none of them were set as the actor's RootComponent - picking one arbitrarily
[2017.03.10-01.38.03:463][534]LogActor:Warning: WorldObject /Game/ThirdPersonCPP/Maps/UEDPIE_0_ThirdPersonExampleMap.ThirdPersonExampleMap:PersistentLevel.WorldObject_4 has natively added scene component(s), but none of them were set as the actor's RootComponent - picking one arbitrarily
[2017.03.10-01.38.03:464][534]LogActor:Warning: WorldObject /Game/ThirdPersonCPP/Maps/UEDPIE_0_ThirdPersonExampleMap.ThirdPersonExampleMap:PersistentLevel.WorldObject_5 has natively added scene component(s), but none of them were set as the actor's RootComponent - picking one arbitrarily
[2017.03.10-01.38.03:465][534]LogActor:Warning: WorldObject /Game/ThirdPersonCPP/Maps/UEDPIE_0_ThirdPersonExampleMap.ThirdPersonExampleMap:PersistentLevel.WorldObject_6 has natively added scene component(s), but none of them were set as the actor's RootComponent - picking one arbitrarily
[2017.03.10-01.38.03:466][534]LogActor:Warning: WorldObject /Game/ThirdPersonCPP/Maps/UEDPIE_0_ThirdPersonExampleMap.ThirdPersonExampleMap:PersistentLevel.WorldObject_7 has natively added scene component(s), but none of them were set as the actor's RootComponent - picking one arbitrarily
[2017.03.10-01.38.03:466][534]LogActor:Warning: WorldObject /Game/ThirdPersonCPP/Maps/UEDPIE_0_ThirdPersonExampleMap.ThirdPersonExampleMap:PersistentLevel.WorldObject_8 has natively added scene component(s), but none of them were set as the actor's RootComponent - picking one arbitrarily
[2017.03.10-01.38.03:467][534]LogActor:Warning: WorldObject /Game/ThirdPersonCPP/Maps/UEDPIE_0_ThirdPersonExampleMap.ThirdPersonExampleMap:PersistentLevel.WorldObject_9 has natively added scene component(s), but none of them were set as the actor's RootComponent - picking one arbitrarily
[2017.03.10-01.38.03:468][534]LogActor:Warning: WorldObject /Game/ThirdPersonCPP/Maps/UEDPIE_0_ThirdPersonExampleMap.ThirdPersonExampleMap:PersistentLevel.WorldObject_10 has natively added scene component(s), but none of them were set as the actor's RootComponent - picking one arbitrarily
[2017.03.10-01.38.03:469][534]LogActor:Warning: WorldObject /Game/ThirdPersonCPP/Maps/UEDPIE_0_ThirdPersonExampleMap.ThirdPersonExampleMap:PersistentLevel.WorldObject_11 has natively added scene component(s), but none of them were set as the actor's RootComponent - picking one arbitrarily
[2017.03.10-01.38.03:469][534]LogActor:Warning: WorldObject /Game/ThirdPersonCPP/Maps/UEDPIE_0_ThirdPersonExampleMap.ThirdPersonExampleMap:PersistentLevel.WorldObject_12 has natively added scene component(s), but none of them were set as the actor's RootComponent - picking one arbitrarily
[2017.03.10-01.38.03:470][534]LogActor:Warning: WorldObject /Game/ThirdPersonCPP/Maps/UEDPIE_0_ThirdPersonExampleMap.ThirdPersonExampleMap:PersistentLevel.WorldObject_13 has natively added scene component(s), but none of them were set as the actor's RootComponent - picking one arbitrarily
[2017.03.10-01.38.03:472][534]LogActor:Warning: World