Log file open, 03/07/17 13:49:50
LogInit:Display: Running engine for game: DissertationLevel
LogPlatformFile: Not using cached read wrapper
LogInit:Display: RandInit(1087879516) SRandInit(1087879518).
LogTaskGraph: Started task graph with 4 named threads and 7 total threads with 1 sets of task threads.
LogStats: Stats thread started at 0.074545
LogInit: Version: 4.12.5-3039270+++UE4+Release-4.12
LogInit: API Version: 2992821
LogInit: Net Version: 3039270
LogDevObjectVersion: Number of dev versions registered: 13
LogDevObjectVersion:   Dev-Blueprints (B0D832E4-1F89-4F0D-ACCF-7EB736FD4AA2): 3
LogDevObjectVersion:   Dev-Build (E1C64328-A22C-4D53-A36C-8E866417BD8C): 0
LogDevObjectVersion:   Dev-Core (375EC13C-06E4-48FB-B500-84F0262A717E): 1
LogDevObjectVersion:   Dev-Editor (E4B068ED-F494-42E9-A231-DA0B2E46BB41): 2
LogDevObjectVersion:   Dev-Framework (CFFC743F-43B0-4480-9391-14DF171D2073): 6
LogDevObjectVersion:   Dev-Mobile (B02B49B5-BB20-44E9-A304-32B752E40360): 0
LogDevObjectVersion:   Dev-Networking (A4E4105C-59A1-49B5-A7C5-40C4547EDFEE): 0
LogDevObjectVersion:   Dev-Online (39C831C9-5AE6-47DC-9A44-9C173E1C8E7C): 0
LogDevObjectVersion:   Dev-Physics (78F01B33-EBEA-4F98-B9B4-84EACCB95AA2): 0
LogDevObjectVersion:   Dev-Platform (6631380F-2D4D-43E0-8009-CF276956A95A): 0
LogDevObjectVersion:   Dev-Rendering (12F88B9F-8875-4AFC-A67C-D90C383ABD29): 2
LogDevObjectVersion:   Dev-Sequencer (7B5AE74C-D270-4C10-A958-57980B212A5A): 0
LogDevObjectVersion:   Dev-VR (D7296918-1DD6-4BDD-9DE2-64A83CC13884): 0
LogInit: Compiled (64-bit): Jul  6 2016 09:09:46
LogInit: Compiled with Visual C++: 19.00.23026.00
LogInit: Build Configuration: Development
LogInit: Branch Name: ++UE4+Release-4.12
LogInit: Command line: 
LogInit: Base directory: C:/Program Files/Epic Games/4.12/Engine/Binaries/Win64/
LogInit: Installed Engine Build: 1
LogInit: Using libcurl 7.41.0
LogInit:  - built for x86_64-pc-win32
LogInit:  - supports SSL with WinSSL
LogInit:  - other features:
LogInit:      CURL_VERSION_SSL
LogInit:      CURL_VERSION_IPV6
LogInit:      CURL_VERSION_ASYNCHDNS
LogInit:      CURL_VERSION_LARGEFILE
LogInit:      CURL_VERSION_IDN
LogInit:  CurlRequestOptions (configurable via config and command line):
LogInit:  - bVerifyPeer = true  - Libcurl will verify peer certificate
LogInit:  - bUseHttpProxy = false  - Libcurl will NOT use HTTP proxy
LogInit:  - bDontReuseConnections = false  - Libcurl will reuse connections
LogInit:  - CertBundlePath = nullptr  - Libcurl will use whatever was configured at build time.
LogInit: Presizing for max 8388607 objects, including 0 objects not considered by GC, pre-allocating 0 bytes for permanent pool.
LogInit: Object subsystem initialized
[2017.03.07-13.49.50:554][  0]LogInit: Selected Device Profile: [Windows]
[2017.03.07-13.49.50:554][  0]LogInit: Applying CVar settings loaded from the selected device profile: [Windows]
[2017.03.07-13.49.50:635][  0]LogInit: Computer: RIGG048
[2017.03.07-13.49.50:635][  0]LogInit: User: b3030113
[2017.03.07-13.49.50:635][  0]LogInit: CPU Page size=65536, Cores=4
[2017.03.07-13.49.50:635][  0]LogInit: High frequency timer resolution =2.734398 MHz
[2017.03.07-13.49.50:636][  0]LogMemory: Memory total: Physical=8.0GB (8GB approx)
[2017.03.07-13.49.50:636][  0]LogMemory: Platform Memory Stats for Windows
[2017.03.07-13.49.50:636][  0]LogMemory: Process Physical Memory: 188.32 MB used, 188.32 MB peak
[2017.03.07-13.49.50:636][  0]LogMemory: Process Virtual Memory: 195.05 MB used, 195.05 MB peak
[2017.03.07-13.49.50:636][  0]LogMemory: Physical Memory: 3426.61 MB used, 8145.50 MB total
[2017.03.07-13.49.50:636][  0]LogMemory: Virtual Memory: 536.59 MB used, 134217728.00 MB total
[2017.03.07-13.49.50:690][  0]LogTextLocalizationManager: No specific translations for ('en-GB') exist, so ('en') translations will be used.
[2017.03.07-13.49.51:142][  0]LogD3D11RHI: D3D11 adapters:
[2017.03.07-13.49.51:195][  0]LogD3D11RHI:    0. 'NVIDIA Quadro 600 ' (Feature Level 11_0)
[2017.03.07-13.49.51:195][  0]LogD3D11RHI:       963/0/4072 MB DedicatedVideo/DedicatedSystem/SharedSystem, Outputs:1, VendorId:0x10de
[2017.03.07-13.49.51:235][  0]LogD3D11RHI:    1. 'Microsoft Basic Render Driver' (Feature Level 11_0)
[2017.03.07-13.49.51:235][  0]LogD3D11RHI:       0/0/256 MB DedicatedVideo/DedicatedSystem/SharedSystem, Outputs:0, VendorId:0x1414
[2017.03.07-13.49.51:235][  0]LogD3D11RHI: Chosen D3D11 Adapter: 0
[2017.03.07-13.49.51:270][  0]LogD3D11RHI: Creating new Direct3DDevice
[2017.03.07-13.49.51:270][  0]LogD3D11RHI:     GPU DeviceId: 0xdf8 (for the marketing name, search the web for "GPU Device Id")
[2017.03.07-13.49.51:270][  0]LogWindows: EnumDisplayDevices:
[2017.03.07-13.49.51:270][  0]LogWindows:    0. 'NVIDIA Quadro 600 ' (P:1 D:1)
[2017.03.07-13.49.51:271][  0]LogWindows:    1. 'NVIDIA Quadro 600 ' (P:0 D:0)
[2017.03.07-13.49.51:271][  0]LogWindows: DebugString: FoundDriverCount:2 
[2017.03.07-13.49.51:271][  0]LogD3D11RHI:     Adapter Name: NVIDIA Quadro 600 
[2017.03.07-13.49.51:271][  0]LogD3D11RHI:   Driver Version: 362.84 (internal:10.18.13.6284, unified:362.84)
[2017.03.07-13.49.51:271][  0]LogD3D11RHI:      Driver Date: 6-26-2016
[2017.03.07-13.49.51:271][  0]LogRHI: Texture pool is 674 MB (70% of 963 MB)
[2017.03.07-13.49.51:309][  0]LogD3D11RHI: Async texture creation enabled
[2017.03.07-13.49.51:328][  0]LogD3D11RHI: GPU Timing Frequency: 1000.000000 (Debug: 2 2)
[2017.03.07-13.49.51:328][  0]LogShaderCompilers: Guid format shader working directory is -11 characters bigger than the processId version (E:/Unreal Engine Projects/DissertationLevel/DissertationLevel/Intermediate/Shaders/WorkingDirectory/652/).
[2017.03.07-13.49.51:328][  0]LogShaderCompilers: Cleaned the shader compiler working directory 'C:/Users/b3030113/AppData/Local/Temp/UnrealShaderWorkingDir/1938C7A147EFE24F546DF7A33E33CD05/'.
[2017.03.07-13.49.51:328][  0]LogShaderCompilers:Display: Using Local Shader Compiler.
[2017.03.07-13.49.52:291][  0]LogTemp:Display: Loaded TP AllDesktopTargetPlatform
[2017.03.07-13.49.52:306][  0]LogTemp:Display: Loaded TP WindowsClientTargetPlatform
[2017.03.07-13.49.52:320][  0]LogTemp:Display: Loaded TP WindowsNoEditorTargetPlatform
[2017.03.07-13.49.52:334][  0]LogTemp:Display: Loaded TP WindowsServerTargetPlatform
[2017.03.07-13.49.52:346][  0]LogTemp:Display: Loaded TP WindowsTargetPlatform
[2017.03.07-13.49.52:358][  0]LogTemp:Display: Loaded TP AndroidTargetPlatform
[2017.03.07-13.49.52:370][  0]LogTemp:Display: Loaded TP Android_ASTCTargetPlatform
[2017.03.07-13.49.52:381][  0]LogTemp:Display: Loaded TP Android_ATCTargetPlatform
[2017.03.07-13.49.52:394][  0]LogTemp:Display: Loaded TP Android_DXTTargetPlatform
[2017.03.07-13.49.52:405][  0]LogTemp:Display: Loaded TP Android_ETC1TargetPlatform
[2017.03.07-13.49.52:417][  0]LogTemp:Display: Loaded TP Android_ETC2TargetPlatform
[2017.03.07-13.49.52:441][  0]LogTemp:Display: Loaded TP Android_MultiTargetPlatform
[2017.03.07-13.49.52:441][  0]LogTemp:Display: Loaded TP Android_PVRTCTargetPlatform
[2017.03.07-13.49.52:441][  0]LogTemp:Display: Loaded TP HTML5TargetPlatform
[2017.03.07-13.49.52:467][  0]LogTemp:Display: Loaded TP IOSTargetPlatform
[2017.03.07-13.49.52:480][  0]LogTemp:Display: Loaded TP TVOSTargetPlatform
[2017.03.07-13.49.52:492][  0]LogTemp:Display: Loaded TP LinuxNoEditorTargetPlatform
[2017.03.07-13.49.52:504][  0]LogTemp:Display: Loaded TP LinuxServerTargetPlatform
[2017.03.07-13.49.52:518][  0]LogTemp:Display: Loaded TP LinuxTargetPlatform
[2017.03.07-13.49.52:518][  0]LogTargetPlatformManager:Display: Building Assets For Windows
[2017.03.07-13.49.52:759][  0]LogDerivedDataCache:Display: Max Cache Size: 512 MB
[2017.03.07-13.49.52:835][  0]LogDerivedDataCache: Loaded boot cache 0.08s 62MB C:/Users/b3030113/AppData/Local/UnrealEngine/4.12/DerivedDataCache/Boot.ddc.
[2017.03.07-13.49.52:835][  0]LogDerivedDataCache:Display: Loaded Boot cache: C:/Users/b3030113/AppData/Local/UnrealEngine/4.12/DerivedDataCache/Boot.ddc
[2017.03.07-13.49.52:835][  0]LogDerivedDataCache: FDerivedDataBackendGraph:  Pak pak cache file E:/Unreal Engine Projects/DissertationLevel/DissertationLevel/DerivedDataCache/DDC.ddp not found, will not use a pak cache.
[2017.03.07-13.49.52:835][  0]LogDerivedDataCache: Unable to find inner node Pak for hierarchical cache Hierarchy.
[2017.03.07-13.49.52:836][  0]LogDerivedDataCache: FDerivedDataBackendGraph:  CompressedPak pak cache file E:/Unreal Engine Projects/DissertationLevel/DissertationLevel/DerivedDataCache/Compressed.ddp not found, will not use a pak cache.
[2017.03.07-13.49.52:836][  0]LogDerivedDataCache: Unable to find inner node CompressedPak for hierarchical cache Hierarchy.
[2017.03.07-13.49.52:854][  0]LogDerivedDataCache:Display: Pak cache opened for reading ../../../Engine/DerivedDataCache/Compressed.ddp.
[2017.03.07-13.49.52:866][  0]LogDerivedDataCache: Using Local data cache path C:/Users/b3030113/AppData/Local/UnrealEngine/Common/DerivedDataCache: Writable
[2017.03.07-13.49.53:731][  0]LogInit: Selected Device Profile: [Windows]
[2017.03.07-13.49.53:731][  0]LogContentStreaming: Texture pool size is 0.00 MB
[2017.03.07-13.49.54:010][  0]LogMeshUtilities: No automatic mesh reduction module available
[2017.03.07-13.49.54:010][  0]LogMeshUtilities: No automatic mesh merging module available
[2017.03.07-13.49.54:010][  0]LogMeshUtilities: No distributed automatic mesh merging module available
[2017.03.07-13.49.54:284][  0]LogAssetRegistry: FAssetRegistry took 0.0220 seconds to start up
[2017.03.07-13.49.55:423][  0]LogPackageLocalizationCache: Processed 3 localized package path(s) for 2 prioritized culture(s) in 1.133781 seconds
[2017.03.07-13.49.55:431][  0]LogUObjectArray: 28739 objects as part of root set at end of initial load.
[2017.03.07-13.49.55:431][  0]LogUObjectAllocator: 5855632 out of 0 bytes used by permanent object pool.
[2017.03.07-13.49.55:431][  0]LogUObjectArray: CloseDisregardForGC: 0/0 objects in disregard for GC pool
[2017.03.07-13.49.55:441][  0]LogInit: WinSock: version 1.1 (2.2), MaxSocks=32767, MaxUdp=65467
[2017.03.07-13.49.55:896][  0]LogSlate: SlateFontCache - WITH_FREETYPE: 1, WITH_HARFBUZZ: 1
[2017.03.07-13.49.55:896][  0]LogSlate: SlateFontCache - WITH_FREETYPE: 1, WITH_HARFBUZZ: 1
[2017.03.07-13.49.58:321][  0]LogUdpMessaging: Initializing bridge on interface 0.0.0.0:0 to multicast group 230.0.0.1:6666.
[2017.03.07-13.50.01:229][  0]LogTexture:Display: Building textures: T_ML_Aluminum01 (AutoDXT)
[2017.03.07-13.50.01:368][  0]LogTexture:Display: Building textures: UE4Man_Logo_N (BC5)
[2017.03.07-13.50.01:418][  0]LogTexture:Display: Building textures: T_ML_Rubber_Blue_01_D (AutoDXT)
[2017.03.07-13.50.01:582][  0]LogTexture:Display: Building textures: T_ML_Rubber_Blue_01_N (BC5)
[2017.03.07-13.50.01:623][  0]LogTexture:Display: Building textures: T_ML_Aluminum01_N (BC5)
[2017.03.07-13.50.01:661][  0]LogTexture:Display: Building textures: UE4_Mannequin_MAT_MASKA (AutoDXT)
[2017.03.07-13.50.02:063][  0]LogTexture:Display: Building textures: UE4_Mannequin__normals (BC5)
[2017.03.07-13.50.02:466][  0]LogTexture:Display: Building textures: UE4_LOGO_CARD (AutoDXT)
[2017.03.07-13.50.02:935][  0]SourceControl: Info Source control is disabled
[2017.03.07-13.50.02:977][  0]SourceControl: Info Source control is disabled
[2017.03.07-13.50.02:987][  0]SourceControl: Info Source control is disabled
[2017.03.07-13.50.02:993][  0]SourceControl: Info Source control is disabled
[2017.03.07-13.50.03:156][  0]LogEngine: Initializing Engine...
[2017.03.07-13.50.03:157][  0]LogHMD: SteamVR failed to initialize.  Err: 110
[2017.03.07-13.50.03:157][  0]LogHMD: SteamVR failed to initialize.  Err: 110
[2017.03.07-13.50.03:283][  0]LogAIModule: Creating AISystem for world NewWorld
[2017.03.07-13.50.03:286][  0]LogInit: XAudio2 using 'Speakers (Realtek High Definition Audio)' : 2 channels at 48 kHz using 32 bits per sample (channel mask 0x3)
[2017.03.07-13.50.03:303][  0]LogInit: FAudioDevice initialized.
[2017.03.07-13.50.03:336][  0]LogDerivedDataCache: Saved boot cache 0.03s 71MB C:/Users/b3030113/AppData/Local/UnrealEngine/4.12/DerivedDataCache/Boot.ddc.
[2017.03.07-13.50.03:349][  0]LogInit: Texture streaming: Enabled
[2017.03.07-13.50.03:410][  0]LogInit: Transaction tracking system initialized
[2017.03.07-13.50.03:443][  0]BlueprintLog: New page: Editor Load
[2017.03.07-13.50.03:591][  0]LocalizationService: Info Localization service is disabled
[2017.03.07-13.50.03:641][  0]LogConsoleResponse:Display: 
[2017.03.07-13.50.03:779][  0]LogCook:Display: Max memory allowance for cook 8192mb
[2017.03.07-13.50.03:779][  0]LogCook:Display: Mobile HDR setting 1
[2017.03.07-13.50.03:868][  0]LogFileCache: Scanning file cache for directory 'E:/Unreal Engine Projects/DissertationLevel/DissertationLevel/Content/' took 0.03s
[2017.03.07-13.50.03:868][  0]SourceControl: Info Source control is disabled
[2017.03.07-13.50.03:868][  0]Cmd: MAP LOAD FILE="E:/Unreal Engine Projects/DissertationLevel/DissertationLevel/Content/ThirdPersonCPP/Maps/ThirdPersonExampleMap.umap" TEMPLATE=0 SHOWPROGRESS=1 FEATURELEVEL=3
[2017.03.07-13.50.03:883][  0]LightingResults: New page: Lighting Build
[2017.03.07-13.50.03:885][  0]MapCheck: New page: Map Check
[2017.03.07-13.50.03:885][  0]LightingResults: New page: Lighting Build
[2017.03.07-13.50.04:807][  0]LogTexture:Display: Building textures: HQ_Lightmap0_1 (AutoDXT)
[2017.03.07-13.50.05:135][  0]LogTexture:Display: Building textures: HQ_Lightmap0_2 (AutoDXT)
[2017.03.07-13.50.05:216][  0]LogTexture:Display: Building textures: HQ_Lightmap0_3 (AutoDXT)
[2017.03.07-13.50.05:243][  0]LogTexture:Display: Building textures: LQ_Lightmap_0_1 (DXT1)
[2017.03.07-13.50.05:356][  0]LogTexture:Display: Building textures: LQ_Lightmap_0_2 (DXT1)
[2017.03.07-13.50.05:391][  0]LogTexture:Display: Building textures: LQ_Lightmap_0_3 (DXT1)
[2017.03.07-13.50.05:412][  0]LogTexture:Display: Building textures: SkyOcclusion0_1 (AutoDXT)
[2017.03.07-13.50.05:553][  0]LogTexture:Display: Building textures: SkyOcclusion0_2 (AutoDXT)
[2017.03.07-13.50.05:584][  0]LogTexture:Display: Building textures: SkyOcclusion0_3 (AutoDXT)
[2017.03.07-13.50.05:599][  0]LogTexture:Display: Building textures: ShadowMapTexture2D_0 (G8)
[2017.03.07-13.50.05:678][  0]LogTexture:Display: Building textures: ShadowMapTexture2D_1 (G8)
[2017.03.07-13.50.05:792][  0]LogAIModule: Creating AISystem for world ThirdPersonExampleMap
[2017.03.07-13.50.06:000][  0]LogEditorServer: Finished looking for orphan Actors (0.000 secs)
[2017.03.07-13.50.06:029][  0]Cmd: MAP CHECKDEP NOCLEARLOG
[2017.03.07-13.50.06:137][  0]MapCheck: Info Map check complete: 0 Error(s), 0 Warning(s), took 107.521ms to complete.
[2017.03.07-13.50.06:137][  0]LogFileHelpers: Loading map 'ThirdPersonExampleMap' took 2.269
[2017.03.07-13.50.06:783][  0]LogCollectionManager: Loaded 0 collections in 0.005086 seconds
[2017.03.07-13.50.07:002][  0]LogFileCache: Scanning file cache for directory 'E:/Unreal Engine Projects/DissertationLevel/DissertationLevel/Saved/Collections/' took 0.01s
[2017.03.07-13.50.07:002][  0]LogFileCache: Scanning file cache for directory 'E:/Unreal Engine Projects/DissertationLevel/DissertationLevel/Content/Developers/b3030113/Collections/' took 0.01s
[2017.03.07-13.50.07:002][  0]LogFileCache: Scanning file cache for directory 'E:/Unreal Engine Projects/DissertationLevel/DissertationLevel/Content/Collections/' took 0.01s
[2017.03.07-13.50.07:002][  0]LogCollectionManager: Rebuilt the GUID cache for 0 collections in 0.000005 seconds
[2017.03.07-13.50.07:042][  0]LogContentBrowser: Native class hierarchy populated in 0.0368 seconds. Added 2068 classes and 376 folders.
[2017.03.07-13.50.07:098][  0]LogStats: UGameplayTagsManager::ConstructGameplayTagTree: Construct from data asset -  0.000 s
[2017.03.07-13.50.07:105][  0]LogStats: UGameplayTagsManager::ConstructGameplayTagTree: GameplayTagTreeChangedEvent.Broadcast -  0.008 s
[2017.03.07-13.50.07:127][  0]LogContentBrowser: Native class hierarchy updated for 'GameplayTags' in 0.0212 seconds. Added 12 classes and 0 folders.
[2017.03.07-13.50.07:194][  0]LogContentBrowser: Native class hierarchy updated for 'WidgetCarousel' in 0.0208 seconds. Added 0 classes and 0 folders.
[2017.03.07-13.50.08:897][  0]LogContentBrowser: Native class hierarchy updated for 'AddContentDialog' in 0.0217 seconds. Added 0 classes and 0 folders.
[2017.03.07-13.50.08:990][  0]LogContentBrowser: Native class hierarchy updated for 'SceneOutliner' in 0.0195 seconds. Added 1 classes and 2 folders.
[2017.03.07-13.50.09:389][  0]LogCrashTracker: Crashtracker disabled due to settings.
[2017.03.07-13.50.09:521][  0]LogTexture:Display: Building textures: Blueprint_64x (BGRA8)
[2017.03.07-13.50.09:523][  0]LogTexture:Display: Building textures: icon_Editor_Preferences_General_40x (BGRA8)
[2017.03.07-13.50.09:526][  0]LogTexture:Display: Building textures: Paper2DSprite_TutorialIcon (BGRA8)
[2017.03.07-13.50.09:528][  0]LogTexture:Display: Building textures: icon_ShowSkeletalMeshes_40x (BGRA8)
[2017.03.07-13.50.09:531][  0]LogTexture:Display: Building textures: Landscape (BGRA8)
[2017.03.07-13.50.09:534][  0]LogTexture:Display: Building textures: Foliage (BGRA8)
[2017.03.07-13.50.09:637][  0]LogContentBrowser: Native class hierarchy updated for 'HierarchicalLODOutliner' in 0.0190 seconds. Added 1 classes and 2 folders.
[2017.03.07-13.50.09:637][  0]LogLoad: Full Startup: 21.92 seconds (BP compile: 0.17 seconds)
[2017.03.07-13.50.09:637][  0]LogExternalProfiler: Found external profiler: VSPerf
[2017.03.07-13.50.09:637][  0]LogExternalProfiler: Using external profiler: VSPerf
[2017.03.07-13.50.09:646][  0]LogOcInput: OculusInput pre-init called
[2017.03.07-13.50.09:807][  0]LogContentStreaming: Texture pool size now 1000 MB
[2017.03.07-13.50.09:867][  0]LogTexture:Display: Building textures: icon_tab_Levels_40x (BGRA8)
[2017.03.07-13.50.10:136][  0]LogTexture:Display: Building textures: LevelGrid1DStripes (BGRA8)
[2017.03.07-13.50.10:324][  0]LogRenderer: Reallocating scene render targets to support 1208x576 (Frame:2).
[2017.03.07-13.50.10:682][  1]LogActor:Warning: WinningLocation_BP_C /Engine/Transient.World_1:PersistentLevel.WinningLocation_BP_C_0 has natively added scene component(s), but none of them were set as the actor's RootComponent - picking one arbitrarily
[2017.03.07-13.50.11:088][  3]LogAssetRegistry: Asset discovery search completed in 16.8264 seconds
[2017.03.07-13.50.11:088][  3]LogCollectionManager: Rebuilt the object cache for 0 collections in 0.000001 seconds (found 0 objects)
[2017.03.07-13.50.11:088][  3]LogCollectionManager: Fixed up redirectors for 0 collections in 0.000027 seconds (updated 0 objects)
[2017.03.07-13.50.12:740][ 74]LogActor:Warning: WinningLocation_BP_C /Engine/Transient.World_1:PersistentLevel.WinningLocation_BP_C_1 has natively added scene component(s), but none of them were set as the actor's RootComponent - picking one arbitrarily
[2017.03.07-13.50.12:760][ 75]LogActor:Warning: WinningLocation_BP_C /Engine/Transient.World_1:PersistentLevel.WinningLocation_BP_C_2 has natively added scene component(s), but none of them were set as the actor's RootComponent - picking one arbitrarily
[2017.03.07-13.50.13:020][ 76]LogActor:Warning: WinningLocation_BP_C /Engine/Transient.World_1:PersistentLevel.WinningLocation_BP_C_3 has natively added scene component(s), but none of them were set as the actor's RootComponent - picking one arbitrarily
[2017.03.07-13.50.13:044][ 77]LogActor:Warning: WinningLocation_BP_C /Engine/Transient.World_1:PersistentLevel.WinningLocation_BP_C_4 has natively added scene component(s), but none of them were set as the actor's RootComponent - picking one arbitrarily
[2017.03.07-13.50.13:059][ 78]LogActor:Warning: WinningLocation_BP_C /Engine/Transient.World_1:PersistentLevel.WinningLocation_BP_C_5 has natively added scene component(s), but none of them were set as the actor's RootComponent - picking one arbitrarily
[2017.03.07-13.50.13:228][ 79]LogActor:Warning: WinningLocation_BP_C /Engine/Transient.World_1:PersistentLevel.WinningLocation_BP_C_6 has natively added scene component(s), but none of them were set as the actor's RootComponent - picking one arbitrarily
[2017.03.07-13.50.13:349][ 80]LogActor:Warning: WinningLocation_BP_C /Engine/Transient.World_1:PersistentLevel.WinningLocation_BP_C_7 has natively added scene component(s), but none of them were set as the actor's RootComponent - picking one arbitrarily
[2017.03.07-13.50.13:472][ 81]LogActor:Warning: WinningLocation_BP_C /Engine/Transient.World_1:PersistentLevel.WinningLocation_BP_C_8 has natively added scene component(s), but none of them were set as the actor's RootComponent - picking one arbitrarily
[2017.03.07-13.50.13:713][ 83]LogActor:Warning: WinningLocation_BP_C /Engine/Transient.World_1:PersistentLevel.WinningLocation_BP_C_9 has natively added scene component(s), but none of them were set as the actor's RootComponent - picking one arbitrarily
[2017.03.07-13.50.13:741][ 84]LogActor:Warning: WinningLocation_BP_C /Engine/Transient.World_1:PersistentLevel.WinningLocation_BP_C_10 has natively added scene component(s), but none of them were set as the actor's RootComponent - picking one arbitrarily
[2017.03.07-13.50.20:084][359]LogActor:Warning: WinningLocation_BP_C /Engine/Transient.World_1:PersistentLevel.WinningLocation_BP_C_11 has natively added scene component(s), but none of them were set as the actor's RootComponent - picking one arbitrarily
[2017.03.07-13.50.20:134][360]LogActor:Warning: WinningLocation_BP_C /Engine/Transient.World_1:PersistentLevel.WinningLocation_BP_C_12 has natively added scene component(s), but none of them were set as the actor's RootComponent - picking one arbitrarily
[2017.03.07-13.50.20:382][362]LogActor:Warning: WinningLocation_BP_C /Engine/Transient.World_1:PersistentLevel.WinningLocation_BP_C_13 has natively added scene component(s), but none of them were set as the actor's RootComponent - picking one arbitrarily
[2017.03.07-13.50.20:420][363]LogActor:Warning: WinningLocation_BP_C /Engine/Transient.World_1:PersistentLevel.WinningLocation_BP_C_14 has natively added scene component(s), but none of them were set as the actor's RootComponent - picking one arbitrarily
[2017.03.07-13.50.20:544][364]LogActor:Warning: WinningLocation_BP_C /Engine/Transient.World_1:PersistentLevel.WinningLocation_BP_C_15 has natively added scene component(s), but none of them were set as the actor's RootComponent - picking one arbitrarily
[2017.03.07-13.50.20:665][365]LogActor:Warning: WinningLocation_BP_C /Engine/Transient.World_1:PersistentLevel.WinningLocation_BP_C_16 has natively added scene component(s), but none of them were set as the actor's RootComponent - picking one arbitrarily
[2017.03.07-13.50.20:799][366]LogActor:Warning: WinningLocation_BP_C /Engine/Transient.World_1:PersistentLevel.WinningLocation_BP_C_17 has natively added scene component(s), but none of them were set as the actor's RootComponent - picking one arbitrarily
[2017.03.07-13.50.20:911][367]LogActor:Warning: WinningLocation_BP_C /Engine/Transient.World_1:PersistentLevel.WinningLocation_BP_C_18 has natively added scene component(s), but none of them were set as the actor's RootComponent - picking one arbitrarily
[2017.03.07-13.50.21:037][368]LogActor:Warning: WinningLocation_BP_C /Engine/Transient.World_1:PersistentLevel.WinningLocation_BP_C_19 has natively added scene component(s), but none of them were set as the actor's RootComponent - picking one arbitrarily
[2017.03.07-13.50.21:171][369]LogActor:Warning: WinningLocation_BP_C /Engine/Transient.World_1:PersistentLevel.WinningLocation_BP_C_20 has natively added scene component(s), but none of them were set as the actor's RootComponent - picking one arbitrarily
[2017.03.07-13.50.21:283][370]LogActor:Warning: WinningLocation_BP_C /Engine/Transient.World_1:PersistentLevel.WinningLocation_BP_C_21 has natively added scene component(s), but none of them were set as the actor's RootComponent - picking one arbitrarily
[2017.03.07-13.50.21:404][371]LogActor:Warning: WinningLocation_BP_C /Engine/Transient.World_1:PersistentLevel.WinningLocation_BP_C_22 has natively added scene component(s), but none of them were set as the actor's RootComponent - picking one arbitrarily
[2017.03.07-13.50.21:526][372]LogActor:Warning: WinningLocation_BP_C /Engine/Transient.World_1:PersistentLevel.WinningLocation_BP_C_23 has natively added scene component(s), but none of them were set as the actor's RootComponent - picking one arbitrarily
[2017.03.07-13.50.21:768][374]LogActor:Warning: WinningLocation_BP_C /Engine/Transient.World_1:PersistentLevel.WinningLocation_BP_C_24 has natively added scene component(s), but none of them were set as the actor's RootComponent - picking one arbitrarily
[2017.03.07-13.50.21:793][375]LogActor:Warning: WinningLocation_BP_C /Engine/Transient.World_1:PersistentLevel.WinningLocation_BP_C_25 has natively added scene component(s), but none of them were set as the actor's RootComponent - picking one arbitrarily
[2017.03.07-13.50.26:591][636]LogVSAccessor:Warning: Couldn't access Visual Studio
[2017.03.07-13.50.26:604][636]Recompiling DissertationLevel...
[2017.03.07-13.50.26:605][636]Launching UnrealBuildTool... [C:/Program Files/Epic Games/4.12/Engine/Binaries/DotNET/UnrealBuildTool.exe DissertationLevel -ModuleWithSuffix DissertationLevel 4112 Win64 Development -editorrecompile -canskiplink "E:/Unreal Engine Projects/DissertationLevel/DissertationLevel/DissertationLevel.uproject"  -2015]
[2017.03.07-13.50.26:606][636]Warning: Starting HotReload took  0.0s.
[2017.03.07-13.50.30:489][888]Running C:/Program Files/Epic Games/4.12/Engine/Binaries/DotNET/UnrealBuildTool.exe  -projectfiles -project="E:/Unreal Engine Projects/DissertationLevel/DissertationLevel/DissertationLevel.uproject" -game -rocket -progress
[2017.03.07-13.50.30:691][888]UnrealBuildTool Exception: ERROR: A conflicting instance of UnrealBuildTool is already running at this location: C:\Program Files\Epic Games\4.12\Engine\Binaries\DotNET\UnrealBuildTool.exe. A process manager may be used to determine the conflicting process and what tool may have launched it.
[2017.03.07-13.50.56:909][617]LogActor:Warning: WinningLocation_BP_C /Engine/Transient.World_1:PersistentLevel.WinningLocation_BP_C_26 has natively added scene component(s), but none of them were set as the actor's RootComponent - picking one arbitrarily
[2017.03.07-13.50.56:952][618]LogActor:Warning: WinningLocation_BP_C /Engine/Transient.World_1:PersistentLevel.WinningLocation_BP_C_27 has natively added scene component(s), but none of them were set as the actor's RootComponent - picking one arbitrarily
[2017.03.07-13.50.57:069][619]LogActor:Warning: WinningLocation_BP_C /Engine/Transient.World_1:PersistentLevel.WinningLocation_BP_C_28 has natively added scene component(s), but none of them were set as the actor's RootComponent - picking one arbitrarily
[2017.03.07-13.50.57:191][620]LogActor:Warning: WinningLocation_BP_C /Engine/Transient.World_1:PersistentLevel.WinningLocation_BP_C_29 has natively added scene component(s), but none of them were set as the actor's RootComponent - picking one arbitrarily
[2017.03.07-13.50.57:310][621]LogActor:Warning: WinningLocation_BP_C /Engine/Transient.World_1:PersistentLevel.WinningLocation_BP_C_30 has natively added scene component(s), but none of them were set as the actor's RootComponent - picking one arbitrarily
[2017.03.07-13.50.57:430][622]LogActor:Warning: WinningLocation_BP_C /Engine/Transient.World_1:PersistentLevel.WinningLocation_BP_C_31 has natively added scene component(s), but none of them were set as the actor's RootComponent - picking one arbitrarily
[2017.03.07-13.50.57:550][623]LogActor:Warning: WinningLocation_BP_C /Engine/Transient.World_1:PersistentLevel.WinningLocation_BP_C_32 has natively added scene component(s), but none of them were set as the actor's RootComponent - picking one arbitrarily
[2017.03.07-13.50.57:671][624]LogActor:Warning: WinningLocation_BP_C /Engine/Transient.World_1:PersistentLevel.WinningLocation_BP_C_33 has natively added scene component(s), but none of them were set as the actor's RootComponent - picking one arbitrarily
[2017.03.07-13.50.57:791][625]LogActor:Warning: WinningLocation_BP_C /Engine/Transient.World_1:PersistentLevel.WinningLocation_BP_C_34 has natively added scene component(s), but none of them were set as the actor's RootComponent - picking one arbitrarily
[2017.03.07-13.50.57:911][626]LogActor:Warning: WinningLocation_BP_C /Engine/Transient.World_1:PersistentLevel.WinningLocation_BP_C_35 has natively added scene component(s), but none of them were set as the actor's RootComponent - picking one arbitrarily
[2017.03.07-13.50.58:034][627]LogActor:Warning: WinningLocation_BP_C /Engine/Transient.World_1:PersistentLevel.WinningLocation_BP_C_36 has natively added scene component(s), but none of them were set as the actor's RootComponent - picking one arbitrarily
[2017.03.07-13.50.58:155][628]LogActor:Warning: WinningLocation_BP_C /Engine/Transient.World_1:PersistentLevel.WinningLocation_BP_C_37 has natively added scene component(s), but none of them were set as the actor's RootComponent - picking one arbitrarily
[2017.03.07-13.50.58:274][629]LogActor:Warning: WinningLocation_BP_C /Engine/Transient.World_1:PersistentLevel.WinningLocation_BP_C_38 has natively added scene component(s), but none of them were set as the actor's RootComponent - picking one arbitrarily
[2017.03.07-13.50.58:393][630]LogActor:Warning: WinningLocation_BP_C /Engine/Transient.World_1:PersistentLevel.WinningLocation_BP_C_39 has natively added scene component(s), but none of them were set as the actor's RootComponent - picking one arbitrarily
[2017.03.07-13.50.58:512][631]LogActor:Warning: WinningLocation_BP_C /Engine/Transient.World_1:PersistentLevel.WinningLocation_BP_C_40 has natively added scene component(s), but none of them were set as the actor's RootComponent - picking one arbitrarily
[2017.03.07-13.50.58:632][632]LogActor:Warning: WinningLocation_BP_C /Engine/Transient.World_1:PersistentLevel.WinningLocation_BP_C_41 has natively added scene component(s), but none of them were set as the actor's RootComponent - picking one arbitrarily
[2017.03.07-13.50.58:750][633]LogActor:Warning: WinningLocation_BP_C /Engine/Transient.World_1:PersistentLevel.WinningLocation_BP_C_42 has natively added scene component(s), but none of them were set as the actor's RootComponent - picking one arbitrarily
[2017.03.07-13.50.58:870][634]LogActor:Warning: WinningLocation_BP_C /Engine/Transient.World_1:PersistentLevel.WinningLocation_BP_C_43 has natively added scene component(s), but none of them were set as the actor's RootComponent - picking one arbitrarily
[2017.03.07-13.50.58:990][635]LogActor:Warning: WinningLocation_BP_C /Engine/Transient.World_1:PersistentLevel.WinningLocation_BP_C_44 has natively added scene component(s), but none of them were set as the actor's RootComponent - picking one arbitrarily
[2017.03.07-13.50.59:110][636]LogActor:Warning: WinningLocation_BP_C /Engine/Transient.World_1:PersistentLevel.WinningLocation_BP_C_45 has natively added scene component(s), but none of them were set as the actor's RootComponent - picking one arbitrarily
[2017.03.07-13.50.59:229][637]LogActor:Warning: WinningLocation_BP_C /Engine/Transient.World_1:PersistentLevel.WinningLocation_BP_C_46 has natively added scene component(s), but none of them were set as the actor's RootComponent - picking one arbitrarily
[2017.03.07-13.50.59:348][638]LogActor:Warning: WinningLocation_BP_C /Engine/Transient.World_1:PersistentLevel.WinningLocation_BP_C_47 has natively added scene component(s), but none of them were set as the actor's RootComponent - picking one arbitrarily
[2017.03.07-13.50.59:469][639]LogActor:Warning: WinningLocation_BP_C /Engine/Transient.World_1:PersistentLevel.WinningLocation_BP_C_48 has natively added scene component(s), but none of them were set as the actor's RootComponent - picking one arbitrarily
[2017.03.07-13.50.59:588][640]LogActor:Warning: WinningLocation_BP_C /Engine/Transient.World_1:PersistentLevel.WinningLocation_BP_C_49 has natively added scene component(s), but none of them were set as the actor's RootComponent - picking one arbitrarily
[2017.03.07-13.50.59:707][641]LogActor:Warning: WinningLocation_BP_C /Engine/Transient.World_1:PersistentLevel.WinningLocation_BP_C_50 has natively added scene component(s), but none of them were set as the actor's RootComponent - picking one arbitrarily
[2017.03.07-13.50.59:828][642]LogActor:Warning: WinningLocation_BP_C /Engine/Transient.World_1:PersistentLevel.WinningLocation_BP_C_51 has natively added scene component(s), but none of them were set as the actor's RootComponent - picking one arbitrarily
[2017.03.07-13.50.59:951][643]LogActor:Warning: WinningLocation_BP_C /Engine/Transient.World_1:PersistentLevel.WinningLocation_BP_C_52 has natively added scene component(s), but none of them were set as the actor's RootComponent - picking one arbitrarily
[2017.03.07-13.51.00:070][644]LogActor:Warning: WinningLocation_BP_C /Engine/Transient.World_1:PersistentLevel.WinningLocation_BP_C_53 has natively added scene component(s), but none of them were set as the actor's RootComponent - picking one arbitrarily
[2017.03.07-13.51.00:312][646]LogActor:Warning: WinningLocation_BP_C /Engine/Transient.World_1:PersistentLevel.WinningLocation_BP_C_54 has natively added scene component(s), but none of them were set as the actor's RootComponent - picking one arbitrarily
[2017.03.07-13.51.00:361][647]LogActor:Warning: WinningLocation_BP_C /Engine/Transient.World_1:PersistentLevel.WinningLocation_BP_C_55 has natively added scene component(s), but none of them were set as the actor's RootComponent - picking one arbitrarily
[2017.03.07-13.51.00:482][648]LogActor:Warning: WinningLocation_BP_C /Engine/Transient.World_1:PersistentLevel.WinningLocation_BP_C_56 has natively added scene component(s), but none of them were set as the actor's RootComponent - picking one arbitrarily
[2017.03.07-13.51.00:602][649]LogActor:Warning: WinningLocation_BP_C /Engine/Transient.World_1:PersistentLevel.WinningLocation_BP_C_57 has natively added scene component(s), but none of them were set as the actor's RootComponent - picking one arbitrarily
[2017.03.07-13.51.00:723][650]LogActor:Warning: WinningLocation_BP_C /Engine/Transient.World_1:PersistentLevel.WinningLocation_BP_C_58 has natively added scene component(s), but none of them were set as the actor's RootComponent - picking one arbitrarily
[2017.03.07-13.51.00:846][651]LogActor:Warning: WinningLocation_BP_C /Engine/Transient.World_1:PersistentLevel.WinningLocation_BP_C_59 has natively added scene component(s), but none of them were set as the actor's RootComponent - picking one arbitrarily
[2017.03.07-13.51.00:965][652]LogActor:Warning: WinningLocation_BP_C /Engine/Transient.World_1:PersistentLevel.WinningLocation_BP_C_60 has natively added scene component(s), but none of them were set as the actor's RootComponent - picking one arbitrarily
[2017.03.07-13.51.01:085][653]LogActor:Warning: WinningLocation_BP_C /Engine/Transient.World_1:PersistentLevel.WinningLocation_BP_C_61 has natively added scene component(s), but none of them were set as the actor's RootComponent - picking one arbitrarily
[2017.03.07-13.51.01:205][654]LogActor:Warning: WinningLocation_BP_C /Engine/Transient.World_1:PersistentLevel.WinningLocation_BP_C_62 has natively added scene component(s), but none of them were set as the actor's RootComponent - picking one arbitrarily
[2017.03.07-13.51.01:325][655]LogActor:Warning: WinningLocation_BP_C /Engine/Transient.World_1:PersistentLevel.WinningLocation_BP_C_63 has natively added scene component(s), but none of them were set as the actor's RootComponent - picking one arbitrarily
[2017.03.07-13.51.01:445][656]LogActor:Warning: WinningLocation_BP_C /Engine/Transient.World_1:PersistentLevel.WinningLocation_BP_C_64 has natively added scene component(s), but none of them were set as the actor's RootComponent - picking one arbitrarily
[2017.03.07-13.51.01:565][657]LogActor:Warning: WinningLocation_BP_C /Engine/Transient.World_1:PersistentLevel.WinningLocation_BP_C_65 has natively added scene component(s), but none of them were set as the actor's RootComponent - picking one arbitrarily
[2017.03.07-13.51.01:684][658]LogActor:Warning: WinningLocation_BP_C /Engine/Transient.World_1:PersistentLevel.WinningLocation_BP_C_66 has natively added scene component(s), but none of them were set as the actor's RootComponent - picking one arbitrarily
[2017.03.07-13.51.01:804][659]LogActor:Warning: WinningLocation_BP_C /Engine/Transient.World_1:PersistentLevel.WinningLocation_BP_C_67 has natively added scene component(s), but none of them were set as the actor's RootComponent - picking one arbitrarily
[2017.03.07-13.51.01:925][660]LogActor:Warning: WinningLocation_BP_C /Engine/Transient.World_1:PersistentLevel.WinningLocation_BP_C_68 has natively added scene component(s), but none of them were set as the actor's RootComponent - picking one arbitrarily
[2017.03.07-13.51.02:045][661]LogActor:Warning: WinningLocation_BP_C /Engine/Transient.World_1:PersistentLevel.WinningLocation_BP_C_69 has natively added scene component(s), but none of them were set as the actor's RootComponent - picking one arbitrarily
[2017.03.07-13.51.02:284][663]LogActor:Warning: WinningLocation_BP_C /Engine/Transient.World_1:PersistentLevel.WinningLocation_BP_C_70 has natively added scene component(s), but none of them were set as the actor's RootComponent - picking one arbitrarily
[2017.03.07-13.51.02:331][664]LogActor:Warning: WinningLocation_BP_C /Engine/Transient.World_1:PersistentLevel.WinningLocation_BP_C_71 has natively added scene component(s), but none of them were set as the actor's RootComponent - picking one arbitrarily
[2017.03.07-13.51.02:456][665]LogActor:Warning: WinningLocation_BP_C /Engine/Transient.World_1:PersistentLevel.WinningLocation_BP_C_72 has natively added scene component(s), but none of them were set as the actor's RootComponent - picking one arbitrarily
[2017.03.07-13.51.02:575][666]LogActor:Warning: WinningLocation_BP_C /Engine/Transient.World_1:PersistentLevel.WinningLocation_BP_C_73 has natively added scene component(s), but none of them were set as the actor's RootComponent - picking one arbitrarily
[2017.03.07-13.51.02:695][667]LogActor:Warning: WinningLocation_BP_C /Engine/Transient.World_1:PersistentLevel.WinningLocation_BP_C_74 has natively added scene component(s), but none of them were set as the actor's RootComponent - picking one arbitrarily
[2017.03.07-13.51.02:858][668]LogActor:Warning: WinningLocation_BP_C /Engine/Transient.World_1:PersistentLevel.WinningLocation_BP_C_75 has natively added scene component(s), but none of them were set as the actor's RootComponent - picking one arbitrarily
[2017.03.07-13.51.02:937][669]LogActor:Warning: WinningLocation_BP_C /Engine/Transient.World_1:PersistentLevel.WinningLocation_BP_C_76 has natively added scene component(s), but none of them were set as the actor's RootComponent - picking one arbitrarily
[2017.03.07-13.51.03:059][670]LogActor:Warning: WinningLocation_BP_C /Engine/Transient.World_1:PersistentLevel.WinningLocation_BP_C_77 has natively added scene component(s), but none of them were set as the actor's RootComponent - picking one arbitrarily
[2017.03.07-13.51.03:180][671]LogActor:Warning: WinningLocation_BP_C /Engine/Transient.World_1:PersistentLevel.WinningLocation_BP_C_78 has natively added scene component(s), but none of them were set as the actor's RootComponent - picking one arbitrarily
[2017.03.07-13.51.03:300][672]LogActor:Warning: WinningLocation_BP_C /Engine/Transient.World_1:PersistentLevel.WinningLocation_BP_C_79 has natively added scene component(s), but none of them were set as the actor's RootComponent - picking one arbitrarily
[2017.03.07-13.51.03:421][673]LogActor:Warning: WinningLocation_BP_C /Engine/Transient.World_1:PersistentLevel.WinningLocation_BP_C_80 has natively added scene component(s), but none of them were set as the actor's RootComponent - picking one arbitrarily
[2017.03.07-13.51.03:618][674]CompilerResultsLog: New page: Compilation - 7 Mar 2017 13:51:03
[2017.03.07-13.51.03:618][674]CompilerResultsLog: Info Performing full C++ include scan (hot reloading a new target)
[2017.03.07-13.51.03:618][674]CompilerResultsLog: Info Creating makefile for hot reloading DissertationLevel (BuildConfiguration.xml is newer)
[2017.03.07-13.51.03:618][674]CompilerResultsLog: Info Compiling game modules for hot reload
[2017.03.07-13.51.03:618][674]CompilerResultsLog: Info Target is up to date
[2017.03.07-13.51.03:618][674]LogMainFrame: MainFrame: Module compiling took 37.027 seconds
[2017.03.07-13.51.03:701][674]LogContentBrowser: Native class hierarchy populated in 0.0284 seconds. Added 2070 classes and 380 folders.
[2017.03.07-13.51.03:710][674]Warning: HotReload took 37.1s.
[2017.03.07-13.51.03:711][674]LogActor:Warning: WinningLocation_BP_C /Engine/Transient.World_1:PersistentLevel.WinningLocation_BP_C_81 has natively added scene component(s), but none of them were set as the actor's RootComponent - picking one arbitrarily
[2017.03.07-13.51.03:722][675]LogActor:Warning: WinningLocation_BP_C /Engine/Transient.World_1:PersistentLevel.WinningLocation_BP_C_82 has natively added scene component(s), but none of them were set as the actor's RootComponent - picking one arbitrarily
[2017.03.07-13.51.03:735][676]LogActor:Warning: WinningLocation_BP_C /Engine/Transient.World_1:PersistentLevel.WinningLocation_BP_C_83 has natively added scene component(s), but none of them were set as the actor's RootComponent - picking one arbitrarily
[2017.03.07-13.51.03:915][677]LogActor:Warning: WinningLocation_BP_C /Engine/Transient.World_1:PersistentLevel.WinningLocation_BP_C_84 has natively added scene component(s), but none of them were set as the actor's RootComponent - picking one arbitrarily
[2017.03.07-13.51.04:036][678]LogActor:Warning: WinningLocation_BP_C /Engine/Transient.World_1:PersistentLevel.WinningLocation_BP_C_85 has natively added scene component(s), but none of them were set as the actor's RootComponent - picking one arbitrarily
[2017.03.07-13.51.04:158][679]LogActor:Warning: WinningLocation_BP_C /Engine/Transient.World_1:PersistentLevel.WinningLocation_BP_C_86 has natively added scene component(s), but none of them were set as the actor's RootComponent - picking one arbitrarily
[2017.03.07-13.51.04:278][680]LogActor:Warning: WinningLocation_BP_C /Engine/Transient.World_1:PersistentLevel.WinningLocation_BP_C_87 has natively added scene component(s), but none of them were set as the actor's RootComponent - picking one arbitrarily
[2017.03.07-13.51.04:399][681]LogActor:Warning: WinningLocation_BP_C /Engine/Transient.World_1:PersistentLevel.WinningLocation_BP_C_88 has natively added scene component(s), but none of them were set as the actor's RootComponent - picking one arbitrarily
[2017.03.07-13.51.04:521][682]LogActor:Warning: WinningLocation_BP_C /Engine/Transient.World_1:PersistentLevel.WinningLocation_BP_C_89 has natively added scene component(s), but none of them were set as the actor's RootComponent - picking one arbitrarily
[2017.03.07-13.51.04:641][683]LogActor:Warning: WinningLocation_BP_C /Engine/Transient.World_1:PersistentLevel.WinningLocation_BP_C_90 has natively added scene component(s), but none of them were set as the actor's RootComponent - picking one arbitrarily
[2017.03.07-13.51.08:089][892]Running C:/Program Files/Epic Games/4.12/Engine/Binaries/DotNET/UnrealBuildTool.exe  -projectfiles -project="E:/Unreal Engine Projects/DissertationLevel/DissertationLevel/DissertationLevel.uproject" -game -rocket -progress
[2017.03.07-13.51.08:391][892]Discovering modules, targets and source code for project...
[2017.03.07-13.51.40:062][403]LogActor:Warning: WinningLocation_BP_C /Engine/Transient.World_1:PersistentLevel.WinningLocation_BP_C_91 has natively added scene component(s), but none of them were set as the actor's RootComponent - picking one arbitrarily
[2017.03.07-13.51.45:061][418]LogActor:Warning: WinningLocation_BP_C /Engine/Transient.World_1:PersistentLevel.WinningLocation_BP_C_92 has natively added scene component(s), but none of them were set as the actor's RootComponent - picking one arbitrarily
[2017.03.07-13.51.45:395][419]LogActor:Warning: WinningLocation_BP_C /Engine/Transient.World_1:PersistentLevel.WinningLocation_BP_C_93 has natively added scene component(s), but none of them were set as the actor's RootComponent - picking one arbitrarily
[2017.03.07-13.51.45:728][420]LogActor:Warning: WinningLocation_BP_C /Engine/Transient.World_1:PersistentLevel.WinningLocation_BP_C_94 has natively added scene component(s), but none of them were set as the actor's RootComponent - picking one arbitrarily
[2017.03.07-13.51.46:063][421]LogActor:Warning: WinningLocation_BP_C /Engine/Transient.World_1:PersistentLevel.WinningLocation_BP_C_95 has natively added scene component(s), but none of them were set as the actor's RootComponent - picking one arbitrarily
[2017.03.07-13.51.46:729][423]LogActor:Warning: WinningLocation_BP_C /Engine/Transient.World_1:PersistentLevel.WinningLocation_BP_C_96 has natively added scene component(s), but none of them were set as the actor's RootComponent - picking one arbitrarily
[2017.03.07-13.51.47:062][424]LogActor:Warning: WinningLocation_BP_C /Engine/Transient.World_1:PersistentLevel.WinningLocation_BP_C_97 has natively added scene component(s), but none of them were set as the actor's RootComponent - picking one arbitrarily
[2017.03.07-13.51.47:395][425]LogActor:Warning: WinningLocation_BP_C /Engine/Transient.World_1:PersistentLevel.WinningLocation_BP_C_98 has natively added scene component(s), but none of them were set as the actor's RootComponent - picking one arbitrarily
[2017.03.07-13.51.47:729][426]LogActor:Warning: WinningLocation_BP_C /Engine/Transient.World_1:PersistentLevel.WinningLocation_BP_C_99 has natively added scene component(s), but none of them were set as the actor's RootComponent - picking one arbitrarily
[2017.03.07-13.51.48:061][427]LogActor:Warning: WinningLocation_BP_C /Engine/Transient.World_1:PersistentLevel.WinningLocation_BP_C_100 has natively added scene component(s), but none of them were set as the actor's RootComponent - picking one arbitrarily
[2017.03.07-13.51.48:728][429]LogActor:Warning: WinningLocation_BP_C /Engine/Transient.World_1:PersistentLevel.WinningLocation_BP_C_101 has natively added scene component(s), but none of them were set as the actor's RootComponent - picking one arbitrarily
[2017.03.07-13.51.49:062][430]LogActor:Warning: WinningLocation_BP_C /Engine/Transient.World_1:PersistentLevel.WinningLocation_BP_C_102 has natively added scene component(s), but none of them were set as the actor's RootComponent - picking one arbitrarily
[2017.03.07-13.51.49:395][431]LogActor:Warning: WinningLocation_BP_C /Engine/Transient.World_1:PersistentLevel.WinningLocation_BP_C_103 has natively added scene component(s), but none of them were set as the actor's RootComponent - picking one arbitrarily
[2017.03.07-13.51.49:729][432]LogActor:Warning: WinningLocation_BP_C /Engine/Transient.World_1:PersistentLevel.WinningLocation_BP_C_104 has natively added scene component(s), but none of them were set as the actor's RootComponent - picking one arbitrarily
[2017.03.07-13.51.50:061][433]LogActor:Warning: WinningLocation_BP_C /Engine/Transient.World_1:PersistentLevel.WinningLocation_BP_C_105 has natively added scene component(s), but none of them were set as the actor's RootComponent - picking one arbitrarily
[2017.03.07-13.51.50:729][435]LogActor:Warning: WinningLocation_BP_C /Engine/Transient.World_1:PersistentLevel.WinningLocation_BP_C_106 has natively added scene component(s), but none of them were set as the actor's RootComponent - picking one arbitrarily
[2017.03.07-13.51.51:061][436]LogActor:Warning: WinningLocation_BP_C /Engine/Transient.World_1:PersistentLevel.WinningLocation_BP_C_107 has natively added scene component(s), but none of them were set as the actor's RootComponent - picking one arbitrarily
[2017.03.07-13.51.51:395][437]LogActor:Warning: WinningLocation_BP_C /Engine/Transient.World_1:PersistentLevel.WinningLocation_BP_C_108 has natively added scene component(s), but none of them were set as the actor's RootComponent - picking one arbitrarily
[2017.03.07-13.51.51:728][438]LogActor:Warning: WinningLocation_BP_C /Engine/Transient.World_1:PersistentLevel.WinningLocation_BP_C_109 has natively added scene component(s), but none of them were set as the actor's RootComponent - picking one arbitrarily
[2017.03.07-13.51.52:061][439]LogActor:Warning: WinningLocation_BP_C /Engine/Transient.World_1:PersistentLevel.WinningLocation_BP_C_110 has natively added scene component(s), but none of them were set as the actor's RootComponent - picking one arbitrarily
[2017.03.07-13.51.52:728][441]LogActor:Warning: WinningLocation_BP_C /Engine/Transient.World_1:PersistentLevel.WinningLocation_BP_C_111 has natively added scene component(s), but none of them were set as the actor's RootComponent - picking one arbitrarily
[2017.03.07-13.51.53:062][442]LogActor:Warning: WinningLocation_BP_C /Engine/Transient.World_1:PersistentLevel.WinningLocation_BP_C_112 has natively added scene component(s), but none of them were set as the actor's RootComponent - picking one arbitrarily
[2017.03.07-13.51.53:395][443]LogActor:Warning: WinningLocation_BP_C /Engine/Transient.World_1:PersistentLevel.WinningLocation_BP_C_113 has natively added scene component(s), but none of them were set as the actor's RootComponent - picking one arbitrarily
[2017.03.07-13.51.53:729][444]LogActor:Warning: WinningLocation_BP_C /Engine/Transient.World_1:PersistentLevel.WinningLocation_BP_C_114 has natively added scene component(s), but none of them were set as the actor's RootComponent - picking one arbitrarily
[2017.03.07-13.51.54:062][445]LogActor:Warning: WinningLocation_BP_C /Engine/Transient.World_1:PersistentLevel.WinningLocation_BP_C_115 has natively added scene component(s), but none of them were set as the actor's RootComponent - picking one arbitrarily
[2017.03.07-13.51.54:729][447]LogActor:Warning: WinningLocation_BP_C /Engine/Transient.World_1:PersistentLevel.WinningLocation_BP_C_116 has natively added scene component(s), but none of them were set as the actor's RootComponent - picking one arbitrarily
[2017.03.07-13.51.55:061][448]LogActor:Warning: WinningLocation_BP_C /Engine/Transient.World_1:PersistentLevel.WinningLocation_BP_C_117 has natively added scene component(s), but none of them were set as the actor's RootComponent - picking one arbitrarily
[2017.03.07-13.51.55:395][449]LogActor:Warning: WinningLocation_BP_C /Engine/Transient.World_1:PersistentLevel.WinningLocation_BP_C_118 has natively added scene component(s), but none of them were set as the actor's RootComponent - picking one arbitrarily
[2017.03.07-13.51.55:728][450]LogActor:Warning: WinningLocation_BP_C /Engine/Transient.World_1:PersistentLevel.WinningLocation_BP_C_119 has natively added scene component(s), but none of them were set as the actor's RootComponent - picking one arbitrarily
[2017.03.07-13.51.56:061][451]LogActor:Warning: WinningLocation_BP_C /Engine/Transient.World_1:PersistentLevel.WinningLocation_BP_C_120 has natively added scene component(s), but none of them were set as the actor's RootComponent - picking one arbitrarily
[2017.03.07-13.51.56:728][453]LogActor:Warning: WinningLocation_BP_C /Engine/Transient.World_1:PersistentLevel.WinningLocation_BP_C_121 has natively added scene component(s), but none of them were set as the actor's RootComponent - picking one arbitrarily
[2017.03.07-13.51.57:061][454]LogActor:Warning: WinningLocation_BP_C /Engine/Transient.World_1:PersistentLevel.WinningLocation_BP_C_122 has natively added scene component(s), but none of them were set as the actor's RootComponent - picking one arbitrarily
[2017.03.07-13.51.57:395][455]LogActor:Warning: WinningLocation_BP_C /Engine/Transient.World_1:PersistentLevel.WinningLocation_BP_C_123 has natively added scene component(s), but none of them were set as the actor's RootComponent - picking one arbitrarily
[2017.03.07-13.51.59:395][461]LogActor:Warning: WinningLocation_BP_C /Engine/Transient.World_1:PersistentLevel.WinningLocation_BP_C_124 has natively added scene component(s), but none of them were set as the actor's RootComponent - picking one arbitrarily
[2017.03.07-13.51.59:729][462]LogActor:Warning: WinningLocation_BP_C /Engine/Transient.World_1:PersistentLevel.WinningLocation_BP_C_125 has natively added scene component(s), but none of them were set as the actor's RootComponent - picking one arbitrarily
[2017.03.07-13.55.28:573][ 92]LogActor:Warning: WinningLocation_BP_C /Engine/Transient.World_1:PersistentLevel.WinningLocation_BP_C_126 has natively added scene component(s), but none of them were set as the actor's RootComponent - picking one arbitrarily
[2017.03.07-13.55.28:657][ 93]LogActor:Warning: WinningLocation_BP_C /Engine/Transient.World_1:PersistentLevel.WinningLocation_BP_C_127 has natively added scene component(s), but none of them were set as the actor's RootComponent - picking one arbitrarily
[2017.03.07-13.58.34:508][259]LogActor:Warning: WinningLocation_BP_C /Engine/Transient.World_1:PersistentLevel.WinningLocation_BP_C_128 has natively added scene component(s), but none of them were set as the actor's RootComponent - picking one arbitrarily
[2017.03.07-13.58.34:556][260]LogActor:Warning: WinningLocation_BP_C /Engine/Transient.World_1:PersistentLevel.WinningLocation_BP_C_129 has natively added scene component(s), but none of them were set as the actor's RootComponent - picking one arbitrarily
[2017.03.07-13.58.38:604][307]LogBlueprintUserMessages: Early PlayInEditor Detection: Level '/Game/ThirdPersonCPP/Maps/ThirdPersonExampleMap.ThirdPersonExampleMap:PersistentLevel' has LevelScriptBlueprint '/Game/ThirdPersonCPP/Maps/ThirdPersonExampleMap.ThirdPersonExampleMap:PersistentLevel.ThirdPersonExampleMap' with GeneratedClass '/Game/ThirdPersonCPP/Maps/ThirdPersonExampleMap.ThirdPersonExampleMap_C' with ClassGeneratedBy '/Game/ThirdPersonCPP/Maps/ThirdPersonExampleMap.ThirdPersonExampleMap:PersistentLevel.ThirdPersonExampleMap'
[2017.03.07-13.58.38:663][307]LogPlayLevel: PlayLevel: No blueprints needed recompiling
[2017.03.07-13.58.38:685][307]PIE: New page: PIE session: ThirdPersonExampleMap (7 Mar 2017 13:58:38)
[2017.03.07-13.58.38:685][307]LogPlayLevel: Creating play world package: /Game/ThirdPersonCPP/Maps/UEDPIE_0_ThirdPersonExampleMap
[2017.03.07-13.58.38:790][307]LogPlayLevel: PIE: StaticDuplicateObject took: (0.104875s)
[2017.03.07-13.58.38:792][307]LogAIModule: Creating AISystem for world ThirdPersonExampleMap
[2017.03.07-13.58.38:792][307]LogPlayLevel: PIE: World Init took: (0.001335s)
[2017.03.07-13.58.38:808][307]LogPlayLevel: PIE: Created PIE world by copying editor world from /Game/ThirdPersonCPP/Maps/ThirdPersonExampleMap.ThirdPersonExampleMap to /Game/ThirdPersonCPP/Maps/UEDPIE_0_ThirdPersonExampleMap.ThirdPersonExampleMap (0.122662s)
[2017.03.07-13.58.38:862][307]LogInit: XAudio2 using 'Speakers (Realtek High Definition Audio)' : 2 channels at 48 kHz using 32 bits per sample (channel mask 0x3)
[2017.03.07-13.58.38:869][307]LogInit: FAudioDevice initialized.
[2017.03.07-13.58.39:046][307]LogWorld: Game class is 'DissertationLevelGameMode'
[2017.03.07-13.58.39:294][307]LogWorld: Bringing World /Game/ThirdPersonCPP/Maps/UEDPIE_0_ThirdPersonExampleMap.ThirdPersonExampleMap up for play (max tick rate 0) at 2017.03.07-13.58.39
[2017.03.07-13.58.39:499][307]LogWorld: Bringing up level for play took: 0.255742
[2017.03.07-13.58.39:692][307]LogContentBrowser: Native class hierarchy updated for 'MovieSceneCapture' in 0.0206 seconds. Added 11 classes and 0 folders.
[2017.03.07-13.58.39:711][307]LogActor:Warning: WorldObject /Game/ThirdPersonCPP/Maps/UEDPIE_0_ThirdPersonExampleMap.ThirdPersonExampleMap:PersistentLevel.WorldObject_0 has natively added scene component(s), but none of them were set as the actor's RootComponent - picking one arbitrarily
[2017.03.07-13.58.39:712][307]LogActor:Warning: WorldObject /Game/ThirdPersonCPP/Maps/UEDPIE_0_ThirdPersonExampleMap.ThirdPersonExampleMap:PersistentLevel.WorldObject_1 has natively added scene component(s), but none of them were set as the actor's RootComponent - picking one arbitrarily
[2017.03.07-13.58.39:713][307]LogActor:Warning: WorldObject /Game/ThirdPersonCPP/Maps/UEDPIE_0_ThirdPersonExampleMap.ThirdPersonExampleMap:PersistentLevel.WorldObject_2 has natively added scene component(s), but none of them were set as the actor's RootComponent - picking one arbitrarily
[2017.03.07-13.58.39:714][307]LogActor:Warning: WorldObject /Game/ThirdPersonCPP/Maps/UEDPIE_0_ThirdPersonExampleMap.ThirdPersonExampleMap:PersistentLevel.WorldObject_3 has natively added scene component(s), but none of them were set as the actor's RootComponent - picking one arbitrarily
[2017.03.07-13.58.39:722][307]LogActor:Warning: WorldObject /Game/ThirdPersonCPP/Maps/UEDPIE_0_ThirdPersonExampleMap.ThirdPersonExampleMap:PersistentLevel.WorldObject_4 has natively added scene component(s), but none of them were set as the actor's RootComponent - picking one arbitrarily
[2017.03.07-13.58.39:723][307]LogActor:Warning: WorldObject /Game/ThirdPersonCPP/Maps/UEDPIE_0_ThirdPersonExampleMap.ThirdPersonExampleMap:PersistentLevel.WorldObject_5 has natively added scene component(s), but none of them were set as the actor's RootComponent - picking one arbitrarily
[2017.03.07-13.58.39:724][307]LogActor:Warning: WorldObject /Game/ThirdPersonCPP/Maps/UEDPIE_0_ThirdPersonExampleMap.ThirdPersonExampleMap:PersistentLevel.WorldObject_6 has natively added scene component(s), but none of them were set as the actor's RootComponent - picking one arbitrarily
[2017.03.07-13.58.39:725][307]LogActor:Warning: WorldObject /Game/ThirdPersonCPP/Maps/UEDPIE_0_ThirdPersonExampleMap.ThirdPersonExampleMap:PersistentLevel.WorldObject_7 has natively added scene component(s), but none of them were set as the actor's RootComponent - picking one arbitrarily
[2017.03.07-13.58.39:726][307]LogActor:Warning: WorldObject /Game/ThirdPersonCPP/Maps/UEDPIE_0_ThirdPersonExampleMap.ThirdPersonExampleMap:PersistentLevel.WorldObject_8 has natively added scene component(s), but none of them were set as the actor's RootComponent - picking one arbitrarily
[2017.03.07-13.58.39:727][307]LogActor:Warning: WorldObject /Game/ThirdPersonCPP/Maps/UEDPIE_0_ThirdPersonExampleMap.ThirdPersonExampleMap:PersistentLevel.WorldObject_9 has natively added scene component(s), but none of them were set as the actor's RootComponent - picking one arbitrarily
[2017.03.07-13.58.39:728][307]LogActor:Warning: WorldObject /Game/ThirdPersonCPP/Maps/UEDPIE_0_ThirdPersonExampleMap.ThirdPersonExampleMap:PersistentLevel.WorldObject_10 has natively added scene component(s), but none of them were set as the actor's RootComponent - picking one arbitrarily
[2017.03.07-13.58.39:729][307]LogActor:Warning: WorldObject /Game/ThirdPersonCPP/Maps/UEDPIE_0_ThirdPersonExampleMap.ThirdPersonExampleMap:PersistentLevel.WorldObject_11 has natively added scene component(s), but none of them were set as the actor's RootComponent - picking one arbitrarily
[2017.03.07-13.58.39:730][307]LogActor:Warning: WorldObject /Game/ThirdPersonCPP/Maps/UEDPIE_0_ThirdPersonExampleMap.ThirdPersonExampleMap:PersistentLevel.WorldObject_12 has natively added scene component(s), but none of them were set as the actor's RootComponent - picking one arbitrarily
[2017.03.07-13.58.39:731][307]LogActor:Warning: WorldObject /Game/ThirdPersonCPP/Maps/UEDPIE_0_ThirdPersonExampleMap.ThirdPersonExampleMap:PersistentLevel.WorldObject_13 has natively added scene component(s), but none of them were set as the actor's RootComponent - picking one arbitrarily
[2017.03.07-13.58.39:732][307]LogActor:Warning: WorldObject /Game/ThirdPersonCPP/Maps/UEDPIE_0_ThirdPersonExampleMap.ThirdPersonExampleMap:PersistentLevel.WorldObject_14 has natively added scene component(s), but none of them were set as the actor's RootComponent - picking one arbitrarily
[2017.03.07-13.58.39:734][307]PIE: Info Play in editor start time for /Game/ThirdPersonCPP/Maps/UEDPIE_0_ThirdPersonExampleMap 0.573
[2017.03.07-13.58.39:734][307]LogBlueprintUserMessages: Late PlayInEditor Detection: Level '/Game/ThirdPersonCPP/Maps/ThirdPersonExampleMap.ThirdPersonExampleMap:PersistentLevel' has LevelScriptBlueprint '/Game/ThirdPersonCPP/Maps/ThirdPersonExampleMap.ThirdPersonExampleMap:PersistentLevel.ThirdPersonExampleMap' with GeneratedClass '/Game/ThirdPersonCPP/Maps/ThirdPersonExampleMap.ThirdPersonExampleMap_C' with ClassGeneratedBy '/Game/ThirdPersonCPP/Maps/ThirdPersonExampleMap.ThirdPersonExampleMap:PersistentLevel.ThirdPersonExampleMap'
[2017.03.07-13.58.40:246][309]LogEQS:Warning: Query [FindPlayer_EQS] can't use test [AStarQueryTest_0] in option 0 [], removing it
[2017.03.07-13.58.44:073][394]Cmd: EnableGDT
[2017.03.07-13.58.44:152][394]LogGameplayDebugger:Warning: Got from client: EnableGDT 
[2017.03.07-13.59.07:144][884]LogBlueprintUserMessages: Early EndPlayMap Detection: Level '/Game/ThirdPersonCPP/Maps/ThirdPersonExampleMap.ThirdPersonExampleMap:PersistentLevel' has LevelScriptBlueprint '/Game/ThirdPersonCPP/Maps/ThirdPersonExampleMap.ThirdPersonExampleMap:PersistentLevel.ThirdPersonExampleMap' with GeneratedClass '/Game/ThirdPersonCPP/Maps/ThirdPersonExampleMap.ThirdPersonExampleMap_C' with ClassGeneratedBy '/Game/ThirdPersonCPP/Maps/ThirdPersonExampleMap.ThirdPersonExampleMap:PersistentLevel.ThirdPersonExampleMap'
[2017.03.07-13.59.07:311][884]LogBlueprintUserMessages: Late EndPlayMap Detection: Level '/Game/ThirdPersonCPP/Maps/ThirdPersonExampleMap.ThirdPersonExampleMap:PersistentLevel' has LevelScriptBlueprint '/Game/ThirdPersonCPP/Maps/ThirdPersonExampleMap.ThirdPersonExampleMap:PersistentLevel.ThirdPersonExampleMap' with GeneratedClass '/Game/ThirdPersonCPP/Maps/ThirdPersonExampleMap.ThirdPersonExampleMap_C' with ClassGeneratedBy '/Game/ThirdPersonCPP/Maps/ThirdPersonExampleMap.ThirdPersonExampleMap:PersistentLevel.ThirdPersonExampleMap'
[2017.03.07-13.59.11:585][915]Cmd: QUIT_EDITOR
[2017.03.07-13.59.12:573][915]LogWindowsTextInputMethodSystem:Display: IME system now deactivated.
[2017.03.07-13.59.12:658][915]LogExit: Preparing to exit.
[2017.03.07-13.59.13:779][915]LogExit: Editor shut down
[2017.03.07-13.59.13:780][915]LogExit: Transaction tracking system shut down
[2017.03.07-13.59.13:906][915]LogObj: Freed 0b from 0 cluster array pools.
[2017.03.07-13.59.13:906][915]LogExit: Object subsystem successfully closed.
[2017.03.07-13.59.13:922][915]LogD3D11RHI: Shutdown
[2017.03.07-13.59.13:923][915]LogD3D11RHI: CleanupD3DDevice
[2017.03.07-13.59.14:011][915]LogD3D11RHI: ~FD3D11DynamicRHI
[2017.03.07-13.59.14:043][915]LogModuleManager: Shutting down and abandoning module MovieSceneCapture (216)
[2017.03.07-13.59.14:052][915]LogModuleManager: Shutting down and abandoning module HierarchicalLODOutliner (215)
[2017.03.07-13.59.14:052][915]LogModuleManager: Shutting down and abandoning module CrashTracker (214)
[2017.03.07-13.59.14:052][915]LogModuleManager: Shutting down and abandoning module SceneOutliner (213)
[2017.03.07-13.59.14:052][915]LogModuleManager: Shutting down and abandoning module WidgetCarousel (212)
[2017.03.07-13.59.14:060][915]LogModuleManager: Shutting down and abandoning module AddContentDialog (211)
[2017.03.07-13.59.14:067][915]LogModuleManager: Shutting down and abandoning module GameplayTags (210)
[2017.03.07-13.59.14:067][915]LogModuleManager: Shutting down and abandoning module EditorWidgets (209)
[2017.03.07-13.59.14:067][915]LogModuleManager: Shutting down and abandoning module CollectionManager (208)
[2017.03.07-13.59.14:067][915]LogModuleManager: Shutting down and abandoning module StatsViewer (207)
[2017.03.07-13.59.14:067][915]LogModuleManager: Shutting down and abandoning module FoliageEdit (206)
[2017.03.07-13.59.14:067][915]LogModuleManager: Shutting down and abandoning module LandscapeEditor (205)
[2017.03.07-13.59.14:068][915]LogModuleManager: Shutting down and abandoning module SceneDepthPickerMode (204)
[2017.03.07-13.59.14:068][915]LogModuleManager: Shutting down and abandoning module ActorPickerMode (203)
[2017.03.07-13.59.14:068][915]LogModuleManager: Shutting down and abandoning module GeometryMode (202)
[2017.03.07-13.59.14:068][915]LogModuleManager: Shutting down and abandoning module TextureAlignMode (201)
[2017.03.07-13.59.14:068][915]LogModuleManager: Shutting down and abandoning module BspMode (200)
[2017.03.07-13.59.14:068][915]LogModuleManager: Shutting down and abandoning module HardwareSurvey (199)
[2017.03.07-13.59.14:068][915]LogModuleManager: Shutting down and abandoning module SequenceRecorderSections (198)
[2017.03.07-13.59.14:068][915]LogModuleManager: Shutting down and abandoning module SequenceRecorder (197)
[2017.03.07-13.59.14:068][915]LogModuleManager: Shutting down and abandoning module AutomationWorker (196)
[2017.03.07-13.59.14:068][915]LogModuleManager: Shutting down and abandoning module MatineeToLevelSequence (195)
[2017.03.07-13.59.14:068][915]LogModuleManager: Shutting down and abandoning module PlacementMode (194)
[2017.03.07-13.59.14:068][915]LogModuleManager: Shutting down and abandoning module LevelSequenceEditor (193)
[2017.03.07-13.59.14:068][915]LogModuleManager: Shutting down and abandoning module CharacterAI (192)
[2017.03.07-13.59.14:068][915]LogModuleManager: Shutting down and abandoning module SmartSnapping (191)
[2017.03.07-13.59.14:068][915]LogModuleManager: Shutting down and abandoning module SessionServices (190)
[2017.03.07-13.59.14:068][915]LogModuleManager: Shutting down and abandoning module ViewportSnapping (189)
[2017.03.07-13.59.14:068][915]LogModuleManager: Shutting down and abandoning module LogVisualizer (188)
[2017.03.07-13.59.14:069][915]LogModuleManager: Shutting down and abandoning module GameProjectGeneration (187)
[2017.03.07-13.59.14:069][915]LogModuleManager: Shutting down and abandoning module IntroTutorials (186)
[2017.03.07-13.59.14:069][915]LogModuleManager: Shutting down and abandoning module EditorLiveStreaming (185)
[2017.03.07-13.59.14:069][915]LogModuleManager: Shutting down and abandoning module IOSPlatformEditor (184)
[2017.03.07-13.59.14:069][915]LogModuleManager: Shutting down and abandoning module HTML5PlatformEditor (183)
[2017.03.07-13.59.14:069][915]LogModuleManager: Shutting down and abandoning module AndroidDeviceDetection (182)
[2017.03.07-13.59.14:905][915]LogModuleManager: Shutting down and abandoning module AndroidPlatformEditor (181)
[2017.03.07-13.59.14:905][915]LogModuleManager: Shutting down and abandoning module IOSRuntimeSettings (180)
[2017.03.07-13.59.14:905][915]LogModuleManager: Shutting down and abandoning module AndroidRuntimeSettings (179)
[2017.03.07-13.59.14:905][915]LogModuleManager: Shutting down and abandoning module MergeActors (178)
[2017.03.07-13.59.14:905][915]LogModuleManager: Shutting down and abandoning module SizeMap (177)
[2017.03.07-13.59.14:905][915]LogModuleManager: Shutting down and abandoning module TreeMap (176)
[2017.03.07-13.59.14:905][915]LogModuleManager: Shutting down and abandoning module ReferenceViewer (175)
[2017.03.07-13.59.14:905][915]LogModuleManager: Shutting down and abandoning module LocalizationService (174)
[2017.03.07-13.59.14:905][915]LogModuleManager: Shutting down and abandoning module LocalizationDashboard (173)
[2017.03.07-13.59.14:906][915]LogModuleManager: Shutting down and abandoning module HardwareTargeting (172)
[2017.03.07-13.59.14:906][915]LogModuleManager: Shutting down and abandoning module DeviceProfileEditor (171)
[2017.03.07-13.59.14:906][915]LogModuleManager: Shutting down and abandoning module UndoHistory (170)
[2017.03.07-13.59.14:906][915]LogModuleManager: Shutting down and abandoning module UserFeedback (169)
[2017.03.07-13.59.14:906][915]LogModuleManager: Shutting down and abandoning module XmlParser (168)
[2017.03.07-13.59.14:906][915]LogModuleManager: Shutting down and abandoning module Blutility (167)
[2017.03.07-13.59.14:906][915]LogModuleManager: Shutting down and abandoning module ProjectTargetPlatformEditor (166)
[2017.03.07-13.59.14:906][915]LogModuleManager: Shutting down and abandoning module ProjectSettingsViewer (165)
[2017.03.07-13.59.14:906][915]LogModuleManager: Shutting down and abandoning module InputBindingEditor (164)
[2017.03.07-13.59.14:906][915]LogModuleManager: Shutting down and abandoning module EditorSettingsViewer (163)
[2017.03.07-13.59.14:906][915]LogModuleManager: Shutting down and abandoning module SettingsEditor (162)
[2017.03.07-13.59.14:906][915]LogModuleManager: Shutting down and abandoning module ProjectLauncher (161)
[2017.03.07-13.59.14:906][915]LogModuleManager: Shutting down and abandoning module SessionFrontend (160)
[2017.03.07-13.59.14:906][915]LogModuleManager: Shutting down and abandoning module ProfilerClient (159)
[2017.03.07-13.59.14:906][915]LogModuleManager: Shutting down and abandoning module TargetDeviceServices (158)
[2017.03.07-13.59.14:906][915]LogModuleManager: Shutting down and abandoning module DeviceManager (157)
[2017.03.07-13.59.14:948][915]LogModuleManager: Shutting down and abandoning module AutomationController (156)
[2017.03.07-13.59.14:948][915]LogModuleManager: Shutting down and abandoning module AutomationWindow (155)
[2017.03.07-13.59.14:948][915]LogModuleManager: Shutting down and abandoning module Layers (154)
[2017.03.07-13.59.14:948][915]LogModuleManager: Shutting down and abandoning module ComponentVisualizers (153)
[2017.03.07-13.59.14:948][915]LogModuleManager: Shutting down and abandoning module DetailCustomizations (152)
[2017.03.07-13.59.14:948][915]LogModuleManager: Shutting down and abandoning module PackagesDialog (151)
[2017.03.07-13.59.14:948][915]LogModuleManager: Shutting down and abandoning module Persona (150)
[2017.03.07-13.59.14:948][915]LogModuleManager: Shutting down and abandoning module Kismet (149)
[2017.03.07-13.59.14:948][915]LogModuleManager: Shutting down and abandoning module GraphEditor (148)
[2017.03.07-13.59.14:948][915]LogModuleManager: Shutting down and abandoning module ClassViewer (147)
[2017.03.07-13.59.14:948][915]LogModuleManager: Shutting down and abandoning module Toolbox (146)
[2017.03.07-13.59.14:948][915]LogModuleManager: Shutting down and abandoning module ModuleUI (145)
[2017.03.07-13.59.14:948][915]LogModuleManager: Shutting down and abandoning module MovieSceneTools (144)
[2017.03.07-13.59.14:949][915]LogModuleManager: Shutting down and abandoning module OutputLog (143)
[2017.03.07-13.59.14:949][915]LogModuleManager: Shutting down and abandoning module GammaUI (142)
[2017.03.07-13.59.14:949][915]LogModuleManager: Shutting down and abandoning module Documentation (141)
[2017.03.07-13.59.14:949][915]LogModuleManager: Shutting down and abandoning module StreamingPauseRendering (140)
[2017.03.07-13.59.14:949][915]LogModuleManager: Shutting down and abandoning module AnalyticsET (139)
[2017.03.07-13.59.14:949][915]LogModuleManager: Shutting down and abandoning module Analytics (138)
[2017.03.07-13.59.14:949][915]LogModuleManager: Shutting down and abandoning module PortalServices (137)
[2017.03.07-13.59.14:949][915]LogModuleManager: Shutting down and abandoning module PortalRpc (136)
[2017.03.07-13.59.14:949][915]LogModuleManager: Shutting down and abandoning module MessagingRpc (135)
[2017.03.07-13.59.14:949][915]LogModuleManager: Shutting down and abandoning module GameplayDebugger (134)
[2017.03.07-13.59.14:949][915]LogModuleManager: Shutting down and abandoning module AITestSuite (133)
[2017.03.07-13.59.14:949][915]LogModuleManager: Shutting down and abandoning module AIModule (132)
[2017.03.07-13.59.14:949][915]LogModuleManager: Shutting down and abandoning module ProfilerService (131)
[2017.03.07-13.59.15:098][915]LogModuleManager: Shutting down and abandoning module TaskGraph (130)
[2017.03.07-13.59.15:098][915]LogModuleManager: Shutting down and abandoning module SlateRemote (129)
[2017.03.07-13.59.15:098][915]LogModuleManager: Shutting down and abandoning module SteamVRController (128)
[2017.03.07-13.59.15:099][915]LogModuleManager: Shutting down and abandoning module SteamVR (127)
[2017.03.07-13.59.15:099][915]LogModuleManager: Shutting down and abandoning module ProceduralMeshComponent (126)
[2017.03.07-13.59.15:099][915]LogModuleManager: Shutting down and abandoning module OculusLibrary (125)
[2017.03.07-13.59.15:099][915]LogModuleManager: Shutting down and abandoning module OculusInput (124)
[2017.03.07-13.59.15:099][915]LogModuleManager: Shutting down and abandoning module CustomMeshComponent (123)
[2017.03.07-13.59.15:099][915]LogModuleManager: Shutting down and abandoning module CableComponent (122)
[2017.03.07-13.59.15:099][915]LogModuleManager: Shutting down and abandoning module ArchVisCharacter (121)
[2017.03.07-13.59.15:099][915]LogModuleManager: Shutting down and abandoning module MediaPlayerEditor (120)
[2017.03.07-13.59.15:099][915]LogModuleManager: Shutting down and abandoning module HTML5Networking (119)
[2017.03.07-13.59.15:099][915]LogModuleManager: Shutting down and abandoning module SuperSearch (118)
[2017.03.07-13.59.15:099][915]LogModuleManager: Shutting down and abandoning module SuperSearchEditor (117)
[2017.03.07-13.59.15:099][915]LogModuleManager: Shutting down and abandoning module SpeedTreeImporter (116)
[2017.03.07-13.59.15:099][915]LogModuleManager: Shutting down and abandoning module PluginBrowser (115)
[2017.03.07-13.59.15:099][915]LogModuleManager: Shutting down and abandoning module EpicSurvey (114)
[2017.03.07-13.59.15:099][915]LogModuleManager: Shutting down and abandoning module DesktopPlatform (113)
[2017.03.07-13.59.15:099][915]LogModuleManager: Shutting down and abandoning module VisualStudioSourceCodeAccess (112)
[2017.03.07-13.59.15:099][915]LogModuleManager: Shutting down and abandoning module UObjectPlugin (111)
[2017.03.07-13.59.15:099][915]LogModuleManager: Shutting down and abandoning module SubversionSourceControl (110)
[2017.03.07-13.59.15:099][915]LogModuleManager: Shutting down and abandoning module PerforceSourceControl (109)
[2017.03.07-13.59.15:099][915]LogModuleManager: Shutting down and abandoning module SourceControl (108)
[2017.03.07-13.59.15:099][915]LogModuleManager: Shutting down and abandoning module GitSourceControl (107)
[2017.03.07-13.59.15:099][915]LogModuleManager: Shutting down and abandoning module LightPropagationVolumeEditor (106)
[2017.03.07-13.59.15:099][915]LogModuleManager: Shutting down and abandoning module PaperTiledImporter (105)
[2017.03.07-13.59.15:099][915]LogModuleManager: Shutting down and abandoning module PaperSpriteSheetImporter (104)
[2017.03.07-13.59.15:099][915]LogModuleManager: Shutting down and abandoning module MeshPaint (103)
[2017.03.07-13.59.15:100][915]LogModuleManager: Shutting down and abandoning module PixelInspectorModule (102)
[2017.03.07-13.59.15:100][915]LogModuleManager: Shutting down and abandoning module HotReload (101)
[2017.03.07-13.59.15:100][915]LogModuleManager: Shutting down and abandoning module MainFrame (100)
[2017.03.07-13.59.15:100][915]LogModuleManager: Shutting down and abandoning module LevelEditor (99)
[2017.03.07-13.59.15:101][915]LogModuleManager: Shutting down and abandoning module ContentBrowser (98)
[2017.03.07-13.59.15:103][915]LogModuleManager: Shutting down and abandoning module Paper2DEditor (97)
[2017.03.07-13.59.15:103][915]LogModuleManager: Shutting down and abandoning module DissertationLevel (96)
[2017.03.07-13.59.15:103][915]LogModuleManager: Shutting down and abandoning module UdpMessaging (95)
[2017.03.07-13.59.15:204][915]LogModuleManager: Shutting down and abandoning module LightPropagationVolumeRuntime (94)
[2017.03.07-13.59.15:204][915]LogModuleManager: Shutting down and abandoning module Paper2D (93)
[2017.03.07-13.59.15:204][915]LogModuleManager: Shutting down and abandoning module WindowsMoviePlayer (92)
[2017.03.07-13.59.15:204][915]LogModuleManager: Shutting down and abandoning module Media (91)
[2017.03.07-13.59.15:204][915]LogModuleManager: Shutting down and abandoning module WmfMedia (90)
[2017.03.07-13.59.15:204][915]LogModuleManager: Shutting down and abandoning module MediaAssets (89)
[2017.03.07-13.59.15:204][915]LogModuleManager: Shutting down and abandoning module GameLiveStreaming (88)
[2017.03.07-13.59.15:204][915]LogModuleManager: Shutting down and abandoning module GameplayTagsEditor (87)
[2017.03.07-13.59.15:204][915]LogModuleManager: Shutting down and abandoning module OnlineBlueprintSupport (86)
[2017.03.07-13.59.15:204][915]LogModuleManager: Shutting down and abandoning module EnvironmentQueryEditor (85)
[2017.03.07-13.59.15:204][915]LogModuleManager: Shutting down and abandoning module VREditor (84)
[2017.03.07-13.59.15:204][915]LogModuleManager: Shutting down and abandoning module GameplayTasksEditor (83)
[2017.03.07-13.59.15:204][915]LogModuleManager: Shutting down and abandoning module P