Log file open, 02/27/17 21:06:36
LogInit:Display: Running engine for game: DissertationLevel
LogPlatformFile: Not using cached read wrapper
LogInit:Display: RandInit(-907992262) SRandInit(-907992257).
LogTaskGraph: Started task graph with 4 named threads and 7 total threads with 1 sets of task threads.
LogStats: Stats thread started at 0.149197
LogInit: Version: 4.12.5-3039270+++UE4+Release-4.12
LogInit: API Version: 2992821
LogInit: Net Version: 3039270
LogDevObjectVersion: Number of dev versions registered: 13
LogDevObjectVersion:   Dev-Blueprints (B0D832E4-1F89-4F0D-ACCF-7EB736FD4AA2): 3
LogDevObjectVersion:   Dev-Build (E1C64328-A22C-4D53-A36C-8E866417BD8C): 0
LogDevObjectVersion:   Dev-Core (375EC13C-06E4-48FB-B500-84F0262A717E): 1
LogDevObjectVersion:   Dev-Editor (E4B068ED-F494-42E9-A231-DA0B2E46BB41): 2
LogDevObjectVersion:   Dev-Framework (CFFC743F-43B0-4480-9391-14DF171D2073): 6
LogDevObjectVersion:   Dev-Mobile (B02B49B5-BB20-44E9-A304-32B752E40360): 0
LogDevObjectVersion:   Dev-Networking (A4E4105C-59A1-49B5-A7C5-40C4547EDFEE): 0
LogDevObjectVersion:   Dev-Online (39C831C9-5AE6-47DC-9A44-9C173E1C8E7C): 0
LogDevObjectVersion:   Dev-Physics (78F01B33-EBEA-4F98-B9B4-84EACCB95AA2): 0
LogDevObjectVersion:   Dev-Platform (6631380F-2D4D-43E0-8009-CF276956A95A): 0
LogDevObjectVersion:   Dev-Rendering (12F88B9F-8875-4AFC-A67C-D90C383ABD29): 2
LogDevObjectVersion:   Dev-Sequencer (7B5AE74C-D270-4C10-A958-57980B212A5A): 0
LogDevObjectVersion:   Dev-VR (D7296918-1DD6-4BDD-9DE2-64A83CC13884): 0
LogInit: Compiled (64-bit): Jul  6 2016 09:09:46
LogInit: Compiled with Visual C++: 19.00.23026.00
LogInit: Build Configuration: Development
LogInit: Branch Name: ++UE4+Release-4.12
LogInit: Command line: 
LogInit: Base directory: C:/Program Files/Epic Games/4.12/Engine/Binaries/Win64/
LogInit: Installed Engine Build: 1
LogInit: Using libcurl 7.41.0
LogInit:  - built for x86_64-pc-win32
LogInit:  - supports SSL with WinSSL
LogInit:  - other features:
LogInit:      CURL_VERSION_SSL
LogInit:      CURL_VERSION_IPV6
LogInit:      CURL_VERSION_ASYNCHDNS
LogInit:      CURL_VERSION_LARGEFILE
LogInit:      CURL_VERSION_IDN
LogInit:  CurlRequestOptions (configurable via config and command line):
LogInit:  - bVerifyPeer = true  - Libcurl will verify peer certificate
LogInit:  - bUseHttpProxy = false  - Libcurl will NOT use HTTP proxy
LogInit:  - bDontReuseConnections = false  - Libcurl will reuse connections
LogInit:  - CertBundlePath = nullptr  - Libcurl will use whatever was configured at build time.
LogInit: Presizing for max 8388607 objects, including 0 objects not considered by GC, pre-allocating 0 bytes for permanent pool.
LogInit: Object subsystem initialized
[2017.02.27-21.06.36:931][  0]LogInit: Selected Device Profile: [Windows]
[2017.02.27-21.06.36:931][  0]LogInit: Applying CVar settings loaded from the selected device profile: [Windows]
[2017.02.27-21.06.37:092][  0]LogInit: Computer: IDESK11
[2017.02.27-21.06.37:092][  0]LogInit: User: b3030113
[2017.02.27-21.06.37:092][  0]LogInit: CPU Page size=65536, Cores=4
[2017.02.27-21.06.37:092][  0]LogInit: High frequency timer resolution =3.507491 MHz
[2017.02.27-21.06.37:093][  0]LogMemory: Memory total: Physical=7.8GB (8GB approx)
[2017.02.27-21.06.37:093][  0]LogMemory: Platform Memory Stats for Windows
[2017.02.27-21.06.37:093][  0]LogMemory: Process Physical Memory: 189.39 MB used, 189.39 MB peak
[2017.02.27-21.06.37:093][  0]LogMemory: Process Virtual Memory: 195.10 MB used, 195.10 MB peak
[2017.02.27-21.06.37:093][  0]LogMemory: Physical Memory: 6199.69 MB used, 8028.55 MB total
[2017.02.27-21.06.37:093][  0]LogMemory: Virtual Memory: 536.59 MB used, 134217728.00 MB total
[2017.02.27-21.06.37:183][  0]LogTextLocalizationManager: No specific translations for ('en-GB') exist, so ('en') translations will be used.
[2017.02.27-21.06.37:878][  0]LogD3D11RHI: D3D11 adapters:
[2017.02.27-21.06.37:900][  0]LogD3D11RHI:    0. 'NVIDIA GeForce GTX 950' (Feature Level 11_0)
[2017.02.27-21.06.37:900][  0]LogD3D11RHI:       1965/0/2048 MB DedicatedVideo/DedicatedSystem/SharedSystem, Outputs:2, VendorId:0x10de
[2017.02.27-21.06.37:915][  0]LogD3D11RHI:    1. 'Intel(R) HD Graphics 4600' (Feature Level 11_0)
[2017.02.27-21.06.37:915][  0]LogD3D11RHI:       32/0/1760 MB DedicatedVideo/DedicatedSystem/SharedSystem, Outputs:0, VendorId:0x8086
[2017.02.27-21.06.37:916][  0]LogD3D11RHI:    2. 'Microsoft Basic Render Driver' (Feature Level 11_0)
[2017.02.27-21.06.37:916][  0]LogD3D11RHI:       0/0/256 MB DedicatedVideo/DedicatedSystem/SharedSystem, Outputs:0, VendorId:0x1414
[2017.02.27-21.06.37:916][  0]LogD3D11RHI: Chosen D3D11 Adapter: 0
[2017.02.27-21.06.37:919][  0]LogD3D11RHI: Creating new Direct3DDevice
[2017.02.27-21.06.37:919][  0]LogD3D11RHI:     GPU DeviceId: 0x1402 (for the marketing name, search the web for "GPU Device Id")
[2017.02.27-21.06.37:919][  0]LogWindows: EnumDisplayDevices:
[2017.02.27-21.06.37:919][  0]LogWindows:    0. 'NVIDIA GeForce GTX 950' (P:1 D:1)
[2017.02.27-21.06.37:920][  0]LogWindows:    1. 'NVIDIA GeForce GTX 950' (P:0 D:1)
[2017.02.27-21.06.37:920][  0]LogWindows:    2. 'NVIDIA GeForce GTX 950' (P:0 D:0)
[2017.02.27-21.06.37:920][  0]LogWindows:    3. 'NVIDIA GeForce GTX 950' (P:0 D:0)
[2017.02.27-21.06.37:920][  0]LogWindows:    4. 'Intel(R) HD Graphics 4600' (P:0 D:0)
[2017.02.27-21.06.37:920][  0]LogWindows:    5. 'Intel(R) HD Graphics 4600' (P:0 D:0)
[2017.02.27-21.06.37:920][  0]LogWindows:    6. 'Intel(R) HD Graphics 4600' (P:0 D:0)
[2017.02.27-21.06.37:921][  0]LogWindows: DebugString: PrimaryIsNotTheChoosenAdapter PrimaryIsNotTheChoosenAdapter PrimaryIsNotTheChoosenAdapter FoundDriverCount:4 
[2017.02.27-21.06.37:921][  0]LogD3D11RHI:     Adapter Name: NVIDIA GeForce GTX 950
[2017.02.27-21.06.37:921][  0]LogD3D11RHI:   Driver Version: 368.39 (internal:10.18.13.6839, unified:368.39)
[2017.02.27-21.06.37:921][  0]LogD3D11RHI:      Driver Date: 6-2-2016
[2017.02.27-21.06.37:921][  0]LogRHI: Texture pool is 1361 MB (70% of 1945 MB)
[2017.02.27-21.06.37:931][  0]LogD3D11RHI: Async texture creation enabled
[2017.02.27-21.06.37:947][  0]LogD3D11RHI: GPU Timing Frequency: 1000.000000 (Debug: 2 2)
[2017.02.27-21.06.37:947][  0]LogShaderCompilers: Guid format shader working directory is -12 characters bigger than the processId version (E:/Unreal Engine Projects/DissertationLevel/DissertationLevel/Intermediate/Shaders/WorkingDirectory/5160/).
[2017.02.27-21.06.37:947][  0]LogShaderCompilers: Cleaned the shader compiler working directory 'C:/Users/b3030113/AppData/Local/Temp/UnrealShaderWorkingDir/38A9D1604B9B064D8AB0C7BB096BC079/'.
[2017.02.27-21.06.37:947][  0]LogShaderCompilers:Display: Using Local Shader Compiler.
[2017.02.27-21.06.38:746][  0]LogTemp:Display: Loaded TP AllDesktopTargetPlatform
[2017.02.27-21.06.38:756][  0]LogTemp:Display: Loaded TP WindowsClientTargetPlatform
[2017.02.27-21.06.38:767][  0]LogTemp:Display: Loaded TP WindowsNoEditorTargetPlatform
[2017.02.27-21.06.38:777][  0]LogTemp:Display: Loaded TP WindowsServerTargetPlatform
[2017.02.27-21.06.38:786][  0]LogTemp:Display: Loaded TP WindowsTargetPlatform
[2017.02.27-21.06.38:796][  0]LogTemp:Display: Loaded TP AndroidTargetPlatform
[2017.02.27-21.06.38:805][  0]LogTemp:Display: Loaded TP Android_ASTCTargetPlatform
[2017.02.27-21.06.38:813][  0]LogTemp:Display: Loaded TP Android_ATCTargetPlatform
[2017.02.27-21.06.38:821][  0]LogTemp:Display: Loaded TP Android_DXTTargetPlatform
[2017.02.27-21.06.38:829][  0]LogTemp:Display: Loaded TP Android_ETC1TargetPlatform
[2017.02.27-21.06.38:838][  0]LogTemp:Display: Loaded TP Android_ETC2TargetPlatform
[2017.02.27-21.06.38:854][  0]LogTemp:Display: Loaded TP Android_MultiTargetPlatform
[2017.02.27-21.06.38:855][  0]LogTemp:Display: Loaded TP Android_PVRTCTargetPlatform
[2017.02.27-21.06.38:855][  0]LogTemp:Display: Loaded TP HTML5TargetPlatform
[2017.02.27-21.06.38:876][  0]LogTemp:Display: Loaded TP IOSTargetPlatform
[2017.02.27-21.06.38:884][  0]LogTemp:Display: Loaded TP TVOSTargetPlatform
[2017.02.27-21.06.38:892][  0]LogTemp:Display: Loaded TP LinuxNoEditorTargetPlatform
[2017.02.27-21.06.38:907][  0]LogTemp:Display: Loaded TP LinuxServerTargetPlatform
[2017.02.27-21.06.38:915][  0]LogTemp:Display: Loaded TP LinuxTargetPlatform
[2017.02.27-21.06.38:915][  0]LogTargetPlatformManager:Display: Building Assets For Windows
[2017.02.27-21.06.38:965][  0]LogDerivedDataCache:Display: Max Cache Size: 512 MB
[2017.02.27-21.06.39:008][  0]LogDerivedDataCache: Loaded boot cache 0.04s 50MB C:/Users/b3030113/AppData/Local/UnrealEngine/4.12/DerivedDataCache/Boot.ddc.
[2017.02.27-21.06.39:009][  0]LogDerivedDataCache:Display: Loaded Boot cache: C:/Users/b3030113/AppData/Local/UnrealEngine/4.12/DerivedDataCache/Boot.ddc
[2017.02.27-21.06.39:009][  0]LogDerivedDataCache: FDerivedDataBackendGraph:  Pak pak cache file E:/Unreal Engine Projects/DissertationLevel/DissertationLevel/DerivedDataCache/DDC.ddp not found, will not use a pak cache.
[2017.02.27-21.06.39:009][  0]LogDerivedDataCache: Unable to find inner node Pak for hierarchical cache Hierarchy.
[2017.02.27-21.06.39:009][  0]LogDerivedDataCache: FDerivedDataBackendGraph:  CompressedPak pak cache file E:/Unreal Engine Projects/DissertationLevel/DissertationLevel/DerivedDataCache/Compressed.ddp not found, will not use a pak cache.
[2017.02.27-21.06.39:009][  0]LogDerivedDataCache: Unable to find inner node CompressedPak for hierarchical cache Hierarchy.
[2017.02.27-21.06.39:024][  0]LogDerivedDataCache:Display: Pak cache opened for reading ../../../Engine/DerivedDataCache/Compressed.ddp.
[2017.02.27-21.06.39:036][  0]LogDerivedDataCache: Using Local data cache path C:/Users/b3030113/AppData/Local/UnrealEngine/Common/DerivedDataCache: Writable
[2017.02.27-21.06.39:546][  0]LogInit: Selected Device Profile: [Windows]
[2017.02.27-21.06.39:547][  0]LogContentStreaming: Texture pool size is 0.00 MB
[2017.02.27-21.06.39:784][  0]LogMeshUtilities: No automatic mesh reduction module available
[2017.02.27-21.06.39:784][  0]LogMeshUtilities: No automatic mesh merging module available
[2017.02.27-21.06.39:784][  0]LogMeshUtilities: No distributed automatic mesh merging module available
[2017.02.27-21.06.39:987][  0]LogAssetRegistry: FAssetRegistry took 0.0215 seconds to start up
[2017.02.27-21.06.41:022][  0]LogPackageLocalizationCache: Processed 3 localized package path(s) for 2 prioritized culture(s) in 1.028755 seconds
[2017.02.27-21.06.41:039][  0]LogUObjectArray: 28739 objects as part of root set at end of initial load.
[2017.02.27-21.06.41:039][  0]LogUObjectAllocator: 5855624 out of 0 bytes used by permanent object pool.
[2017.02.27-21.06.41:039][  0]LogUObjectArray: CloseDisregardForGC: 0/0 objects in disregard for GC pool
[2017.02.27-21.06.41:059][  0]LogInit: WinSock: version 1.1 (2.2), MaxSocks=32767, MaxUdp=65467
[2017.02.27-21.06.42:223][  0]LogSlate: SlateFontCache - WITH_FREETYPE: 1, WITH_HARFBUZZ: 1
[2017.02.27-21.06.42:223][  0]LogSlate: SlateFontCache - WITH_FREETYPE: 1, WITH_HARFBUZZ: 1
[2017.02.27-21.06.44:078][  0]LogUdpMessaging: Initializing bridge on interface 0.0.0.0:0 to multicast group 230.0.0.1:6666.
[2017.02.27-21.06.46:913][  0]SourceControl: Info Source control is disabled
[2017.02.27-21.06.46:969][  0]SourceControl: Info Source control is disabled
[2017.02.27-21.06.46:982][  0]SourceControl: Info Source control is disabled
[2017.02.27-21.06.46:996][  0]SourceControl: Info Source control is disabled
[2017.02.27-21.06.47:230][  0]LogEngine: Initializing Engine...
[2017.02.27-21.06.47:231][  0]LogHMD: SteamVR failed to initialize.  Err: 110
[2017.02.27-21.06.47:232][  0]LogHMD: SteamVR failed to initialize.  Err: 110
[2017.02.27-21.06.47:346][  0]LogAIModule: Creating AISystem for world NewWorld
[2017.02.27-21.06.47:349][  0]LogInit: XAudio2 using 'Speakers (Realtek High Definition Audio)' : 2 channels at 48 kHz using 32 bits per sample (channel mask 0x3)
[2017.02.27-21.06.47:364][  0]LogInit: FAudioDevice initialized.
[2017.02.27-21.06.47:386][  0]LogDerivedDataCache: Saved boot cache 0.02s 50MB C:/Users/b3030113/AppData/Local/UnrealEngine/4.12/DerivedDataCache/Boot.ddc.
[2017.02.27-21.06.47:393][  0]LogInit: Texture streaming: Enabled
[2017.02.27-21.06.47:423][  0]LogInit: Transaction tracking system initialized
[2017.02.27-21.06.47:437][  0]BlueprintLog: New page: Editor Load
[2017.02.27-21.06.47:586][  0]LocalizationService: Info Localization service is disabled
[2017.02.27-21.06.47:633][  0]LogConsoleResponse:Display: 
[2017.02.27-21.06.47:714][  0]LogCook:Display: Max memory allowance for cook 8192mb
[2017.02.27-21.06.47:714][  0]LogCook:Display: Mobile HDR setting 1
[2017.02.27-21.06.47:774][  0]LogFileCache: Scanning file cache for directory 'E:/Unreal Engine Projects/DissertationLevel/DissertationLevel/Content/' took 0.03s
[2017.02.27-21.06.47:774][  0]SourceControl: Info Source control is disabled
[2017.02.27-21.06.47:774][  0]Cmd: MAP LOAD FILE="E:/Unreal Engine Projects/DissertationLevel/DissertationLevel/Content/ThirdPersonCPP/Maps/ThirdPersonExampleMap.umap" TEMPLATE=0 SHOWPROGRESS=1 FEATURELEVEL=3
[2017.02.27-21.06.47:776][  0]LightingResults: New page: Lighting Build
[2017.02.27-21.06.47:777][  0]MapCheck: New page: Map Check
[2017.02.27-21.06.47:777][  0]LightingResults: New page: Lighting Build
[2017.02.27-21.06.47:965][  0]LogAIModule: Creating AISystem for world ThirdPersonExampleMap
[2017.02.27-21.06.47:974][  0]LogEditorServer: Finished looking for orphan Actors (0.000 secs)
[2017.02.27-21.06.47:975][  0]Cmd: MAP CHECKDEP NOCLEARLOG
[2017.02.27-21.06.48:054][  0]MapCheck: Info Map check complete: 0 Error(s), 0 Warning(s), took 78.904ms to complete.
[2017.02.27-21.06.48:054][  0]LogFileHelpers: Loading map 'ThirdPersonExampleMap' took 0.280
[2017.02.27-21.06.48:208][  0]LogCollectionManager: Loaded 0 collections in 0.001525 seconds
[2017.02.27-21.06.48:252][  0]LogFileCache: Scanning file cache for directory 'E:/Unreal Engine Projects/DissertationLevel/DissertationLevel/Saved/Collections/' took 0.01s
[2017.02.27-21.06.48:252][  0]LogFileCache: Scanning file cache for directory 'E:/Unreal Engine Projects/DissertationLevel/DissertationLevel/Content/Developers/b3030113/Collections/' took 0.01s
[2017.02.27-21.06.48:252][  0]LogFileCache: Scanning file cache for directory 'E:/Unreal Engine Projects/DissertationLevel/DissertationLevel/Content/Collections/' took 0.01s
[2017.02.27-21.06.48:252][  0]LogCollectionManager: Rebuilt the GUID cache for 0 collections in 0.000002 seconds
[2017.02.27-21.06.48:263][  0]LogContentBrowser: Native class hierarchy populated in 0.0110 seconds. Added 2056 classes and 371 folders.
[2017.02.27-21.06.48:266][  0]LogStats: UGameplayTagsManager::ConstructGameplayTagTree: Construct from data asset -  0.000 s
[2017.02.27-21.06.48:266][  0]LogStats: UGameplayTagsManager::ConstructGameplayTagTree: GameplayTagTreeChangedEvent.Broadcast -  0.000 s
[2017.02.27-21.06.48:270][  0]LogContentBrowser: Native class hierarchy updated for 'GameplayTags' in 0.0039 seconds. Added 12 classes and 0 folders.
[2017.02.27-21.06.48:276][  0]LogContentBrowser: Native class hierarchy updated for 'WidgetCarousel' in 0.0038 seconds. Added 0 classes and 0 folders.
[2017.02.27-21.06.48:534][  0]LogContentBrowser: Native class hierarchy updated for 'AddContentDialog' in 0.0075 seconds. Added 0 classes and 0 folders.
[2017.02.27-21.06.48:545][  0]LogContentBrowser: Native class hierarchy updated for 'SceneOutliner' in 0.0064 seconds. Added 1 classes and 2 folders.
[2017.02.27-21.06.48:556][  0]LogCrashTracker: Crashtracker disabled due to settings.
[2017.02.27-21.06.48:561][  0]LogUObjectGlobals:Warning: Failed to find object 'Class None.'
[2017.02.27-21.06.48:593][  0]LogContentBrowser: Native class hierarchy updated for 'HierarchicalLODOutliner' in 0.0070 seconds. Added 1 classes and 2 folders.
[2017.02.27-21.06.48:593][  0]LogLoad: Full Startup: 15.75 seconds (BP compile: 0.11 seconds)
[2017.02.27-21.06.48:593][  0]LogExternalProfiler: Found external profiler: VSPerf
[2017.02.27-21.06.48:593][  0]LogExternalProfiler: Using external profiler: VSPerf
[2017.02.27-21.06.48:933][  0]LogOcInput: OculusInput pre-init called
[2017.02.27-21.06.48:951][  0]LogContentStreaming: Texture pool size now 1000 MB
[2017.02.27-21.06.49:113][  0]LogRenderer: Reallocating scene render targets to support 1208x576 (Frame:2).
[2017.02.27-21.06.49:266][  1]LogActor:Warning: WinningLocation_BP_C /Engine/Transient.World_1:PersistentLevel.WinningLocation_BP_C_0 has natively added scene component(s), but none of them were set as the actor's RootComponent - picking one arbitrarily
[2017.02.27-21.06.49:281][  1]LogAssetRegistry: Asset discovery search completed in 9.3163 seconds
[2017.02.27-21.06.49:281][  1]LogCollectionManager: Rebuilt the object cache for 0 collections in 0.000001 seconds (found 0 objects)
[2017.02.27-21.06.49:281][  1]LogCollectionManager: Fixed up redirectors for 0 collections in 0.000017 seconds (updated 0 objects)
[2017.02.27-21.06.55:126][172]LogBlueprintUserMessages: Early PlayInEditor Detection: Level '/Game/ThirdPersonCPP/Maps/ThirdPersonExampleMap.ThirdPersonExampleMap:PersistentLevel' has LevelScriptBlueprint '/Game/ThirdPersonCPP/Maps/ThirdPersonExampleMap.ThirdPersonExampleMap:PersistentLevel.ThirdPersonExampleMap' with GeneratedClass '/Game/ThirdPersonCPP/Maps/ThirdPersonExampleMap.ThirdPersonExampleMap_C' with ClassGeneratedBy '/Game/ThirdPersonCPP/Maps/ThirdPersonExampleMap.ThirdPersonExampleMap:PersistentLevel.ThirdPersonExampleMap'
[2017.02.27-21.06.55:126][172]LogPlayLevel: PlayLevel: No blueprints needed recompiling
[2017.02.27-21.06.55:127][172]PIE: New page: PIE session: ThirdPersonExampleMap (27 Feb 2017 21:06:55)
[2017.02.27-21.06.55:127][172]LogPlayLevel: Creating play world package: /Game/ThirdPersonCPP/Maps/UEDPIE_0_ThirdPersonExampleMap
[2017.02.27-21.06.55:151][172]LogPlayLevel: PIE: StaticDuplicateObject took: (0.023140s)
[2017.02.27-21.06.55:152][172]LogAIModule: Creating AISystem for world ThirdPersonExampleMap
[2017.02.27-21.06.55:152][172]LogPlayLevel: PIE: World Init took: (0.001111s)
[2017.02.27-21.06.55:152][172]LogPlayLevel: PIE: Created PIE world by copying editor world from /Game/ThirdPersonCPP/Maps/ThirdPersonExampleMap.ThirdPersonExampleMap to /Game/ThirdPersonCPP/Maps/UEDPIE_0_ThirdPersonExampleMap.ThirdPersonExampleMap (0.025047s)
[2017.02.27-21.06.55:170][172]LogInit: XAudio2 using 'Speakers (Realtek High Definition Audio)' : 2 channels at 48 kHz using 32 bits per sample (channel mask 0x3)
[2017.02.27-21.06.55:175][172]LogInit: FAudioDevice initialized.
[2017.02.27-21.06.55:237][172]LogWorld: Game class is 'DissertationLevelGameMode'
[2017.02.27-21.06.55:277][172]LogWorld: Bringing World /Game/ThirdPersonCPP/Maps/UEDPIE_0_ThirdPersonExampleMap.ThirdPersonExampleMap up for play (max tick rate 0) at 2017.02.27-21.06.55
[2017.02.27-21.06.55:280][172]LogWorld: Bringing up level for play took: 0.041632
[2017.02.27-21.06.55:291][172]LogContentBrowser: Native class hierarchy updated for 'MovieSceneCapture' in 0.0077 seconds. Added 11 classes and 0 folders.
[2017.02.27-21.06.55:292][172]PIE: Info Play in editor start time for /Game/ThirdPersonCPP/Maps/UEDPIE_0_ThirdPersonExampleMap 0.12
[2017.02.27-21.06.55:292][172]LogBlueprintUserMessages: Late PlayInEditor Detection: Level '/Game/ThirdPersonCPP/Maps/ThirdPersonExampleMap.ThirdPersonExampleMap:PersistentLevel' has LevelScriptBlueprint '/Game/ThirdPersonCPP/Maps/ThirdPersonExampleMap.ThirdPersonExampleMap:PersistentLevel.ThirdPersonExampleMap' with GeneratedClass '/Game/ThirdPersonCPP/Maps/ThirdPersonExampleMap.ThirdPersonExampleMap_C' with ClassGeneratedBy '/Game/ThirdPersonCPP/Maps/ThirdPersonExampleMap.ThirdPersonExampleMap:PersistentLevel.ThirdPersonExampleMap'
[2017.02.27-21.07.49:436][643]LogBlueprintUserMessages: Early EndPlayMap Detection: Level '/Game/ThirdPersonCPP/Maps/ThirdPersonExampleMap.ThirdPersonExampleMap:PersistentLevel' has LevelScriptBlueprint '/Game/ThirdPersonCPP/Maps/ThirdPersonExampleMap.ThirdPersonExampleMap:PersistentLevel.ThirdPersonExampleMap' with GeneratedClass '/Game/ThirdPersonCPP/Maps/ThirdPersonExampleMap.ThirdPersonExampleMap_C' with ClassGeneratedBy '/Game/ThirdPersonCPP/Maps/ThirdPersonExampleMap.ThirdPersonExampleMap:PersistentLevel.ThirdPersonExampleMap'
[2017.02.27-21.07.49:468][643]LogBlueprintUserMessages: Late EndPlayMap Detection: Level '/Game/ThirdPersonCPP/Maps/ThirdPersonExampleMap.ThirdPersonExampleMap:PersistentLevel' has LevelScriptBlueprint '/Game/ThirdPersonCPP/Maps/ThirdPersonExampleMap.ThirdPersonExampleMap:PersistentLevel.ThirdPersonExampleMap' with GeneratedClass '/Game/ThirdPersonCPP/Maps/ThirdPersonExampleMap.ThirdPersonExampleMap_C' with ClassGeneratedBy '/Game/ThirdPersonCPP/Maps/ThirdPersonExampleMap.ThirdPersonExampleMap:PersistentLevel.ThirdPersonExampleMap'
[2017.02.27-21.07.50:456][754]LogBlueprintUserMessages: Early PlayInEditor Detection: Level '/Game/ThirdPersonCPP/Maps/ThirdPersonExampleMap.ThirdPersonExampleMap:PersistentLevel' has LevelScriptBlueprint '/Game/ThirdPersonCPP/Maps/ThirdPersonExampleMap.ThirdPersonExampleMap:PersistentLevel.ThirdPersonExampleMap' with GeneratedClass '/Game/ThirdPersonCPP/Maps/ThirdPersonExampleMap.ThirdPersonExampleMap_C' with ClassGeneratedBy '/Game/ThirdPersonCPP/Maps/ThirdPersonExampleMap.ThirdPersonExampleMap:PersistentLevel.ThirdPersonExampleMap'
[2017.02.27-21.07.50:456][754]LogPlayLevel: PlayLevel: No blueprints needed recompiling
[2017.02.27-21.07.50:456][754]PIE: New page: PIE session: ThirdPersonExampleMap (27 Feb 2017 21:07:50)
[2017.02.27-21.07.50:456][754]LogPlayLevel: Creating play world package: /Game/ThirdPersonCPP/Maps/UEDPIE_0_ThirdPersonExampleMap
[2017.02.27-21.07.50:475][754]LogPlayLevel: PIE: StaticDuplicateObject took: (0.018946s)
[2017.02.27-21.07.50:476][754]LogAIModule: Creating AISystem for world ThirdPersonExampleMap
[2017.02.27-21.07.50:476][754]LogPlayLevel: PIE: World Init took: (0.000786s)
[2017.02.27-21.07.50:476][754]LogPlayLevel: PIE: Created PIE world by copying editor world from /Game/ThirdPersonCPP/Maps/ThirdPersonExampleMap.ThirdPersonExampleMap to /Game/ThirdPersonCPP/Maps/UEDPIE_0_ThirdPersonExampleMap.ThirdPersonExampleMap (0.020011s)
[2017.02.27-21.07.50:488][754]LogInit: XAudio2 using 'Speakers (Realtek High Definition Audio)' : 2 channels at 48 kHz using 32 bits per sample (channel mask 0x3)
[2017.02.27-21.07.50:494][754]LogInit: FAudioDevice initialized.
[2017.02.27-21.07.50:541][754]LogWorld: Game class is 'DissertationLevelGameMode'
[2017.02.27-21.07.50:587][754]LogWorld: Bringing World /Game/ThirdPersonCPP/Maps/UEDPIE_0_ThirdPersonExampleMap.ThirdPersonExampleMap up for play (max tick rate 0) at 2017.02.27-21.07.50
[2017.02.27-21.07.50:592][754]LogWorld: Bringing up level for play took: 0.049612
[2017.02.27-21.07.50:595][754]PIE: Info Play in editor start time for /Game/ThirdPersonCPP/Maps/UEDPIE_0_ThirdPersonExampleMap -0.575
[2017.02.27-21.07.50:596][754]LogBlueprintUserMessages: Late PlayInEditor Detection: Level '/Game/ThirdPersonCPP/Maps/ThirdPersonExampleMap.ThirdPersonExampleMap:PersistentLevel' has LevelScriptBlueprint '/Game/ThirdPersonCPP/Maps/ThirdPersonExampleMap.ThirdPersonExampleMap:PersistentLevel.ThirdPersonExampleMap' with GeneratedClass '/Game/ThirdPersonCPP/Maps/ThirdPersonExampleMap.ThirdPersonExampleMap_C' with ClassGeneratedBy '/Game/ThirdPersonCPP/Maps/ThirdPersonExampleMap.ThirdPersonExampleMap:PersistentLevel.ThirdPersonExampleMap'
[2017.02.27-21.08.13:566][496]LogBlueprintUserMessages: Early EndPlayMap Detection: Level '/Game/ThirdPersonCPP/Maps/ThirdPersonExampleMap.ThirdPersonExampleMap:PersistentLevel' has LevelScriptBlueprint '/Game/ThirdPersonCPP/Maps/ThirdPersonExampleMap.ThirdPersonExampleMap:PersistentLevel.ThirdPersonExampleMap' with GeneratedClass '/Game/ThirdPersonCPP/Maps/ThirdPersonExampleMap.ThirdPersonExampleMap_C' with ClassGeneratedBy '/Game/ThirdPersonCPP/Maps/ThirdPersonExampleMap.ThirdPersonExampleMap:PersistentLevel.ThirdPersonExampleMap'
[2017.02.27-21.08.13:595][496]LogBlueprintUserMessages: Late EndPlayMap Detection: Level '/Game/ThirdPersonCPP/Maps/ThirdPersonExampleMap.ThirdPersonExampleMap:PersistentLevel' has LevelScriptBlueprint '/Game/ThirdPersonCPP/Maps/ThirdPersonExampleMap.ThirdPersonExampleMap:PersistentLevel.ThirdPersonExampleMap' with GeneratedClass '/Game/ThirdPersonCPP/Maps/ThirdPersonExampleMap.ThirdPersonExampleMap_C' with ClassGeneratedBy '/Game/ThirdPersonCPP/Maps/ThirdPersonExampleMap.ThirdPersonExampleMap:PersistentLevel.ThirdPersonExampleMap'
[2017.02.27-21.09.18:764][321]LogBlueprintUserMessages: Early PlayInEditor Detection: Level '/Game/ThirdPersonCPP/Maps/ThirdPersonExampleMap.ThirdPersonExampleMap:PersistentLevel' has LevelScriptBlueprint '/Game/ThirdPersonCPP/Maps/ThirdPersonExampleMap.ThirdPersonExampleMap:PersistentLevel.ThirdPersonExampleMap' with GeneratedClass '/Game/ThirdPersonCPP/Maps/ThirdPersonExampleMap.ThirdPersonExampleMap_C' with ClassGeneratedBy '/Game/ThirdPersonCPP/Maps/ThirdPersonExampleMap.ThirdPersonExampleMap:PersistentLevel.ThirdPersonExampleMap'
[2017.02.27-21.09.18:764][321]LogPlayLevel: PlayLevel: No blueprints needed recompiling
[2017.02.27-21.09.18:764][321]PIE: New page: PIE session: ThirdPersonExampleMap (27 Feb 2017 21:09:18)
[2017.02.27-21.09.18:764][321]LogPlayLevel: Creating play world package: /Game/ThirdPersonCPP/Maps/UEDPIE_0_ThirdPersonExampleMap
[2017.02.27-21.09.18:834][321]LogPlayLevel: PIE: StaticDuplicateObject took: (0.069748s)
[2017.02.27-21.09.18:838][321]LogAIModule: Creating AISystem for world ThirdPersonExampleMap
[2017.02.27-21.09.18:838][321]LogPlayLevel: PIE: World Init took: (0.003692s)
[2017.02.27-21.09.18:839][321]LogPlayLevel: PIE: Created PIE world by copying editor world from /Game/ThirdPersonCPP/Maps/ThirdPersonExampleMap.ThirdPersonExampleMap to /Game/ThirdPersonCPP/Maps/UEDPIE_0_ThirdPersonExampleMap.ThirdPersonExampleMap (0.074403s)
[2017.02.27-21.09.18:897][321]LogInit: XAudio2 using 'Speakers (Realtek High Definition Audio)' : 2 channels at 48 kHz using 32 bits per sample (channel mask 0x3)
[2017.02.27-21.09.18:910][321]LogInit: FAudioDevice initialized.
[2017.02.27-21.09.18:985][321]LogWorld: Game class is 'DissertationLevelGameMode'
[2017.02.27-21.09.19:043][321]LogWorld: Bringing World /Game/ThirdPersonCPP/Maps/UEDPIE_0_ThirdPersonExampleMap.ThirdPersonExampleMap up for play (max tick rate 0) at 2017.02.27-21.09.19
[2017.02.27-21.09.19:048][321]LogWorld: Bringing up level for play took: 0.061319
[2017.02.27-21.09.19:053][321]PIE: Info Play in editor start time for /Game/ThirdPersonCPP/Maps/UEDPIE_0_ThirdPersonExampleMap -0.112
[2017.02.27-21.09.19:053][321]LogBlueprintUserMessages: Late PlayInEditor Detection: Level '/Game/ThirdPersonCPP/Maps/ThirdPersonExampleMap.ThirdPersonExampleMap:PersistentLevel' has LevelScriptBlueprint '/Game/ThirdPersonCPP/Maps/ThirdPersonExampleMap.ThirdPersonExampleMap:PersistentLevel.ThirdPersonExampleMap' with GeneratedClass '/Game/ThirdPersonCPP/Maps/ThirdPersonExampleMap.ThirdPersonExampleMap_C' with ClassGeneratedBy '/Game/ThirdPersonCPP/Maps/ThirdPersonExampleMap.ThirdPersonExampleMap:PersistentLevel.ThirdPersonExampleMap'
[2017.02.27-21.09.40:998][928]LogBlueprintUserMessages: Early EndPlayMap Detection: Level '/Game/ThirdPersonCPP/Maps/ThirdPersonExampleMap.ThirdPersonExampleMap:PersistentLevel' has LevelScriptBlueprint '/Game/ThirdPersonCPP/Maps/ThirdPersonExampleMap.ThirdPersonExampleMap:PersistentLevel.ThirdPersonExampleMap' with GeneratedClass '/Game/ThirdPersonCPP/Maps/ThirdPersonExampleMap.ThirdPersonExampleMap_C' with ClassGeneratedBy '/Game/ThirdPersonCPP/Maps/ThirdPersonExampleMap.ThirdPersonExampleMap:PersistentLevel.ThirdPersonExampleMap'
[2017.02.27-21.09.41:028][928]LogBlueprintUserMessages: Late EndPlayMap Detection: Level '/Game/ThirdPersonCPP/Maps/ThirdPersonExampleMap.ThirdPersonExampleMap:PersistentLevel' has LevelScriptBlueprint '/Game/ThirdPersonCPP/Maps/ThirdPersonExampleMap.ThirdPersonExampleMap:PersistentLevel.ThirdPersonExampleMap' with GeneratedClass '/Game/ThirdPersonCPP/Maps/ThirdPersonExampleMap.ThirdPersonExampleMap_C' with ClassGeneratedBy '/Game/ThirdPersonCPP/Maps/ThirdPersonExampleMap.ThirdPersonExampleMap:PersistentLevel.ThirdPersonExampleMap'
[2017.02.27-21.11.56:295][ 76]LogBlueprintUserMessages: Early PlayInEditor Detection: Level '/Game/ThirdPersonCPP/Maps/ThirdPersonExampleMap.ThirdPersonExampleMap:Persist