Log file open, 03/07/17 14:03:48
LogInit:Display: Running engine for game: DissertationLevel
LogPlatformFile: Not using cached read wrapper
LogInit:Display: RandInit(-913525097) SRandInit(-913525095).
LogTaskGraph: Started task graph with 4 named threads and 7 total threads with 1 sets of task threads.
LogStats: Stats thread started at 0.077482
LogInit: Version: 4.12.5-3039270+++UE4+Release-4.12
LogInit: API Version: 2992821
LogInit: Net Version: 3039270
LogDevObjectVersion: Number of dev versions registered: 13
LogDevObjectVersion:   Dev-Blueprints (B0D832E4-1F89-4F0D-ACCF-7EB736FD4AA2): 3
LogDevObjectVersion:   Dev-Build (E1C64328-A22C-4D53-A36C-8E866417BD8C): 0
LogDevObjectVersion:   Dev-Core (375EC13C-06E4-48FB-B500-84F0262A717E): 1
LogDevObjectVersion:   Dev-Editor (E4B068ED-F494-42E9-A231-DA0B2E46BB41): 2
LogDevObjectVersion:   Dev-Framework (CFFC743F-43B0-4480-9391-14DF171D2073): 6
LogDevObjectVersion:   Dev-Mobile (B02B49B5-BB20-44E9-A304-32B752E40360): 0
LogDevObjectVersion:   Dev-Networking (A4E4105C-59A1-49B5-A7C5-40C4547EDFEE): 0
LogDevObjectVersion:   Dev-Online (39C831C9-5AE6-47DC-9A44-9C173E1C8E7C): 0
LogDevObjectVersion:   Dev-Physics (78F01B33-EBEA-4F98-B9B4-84EACCB95AA2): 0
LogDevObjectVersion:   Dev-Platform (6631380F-2D4D-43E0-8009-CF276956A95A): 0
LogDevObjectVersion:   Dev-Rendering (12F88B9F-8875-4AFC-A67C-D90C383ABD29): 2
LogDevObjectVersion:   Dev-Sequencer (7B5AE74C-D270-4C10-A958-57980B212A5A): 0
LogDevObjectVersion:   Dev-VR (D7296918-1DD6-4BDD-9DE2-64A83CC13884): 0
LogInit: Compiled (64-bit): Jul  6 2016 09:09:46
LogInit: Compiled with Visual C++: 19.00.23026.00
LogInit: Build Configuration: Development
LogInit: Branch Name: ++UE4+Release-4.12
LogInit: Command line: 
LogInit: Base directory: C:/Program Files/Epic Games/4.12/Engine/Binaries/Win64/
LogInit: Installed Engine Build: 1
LogInit: Using libcurl 7.41.0
LogInit:  - built for x86_64-pc-win32
LogInit:  - supports SSL with WinSSL
LogInit:  - other features:
LogInit:      CURL_VERSION_SSL
LogInit:      CURL_VERSION_IPV6
LogInit:      CURL_VERSION_ASYNCHDNS
LogInit:      CURL_VERSION_LARGEFILE
LogInit:      CURL_VERSION_IDN
LogInit:  CurlRequestOptions (configurable via config and command line):
LogInit:  - bVerifyPeer = true  - Libcurl will verify peer certificate
LogInit:  - bUseHttpProxy = false  - Libcurl will NOT use HTTP proxy
LogInit:  - bDontReuseConnections = false  - Libcurl will reuse connections
LogInit:  - CertBundlePath = nullptr  - Libcurl will use whatever was configured at build time.
LogInit: Presizing for max 8388607 objects, including 0 objects not considered by GC, pre-allocating 0 bytes for permanent pool.
LogInit: Object subsystem initialized
[2017.03.07-14.03.48:723][  0]LogInit: Selected Device Profile: [Windows]
[2017.03.07-14.03.48:723][  0]LogInit: Applying CVar settings loaded from the selected device profile: [Windows]
[2017.03.07-14.03.48:813][  0]LogInit: Computer: RIGG048
[2017.03.07-14.03.48:813][  0]LogInit: User: b3030113
[2017.03.07-14.03.48:813][  0]LogInit: CPU Page size=65536, Cores=4
[2017.03.07-14.03.48:813][  0]LogInit: High frequency timer resolution =2.734398 MHz
[2017.03.07-14.03.48:813][  0]LogMemory: Memory total: Physical=8.0GB (8GB approx)
[2017.03.07-14.03.48:814][  0]LogMemory: Platform Memory Stats for Windows
[2017.03.07-14.03.48:814][  0]LogMemory: Process Physical Memory: 188.38 MB used, 188.38 MB peak
[2017.03.07-14.03.48:814][  0]LogMemory: Process Virtual Memory: 195.04 MB used, 195.04 MB peak
[2017.03.07-14.03.48:814][  0]LogMemory: Physical Memory: 3727.39 MB used, 8145.50 MB total
[2017.03.07-14.03.48:814][  0]LogMemory: Virtual Memory: 536.59 MB used, 134217728.00 MB total
[2017.03.07-14.03.48:849][  0]LogTextLocalizationManager: No specific translations for ('en-GB') exist, so ('en') translations will be used.
[2017.03.07-14.03.49:321][  0]LogD3D11RHI: D3D11 adapters:
[2017.03.07-14.03.49:338][  0]LogD3D11RHI:    0. 'NVIDIA Quadro 600 ' (Feature Level 11_0)
[2017.03.07-14.03.49:338][  0]LogD3D11RHI:       963/0/4072 MB DedicatedVideo/DedicatedSystem/SharedSystem, Outputs:1, VendorId:0x10de
[2017.03.07-14.03.49:342][  0]LogD3D11RHI:    1. 'Microsoft Basic Render Driver' (Feature Level 11_0)
[2017.03.07-14.03.49:342][  0]LogD3D11RHI:       0/0/256 MB DedicatedVideo/DedicatedSystem/SharedSystem, Outputs:0, VendorId:0x1414
[2017.03.07-14.03.49:342][  0]LogD3D11RHI: Chosen D3D11 Adapter: 0
[2017.03.07-14.03.49:346][  0]LogD3D11RHI: Creating new Direct3DDevice
[2017.03.07-14.03.49:346][  0]LogD3D11RHI:     GPU DeviceId: 0xdf8 (for the marketing name, search the web for "GPU Device Id")
[2017.03.07-14.03.49:346][  0]LogWindows: EnumDisplayDevices:
[2017.03.07-14.03.49:346][  0]LogWindows:    0. 'NVIDIA Quadro 600 ' (P:1 D:1)
[2017.03.07-14.03.49:346][  0]LogWindows:    1. 'NVIDIA Quadro 600 ' (P:0 D:0)
[2017.03.07-14.03.49:346][  0]LogWindows: DebugString: FoundDriverCount:2 
[2017.03.07-14.03.49:346][  0]LogD3D11RHI:     Adapter Name: NVIDIA Quadro 600 
[2017.03.07-14.03.49:346][  0]LogD3D11RHI:   Driver Version: 362.84 (internal:10.18.13.6284, unified:362.84)
[2017.03.07-14.03.49:346][  0]LogD3D11RHI:      Driver Date: 6-26-2016
[2017.03.07-14.03.49:346][  0]LogRHI: Texture pool is 674 MB (70% of 963 MB)
[2017.03.07-14.03.49:358][  0]LogD3D11RHI: Async texture creation enabled
[2017.03.07-14.03.49:377][  0]LogD3D11RHI: GPU Timing Frequency: 1000.000000 (Debug: 2 2)
[2017.03.07-14.03.49:377][  0]LogShaderCompilers: Guid format shader working directory is -12 characters bigger than the processId version (E:/Unreal Engine Projects/DissertationLevel/DissertationLevel/Intermediate/Shaders/WorkingDirectory/5016/).
[2017.03.07-14.03.49:377][  0]LogShaderCompilers: Cleaned the shader compiler working directory 'C:/Users/b3030113/AppData/Local/Temp/UnrealShaderWorkingDir/56C3FE624BFD27E3A7ABADABB97DADB2/'.
[2017.03.07-14.03.49:377][  0]LogShaderCompilers:Display: Using Local Shader Compiler.
[2017.03.07-14.03.50:424][  0]LogTemp:Display: Loaded TP AllDesktopTargetPlatform
[2017.03.07-14.03.50:436][  0]LogTemp:Display: Loaded TP WindowsClientTargetPlatform
[2017.03.07-14.03.50:448][  0]LogTemp:Display: Loaded TP WindowsNoEditorTargetPlatform
[2017.03.07-14.03.50:461][  0]LogTemp:Display: Loaded TP WindowsServerTargetPlatform
[2017.03.07-14.03.50:476][  0]LogTemp:Display: Loaded TP WindowsTargetPlatform
[2017.03.07-14.03.50:490][  0]LogTemp:Display: Loaded TP AndroidTargetPlatform
[2017.03.07-14.03.50:505][  0]LogTemp:Display: Loaded TP Android_ASTCTargetPlatform
[2017.03.07-14.03.50:515][  0]LogTemp:Display: Loaded TP Android_ATCTargetPlatform
[2017.03.07-14.03.50:527][  0]LogTemp:Display: Loaded TP Android_DXTTargetPlatform
[2017.03.07-14.03.50:537][  0]LogTemp:Display: Loaded TP Android_ETC1TargetPlatform
[2017.03.07-14.03.50:548][  0]LogTemp:Display: Loaded TP Android_ETC2TargetPlatform
[2017.03.07-14.03.50:572][  0]LogTemp:Display: Loaded TP Android_MultiTargetPlatform
[2017.03.07-14.03.50:572][  0]LogTemp:Display: Loaded TP Android_PVRTCTargetPlatform
[2017.03.07-14.03.50:573][  0]LogTemp:Display: Loaded TP HTML5TargetPlatform
[2017.03.07-14.03.50:598][  0]LogTemp:Display: Loaded TP IOSTargetPlatform
[2017.03.07-14.03.50:610][  0]LogTemp:Display: Loaded TP TVOSTargetPlatform
[2017.03.07-14.03.50:621][  0]LogTemp:Display: Loaded TP LinuxNoEditorTargetPlatform
[2017.03.07-14.03.50:632][  0]LogTemp:Display: Loaded TP LinuxServerTargetPlatform
[2017.03.07-14.03.50:645][  0]LogTemp:Display: Loaded TP LinuxTargetPlatform
[2017.03.07-14.03.50:645][  0]LogTargetPlatformManager:Display: Building Assets For Windows
[2017.03.07-14.03.50:703][  0]LogDerivedDataCache:Display: Max Cache Size: 512 MB
[2017.03.07-14.03.50:767][  0]LogDerivedDataCache: Loaded boot cache 0.06s 71MB C:/Users/b3030113/AppData/Local/UnrealEngine/4.12/DerivedDataCache/Boot.ddc.
[2017.03.07-14.03.50:767][  0]LogDerivedDataCache:Display: Loaded Boot cache: C:/Users/b3030113/AppData/Local/UnrealEngine/4.12/DerivedDataCache/Boot.ddc
[2017.03.07-14.03.50:768][  0]LogDerivedDataCache: FDerivedDataBackendGraph:  Pak pak cache file E:/Unreal Engine Projects/DissertationLevel/DissertationLevel/DerivedDataCache/DDC.ddp not found, will not use a pak cache.
[2017.03.07-14.03.50:768][  0]LogDerivedDataCache: Unable to find inner node Pak for hierarchical cache Hierarchy.
[2017.03.07-14.03.50:768][  0]LogDerivedDataCache: FDerivedDataBackendGraph:  CompressedPak pak cache file E:/Unreal Engine Projects/DissertationLevel/DissertationLevel/DerivedDataCache/Compressed.ddp not found, will not use a pak cache.
[2017.03.07-14.03.50:768][  0]LogDerivedDataCache: Unable to find inner node CompressedPak for hierarchical cache Hierarchy.
[2017.03.07-14.03.50:785][  0]LogDerivedDataCache:Display: Pak cache opened for reading ../../../Engine/DerivedDataCache/Compressed.ddp.
[2017.03.07-14.03.50:797][  0]LogDerivedDataCache: Using Local data cache path C:/Users/b3030113/AppData/Local/UnrealEngine/Common/DerivedDataCache: Writable
[2017.03.07-14.03.51:613][  0]LogInit: Selected Device Profile: [Windows]
[2017.03.07-14.03.51:613][  0]LogContentStreaming: Texture pool size is 0.00 MB
[2017.03.07-14.03.51:865][  0]LogMeshUtilities: No automatic mesh reduction module available
[2017.03.07-14.03.51:865][  0]LogMeshUtilities: No automatic mesh merging module available
[2017.03.07-14.03.51:865][  0]LogMeshUtilities: No distributed automatic mesh merging module available
[2017.03.07-14.03.52:123][  0]LogAssetRegistry: FAssetRegistry took 0.0222 seconds to start up
[2017.03.07-14.03.53:112][  0]LogPackageLocalizationCache: Processed 3 localized package path(s) for 2 prioritized culture(s) in 0.986430 seconds
[2017.03.07-14.03.53:121][  0]LogUObjectArray: 28739 objects as part of root set at end of initial load.
[2017.03.07-14.03.53:121][  0]LogUObjectAllocator: 5855632 out of 0 bytes used by permanent object pool.
[2017.03.07-14.03.53:121][  0]LogUObjectArray: CloseDisregardForGC: 0/0 objects in disregard for GC pool
[2017.03.07-14.03.53:132][  0]LogInit: WinSock: version 1.1 (2.2), MaxSocks=32767, MaxUdp=65467
[2017.03.07-14.03.53:311][  0]LogSlate: SlateFontCache - WITH_FREETYPE: 1, WITH_HARFBUZZ: 1
[2017.03.07-14.03.53:311][  0]LogSlate: SlateFontCache - WITH_FREETYPE: 1, WITH_HARFBUZZ: 1
[2017.03.07-14.03.55:256][  0]LogUdpMessaging: Initializing bridge on interface 0.0.0.0:0 to multicast group 230.0.0.1:6666.
[2017.03.07-14.03.59:012][  0]SourceControl: Info Source control is disabled
[2017.03.07-14.03.59:052][  0]SourceControl: Info Source control is disabled
[2017.03.07-14.03.59:060][  0]SourceControl: Info Source control is disabled
[2017.03.07-14.03.59:067][  0]SourceControl: Info Source control is disabled
[2017.03.07-14.03.59:234][  0]LogEngine: Initializing Engine...
[2017.03.07-14.03.59:235][  0]LogHMD: SteamVR failed to initialize.  Err: 110
[2017.03.07-14.03.59:236][  0]LogHMD: SteamVR failed to initialize.  Err: 110
[2017.03.07-14.03.59:365][  0]LogAIModule: Creating AISystem for world NewWorld
[2017.03.07-14.03.59:370][  0]LogInit: XAudio2 using 'Speakers (Realtek High Definition Audio)' : 2 channels at 48 kHz using 32 bits per sample (channel mask 0x3)
[2017.03.07-14.03.59:387][  0]LogInit: FAudioDevice initialized.
[2017.03.07-14.03.59:416][  0]LogDerivedDataCache: Saved boot cache 0.03s 58MB C:/Users/b3030113/AppData/Local/UnrealEngine/4.12/DerivedDataCache/Boot.ddc.
[2017.03.07-14.03.59:427][  0]LogInit: Texture streaming: Enabled
[2017.03.07-14.03.59:443][  0]LogInit: Transaction tracking system initialized
[2017.03.07-14.03.59:460][  0]BlueprintLog: New page: Editor Load
[2017.03.07-14.03.59:597][  0]LocalizationService: Info Localization service is disabled
[2017.03.07-14.03.59:647][  0]LogConsoleResponse:Display: 
[2017.03.07-14.03.59:754][  0]LogCook:Display: Max memory allowance for cook 8192mb
[2017.03.07-14.03.59:754][  0]LogCook:Display: Mobile HDR setting 1
[2017.03.07-14.03.59:831][  0]LogFileCache: Scanning file cache for directory 'E:/Unreal Engine Projects/DissertationLevel/DissertationLevel/Content/' took 0.03s
[2017.03.07-14.03.59:831][  0]SourceControl: Info Source control is disabled
[2017.03.07-14.03.59:831][  0]Cmd: MAP LOAD FILE="E:/Unreal Engine Projects/DissertationLevel/DissertationLevel/Content/ThirdPersonCPP/Maps/ThirdPersonExampleMap.umap" TEMPLATE=0 SHOWPROGRESS=1 FEATURELEVEL=3
[2017.03.07-14.03.59:851][  0]LightingResults: New page: Lighting Build
[2017.03.07-14.03.59:853][  0]MapCheck: New page: Map Check
[2017.03.07-14.03.59:853][  0]LightingResults: New page: Lighting Build
[2017.03.07-14.04.00:535][  0]LogAIModule: Creating AISystem for world ThirdPersonExampleMap
[2017.03.07-14.04.00:547][  0]LogEditorServer: Finished looking for orphan Actors (0.000 secs)
[2017.03.07-14.04.00:548][  0]Cmd: MAP CHECKDEP NOCLEARLOG
[2017.03.07-14.04.00:642][  0]MapCheck: Info Map check complete: 0 Error(s), 0 Warning(s), took 94.199ms to complete.
[2017.03.07-14.04.00:642][  0]LogFileHelpers: Loading map 'ThirdPersonExampleMap' took 0.811
[2017.03.07-14.04.00:898][  0]LogCollectionManager: Loaded 0 collections in 0.005015 seconds
[2017.03.07-14.04.00:945][  0]LogFileCache: Scanning file cache for directory 'E:/Unreal Engine Projects/DissertationLevel/DissertationLevel/Saved/Collections/' took 0.01s
[2017.03.07-14.04.00:945][  0]LogFileCache: Scanning file cache for directory 'E:/Unreal Engine Projects/DissertationLevel/DissertationLevel/Content/Developers/b3030113/Collections/' took 0.01s
[2017.03.07-14.04.00:945][  0]LogFileCache: Scanning file cache for directory 'E:/Unreal Engine Projects/DissertationLevel/DissertationLevel/Content/Collections/' took 0.01s
[2017.03.07-14.04.00:945][  0]LogCollectionManager: Rebuilt the GUID cache for 0 collections in 0.000003 seconds
[2017.03.07-14.04.00:972][  0]LogContentBrowser: Native class hierarchy populated in 0.0266 seconds. Added 2068 classes and 376 folders.
[2017.03.07-14.04.00:975][  0]LogStats: UGameplayTagsManager::ConstructGameplayTagTree: Construct from data asset -  0.000 s
[2017.03.07-14.04.00:975][  0]LogStats: UGameplayTagsManager::ConstructGameplayTagTree: GameplayTagTreeChangedEvent.Broadcast -  0.000 s
[2017.03.07-14.04.00:994][  0]LogContentBrowser: Native class hierarchy updated for 'GameplayTags' in 0.0192 seconds. Added 12 classes and 0 folders.
[2017.03.07-14.04.01:017][  0]LogContentBrowser: Native class hierarchy updated for 'WidgetCarousel' in 0.0189 seconds. Added 0 classes and 0 folders.
[2017.03.07-14.04.01:838][  0]LogContentBrowser: Native class hierarchy updated for 'AddContentDialog' in 0.0193 seconds. Added 0 classes and 0 folders.
[2017.03.07-14.04.01:861][  0]LogContentBrowser: Native class hierarchy updated for 'SceneOutliner' in 0.0192 seconds. Added 1 classes and 2 folders.
[2017.03.07-14.04.01:883][  0]LogCrashTracker: Crashtracker disabled due to settings.
[2017.03.07-14.04.01:892][  0]LogUObjectGlobals:Warning: Failed to find object 'Class None.'
[2017.03.07-14.04.01:936][  0]LogContentBrowser: Native class hierarchy updated for 'HierarchicalLODOutliner' in 0.0193 seconds. Added 1 classes and 2 folders.
[2017.03.07-14.04.01:936][  0]LogLoad: Full Startup: 15.44 seconds (BP compile: 0.07 seconds)
[2017.03.07-14.04.01:936][  0]LogExternalProfiler: Found external profiler: VSPerf
[2017.03.07-14.04.01:936][  0]LogExternalProfiler: Using external profiler: VSPerf
[2017.03.07-14.04.02:277][  0]LogOcInput: OculusInput pre-init called
[2017.03.07-14.04.02:303][  0]LogContentStreaming: Texture pool size now 1000 MB
[2017.03.07-14.04.02:503][  0]LogRenderer: Reallocating scene render targets to support 1208x576 (Frame:2).
[2017.03.07-14.04.02:721][  1]LogActor:Warning: WinningLocation_BP_C /Engine/Transient.World_1:PersistentLevel.WinningLocation_BP_C_0 has natively added scene component(s), but none of them were set as the actor's RootComponent - picking one arbitrarily
[2017.03.07-14.04.03:113][  2]LogAssetRegistry: Asset discovery search completed in 11.0125 seconds
[2017.03.07-14.04.03:113][  2]LogCollectionManager: Rebuilt the object cache for 0 collections in 0.000001 seconds (found 0 objects)
[2017.03.07-14.04.03:113][  2]LogCollectionManager: Fixed up redirectors for 0 collections in 0.000042 seconds (updated 0 objects)
[2017.03.07-14.04.09:040][186]LogActor:Warning: WinningLocation_BP_C /Engine/Transient.World_1:PersistentLevel.WinningLocation_BP_C_1 has natively added scene component(s), but none of them were set as the actor's RootComponent - picking one arbitrarily
[2017.03.07-14.04.09:083][187]LogActor:Warning: WinningLocation_BP_C /Engine/Transient.World_1:PersistentLevel.WinningLocation_BP_C_2 has natively added scene component(s), but none of them were set as the actor's RootComponent - picking one arbitrarily
[2017.03.07-14.04.09:335][189]LogActor:Warning: WinningLocation_BP_C /Engine/Transient.World_1:PersistentLevel.WinningLocation_BP_C_3 has natively added scene component(s), but none of them were set as the actor's RootComponent - picking one arbitrarily
[2017.03.07-14.04.09:503][190]LogActor:Warning: WinningLocation_BP_C /Engine/Transient.World_1:PersistentLevel.WinningLocation_BP_C_4 has natively added scene component(s), but none of them were set as the actor's RootComponent - picking one arbitrarily
[2017.03.07-14.04.09:513][191]LogActor:Warning: WinningLocation_BP_C /Engine/Transient.World_1:PersistentLevel.WinningLocation_BP_C_5 has natively added scene component(s), but none of them were set as the actor's RootComponent - picking one arbitrarily
[2017.03.07-14.04.09:523][192]LogActor:Warning: WinningLocation_BP_C /Engine/Transient.World_1:PersistentLevel.WinningLocation_BP_C_6 has natively added scene component(s), but none of them were set as the actor's RootComponent - picking one arbitrarily
[2017.03.07-14.04.09:737][193]LogActor:Warning: WinningLocation_BP_C /Engine/Transient.World_1:PersistentLevel.WinningLocation_BP_C_7 has natively added scene component(s), but none of them were set as the actor's RootComponent - picking one arbitrarily
[2017.03.07-14.04.09:860][194]LogActor:Warning: WinningLocation_BP_C /Engine/Transient.World_1:PersistentLevel.WinningLocation_BP_C_8 has natively added scene component(s), but none of them were set as the actor's RootComponent - picking one arbitrarily
[2017.03.07-14.04.09:979][195]LogActor:Warning: WinningLocation_BP_C /Engine/Transient.World_1:PersistentLevel.WinningLocation_BP_C_9 has natively added scene component(s), but none of them were set as the actor's RootComponent - picking one arbitrarily
[2017.03.07-14.04.10:104][196]LogActor:Warning: WinningLocation_BP_C /Engine/Transient.World_1:PersistentLevel.WinningLocation_BP_C_10 has natively added scene component(s), but none of them were set as the actor's RootComponent - picking one arbitrarily
[2017.03.07-14.04.10:347][198]LogActor:Warning: WinningLocation_BP_C /Engine/Transient.World_1:PersistentLevel.WinningLocation_BP_C_11 has natively added scene component(s), but none of them were set as the actor's RootComponent - picking one arbitrarily
[2017.03.07-14.04.10:392][199]LogActor:Warning: WinningLocation_BP_C /Engine/Transient.World_1:PersistentLevel.WinningLocation_BP_C_12 has natively added scene component(s), but none of them were set as the actor's RootComponent - picking one arbitrarily
[2017.03.07-14.04.10:515][200]LogActor:Warning: WinningLocation_BP_C /Engine/Transient.World_1:PersistentLevel.WinningLocation_BP_C_13 has natively added scene component(s), but none of them were set as the actor's RootComponent - picking one arbitrarily
[2017.03.07-14.04.10:630][201]LogActor:Warning: WinningLocation_BP_C /Engine/Transient.World_1:PersistentLevel.WinningLocation_BP_C_14 has natively added scene component(s), but none of them were set as the actor's RootComponent - picking one arbitrarily
[2017.03.07-14.04.10:970][202]LogActor:Warning: WinningLocation_BP_C /Engine/Transient.World_1:PersistentLevel.WinningLocation_BP_C_15 has natively added scene component(s), but none of them were set as the actor's RootComponent - picking one arbitrarily
[2017.03.07-14.04.11:303][203]LogActor:Warning: WinningLocation_BP_C /Engine/Transient.World_1:PersistentLevel.WinningLocation_BP_C_16 has natively added scene component(s), but none of them were set as the actor's RootComponent - picking one arbitrarily
[2017.03.07-14.04.11:970][205]LogActor:Warning: WinningLocation_BP_C /Engine/Transient.World_1:PersistentLevel.WinningLocation_BP_C_17 has natively added scene component(s), but none of them were set as the actor's RootComponent - picking one arbitrarily
[2017.03.07-14.04.12:631][207]LogActor:Warning: WinningLocation_BP_C /Engine/Transient.World_1:PersistentLevel.WinningLocation_BP_C_18 has natively added scene component(s), but none of them were set as the actor's RootComponent - picking one arbitrarily
[2017.03.07-14.04.12:640][208]LogActor:Warning: WinningLocation_BP_C /Engine/Transient.World_1:PersistentLevel.WinningLocation_BP_C_19 has natively added scene component(s), but none of them were set as the actor's RootComponent - picking one arbitrarily
[2017.03.07-14.04.12:652][209]LogActor:Warning: WinningLocation_BP_C /Engine/Transient.World_1:PersistentLevel.WinningLocation_BP_C_20 has natively added scene component(s), but none of them were set as the actor's RootComponent - picking one arbitrarily
[2017.03.07-14.04.12:832][210]LogActor:Warning: WinningLocation_BP_C /Engine/Transient.World_1:PersistentLevel.WinningLocation_BP_C_21 has natively added scene component(s), but none of them were set as the actor's RootComponent - picking one arbitrarily
[2017.03.07-14.04.12:951][211]LogActor:Warning: WinningLocation_BP_C /Engine/Transient.World_1:PersistentLevel.WinningLocation_BP_C_22 has natively added scene component(s), but none of them were set as the actor's RootComponent - picking one arbitrarily
[2017.03.07-14.04.13:083][212]LogActor:Warning: WinningLocation_BP_C /Engine/Transient.World_1:PersistentLevel.WinningLocation_BP_C_23 has natively added scene component(s), but none of them were set as the actor's RootComponent - picking one arbitrarily
[2017.03.07-14.04.13:199][213]LogActor:Warning: WinningLocation_BP_C /Engine/Transient.World_1:PersistentLevel.WinningLocation_BP_C_24 has natively added scene component(s), but none of them were set as the actor's RootComponent - picking one arbitrarily
[2017.03.07-14.04.13:322][214]LogActor:Warning: WinningLocation_BP_C /Engine/Transient.World_1:PersistentLevel.WinningLocation_BP_C_25 has natively added scene component(s), but none of them were set as the actor's RootComponent - picking one arbitrarily
[2017.03.07-14.04.13:445][215]LogActor:Warning: WinningLocation_BP_C /Engine/Transient.World_1:PersistentLevel.WinningLocation_BP_C_26 has natively added scene component(s), but none of them were set as the actor's RootComponent - picking one arbitrarily
[2017.03.07-14.04.13:565][216]LogActor:Warning: WinningLocation_BP_C /Engine/Transient.World_1:PersistentLevel.WinningLocation_BP_C_27 has natively added scene component(s), but none of them were set as the actor's RootComponent - picking one arbitrarily
[2017.03.07-14.04.13:690][217]LogActor:Warning: WinningLocation_BP_C /Engine/Transient.World_1:PersistentLevel.WinningLocation_BP_C_28 has natively added scene component(s), but none of them were set as the actor's RootComponent - picking one arbitrarily
[2017.03.07-14.04.13:812][218]LogActor:Warning: WinningLocation_BP_C /Engine/Transient.World_1:PersistentLevel.WinningLocation_BP_C_29 has natively added scene component(s), but none of them were set as the actor's RootComponent - picking one arbitrarily
[2017.03.07-14.04.13:933][219]LogActor:Warning: WinningLocation_BP_C /Engine/Transient.World_1:PersistentLevel.WinningLocation_BP_C_30 has natively added scene component(s), but none of them were set as the actor's RootComponent - picking one arbitrarily
[2017.03.07-14.04.14:059][220]LogActor:Warning: WinningLocation_BP_C /Engine/Transient.World_1:PersistentLevel.WinningLocation_BP_C_31 has natively added scene component(s), but none of them were set as the actor's RootComponent - picking one arbitrarily
[2017.03.07-14.04.14:301][222]LogActor:Warning: WinningLocation_BP_C /Engine/Transient.World_1:PersistentLevel.WinningLocation_BP_C_32 has natively added scene component(s), but none of them were set as the actor's RootComponent - picking one arbitrarily
[2017.03.07-14.04.14:349][223]LogActor:Warning: WinningLocation_BP_C /Engine/Transient.World_1:PersistentLevel.WinningLocation_BP_C_33 has natively added scene component(s), but none of them were set as the actor's RootComponent - picking one arbitrarily
[2017.03.07-14.04.14:472][224]LogActor:Warning: WinningLocation_BP_C /Engine/Transient.World_1:PersistentLevel.WinningLocation_BP_C_34 has natively added scene component(s), but none of them were set as the actor's RootComponent - picking one arbitrarily
[2017.03.07-14.04.14:592][225]LogActor:Warning: WinningLocation_BP_C /Engine/Transient.World_1:PersistentLevel.WinningLocation_BP_C_35 has natively added scene component(s), but none of them were set as the actor's RootComponent - picking one arbitrarily
[2017.03.07-14.04.14:717][226]LogActor:Warning: WinningLocation_BP_C /Engine/Transient.World_1:PersistentLevel.WinningLocation_BP_C_36 has natively added scene component(s), but none of them were set as the actor's RootComponent - picking one arbitrarily
[2017.03.07-14.04.14:837][227]LogActor:Warning: WinningLocation_BP_C /Engine/Transient.World_1:PersistentLevel.WinningLocation_BP_C_37 has natively added scene component(s), but none of them were set as the actor's RootComponent - picking one arbitrarily
[2017.03.07-14.04.14:959][228]LogActor:Warning: WinningLocation_BP_C /Engine/Transient.World_1:PersistentLevel.WinningLocation_BP_C_38 has natively added scene component(s), but none of them were set as the actor's RootComponent - picking one arbitrarily
[2017.03.07-14.04.15:082][229]LogActor:Warning: WinningLocation_BP_C /Engine/Transient.World_1:PersistentLevel.WinningLocation_BP_C_39 has natively added scene component(s), but none of them were set as the actor's RootComponent - picking one arbitrarily
[2017.03.07-14.04.15:495][231]LogActor:Warning: WinningLocation_BP_C /Engine/Transient.World_1:PersistentLevel.WinningLocation_BP_C_40 has natively added scene component(s), but none of them were set as the actor's RootComponent - picking one arbitrarily
[2017.03.07-14.04.15:519][232]LogActor:Warning: WinningLocation_BP_C /Engine/Transient.World_1:PersistentLevel.WinningLocation_BP_C_41 has natively added scene component(s), but none of them were set as the actor's RootComponent - picking one arbitrarily
[2017.03.07-14.04.15:618][233]LogActor:Warning: WinningLocation_BP_C /Engine/Transient.World_1:PersistentLevel.WinningLocation_BP_C_42 has natively added scene component(s), but none of them were set as the actor's RootComponent - picking one arbitrarily
[2017.03.07-14.04.15:754][234]LogActor:Warning: WinningLocation_BP_C /Engine/Transient.World_1:PersistentLevel.WinningLocation_BP_C_43 has natively added scene component(s), but none of them were set as the actor's RootComponent - picking one arbitrarily
[2017.03.07-14.04.18:774][397]LogActor:Warning: WinningLocation_BP_C /Engine/Transient.World_1:PersistentLevel.WinningLocation_BP_C_44 has natively added scene component(s), but none of them were set as the actor's RootComponent - picking one arbitrarily
[2017.03.07-14.04.18:825][398]LogActor:Warning: WinningLocation_BP_C /Engine/Transient.World_1:PersistentLevel.WinningLocation_BP_C_45 has natively added scene component(s), but none of them were set as the actor's RootComponent - picking one arbitrarily
[2017.03.07-14.04.18:941][399]LogActor:Warning: WinningLocation_BP_C /Engine/Transient.World_1:PersistentLevel.WinningLocation_BP_C_46 has natively added scene component(s), but none of them were set as the actor's RootComponent - picking one arbitrarily
[2017.03.07-14.04.19:075][400]LogActor:Warning: WinningLocation_BP_C /Engine/Transient.World_1:PersistentLevel.WinningLocation_BP_C_47 has natively added scene component(s), but none of them were set as the actor's RootComponent - picking one arbitrarily
[2017.03.07-14.04.19:199][401]LogActor:Warning: WinningLocation_BP_C /Engine/Transient.World_1:PersistentLevel.WinningLocation_BP_C_48 has natively added scene component(s), but none of them were set as the actor's RootComponent - picking one arbitrarily
[2017.03.07-14.04.19:320][402]LogActor:Warning: WinningLocation_BP_C /Engine/Transient.World_1:PersistentLevel.WinningLocation_BP_C_49 has natively added scene component(s), but none of them were set as the actor's RootComponent - picking one arbitrarily
[2017.03.07-14.04.19:750][404]LogActor:Warning: WinningLocation_BP_C /Engine/Transient.World_1:PersistentLevel.WinningLocation_BP_C_50 has natively added scene component(s), but none of them were set as the actor's RootComponent - picking one arbitrarily
[2017.03.07-14.04.21:644][552]LogActor:Warning: WinningLocation_BP_C /Engine/Transient.World_1:PersistentLevel.WinningLocation_BP_C_51 has natively added scene component(s), but none of them were set as the actor's RootComponent - picking one arbitrarily
[2017.03.07-14.04.21:692][553]LogActor:Warning: WinningLocation_BP_C /Engine/Transient.World_1:PersistentLevel.WinningLocation_BP_C_52 has natively added scene component(s), but none of them were set as the actor's RootComponent - picking one arbitrarily
[2017.03.07-14.04.21:818][554]LogActor:Warning: WinningLocation_BP_C /Engine/Transient.World_1:PersistentLevel.WinningLocation_BP_C_53 has natively added scene component(s), but none of them were set as the actor's RootComponent - picking one arbitrarily
[2017.03.07-14.04.21:944][555]LogActor:Warning: WinningLocation_BP_C /Engine/Transient.World_1:PersistentLevel.WinningLocation_BP_C_54 has natively added scene component(s), but none of them were set as the actor's RootComponent - picking one arbitrarily
[2017.03.07-14.04.27:441][588]LogBlueprintUserMessages: Early PlayInEditor Detection: Level '/Game/ThirdPersonCPP/Maps/ThirdPersonExampleMap.ThirdPersonExampleMap:PersistentLevel' has LevelScriptBlueprint '/Game/ThirdPersonCPP/Maps/ThirdPersonExampleMap.ThirdPersonExampleMap:PersistentLevel.ThirdPersonExampleMap' with GeneratedClass '/Game/ThirdPersonCPP/Maps/ThirdPersonExampleMap.ThirdPersonExampleMap_C' with ClassGeneratedBy '/Game/ThirdPersonCPP/Maps/ThirdPersonExampleMap.ThirdPersonExampleMap:PersistentLevel.ThirdPersonExampleMap'
[2017.03.07-14.04.27:447][588]LogPlayLevel: PlayLevel: No blueprints needed recompiling
[2017.03.07-14.04.27:467][588]PIE: New page: PIE session: ThirdPersonExampleMap (7 Mar 2017 14:04:27)
[2017.03.07-14.04.27:467][588]LogPlayLevel: Creating play world package: /Game/ThirdPersonCPP/Maps/UEDPIE_0_ThirdPersonExampleMap
[2017.03.07-14.04.27:792][588]LogPlayLevel: PIE: StaticDuplicateObject took: (0.324754s)
[2017.03.07-14.04.27:794][588]LogAIModule: Creating AISystem for world ThirdPersonExampleMap
[2017.03.07-14.04.27:794][588]LogPlayLevel: PIE: World Init took: (0.001898s)
[2017.03.07-14.04.27:794][588]LogPlayLevel: PIE: Created PIE world by copying editor world from /Game/ThirdPersonCPP/Maps/ThirdPersonExampleMap.ThirdPersonExampleMap to /Game/ThirdPersonCPP/Maps/UEDPIE_0_ThirdPersonExampleMap.ThirdPersonExampleMap (0.327250s)
[2017.03.07-14.04.27:828][588]LogInit: XAudio2 using 'Speakers (Realtek High Definition Audio)' : 2 channels at 48 kHz using 32 bits per sample (channel mask 0x3)
[2017.03.07-14.04.27:835][588]LogInit: FAudioDevice initialized.
[2017.03.07-14.04.27:984][588]LogWorld: Game class is 'DissertationLevelGameMode'
[2017.03.07-14.04.30:016][588]LogWorld: Bringing World /Game/ThirdPersonCPP/Maps/UEDPIE_0_ThirdPersonExampleMap.ThirdPersonExampleMap up for play (max tick rate 0) at 2017.03.07-14.04.30
[2017.03.07-14.04.30:024][588]LogWorld: Bringing up level for play took: 1.459241
[2017.03.07-14.04.30:093][588]LogContentBrowser: Native class hierarchy updated for 'MovieSceneCapture' in 0.0582 seconds. Added 11 classes and 0 folders.
[2017.03.07-14.04.30:094][588]LogActor:Warning: WorldObject /Game/ThirdPersonCPP/Maps/UEDPIE_0_ThirdPersonExampleMap.ThirdPersonExampleMap:PersistentLevel.WorldObject_0 has natively added scene component(s), but none of them were set as the actor's RootComponent - picking one arbitrarily
[2017.03.07-14.04.30:094][588]LogActor:Warning: WorldObject /Game/ThirdPersonCPP/Maps/UEDPIE_0_ThirdPersonExampleMap.ThirdPersonExampleMap:PersistentLevel.WorldObject_1 has natively added scene component(s), but none of them were set as the actor's RootComponent - picking one arbitrarily
[2017.03.07-14.04.30:098][588]LogActor:Warning: WorldObject /Game/ThirdPersonCPP/Maps/UEDPIE_0_ThirdPersonExampleMap.ThirdPersonExampleMap:PersistentLevel.WorldObject_2 has natively added scene component(s), but none of them were set as the actor's RootComponent - picking one arbitrarily
[2017.03.07-14.04.30:099][588]LogActor:Warning: WorldObject /Game/ThirdPersonCPP/Maps/UEDPIE_0_ThirdPersonExampleMap.ThirdPersonExampleMap:PersistentLevel.WorldObject_3 has natively added scene component(s), but none of them were set as the actor's RootComponent - picking one arbitrarily
[2017.03.07-14.04.30:100][588]LogActor:Warning: WorldObject /Game/ThirdPersonCPP/Maps/UEDPIE_0_ThirdPersonExampleMap.ThirdPersonExampleMap:PersistentLevel.WorldObject_4 has natively added scene component(s), but none of them were set as the actor's RootComponent - picking one arbitrarily
[2017.03.07-14.04.30:101][588]LogActor:Warning: WorldObject /Game/ThirdPersonCPP/Maps/UEDPIE_0_ThirdPersonExampleMap.ThirdPersonExampleMap:PersistentLevel.WorldObject_5 has natively added scene component(s), but none of them were set as the actor's RootComponent - picking one arbitrarily
[2017.03.07-14.04.30:102][588]LogActor:Warning: WorldObject /Game/ThirdPersonCPP/Maps/UEDPIE_0_ThirdPersonExampleMap.ThirdPersonExampleMap:PersistentLevel.WorldObject_6 has natively added scene component(s), but none of them were set as the actor's RootComponent - picking one arbitrarily
[2017.03.07-14.04.30:104][588]LogActor:Warning: WorldObject /Game/ThirdPersonCPP/Maps/UEDPIE_0_ThirdPersonExampleMap.ThirdPersonExampleMap:PersistentLevel.WorldObject_7 has natively added scene component(s), but none of them were set as the actor's RootComponent - picking one arbitrarily
[2017.03.07-14.04.30:105][588]LogActor:Warning: WorldObject /Game/ThirdPersonCPP/Maps/UEDPIE_0_ThirdPersonExampleMap.ThirdPersonExampleMap:PersistentLevel.WorldObject_8 has natively added scene component(s), but none of them were set as the actor's RootComponent - picking one arbitrarily
[2017.03.07-14.04.30:106][588]LogActor:Warning: WorldObject /Game/ThirdPersonCPP/Maps/UEDPIE_0_ThirdPersonExampleMap.ThirdPersonExampleMap:PersistentLevel.WorldObject_9 has natively added scene component(s), but none of them were set as the actor's RootComponent - picking one arbitrarily
[2017.03.07-14.04.30:107][588]LogActor:Warning: WorldObject /Game/ThirdPersonCPP/Maps/UEDPIE_0_ThirdPersonExampleMap.ThirdPersonExampleMap:PersistentLevel.WorldObject_10 has natively added scene component(s), but none of them were set as the actor's RootComponent - picking one arbitrarily
[2017.03.07-14.04.30:109][588]LogActor:Warning: WorldObject /Game/ThirdPersonCPP/Maps/UEDPIE_0_ThirdPersonExampleMap.ThirdPersonExampleMap:PersistentLevel.WorldObject_11 has natively added scene component(s), but none of them were set as the actor's RootComponent - picking one arbitrarily
[2017.03.07-14.04.30:110][588]LogActor:Warning: WorldObject /Game/ThirdPersonCPP/Maps/UEDPIE_0_ThirdPersonExampleMap.ThirdPersonExampleMap:PersistentLevel.WorldObject_12 has natively added scene component(s), but none of them were set as the actor's RootComponent - picking one arbitrarily
[2017.03.07-14.04.30:111][588]LogActor:Warning: WorldObject /Game/ThirdPersonCPP/Maps/UEDPIE_0_ThirdPersonExampleMap.ThirdPersonExampleMap:PersistentLevel.WorldObject_13 has natively added scene component(s), but none of them were set as the actor's RootComponent - picking one arbitrarily
[2017.03.07-14.04.30:112][588]LogActor:Warning: WorldObject /Game/ThirdPersonCPP/Maps/UEDPIE_0_ThirdPersonExampleMap.ThirdPersonExampleMap:PersistentLevel.WorldObject_14 has natively added scene component(s), but none of them were set as the actor's RootComponent - picking one arbitrarily
[2017.03.07-14.04.30:113][588]PIE: Info Play in editor start time for /Game/ThirdPersonCPP/Maps/UEDPIE_0_ThirdPersonExampleMap 2.952
[2017.03.07-14.04.30:113][588]LogBlueprintUserMessages: Late PlayInEditor Detection: Level '/Game/ThirdPersonCPP/Maps/ThirdPersonExampleMap.ThirdPersonExampleMap:PersistentLevel' has LevelScriptBlueprint '/Game/ThirdPersonCPP/Maps/ThirdPersonExampleMap.ThirdPersonExampleMap:PersistentLevel.ThirdPersonExampleMap' with GeneratedClass '/Game/ThirdPersonCPP/Maps/ThirdPersonExampleMap.ThirdPersonExampleMap_C' with ClassGeneratedBy '/Game/ThirdPersonCPP/Maps/ThirdPersonExampleMap.ThirdPersonExampleMap:PersistentLevel.ThirdPersonExampleMap'
[2017.03.07-14.04.33:064][636]LogBlueprintUserMessages: Early EndPlayMap Detection: Level '/Game/ThirdPersonCPP/Maps/ThirdPersonExampleMap.ThirdPersonExampleMap:PersistentLevel' has LevelScriptBlueprint '/Game/ThirdPersonCPP/Maps/ThirdPersonExampleMap.ThirdPersonExampleMap:PersistentLevel.ThirdPersonExampleMap' with GeneratedClass '/Game/ThirdPersonCPP/Maps/ThirdPersonExampleMap.ThirdPersonExampleMap_C' with ClassGeneratedBy '/Game/ThirdPersonCPP/Maps/ThirdPersonExampleMap.ThirdPersonExampleMap:PersistentLevel.ThirdPersonExampleMap'
[2017.03.07-14.04.33:170][636]LogBlueprintUserMessages: Late EndPlayMap Detection: Level '/Game/ThirdPersonCPP/Maps/ThirdPersonExampleMap.ThirdPersonExampleMap:PersistentLevel' has LevelScriptBlueprint '/Game/ThirdPersonCPP/Maps/ThirdPersonExampleMap.ThirdPersonExampleMap:PersistentLevel.ThirdPersonExampleMap' with GeneratedClass '/Game/ThirdPersonCPP/Maps/ThirdPersonExampleMap.ThirdPersonExampleMap_C' with ClassGeneratedBy '/Game/ThirdPersonCPP/Maps/ThirdPersonExampleMap.ThirdPersonExampleMap:PersistentLevel.ThirdPersonExampleMap'
[2017.03.07-14.04.33:219][637]LogActor:Warning: WinningLocation_BP_C /Engine/Transient.World_1:PersistentLevel.WinningLocation_BP_C_55 has natively added scene component(s), but none of them were set as the actor's RootComponent - picking one arbitrarily
[2017.03.07-14.04.33:233][638]LogActor:Warning: WinningLocation_BP_C /Engine/Transient.World_1:PersistentLevel.WinningLocation_BP_C_56 has natively added scene component(s), but none of them were set as the actor's RootComponent - picking one arbitrarily
[2017.03.07-14.04.33:350][639]LogActor:Warning: WinningLocation_BP_C /Engine/Transient.World_1:PersistentLevel.WinningLocation_BP_C_57 has natively added scene component(s), but none of them were set as the actor's RootComponent - picking one arbitrarily
[2017.03.07-14.04.33:489][640]LogActor:Warning: WinningLocation_BP_C /Engine/Transient.World_1:PersistentLevel.WinningLocation_BP_C_58 has natively added scene component(s), but none of them were set as the actor's RootComponent - picking one arbitrarily
[2017.03.07-14.04.33:618][641]LogActor:Warning: WinningLocation_BP_C /Engine/Transient.World_1:PersistentLevel.WinningLocation_BP_C_59 has natively added scene component(s), but none of them were set as the actor's RootComponent - picking one arbitrarily
[2017.03.07-14.04.33:740][642]LogActor:Warning: WinningLocation_BP_C /Engine/Transient.World_1:PersistentLevel.WinningLocation_BP_C_60 has natively added scene component(s), but none of them were set as the actor's RootComponent - picking one arbitrarily
[2017.03.07-14.07.09:260][115]LogActor:Warning: WinningLocation_BP_C /Engine/Transient.World_1:PersistentLevel.WinningLocation_BP_C_61 has natively added scene component(s), but none of them were set as the actor's RootComponent - picking one arbitrarily
[2017.03.07-14.07.09:329][116]LogActor:Warning: WinningLocation_BP_C /Engine/Transient.World_1:PersistentLevel.WinningLocation_BP_C_62 has natively added scene component(s), but none of them were set as the actor's RootComponent - picking one arbitrarily
[2017.03.07-14.07.10:891][147]LogActor:Warning: WinningLocation_BP_C /Engine/Transient.World_1:PersistentLevel.WinningLocation_BP_C_63 has natively added scene component(s), but none of them were set as the actor's RootComponent - picking one arbitrarily
[2017.03.07-14.07.10:936][148]LogActor:Warning: WinningLocation_BP_C /Engine/Transient.World_1:PersistentLevel.WinningLocation_BP_C_64 has natively added scene component(s), but none of them were set as the actor's RootComponent - picking one arbitrarily
[2017.03.07-14.07.11:180][150]LogActor:Warning: WinningLocation_BP_C /Engine/Transient.World_1:PersistentLevel.WinningLocation_BP_C_65 has natively added scene component(s), but none of them were set as the actor's RootComponent - picking one arbitrarily
[2017.03.07-14.07.12:414][175]LogBlueprintUserMessages: Early PlayInEditor Detection: Level '/Game/ThirdPersonCPP/Maps/ThirdPersonExampleMap.ThirdPersonExampleMap:PersistentLevel' has LevelScriptBlueprint '/Game/ThirdPersonCPP/Maps/ThirdPersonExampleMap.ThirdPersonExampleMap:PersistentLevel.ThirdPersonExampleMap' with GeneratedClass '/Game/ThirdPersonCPP/Maps/ThirdPersonExampleMap.ThirdPersonExampleMap_C' with ClassGeneratedBy '/Game/ThirdPersonCPP/Maps/ThirdPersonExampleMap.ThirdPersonExampleMap:PersistentLevel.ThirdPersonExampleMap'
[2017.03.07-14.07.12:418][175]LogPlayLevel: PlayLevel: No blueprints needed recompiling
[2017.03.07-14.07.12:418][175]PIE: New page: PIE session: ThirdPersonExampleMap (7 Mar 2017 14:07:12)
[2017.03.07-14.07.12:418][175]LogPlayLevel: Creating play world package: /Game/ThirdPersonCPP/Maps/UEDPIE_0_ThirdPersonExampleMap
[2017.03.07-14.07.12:444][175]LogPlayLevel: PIE: StaticDuplicateObject took: (0.025823s)
[2017.03.07-14.07.12:445][175]LogAIModule: Creating AISystem for world ThirdPersonExampleMap
[2017.03.07-14.07.12:445][175]LogPlayLevel: PIE: World Init took: (0.001242s)
[2017.03.07-14.07.12:446][175]LogPlayLevel: PIE: Created PIE world by copying editor world from /Game/ThirdPersonCPP/Maps/ThirdPersonExampleMap.ThirdPersonExampleMap to /Game/ThirdPersonCPP/Maps/UEDPIE_0_ThirdPersonExampleMap.ThirdPersonExampleMap (0.027476s)
[2017.03.07-14.07.12:470][175]LogInit: XAudio2 using 'Speakers (Realtek High Definition Audio)' : 2 channels at 48 kHz using 32 bits per sample (channel mask 0x3)
[2017.03.07-14.07.12:477][175]LogInit: FAudioDevice initialized.
[2017.03.07-14.07.12:535][175]LogWorld: Game class is 'DissertationLevelGameMode'
[2017.03.07-14.07.12:637][175]LogWorld: Bringing World /Game/ThirdPersonCPP/Maps/UEDPIE_0_ThirdPersonExampleMap.ThirdPersonExampleMap up for play (max tick rate 0) at 2017.03.07-14.07.12
[2017.03.07-14.07.12:646][175]LogWorld: Bringing up level for play took: 0.108643
[2017.03.07-14.07.12:654][175]LogActor:Warning: WorldObject /Game/ThirdPersonCPP/Maps/UEDPIE_0_ThirdPersonExampleMap.ThirdPersonExampleMap:PersistentLevel.WorldObject_0 has natively added scene component(s), but none of them were set as the actor's RootComponent - picking one arbitrarily
[2017.03.07-14.07.12:655][175]LogActor:Warning: WorldObject /Game/ThirdPersonCPP/Maps/UEDPIE_0_ThirdPersonExampleMap.ThirdPersonExampleMap:PersistentLevel.WorldObject_1 has natively added scene component(s), but none of them were set as the actor's RootComponent - picking one arbitrarily
[2017.03.07-14.07.12:656][175]LogActor:Warning: WorldObject /Game/ThirdPersonCPP/Maps/UEDPIE_0_ThirdPersonExampleMap.ThirdPersonExampleMap:PersistentLevel.WorldObject_2 has natively added scene component(s), but none of them were set as the actor's RootComponent - picking one arbitrarily
[2017.03.07-14.07.12:657][175]LogActor:Warning: WorldObject /Game/ThirdPersonCPP/Maps/UEDPIE_0_ThirdPersonExampleMap.ThirdPersonExampleMap:PersistentLevel.WorldObject_3 has natively added scene component(s), but none of them were set as the actor's RootComponent - picking one arbitrarily
[2017.03.07-14.07.12:658][175]LogActor:Warning: WorldObject /Game/ThirdPersonCPP/Maps/UEDPIE_0_ThirdPersonExampleMap.ThirdPersonExampleMap:PersistentLevel.WorldObject_4 has natively added scene component(s), but none of them were set as the actor's RootComponent - picking one arbitrarily
[2017.03.07-14.07.12:660][175]LogActor:Warning: WorldObject /Game/ThirdPersonCPP/Maps/UEDPIE_0_ThirdPersonExampleMap.ThirdPersonExampleMap:PersistentLevel.WorldObject_5 has natively added scene component(s), but none of them were set as the actor's RootComponent - picking one arbitrarily
[2017.03.07-14.07.12:662][175]LogActor:Warning: WorldObject /Game/ThirdPersonCPP/Maps/UEDPIE_0_ThirdPersonExampleMap.ThirdPersonExampleMap:PersistentLevel.WorldObject_6 has natively added scene component(s), but none of them were set as the actor's RootComponent - picking one arbitrarily
[2017.03.07-14.07.12:669][175]LogActor:Warning: WorldObject /Game/ThirdPersonCPP/Maps/UEDPIE_0_ThirdPersonExampleMap.ThirdPersonExampleMap:PersistentLevel.WorldObject_7 has natively added scene component(s), but none of them were set as the actor's RootComponent - picking one arbitrarily
[2017.03.07-14.07.12:670][175]LogActor:Warning: WorldObject /Game/ThirdPersonCPP/Maps/UEDPIE_0_ThirdPersonExampleMap.ThirdPersonExampleMap:PersistentLevel.WorldObject_8 has natively added scene component(s), but none of them were set as the actor's RootComponent - picking one arbitrarily
[2017.03.07-14.07.12:671][175]LogActor:Warning: WorldObject /Game/ThirdPersonCPP/Maps/UEDPIE_0_ThirdPersonExampleMap.ThirdPersonExampleMap:PersistentLevel.WorldObject_9 has natively added scene component(s), but none of them were set as the actor's RootComponent - picking one arbitrarily
[2017.03.07-14.07.12:672][175]LogActor:Warning: WorldObject /Game/ThirdPersonCPP/Maps/UEDPIE_0_ThirdPersonExampleMap.ThirdPersonExampleMap:PersistentLevel.WorldObject_10 has natively added scene component(s), but none of them were set as the actor's RootComponent - picking one arbitrarily
[2017.03.07-14.07.12:674][175]LogActor:Warning: WorldObject /Game/ThirdPersonCPP/Maps/UEDPIE_0_ThirdPersonExampleMap.ThirdPersonExampleMap:PersistentLevel.WorldObject_11 has natively added scene component(s), but none of them were set as the actor's RootComponent - picking one arbitrarily
[2017.03.07-14.07.12:675][175]LogActor:Warning: WorldObject /Game/ThirdPersonCPP/Maps/UEDPIE_0_ThirdPersonExampleMap.ThirdPersonExampleMap:PersistentLevel.WorldObject_12 has natively added scene component(s), but none of them were set as the actor's RootComponent - picking one arbitrarily
[2017.03.07-14.07.12:677][175]LogActor:Warning: WorldObject /Game/ThirdPersonCPP/Maps/UEDPIE_0_ThirdPersonExampleMap.ThirdPersonExampleMap:PersistentLevel.WorldObject_13 has natively added scene component(s), but none of them were set as the actor's RootComponent - picking one arbitrarily
[2017.03.07-14.07.12:678][175]LogActor:Warning: WorldObject /Game/ThirdPersonCPP/Maps/UEDPIE_0_ThirdPersonExampleMap.ThirdPersonExampleMap:PersistentLevel.WorldObject_14 has natively added scene component(s), but none of them were set as the actor's RootComponent - picking one arbitrarily
[2017.03.07-14.07.12:679][175]PIE: Info Play in editor start time for /Game/ThirdPersonCPP/Maps/UEDPIE_0_ThirdPersonExampleMap -0.481
[2017.03.07-14.07.12:679][175]LogBlueprintUserMessages: Late PlayInEditor Detection: Level '/Game/ThirdPersonCPP/Maps/ThirdPersonExampleMap.ThirdPersonExampleMap:PersistentLevel' has LevelScriptBlueprint '/Game/ThirdPersonCPP/Maps/ThirdPersonExampleMap.ThirdPersonExampleMap:PersistentLevel.ThirdPersonExampleMap' with GeneratedClass '/Game/ThirdPersonCPP/Maps/ThirdPersonExampleMap.ThirdPersonExampleMap_C' with ClassGeneratedBy '/Game/ThirdPersonCPP/Maps/ThirdPersonExampleMap.ThirdPersonExampleMap:PersistentLevel.ThirdPersonExampleMap'
[2017.03.07-14.07.13:852][198]LogBlueprintUserMessages: Early EndPlayMap Detection: Level '/Game/ThirdPersonCPP/Maps/ThirdPersonExampleMap.ThirdPersonExampleMap:PersistentLevel' has LevelScriptBlueprint '/Game/ThirdPersonCPP/Maps/ThirdPersonExampleMap.ThirdPersonExampleMap:PersistentLevel.ThirdPersonExampleMap' with GeneratedClass '/Game/ThirdPersonCPP/Maps/ThirdPersonExampleMap.ThirdPersonExampleMap_C' with ClassGeneratedBy '/Game/ThirdPersonCPP/Maps/ThirdPersonExampleMap.ThirdPersonExampleMap:PersistentLevel.ThirdPersonExampleMap'
[2017.03.07-14.07.13:933][198]LogBlueprintUserMessages: Late EndPlayMap Detection: Level '/Game/ThirdPersonCPP/Maps/ThirdPersonExampleMap.ThirdPersonExampleMap:PersistentLevel' has LevelScriptBlueprint '/Game/ThirdPersonCPP/Maps/ThirdPersonExampleMap.ThirdPersonExampleMap:PersistentLevel.ThirdPersonExampleMap' with GeneratedClass '/Game/ThirdPersonCPP/Maps/ThirdPersonExampleMap.ThirdPersonExampleMap_C' with ClassGeneratedBy '/Game/ThirdPersonCPP/Maps/ThirdPersonExampleMap.ThirdPersonExampleMap:PersistentLevel.ThirdPersonExampleMap'
[2017.03.07-14.07.14:231][205]LogActor:Warning: WinningLocation_BP_C /Engine/Transient.World_1:PersistentLevel.WinningLocation_BP_C_66 has natively added scene component(s), but none of them were set as the actor's RootComponent - picking one arbitrarily
[2017.03.07-14.07.22:556][386]LogBlueprintUserMessages: Early PlayInEditor Detection: Level '/Game/ThirdPersonCPP/Maps/ThirdPersonExampleMap.ThirdPersonExampleMap:PersistentLevel' has LevelScriptBlueprint '/Game/ThirdPersonCPP/Maps/ThirdPersonExampleMap.ThirdPersonExampleMap:PersistentLevel.ThirdPersonExampleMap' with GeneratedClass '/Game/ThirdPersonCPP/Maps/ThirdPersonExampleMap.ThirdPersonExampleMap_C' with ClassGeneratedBy '/Game/ThirdPersonCPP/Maps/ThirdPersonExampleMap.ThirdPersonExampleMap:PersistentLevel.ThirdPersonExampleMap'
[2017.03.07-14.07.22:560][386]LogPlayLevel: PlayLevel: No blueprints needed recompiling
[2017.03.07-14.07.22:560][386]PIE: New page: PIE session: ThirdPersonExampleMap (7 Mar 2017 14:07:22)
[2017.03.07-14.07.22:560][386]LogPlayLevel: Creating play world package: /Game/ThirdPersonCPP/Maps/UEDPIE_0_ThirdPersonExampleMap
[2017.03.07-14.07.22:583][386]LogPlayLevel: PIE: StaticDuplicateObject took: (0.023320s)
[2017.03.07-14.07.22:584][386]LogAIModule: Creating AISystem for world ThirdPersonExampleMap
[2017.03.07-14.07.22:585][386]LogPlayLevel: PIE: World Init took: (0.001168s)
[2017.03.07-14.07.22:585][386]LogPlayLevel: PIE: Created PIE world by copying editor world from /Game/ThirdPersonCPP/Maps/ThirdPersonExampleMap.ThirdPersonExampleMap to /Game/ThirdPersonCPP/Maps/UEDPIE_0_ThirdPersonExampleMap.ThirdPersonExampleMap (0.024907s)
[2017.03.07-14.07.22:607][386]LogInit: XAudio2 using 'Speakers (Realtek High Definition Audio)' : 2 channels at 48 kHz using 32 bits per sample (channel mask 0x3)
[2017.03.07-14.07.22:613][386]LogInit: FAudioDevice initialized.
[2017.03.07-14.07.22:668][386]LogWorld: Game class is 'DissertationLevelGameMode'
[2017.03.07-14.07.22:732][386]LogWorld: Bringing World /Game/ThirdPersonCPP/Maps/UEDPIE_0_ThirdPersonExampleMap.ThirdPersonExampleMap up for play (max tick rate 0) at 2017.03.07-14.07.22
[2017.03.07-14.07.22:741][386]LogWorld: Bringing up level for play took: 0.071803
[2017.03.07-14.07.22:745][386]LogActor:Warning: WorldObject /Game/ThirdPersonCPP/Maps/UEDPIE_0_ThirdPersonExampleMap.ThirdPersonExampleMap:PersistentLevel.WorldObject_0 has natively added scene component(s), but none of them were set as the actor's RootComponent - picking one arbitrarily
[2017.03.07-14.07.22:746][386]LogActor:Warning: WorldObject /Game/ThirdPersonCPP/Maps/UEDPIE_0_ThirdPersonExampleMap.ThirdPersonExampleMap:PersistentLevel.WorldObject_1 has natively added scene component(s), but none of them were set as the actor's RootComponent - picking one arbitrarily
[2017.03.07-14.07.22:746][386]LogActor:Warning: WorldObject /Game/ThirdPersonCPP/Maps/UEDPIE_0_ThirdPersonExampleMap.ThirdPersonExampleMap:PersistentLevel.WorldObject_2 has natively added scene component(s), but none of them were set as the actor's RootComponent - picking one arbitrarily
[2017.03.07-14.07.22:747][386]LogActor:Warning: WorldObject /Game/ThirdPersonCPP/Maps/UEDPIE_0_ThirdPersonExampleMap.ThirdPersonExampleMap:PersistentLevel.WorldObject_3 has natively added scene component(s), but none of them were set as the actor's RootComponent - picking one arbitrarily
[2017.03.07-14.07.22:748][386]LogActor:Warning: WorldObject /Game/ThirdPersonCPP/Maps/UEDPIE_0_ThirdPersonExampleMap.ThirdPersonExampleMap:PersistentLevel.WorldObject_4 has natively added scene component(s), but none of them were set as the actor's RootComponent - picking one arbitrarily
[2017.03.07-14.07.22:748][386]LogActor:Warning: WorldObject /Game/ThirdPersonCPP/Maps/UEDPIE_0_ThirdPersonExampleMap.ThirdPersonExampleMap:PersistentLevel.WorldObject_5 has natively added scene component(s), but none of them were set as the actor's RootComponent - picking one arbitrarily
[2017.03.07-14.07.22:752][386]LogActor:Warning: WorldObject /Game/ThirdPersonCPP/Maps/UEDPIE_0_ThirdPersonExampleMap.ThirdPersonExampleMap:PersistentLevel.WorldObject_6 has natively added scene component(s), but none of them were set as the actor's RootComponent - picking one arbitrarily
[2017.03.07-14.07.22:753][386]LogActor:Warning: WorldObject /Game/ThirdPersonCPP/Maps/UEDPIE_0_ThirdPersonExampleMap.ThirdPersonExampleMap:PersistentLevel.WorldObject_7 has natively added scene component(s), but none of them were set as the actor's RootComponent - picking one arbitrarily
[2017.03.07-14.07.22:754][386]LogActor:Warning: WorldObject /Game/ThirdPersonCPP/Maps/UEDPIE_0_ThirdPersonExampleMap.ThirdPersonExampleMap:PersistentLevel.WorldObject_8 has natively added scene component(s), but none of them were set as the actor's RootComponent - picking one arbitrarily
[2017.03.07-14.07.22:755][386]LogActor:Warning: WorldObject /Game/ThirdPersonCPP/Maps/UEDPIE_0_ThirdPersonExampleMap.ThirdPersonExampleMap:PersistentLevel.WorldObject_9 has natively added scene component(s), but none of them were set as the actor's RootComponent - picking one arbitrarily
[2017.03.07-14.07.22:755][386]LogActor:Warning: WorldObject /Game/ThirdPersonCPP/Maps/UEDPIE_0_ThirdPersonExampleMap.ThirdPersonExampleMap:PersistentLevel.WorldObject_10 has natively added scene component(s), but none of them were set as the actor's RootComponent - picking one arbitrarily
[2017.03.07-14.07.22:756][386]LogActor:Warning: WorldObject /Game/ThirdPersonCPP/Maps/UEDPIE_0_ThirdPersonExampleMap.ThirdPersonExampleMap:PersistentLevel.WorldObject_11 has natively added scene component(s), but none of them were set as the actor's RootComponent - picking one arbitrarily
[2017.03.07-14.07.22:757][386]LogActor:Warning: WorldObject /Game/ThirdPersonCPP/Maps/UEDPIE_0_ThirdPersonExampleMap.ThirdPersonExampleMap:PersistentLevel.WorldObject_12 has natively added scene component(s), but none of them were set as the actor's RootComponent - picking one arbitrarily
[2017.03.07-14.07.22:758][386]LogActor:Warning: WorldObject /Game/ThirdPersonCPP/Maps/UEDPIE_0_ThirdPersonExampleMap.ThirdPersonExampleMap:PersistentLevel.WorldObject_13 has natively added scene component(s), but none of them were set as the actor's RootComponent - picking one arbitrarily
[2017.03.07-14.07.22:759][386]LogActor:Warning: WorldObject /Game/ThirdPersonCPP/Maps/UEDPIE_0_ThirdPersonExampleMap.ThirdPersonExampleMap:PersistentLevel.WorldObject_14 has natively added scene component(s), but none of them were set as the actor's RootComponent - picking one arbitrarily
[2017.03.07-14.07.22:759][386]PIE: Info Play in editor start time for /Game/ThirdPersonCPP/Maps/UEDPIE_0_ThirdPersonExampleMap -0.401
[2017.03.07-14.07.22:760][386]LogBlueprintUserMessages: Late PlayInEditor Detection: Level '/Game/ThirdPersonCPP/Maps/ThirdPersonExampleMap.ThirdPersonExampleMap:PersistentLevel' has LevelScriptBlueprint '/Game/ThirdPersonCPP/Maps/ThirdPersonExampleMap.ThirdPersonExampleMap:PersistentLevel.ThirdPersonExampleMap' with GeneratedClass '/Game/ThirdPersonCPP/Maps/ThirdPersonExampleMap.ThirdPersonExampleMap_C' with ClassGeneratedBy '/Game/ThirdPersonCPP/Maps/ThirdPersonExampleMap.ThirdPersonExampleMap:PersistentLevel.ThirdPersonExampleMap'
[2017.03.07-14.07.23:115][391]LogEQS:Warning: Query [FindPlayer_EQS] can't use test [AStarQueryTest_0] in option 0 [], removing it
[2017.03.07-14.09.02:482][642]LogBlueprintUserMessages: Early EndPlayMap Detection: Level '/Game/ThirdPersonCPP/Maps/ThirdPersonExampleMap.ThirdPersonExampleMap:PersistentLevel' has LevelScriptBlueprint '/Game/ThirdPersonCPP/Maps/ThirdPersonExampleMap.ThirdPersonExampleMap:PersistentLevel.ThirdPersonExampleMap' with GeneratedClass '/Game/ThirdPersonCPP/Maps/ThirdPersonExampleMap.ThirdPersonExampleMap_C' with ClassGeneratedBy '/Game/ThirdPersonCPP/Maps/ThirdPersonExampleMap.ThirdPersonExampleMap:PersistentLevel.ThirdPersonExampleMap'
[2017.03.07-14.09.02:541][642]LogBlueprintUserMessages: Late EndPlayMap Detection: Level '/Game/ThirdPersonCPP/Maps/ThirdPersonExampleMap.ThirdPersonExampleMap:PersistentLevel' has LevelScriptBlueprint '/Game/ThirdPersonCPP/Maps/ThirdPersonExampleMap.ThirdPersonExampleMap:PersistentLevel.ThirdPersonExampleMap' with GeneratedClass '/Game/ThirdPersonCPP/Maps/ThirdPersonExampleMap.ThirdPersonExampleMap_C' with ClassGeneratedBy '/Game/ThirdPersonCPP/Maps/ThirdPersonExampleMap.ThirdPersonExampleMap:PersistentLevel.ThirdPersonExampleMap'
[2017.03.07-14.10.30:296][708]LogSavePackage: Save=129.35ms
[2017.03.07-14.10.30:296][708]LogSavePackage: Moving 'E:/Unreal Engine Projects/DissertationLevel/DissertationLevel/Saved/FindPlayer_EQS0A2FC3274C906785548F77A286F23A51.tmp' to 'E:/Unreal Engine Projects/DissertationLevel/DissertationLevel/Content/ThirdPersonCPP/Blueprints/FindPlayer_EQS.uasset'
[2017.03.07-14.10.30:415][708]LogSavePackage:Display: Finished SavePackage E:/Unreal Engine Projects/DissertationLevel/DissertationLevel/Content/ThirdPersonCPP/Blueprints/FindPlayer_EQS.uasset
[2017.03.07-14.10.30:743][708]LogWindowsTextInputMethodSystem:Display: IME system now deactivated.
[2017.03.07-14.10.30:987][709]Cmd: QUIT_EDITOR
[2017.03.07-14.10.32:332][709]LogExit: Preparing to exit.
[2017.03.07-14.10.32:759][709]LogExit: Editor shut down
[2017.03.07-14.10.32:760][709]LogExit: Transaction tracking system shut down
[2017.03.07-14.10.32:908][709]LogObj: Freed 0b from 0 cluster array pools.
[2017.03.07-14.10.32:908][709]LogExit: Object subsystem successfully closed.
[2017.03.07-14.10.32:921][709]LogD3D11RHI: Shutdown
[2017.03.07-14.10.32:921][709]LogD3D11RHI: CleanupD3DDevice
[2017.03.07-14.10.32:989][709]LogD3D11RHI: ~FD3D11DynamicRHI
[2017.03.07-14.10.33:006][709]LogModuleManager: Shutting down and abandoning module MovieSceneCapture (216)
[2017.03.07-14.10.33:006][709]LogModuleManager: Shutting down and abandoning module HierarchicalLODOutliner (215)
[2017.03.07-14.10.33:006][709]LogModuleManager: Shutting down and abandoning module CrashTracker (214)
[2017.03.07-14.10.33:006][709]LogModuleManager: Shutting down and abandoning module SceneOutliner (213)
[2017.03.07-14.10.33:006][709]LogModuleManager: Shutting down and abandoning module WidgetCarousel (212)
[2017.03.07-14.10.33:006][709]LogModuleManager: Shutting down and abandoning module AddContentDialog (211)
[2017.03.07-14.10.33:008][709]LogModuleManager: Shutting down and abandoning module GameplayTags (210)
[2017.03.07-14.10.33:008][709]LogModuleManager: Shutting down and abandoning module EditorWidgets (209)
[2017.03.07-14.10.33:008][709]LogModuleManager: Shutting down and abandoning module CollectionManager (208)
[2017.03.07-14.10.33:008][709]LogModuleManager: Shutting down and abandoning module StatsViewer (207)
[2017.03.07-14.10.33:009][709]LogModuleManager: Shutting down and abandoning module FoliageEdit (206)
[2017.03.07-14.10.33:009][709]LogModuleManager: Shutting down and abandoning module LandscapeEditor (205)
[2017.03.07-14.10.33:009][709]LogModuleManager: Shutting down and abandoning module SceneDepthPickerMode (204)
[2017.03.07-14.10.33:009][709]LogModuleManager: Shutting down and abandoning module ActorPickerMode (203)
[2017.03.07-14.10.33:009][709]LogModuleManager: Shutting down and abandoning module GeometryMode (202)
[2017.03.07-14.10.33:009][709]LogModuleManager: Shutting down and abandoning module TextureAlignMode (201)
[2017.03.07-14.10.33:009][709]LogModuleManager: Shutting down and abandoning module BspMode (200)
[2017.03.07-14.10.33:009][709]LogModuleManager: Shutting down and abandoning module HardwareSurvey (199)
[2017.03.07-14.10.33:009][709]LogModuleManager: Shutting down and abandoning module SequenceRecorderSections (198)
[2017.03.07-14.10.33:009][709]LogModuleManager: Shutting down and abandoning module SequenceRecorder (197)
[2017.03.07-14.10.33:009][709]LogModuleManager: Shutting down and abandoning module AutomationWorker (196)
[2017.03.07-14.10.33:009][709]LogModuleManager: Shutting down and abandoning module MatineeToLevelSequence (195)
[2017.03.07-14.10.33:009][709]LogModuleManager: Shutting down and abandoning module PlacementMode (194)
[2017.03.07-14.10.33:009][709]LogModuleManager: Shutting down and abandoning module LevelSequenceEditor (193)
[2017.03.07-14.10.33:009][709]LogModuleManager: Shutting down and abandoning module CharacterAI (192)
[2017.03.07-14.10.33:009][709]LogModuleManager: Shutting down and abandoning module SmartSnapping (191)
[2017.03.07-14.10.33:009][709]LogModuleManager: Shutting down and abandoning module SessionServices (190)
[2017.03.07-14.10.33:009][709]LogModuleManager: Shutting down and abandoning module ViewportSnapping (189)
[2017.03.07-14.10.33:009][709]LogModuleManager: Shutting down and abandoning module LogVisualizer (188)
[2017.03.07-14.10.33:009][709]LogModuleManager: Shutting down and abandoning module GameProjectGeneration (187)
[2017.03.07-14.10.33:009][709]LogModuleManager: Shutting down and abandoning module IntroTutorials (186)
[2017.03.07-14.10.33:010][709]LogModuleManager: Shutting down and abandoning module EditorLiveStreaming (185)
[2017.03.07-14.10.33:010][709]LogModuleManager: Shutting down and abandoning module IOSPlatformEditor (184)
[2017.03.07-14.10.33:010][709]LogModuleManager: Shutting down and abandoning module HTML5PlatformEditor (183)
[2017.03.07-14.10.33:010][709]LogModuleManager: Shutting down and abandoning module AndroidDeviceDetection (182)
[2017.03.07-14.10.33:836][709]LogModuleManager: Shutting down and abandoning module AndroidPlatformEditor (181)
[2017.03.07-14.10.33:836][709]LogModuleManager: Shutting down and abandoning module IOSRuntimeSettings (180)
[2017.03.07-14.10.33:836][709]LogModuleManager: Shutting down and abandoning module AndroidRuntimeSettings (179)
[2017.03.07-14.10.33:836][709]LogModuleManager: Shutting down and abandoning module MergeActors (178)
[2017.03.07-14.10.33:836][709]LogModuleManager: Shutting down and abandoning module SizeMap (177)
[2017.03.07-14.10.33:836][709]LogModuleManager: Shutting down and abandoning module TreeMap (176)
[2017.03.07-14.10.33:836][709]LogModuleManager: Shutting down and abandoning module ReferenceViewer (175)
[2017.03.07-14.10.33:837][709]LogModuleManager: Shutting down and abandoning module LocalizationService (174)
[2017.03.07-14.10.33:837][709]LogModuleManager: Shutting down and abandoning module LocalizationDashboard (173)
[2017.03.07-14.10.33:837][709]LogModuleManager: Shutting down and abandoning module HardwareTargeting (172)
[2017.03.07-14.10.33:837][709]LogModuleManager: Shutting down and abandoning module DeviceProfileEditor (171)
[2017.03.07-14.10.33:837][709]LogModuleManager: Shutting down and abandoning module UndoHistory (170)
[2017.03.07-14.10.33:837][709]LogModuleManager: Shutting down and abandoning module UserFeedback (169)
[2017.03.07-14.10.33:837][709]LogModuleManager: Shutting down and abandoning module XmlParser (168)
[2017.03.07-14.10.33:837][709]LogModuleManager: Shutting down and abandoning module Blutility (167)
[2017.03.07-14.10.33:837][709]LogModuleManager: Shutting down and abandoning module ProjectTargetPlatformEditor (166)
[2017.03.07-14.10.33:837][709]LogModuleManager: Shutting down and abandoning module ProjectSettingsViewer (165)
[2017.03.07-14.10.33:837][709]LogModuleManager: Shutting down and abandoning module InputBindingEditor (164)
[2017.03.07-14.10.33:837][709]LogModuleManager: Shutting down and abandoning module EditorSettingsViewer (163)
[2017.03.07-14.10.33:837][709]LogModuleManager: Shutting down and abandoning module SettingsEditor (162)
[2017.03.07-14.10.33:837][709]LogModuleManager: Shutting down and abandoning module ProjectLauncher (161)
[2017.03.07-14.10.33:837][709]LogModuleManager: Shutting down and abandoning module SessionFrontend (160)
[2017.03.07-14.10.33:837][709]LogModuleManager: Shutting down and abandoning module ProfilerClient (159)
[2017.03.07-14.10.33:837][709]LogModuleManager: Shutting down and abandoning module TargetDeviceServices (158)
[2017.03.07-14.10.33:838][709]LogModuleManager: Shutting down and abandoning module DeviceManager (157)
[2017.03.07-14.10.33:882][709]LogModuleManager: Shutting down and abandoning module AutomationController (156)
[2017.03.07-14.10.33:882][709]LogModuleManager: Shutting down and abandoning module AutomationWindow (155)
[2017.03.07-14.10.33:882][709]LogModuleManager: Shutting down and abandoning module Layers (154)
[2017.03.07-14.10.33:882][709]LogModuleManager: Shutting down and abandoning module ComponentVisualizers (153)
[2017.03.07-14.10.33:882][709]LogModuleManager: Shutting down and abandoning module DetailCustomizations (152)
[2017.03.07-14.10.33:882][709]LogModuleManager: Shutting down and abandoning module PackagesDialog (151)
[2017.03.07-14.10.33:882][709]LogModuleManager: Shutting down and abandoning module Persona (150)
[2017.03.07-14.10.33:882][709]LogModuleManager: Shutting down and abandoning module Kismet (149)
[2017.03.07-14.10.33:882][709]LogModuleManager: Shutting down and abandoning module GraphEditor (148)
[2017.03.07-14.10.33:882][709]LogModuleManager: Shutting down and abandoning module ClassViewer (147)
[2017.03.07-14.10.33:882][709]LogModuleManager: Shutting down and abandoning module Toolbox (146)
[2017.03.07-14.10.33:882][709]LogModuleManager: Shutting down and abandoning module ModuleUI (145)
[2017.03.07-14.10.33:882][709]LogModuleManager: Shutting down and abandoning module MovieSceneTools (144)
[2017.03.07-14.10.33:882][709]LogModuleManager: Shutting down and abandoning module OutputLog (143)
[2017.03.07-14.10.33:882][709]LogModuleManager: Shutting down and abandoning module GammaUI (142)
[2017.03.07-14.10.33:882][709]LogModuleManager: Shutting down and abandoning module Documentation (141)
[2017.03.07-14.10.33:882][709]LogModuleManager: Shutting down and abandoning module StreamingPauseRendering (140)
[2017.03.07-14.10.33:882][709]LogModuleManager: Shutting down and abandoning module AnalyticsET (139)
[2017.03.07-14.10.33:882][709]LogModuleManager: Shutting down and abandoning module Analytics (138)
[2017.03.07-14.10.33:882][709]LogModuleManager: Shutting down and abandoning module PortalServices (137)
[2017.03.07-14.10.33:882][709]LogModuleManager: Shutting down and abandoning module PortalRpc (136)
[2017.03.07-14.10.33:882][709]LogModuleManager: Shutting down and abandoning module MessagingRpc (135)
[2017.03.07-14.10.33:882][709]LogModuleManager: Shutting down and abandoning module GameplayDebugger (134)
[2017.03.07-14.10.33:882][709]LogModuleManager: Shutting down and abandoning module AITestSuite (133)
[2017.03.07-14.10.33:882][709]LogModuleManager: Shutting down and abandoning module AIModule (132)
[2017.03.07-14.10.33:882][709]LogModuleManager: Shutting down and abandoning module ProfilerService (131)
[2017.03.07-14.10.33:960][709]LogModuleManager: Shutting down and abandoning module TaskGraph (130)
[2017.03.07-14.10.33:960][709]LogModuleManager: Shutting down and abandoning module SlateRemote (129)
[2017.03.07-14.10.33:960][709]LogModuleManager: Shutting down and abandoning module SteamVRController (128)
[2017.03.07-14.10.33:960][709]LogModuleManager: Shutting down and abandoning module SteamVR (127)
[2017.03.07-14.10.33:960][709]LogModuleManager: Shutting down and abandoning module ProceduralMeshComponent (126)
[2017.03.07-14.10.33:960][709]LogModuleManager: Shutting down and abandoning module OculusLibrary (125)
[2017.03.07-14.10.33:960][709]LogModuleManager: Shutting down and abandoning module OculusInput (124)
[2017.03.07-14.10.33:960][709]LogModuleManager: Shutting down and abandoning module CustomMeshComponent (123)
[2017.03.07-14.10.33:960][709]LogModuleManager: Shutting down and abandoning module CableComponent (122)
[2017.03.07-14.10.33:960][709]LogModuleManager: Shutting down and abandoning module ArchVisCharacter (121)
[2017.03.07-14.10.33:960][709]LogModuleManager: Shutting down and abandoning module MediaPlayerEditor (120)
[2017.03.07-14.10.33:960][709]LogModuleManager: Shutting down and abandoning module HTML5Networking (119)
[2017.03.07-14.10.33:960][709]LogModuleManager: Shutting down and abandoning module SuperSearch (118)
[2017.03.07-14.10.33:960][709]LogModuleManager: Shutting down and abandoning module SuperSearchEditor (117)
[2017.03.07-14.10.33:960][709]LogModuleManager: Shutting down and abandoning module SpeedTreeImporter (116)
[2017.03.07-14.10.33:960][709]LogModuleManager: Shutting down and abandoning module PluginBrowser (115)
[2017.03.07-14.10.33:961][709]LogModuleManager: Shutting down and abandoning module EpicSurvey (114)
[2017.03.07-14.10.33:961][709]LogModuleManager: Shutting down and abandoning module DesktopPlatform (113)
[2017.03.07-14.10.33:961][709]LogModuleManager: Shutting down and abandoning module VisualStudioSourceCodeAccess (112)
[2017.03.07-14.10.33:961][709]LogModuleManager: Shutting down and abandoning module UObjectPlugin (111)
[2017.03.07-14.10.33:961][709]LogModuleManager: Shutting down and abandoning module SubversionSourceControl (110)
[2017.03.07-14.10.33:961][709]LogModuleManager: Shutting down and abandoning module PerforceSourceControl (109)
[2017.03.07-14.10.33:961][709]LogModuleManager: Shutting down and abandoning module SourceControl (108)
[2017.03.07-14.10.33:961][709]LogModuleManager: Shutting down and abandoning module GitSourceControl (107)
[2017.03.07-14.10.33:961][709]LogModuleManager: Shutting down and abandoning module LightPropagationVolumeEditor (106)
[2017.03.07-14.10.33:961][709]LogModuleManager: Shutting down and abandoning module PaperTiledImporter (105)
[2017.03.07-14.10.33:961][709]LogModuleManager: Shutting down and abandoning module PaperSpriteSheetImporter (104)
[2017.03.07-14.10.33:961][709]LogModuleManager: Shutting down and abandoning module MeshPaint (103)
[2017.03.07-14.10.33:961][709]LogModuleManager: Shutting down and abandoning module PixelInspectorModule (102)
[2017.03.07-14.10.33:961][709]LogModuleManager: Shutting down and abandoning module HotReload (101)
[2017.03.07-14.10.33:967][709]LogModuleManager: Shutting down and abandoning module MainFrame (100)
[2017.03.07-14.10.33:967][709]LogModuleManager: Shutting down and abandoning module LevelEditor (99)
[2017.03.07-14.10.33:968][709]LogModuleManager: Shutting down and abandoning module ContentBrowser (98)
[2017.03.07-14.10.33:968][709]LogModuleManager: Shutting down and abandoning module Paper2DEditor (97)
[2017.03.07-14.10.33:968][709]LogModuleManager: Shutting down and abandoning module DissertationLevel (96)
[2017.03.07-14.10.33:968][709]LogModuleManager: Shutting down and abandoning module UdpMessaging (95)
[2017.03.07-14.10.34:069][709]LogModuleManager: Shutting down and abandoning module LightPropagationVolumeRuntime (94)
[2017.03.07-14.10.34:069][709]LogModuleManager: Shutting down and abandoning module Paper2D (93)
[2017.03.07-14.10.34:069][709]LogModuleManager: Shutting down and abandoning module WindowsMoviePlayer (92)
[2017.03.07-14.10.34:069][709]LogModuleManager: Shutting down and abandoning module Media (91)
[2017.03.07-14.10.34:069][709]LogModuleManager: Shutting down and abandoning module WmfMedia (90)
[2017.03.07-14.10.34:069][709]LogModuleManager: Shutting down and abandoning module MediaAssets (89)
[2017.03.07-14.10.34:069][709]LogModuleManager: Shutting down and abandoning module GameLiveStreaming (88)
[2017.03.07-14.10.34:069][709]LogModuleManager: Shutting down and abandoning module GameplayTagsEditor (87)
[2017.03.07-14.10.34:069][709]LogModuleManager: Shutting down and abandoning module OnlineBlueprintSupport (86)
[2017.03.07-14.10.34:069][709]LogModuleManager: Shutting down and abandoning module EnvironmentQueryEditor (85)
[2017.03.07-14.10.34:069][709]LogModuleManager: Shutting down and abandoning module VREditor (84)
[2017.03.07-14.10.34:069][709]LogModuleManager: Shutting down and abandoning module GameplayTasksEditor (83)
[2017.03.07-14.10.34:069][709]LogModuleManager: Shutting down and abandoning module PropertyEditor (82)
[2017.03.07-14.10.34:069][709]LogModuleManager: Shutting down and abandoning module BehaviorTreeEditor (81)
[2017.03.07-14.10.34:069][709]LogModuleManager: Shutting down and abandoning module FunctionalTesting (80)
[2017.03.07-14.10.34:069][709]LogModuleManager: Shutting down and abandoning module CollisionAnalyzer (79)
[2017.03.07-14.10.34:069][709]LogModuleManager: Shutting down and abandoning module Sequencer (78)
[2017.03.07-14.10.34:069][709]LogModuleManager: Shutting down and abandoning module WorkspaceMenuStructure (77)
[2017.03.07-14.10.34:069][709]LogModuleManager: Shutting down and abandoning module MessageLog (76)
[2017.03.07-14.10.34:069][709]LogModuleManager: Shutting down and abandoning module AssetTools (75)
[2017.03.07-14.10.34:069][709]LogModuleManager: Shutting down and abandoning module UMGEditor (74)
[2017.03.07-14.10.34:069][709]LogModuleManager: Shutting down and abandoning module UMG (73)
[2017.03.07-14.10.34:069][709]LogModuleManager: Shutting down and abandoning module SlateReflector (72)
[2017.03.07-14.10.34:069][709]LogModuleManager: Shutting down and abandoning module Slate (71)
[2017.03.07-14.10.34:069][709]LogModuleManager: Shutting down and abandoning module EditorStyle (70)
[2017.03.07-14.10.34:072][709]LogModuleManager: Shutting down and abandoning module SourceCodeAccess (69)
[2017.03.07-14.10.34:072][709]LogModuleManager: Shutting down and abandoning module HeadMountedDisplay (68)
[2017.03.07-14.10.34:072][709]LogModuleManager: Shutting down and abandoning module XAudio2 (67)
[2017.03.07-14.10.34:072][709]LogModuleManager: Shutting down and abandoning module Networking (65)
[2017.03.07-14.10.34:072][709]LogModuleManager: Shutting down and abandoning module Core (64)
[2017.03.07-14.10.34:072][709]LogModuleManager: Shutting down and abandoning module DirectoryWatcher (63)
[2017.03.07-14.10.34:073][709]LogModuleManager: Shutting down and abandoning module AssetRegistry (62)
[2017.03.07-14.10.39:482][709]LogModuleManager: Shutting down and abandoning module KismetCompiler (61)
[2017.03.07-14.10.39:482][709]LogModuleManager: Shutting down and abandoning module PhysXFormats (60)
[2017.03.07-14.10.39:482][709]LogModuleManager: Shutting down and abandoning module MeshUtilities (59)
[2017.03.07-14.10.39:482][709]LogModuleManager: Shutting down and abandoning module DerivedDataCache (58)
[2017.03.07-14.10.39:567][709]LogDerivedDataCache: Shutdown
[2017.03.07-14.10.39:567][709]LogModuleManager: Shutting down and abandoning module VulkanShaderFormat (57)
[2017.03.07-14.10.39:567][709]LogModuleManager: Shutting down and abandoning module ShaderFormatOpenGL (56)
[2017.03.07-14.10.39:567][709]LogModuleManager: Shutting down and abandoning module ShaderFormatD3D (55)
[2017.03.07-14.10.39:567][709]LogModuleManager: Shutting down and abandoning module MetalShaderFormat (54)
[2017.03.07-14.10.39:567][709]LogModuleManager: Shutting down and abandoning module TextureFormatUncompressed (53)
[2017.03.07-14.10.39:568][709]LogModuleManager: Shutting down and abandoning module TextureFormatPVR (52)
[2017.03.07-14.10.39:568][709]LogModuleManager: Shutting down and abandoning module TextureFormatIntelISPCTexComp (51)
[2017.03.07-14.10.39:568][709]LogModuleManager: Shutting down and abandoning module TextureFormatDXT (50)
[2017.03.07-14.10.39:568][709]LogModuleManager: Shutting down and abandoning module ImageWrapper (49)
[2017.03.07-14.10.39:568][709]LogModuleManager: Shutting down and abandoning module TextureFormatASTC (48)
[2017.03.07-14.10.39:568][709]LogModuleManager: Shutting down and abandoning module TextureFormatAndroid (47)
[2017.03.07-14.10.39:568][709]LogModuleManager: Shutting down and abandoning module AudioFormatOpus (46)
[2017.03.07-14.10.39:568][709]LogModuleManager: Shutting down and abandoning module AudioFormatOgg (45)
[2017.03.07-14.10.39:568][709]LogModuleManager: Shutting down and abandoning module AudioFormatADPCM (44)
[2017.03.07-14.10.39:568][709]LogModuleManager: Shutting down and abandoning module LinuxTargetPlatform (43)
[2017.03.07-14.10.39:568][709]LogModuleManager: Shutting down and abandoning module LinuxServerTargetPlatform (42)
[2017.03.07-14.10.39:568][709]LogModuleManager: Shutting down and abandoning module LinuxNoEditorTargetPlatform (41)
[2017.03.07-14.10.39:568][709]LogModuleManager: Shutting down and abandoning module TVOSTargetPlatform (40)
[2017.03.07-14.10.39:568][709]LogModuleManager: Shutting down and abandoning module Messaging (39)
[2017.03.07-14.10.39:568][709]LogModuleManager: Shutting down and abandoning module IOSTargetPlatform (38)
[2017.03.07-14.10.39:568][709]LogModuleManager: Shutting down and abandoning module HTML5TargetPlatform (37)
[2017.03.07-14.10.39:568][709]LogModuleManager: Shutting down and abandoning module Android_PVRTCTargetPlatform (36)
[2017.03.07-14.10.39:568][709]LogModuleManager: Shutting down and abandoning module Android_MultiTargetPlatform (35)
[2017.03.07-14.10.39:568][709]LogModuleManager: Shutting down and abandoning module Android_ETC2TargetPlatform (34)
[2017.03.07-14.10.39:568][709]LogModuleManager: Shutting down and abandoning module Android_ETC1TargetPlatform (33)
[2017.03.07-14.10.39:568][709]LogModuleManager: Shutting down and abandoning module Android_DXTTargetPlatform (32)
[2017.03.07-14.10.39:568][709]LogModuleManager: Shutting down and abandoning module Android_ATCTargetPlatform (31)
[2017.03.07-14.10.39:568][709]LogModuleManager: Shutting down and abandoning module Android_ASTCTargetPlatform (30)
[2017.03.07-14.10.39:568][709]LogModuleManager: Shutting down and abandoning module AndroidTargetPlatform (29)
[2017.03.07-14.10.39:568][709]LogModuleManager: Shutting down and abandoning module WindowsTargetPlatform (28)
[2017.03.07-14.10.39:568][709]LogModuleManager: Shutting down and abandoning module WindowsServerTargetPlatform (27)
[2017.03.07-14.10.39:568][709]LogModuleManager: Shutting down and abandoning module WindowsNoEditorTargetPlatform (26)
[2017.03.07-14.10.39:568][709]LogModuleManager: Shutting down and abandoning module WindowsClientTargetPlatform (25)
[2017.03.07-14.10.39:568][709]LogModuleManager: Shutting down and abandoning module AllDesktopTargetPlatform (24)
[2017.03.07-14.10.39:568][709]LogModuleManager: Shutting down and abandoning module TargetPlatform (23)
[2017.03.07-14.10.39:568][709]LogModuleManager: Shutting down and abandoning module InputCore (22)
[2017.03.07-14.10.39:568][709]LogModuleManager: Shutting down and abandoning module Settings (21)
[2017.03.07-14.10.39:568][709]LogModuleManager: Shutting down and abandoning module OnlineSubsystem (19)
[2017.03.07-14.10.39:568][709]LogModuleManager: Shutting down and abandoning module HTTP (18)
[2017.03.07-14.10.41:072][709]LogModuleManager: Shutting down and abandoning module XMPP (17)
[2017.03.07-14.10.41:072][709]LogModuleManager: Shutting down and abandoning module OculusRift (16)
[2017.03.07-14.10.41:072][709]LogModuleManager: Shutting down and abandoning module ExampleDeviceProfileSelector (15)
[2017.03.07-14.10.41:072][709]LogModuleManager: Shutting down and abandoning module TextureCompressor (14)
[2017.03.07-14.10.41:072][709]LogModuleManager: Shutting down and abandoning module ShaderCore (13)
[2017.03.07-14.10.41:072][709]LogModuleManager: Shutting down and abandoning module Landscape (12)
[2017.03.07-14.10.41:072][709]LogModuleManager: Shutting down and abandoning module SlateRHIRenderer (11)
[2017.03.07-14.10.41:074][709]LogModuleManager: Shutting down and abandoning module OpenGLDrv (10)
[2017.03.07-14.10.41:074][709]LogModuleManager: Shutting down and abandoning module D3D11RHI (9)
[2017.03.07-14.10.41:074][709]LogModuleManager: Shutting down and abandoning module AnimGraphRuntime (8)
[2017.03.07-14.10.41:074][709]LogModuleManager: Shutting down and abandoning module Renderer (7)
[2017.03.07-14.10.41:074][709]LogModuleManager: Shutting down and abandoning module Engine (6)
[2017.03.07-14.10.41:074][709]LogModuleManager: Shutting down and abandoning module CoreUObject (5)
[2017.03.07-14.10.41:074][709]LogModuleManager: Shutting down and abandoning module NetworkFile (4)
[2017.03.07-14.10.41:074][709]LogModuleManager: Shutting down and abandoning module StreamingFile (3)
[2017.03.07-14.10.41:074][709]LogModuleManager: Shutting down and abandoning module SandboxFile (2)
[2017.03.07-14.10.41:074][709]LogModuleManager: Shutting down and abandoning module PakFile (1)
[2017.03.07-14.10.41:077][709]LogExit: Exiting.
[2017.03.07-14.10.41:079][709]Log file closed, 03/07/17 14:10:41
