Log file open, 03/10/17 01:53:45
LogInit:Display: Running engine for game: DissertationLevel
LogPlatformFile: Not using cached read wrapper
LogInit:Display: RandInit(-446193079) SRandInit(-446193078).
LogTaskGraph: Started task graph with 4 named threads and 7 total threads with 1 sets of task threads.
LogStats: Stats thread started at 0.071179
LogInit: Version: 4.12.5-3039270+++UE4+Release-4.12
LogInit: API Version: 2992821
LogInit: Net Version: 3039270
LogDevObjectVersion: Number of dev versions registered: 13
LogDevObjectVersion:   Dev-Blueprints (B0D832E4-1F89-4F0D-ACCF-7EB736FD4AA2): 3
LogDevObjectVersion:   Dev-Build (E1C64328-A22C-4D53-A36C-8E866417BD8C): 0
LogDevObjectVersion:   Dev-Core (375EC13C-06E4-48FB-B500-84F0262A717E): 1
LogDevObjectVersion:   Dev-Editor (E4B068ED-F494-42E9-A231-DA0B2E46BB41): 2
LogDevObjectVersion:   Dev-Framework (CFFC743F-43B0-4480-9391-14DF171D2073): 6
LogDevObjectVersion:   Dev-Mobile (B02B49B5-BB20-44E9-A304-32B752E40360): 0
LogDevObjectVersion:   Dev-Networking (A4E4105C-59A1-49B5-A7C5-40C4547EDFEE): 0
LogDevObjectVersion:   Dev-Online (39C831C9-5AE6-47DC-9A44-9C173E1C8E7C): 0
LogDevObjectVersion:   Dev-Physics (78F01B33-EBEA-4F98-B9B4-84EACCB95AA2): 0
LogDevObjectVersion:   Dev-Platform (6631380F-2D4D-43E0-8009-CF276956A95A): 0
LogDevObjectVersion:   Dev-Rendering (12F88B9F-8875-4AFC-A67C-D90C383ABD29): 2
LogDevObjectVersion:   Dev-Sequencer (7B5AE74C-D270-4C10-A958-57980B212A5A): 0
LogDevObjectVersion:   Dev-VR (D7296918-1DD6-4BDD-9DE2-64A83CC13884): 0
LogInit: Compiled (64-bit): Jul  6 2016 09:09:46
LogInit: Compiled with Visual C++: 19.00.23026.00
LogInit: Build Configuration: Development
LogInit: Branch Name: ++UE4+Release-4.12
LogInit: Command line: 
LogInit: Base directory: C:/Program Files/Epic Games/4.12/Engine/Binaries/Win64/
LogInit: Installed Engine Build: 1
LogInit: Using libcurl 7.41.0
LogInit:  - built for x86_64-pc-win32
LogInit:  - supports SSL with WinSSL
LogInit:  - other features:
LogInit:      CURL_VERSION_SSL
LogInit:      CURL_VERSION_IPV6
LogInit:      CURL_VERSION_ASYNCHDNS
LogInit:      CURL_VERSION_LARGEFILE
LogInit:      CURL_VERSION_IDN
LogInit:  CurlRequestOptions (configurable via config and command line):
LogInit:  - bVerifyPeer = true  - Libcurl will verify peer certificate
LogInit:  - bUseHttpProxy = false  - Libcurl will NOT use HTTP proxy
LogInit:  - bDontReuseConnections = false  - Libcurl will reuse connections
LogInit:  - CertBundlePath = nullptr  - Libcurl will use whatever was configured at build time.
LogInit: Presizing for max 8388607 objects, including 0 objects not considered by GC, pre-allocating 0 bytes for permanent pool.
LogInit: Object subsystem initialized
[2017.03.10-01.53.45:904][  0]LogInit: Selected Device Profile: [Windows]
[2017.03.10-01.53.45:904][  0]LogInit: Applying CVar settings loaded from the selected device profile: [Windows]
[2017.03.10-01.53.45:987][  0]LogInit: Computer: RIGG001
[2017.03.10-01.53.45:987][  0]LogInit: User: b3030113
[2017.03.10-01.53.45:987][  0]LogInit: CPU Page size=65536, Cores=4
[2017.03.10-01.53.45:987][  0]LogInit: High frequency timer resolution =3.312783 MHz
[2017.03.10-01.53.45:988][  0]LogMemory: Memory total: Physical=8.0GB (8GB approx)
[2017.03.10-01.53.45:988][  0]LogMemory: Platform Memory Stats for Windows
[2017.03.10-01.53.45:988][  0]LogMemory: Process Physical Memory: 188.40 MB used, 188.40 MB peak
[2017.03.10-01.53.45:988][  0]LogMemory: Process Virtual Memory: 195.11 MB used, 195.11 MB peak
[2017.03.10-01.53.45:988][  0]LogMemory: Physical Memory: 4523.55 MB used, 8142.59 MB total
[2017.03.10-01.53.45:988][  0]LogMemory: Virtual Memory: 536.59 MB used, 134217728.00 MB total
[2017.03.10-01.53.46:018][  0]LogTextLocalizationManager: No specific translations for ('en-GB') exist, so ('en') translations will be used.
[2017.03.10-01.53.46:349][  0]LogD3D11RHI: D3D11 adapters:
[2017.03.10-01.53.46:494][  0]LogD3D11RHI:    0. 'NVIDIA GeForce GT 610  ' (Feature Level 11_0)
[2017.03.10-01.53.46:494][  0]LogD3D11RHI:       973/0/3071 MB DedicatedVideo/DedicatedSystem/SharedSystem, Outputs:1, VendorId:0x10de
[2017.03.10-01.53.46:501][  0]LogD3D11RHI:    1. 'Microsoft Basic Render Driver' (Feature Level 11_0)
[2017.03.10-01.53.46:501][  0]LogD3D11RHI:       0/0/256 MB DedicatedVideo/DedicatedSystem/SharedSystem, Outputs:0, VendorId:0x1414
[2017.03.10-01.53.46:501][  0]LogD3D11RHI: Chosen D3D11 Adapter: 0
[2017.03.10-01.53.46:504][  0]LogD3D11RHI: Creating new Direct3DDevice
[2017.03.10-01.53.46:504][  0]LogD3D11RHI:     GPU DeviceId: 0x104a (for the marketing name, search the web for "GPU Device Id")
[2017.03.10-01.53.46:504][  0]LogWindows: EnumDisplayDevices:
[2017.03.10-01.53.46:505][  0]LogWindows:    0. 'NVIDIA GeForce GT 610  ' (P:1 D:1)
[2017.03.10-01.53.46:505][  0]LogWindows:    1. 'NVIDIA GeForce GT 610  ' (P:0 D:0)
[2017.03.10-01.53.46:505][  0]LogWindows: DebugString: FoundDriverCount:2 
[2017.03.10-01.53.46:505][  0]LogD3D11RHI:     Adapter Name: NVIDIA GeForce GT 610  
[2017.03.10-01.53.46:505][  0]LogD3D11RHI:   Driver Version: 362.84 (internal:10.18.13.6284, unified:362.84)
[2017.03.10-01.53.46:505][  0]LogD3D11RHI:      Driver Date: 6-26-2016
[2017.03.10-01.53.46:505][  0]LogRHI: Texture pool is 681 MB (70% of 973 MB)
[2017.03.10-01.53.46:521][  0]LogD3D11RHI: Async texture creation enabled
[2017.03.10-01.53.46:556][  0]LogD3D11RHI: GPU Timing Frequency: 1000.000000 (Debug: 2 5)
[2017.03.10-01.53.46:556][  0]LogShaderCompilers: Guid format shader working directory is -12 characters bigger than the processId version (D:/Unreal Engine Projects/DissertationLevel/DissertationLevel/Intermediate/Shaders/WorkingDirectory/8420/).
[2017.03.10-01.53.46:556][  0]LogShaderCompilers: Cleaned the shader compiler working directory 'C:/Users/b3030113/AppData/Local/Temp/UnrealShaderWorkingDir/28F6A06446F0FE7E0F40019663B753DC/'.
[2017.03.10-01.53.46:556][  0]LogShaderCompilers:Display: Using Local Shader Compiler.
[2017.03.10-01.53.47:483][  0]LogTemp:Display: Loaded TP AllDesktopTargetPlatform
[2017.03.10-01.53.47:497][  0]LogTemp:Display: Loaded TP WindowsClientTargetPlatform
[2017.03.10-01.53.47:509][  0]LogTemp:Display: Loaded TP WindowsNoEditorTargetPlatform
[2017.03.10-01.53.47:521][  0]LogTemp:Display: Loaded TP WindowsServerTargetPlatform
[2017.03.10-01.53.47:537][  0]LogTemp:Display: Loaded TP WindowsTargetPlatform
[2017.03.10-01.53.47:551][  0]LogTemp:Display: Loaded TP AndroidTargetPlatform
[2017.03.10-01.53.47:565][  0]LogTemp:Display: Loaded TP Android_ASTCTargetPlatform
[2017.03.10-01.53.47:580][  0]LogTemp:Display: Loaded TP Android_ATCTargetPlatform
[2017.03.10-01.53.47:594][  0]LogTemp:Display: Loaded TP Android_DXTTargetPlatform
[2017.03.10-01.53.47:607][  0]LogTemp:Display: Loaded TP Android_ETC1TargetPlatform
[2017.03.10-01.53.47:618][  0]LogTemp:Display: Loaded TP Android_ETC2TargetPlatform
[2017.03.10-01.53.47:640][  0]LogTemp:Display: Loaded TP Android_MultiTargetPlatform
[2017.03.10-01.53.47:640][  0]LogTemp:Display: Loaded TP Android_PVRTCTargetPlatform
[2017.03.10-01.53.47:641][  0]LogTemp:Display: Loaded TP HTML5TargetPlatform
[2017.03.10-01.53.47:669][  0]LogTemp:Display: Loaded TP IOSTargetPlatform
[2017.03.10-01.53.47:680][  0]LogTemp:Display: Loaded TP TVOSTargetPlatform
[2017.03.10-01.53.47:691][  0]LogTemp:Display: Loaded TP LinuxNoEditorTargetPlatform
[2017.03.10-01.53.47:703][  0]LogTemp:Display: Loaded TP LinuxServerTargetPlatform
[2017.03.10-01.53.47:714][  0]LogTemp:Display: Loaded TP LinuxTargetPlatform
[2017.03.10-01.53.47:714][  0]LogTargetPlatformManager:Display: Building Assets For Windows
[2017.03.10-01.53.47:779][  0]LogDerivedDataCache:Display: Max Cache Size: 512 MB
[2017.03.10-01.53.47:833][  0]LogDerivedDataCache: Loaded boot cache 0.05s 50MB C:/Users/b3030113/AppData/Local/UnrealEngine/4.12/DerivedDataCache/Boot.ddc.
[2017.03.10-01.53.47:833][  0]LogDerivedDataCache:Display: Loaded Boot cache: C:/Users/b3030113/AppData/Local/UnrealEngine/4.12/DerivedDataCache/Boot.ddc
[2017.03.10-01.53.47:834][  0]LogDerivedDataCache: FDerivedDataBackendGraph:  Pak pak cache file D:/Unreal Engine Projects/DissertationLevel/DissertationLevel/DerivedDataCache/DDC.ddp not found, will not use a pak cache.
[2017.03.10-01.53.47:834][  0]LogDerivedDataCache: Unable to find inner node Pak for hierarchical cache Hierarchy.
[2017.03.10-01.53.47:834][  0]LogDerivedDataCache: FDerivedDataBackendGraph:  CompressedPak pak cache file D:/Unreal Engine Projects/DissertationLevel/DissertationLevel/DerivedDataCache/Compressed.ddp not found, will not use a pak cache.
[2017.03.10-01.53.47:834][  0]LogDerivedDataCache: Unable to find inner node CompressedPak for hierarchical cache Hierarchy.
[2017.03.10-01.53.47:850][  0]LogDerivedDataCache:Display: Pak cache opened for reading ../../../Engine/DerivedDataCache/Compressed.ddp.
[2017.03.10-01.53.47:863][  0]LogDerivedDataCache: Using Local data cache path C:/Users/b3030113/AppData/Local/UnrealEngine/Common/DerivedDataCache: Writable
[2017.03.10-01.53.48:124][  0]LogInit: Selected Device Profile: [Windows]
[2017.03.10-01.53.48:124][  0]LogContentStreaming: Texture pool size is 0.00 MB
[2017.03.10-01.53.48:381][  0]LogMeshUtilities: No automatic mesh reduction module available
[2017.03.10-01.53.48:381][  0]LogMeshUtilities: No automatic mesh merging module available
[2017.03.10-01.53.48:381][  0]LogMeshUtilities: No distributed automatic mesh merging module available
[2017.03.10-01.53.48:634][  0]LogAssetRegistry: FAssetRegistry took 0.0222 seconds to start up
[2017.03.10-01.53.52:884][  0]LogPackageLocalizationCache: Processed 3 localized package path(s) for 2 prioritized culture(s) in 4.247551 seconds
[2017.03.10-01.53.52:889][  0]LogUObjectArray: 28739 objects as part of root set at end of initial load.
[2017.03.10-01.53.52:889][  0]LogUObjectAllocator: 5855624 out of 0 bytes used by permanent object pool.
[2017.03.10-01.53.52:889][  0]LogUObjectArray: CloseDisregardForGC: 0/0 objects in disregard for GC pool
[2017.03.10-01.53.52:894][  0]LogInit: WinSock: version 1.1 (2.2), MaxSocks=32767, MaxUdp=65467
[2017.03.10-01.53.53:151][  0]LogSlate: SlateFontCache - WITH_FREETYPE: 1, WITH_HARFBUZZ: 1
[2017.03.10-01.53.53:151][  0]LogSlate: SlateFontCache - WITH_FREETYPE: 1, WITH_HARFBUZZ: 1
[2017.03.10-01.53.54:048][  0]LogUdpMessaging: Initializing bridge on interface 0.0.0.0:0 to multicast group 230.0.0.1:6666.
[2017.03.10-01.53.55:295][  0]SourceControl: Info Source control is disabled
[2017.03.10-01.53.55:319][  0]SourceControl: Info Source control is disabled
[2017.03.10-01.53.55:327][  0]SourceControl: Info Source control is disabled
[2017.03.10-01.53.55:334][  0]SourceControl: Info Source control is disabled
[2017.03.10-01.53.55:533][  0]LogEngine: Initializing Engine...
[2017.03.10-01.53.55:534][  0]LogHMD: SteamVR failed to initialize.  Err: 110
[2017.03.10-01.53.55:534][  0]LogHMD: SteamVR failed to initialize.  Err: 110
[2017.03.10-01.53.55:661][  0]LogAIModule: Creating AISystem for world NewWorld
[2017.03.10-01.53.55:666][  0]LogInit: XAudio2 using 'Speakers (Realtek High Definition Audio)' : 2 channels at 48 kHz using 32 bits per sample (channel mask 0x3)
[2017.03.10-01.53.55:684][  0]LogInit: FAudioDevice initialized.
[2017.03.10-01.53.55:713][  0]LogDerivedDataCache: Saved boot cache 0.03s 50MB C:/Users/b3030113/AppData/Local/UnrealEngine/4.12/DerivedDataCache/Boot.ddc.
[2017.03.10-01.53.55:791][  0]LogInit: Texture streaming: Enabled
[2017.03.10-01.53.55:809][  0]LogInit: Transaction tracking system initialized
[2017.03.10-01.53.55:824][  0]BlueprintLog: New page: Editor Load
[2017.03.10-01.53.55:995][  0]LocalizationService: Info Localization service is disabled
[2017.03.10-01.53.56:217][  0]LogConsoleResponse:Display: 
[2017.03.10-01.53.56:315][  0]LogCook:Display: Max memory allowance for cook 8192mb
[2017.03.10-01.53.56:315][  0]LogCook:Display: Mobile HDR setting 1
[2017.03.10-01.53.56:394][  0]LogFileCache: Scanning file cache for directory 'D:/Unreal Engine Projects/DissertationLevel/DissertationLevel/Content/' took 0.04s
[2017.03.10-01.53.56:394][  0]SourceControl: Info Source control is disabled
[2017.03.10-01.53.56:394][  0]Cmd: MAP LOAD FILE="D:/Unreal Engine Projects/DissertationLevel/DissertationLevel/Content/ThirdPersonCPP/Maps/ThirdPersonExampleMap.umap" TEMPLATE=0 SHOWPROGRESS=1 FEATURELEVEL=3
[2017.03.10-01.53.56:405][  0]LightingResults: New page: Lighting Build
[2017.03.10-01.53.56:407][  0]MapCheck: New page: Map Check
[2017.03.10-01.53.56:407][  0]LightingResults: New page: Lighting Build
[2017.03.10-01.53.56:681][  0]LogAIModule: Creating AISystem for world ThirdPersonExampleMap
[2017.03.10-01.53.56:692][  0]LogEditorServer: Finished looking for orphan Actors (0.000 secs)
[2017.03.10-01.53.56:693][  0]Cmd: MAP CHECKDEP NOCLEARLOG
[2017.03.10-01.53.56:778][  0]MapCheck: Info Map check complete: 0 Error(s), 0 Warning(s), took 85.562ms to complete.
[2017.03.10-01.53.56:778][  0]LogFileHelpers: Loading map 'ThirdPersonExampleMap' took 0.384
[2017.03.10-01.53.56:953][  0]LogCollectionManager: Loaded 0 collections in 0.002004 seconds
[2017.03.10-01.53.56:997][  0]LogFileCache: Scanning file cache for directory 'D:/Unreal Engine Projects/DissertationLevel/DissertationLevel/Saved/Collections/' took 0.01s
[2017.03.10-01.53.56:997][  0]LogFileCache: Scanning file cache for directory 'D:/Unreal Engine Projects/DissertationLevel/DissertationLevel/Content/Developers/b3030113/Collections/' took 0.01s
[2017.03.10-01.53.56:997][  0]LogFileCache: Scanning file cache for directory 'D:/Unreal Engine Projects/DissertationLevel/DissertationLevel/Content/Collections/' took 0.01s
[2017.03.10-01.53.56:997][  0]LogCollectionManager: Rebuilt the GUID cache for 0 collections in 0.000003 seconds
[2017.03.10-01.53.57:027][  0]LogContentBrowser: Native class hierarchy populated in 0.0300 seconds. Added 2068 classes and 376 folders.
[2017.03.10-01.53.57:032][  0]LogStats: UGameplayTagsManager::ConstructGameplayTagTree: Construct from data asset -  0.000 s
[2017.03.10-01.53.57:032][  0]LogStats: UGameplayTagsManager::ConstructGameplayTagTree: GameplayTagTreeChangedEvent.Broadcast -  0.000 s
[2017.03.10-01.53.57:047][  0]LogContentBrowser: Native class hierarchy updated for 'GameplayTags' in 0.0152 seconds. Added 12 classes and 0 folders.
[2017.03.10-01.53.57:070][  0]LogContentBrowser: Native class hierarchy updated for 'WidgetCarousel' in 0.0207 seconds. Added 0 classes and 0 folders.
[2017.03.10-01.53.58:242][  0]LogContentBrowser: Native class hierarchy updated for 'AddContentDialog' in 0.0427 seconds. Added 0 classes and 0 folders.
[2017.03.10-01.53.58:293][  0]LogContentBrowser: Native class hierarchy updated for 'SceneOutliner' in 0.0384 seconds. Added 1 classes and 2 folders.
[2017.03.10-01.53.58:325][  0]LogCrashTracker: Crashtracker disabled due to settings.
[2017.03.10-01.53.58:333][  0]LogUObjectGlobals:Warning: Failed to find object 'Class None.'
[2017.03.10-01.53.58:400][  0]LogContentBrowser: Native class hierarchy updated for 'HierarchicalLODOutliner' in 0.0407 seconds. Added 1 classes and 2 folders.
[2017.03.10-01.53.58:401][  0]LogLoad: Full Startup: 14.88 seconds (BP compile: 0.06 seconds)
[2017.03.10-01.53.58:401][  0]LogExternalProfiler: Found external profiler: VSPerf
[2017.03.10-01.53.58:401][  0]LogExternalProfiler: Using external profiler: VSPerf
[2017.03.10-01.53.58:410][  0]LogOcInput: OculusInput pre-init called
[2017.03.10-01.53.58:427][  0]LogContentStreaming: Texture pool size now 200 MB
[2017.03.10-01.53.58:657][  0]LogRenderer: Reallocating scene render targets to support 1208x576 (Frame:2).
[2017.03.10-01.53.58:766][  1]LogAssetRegistry: Asset discovery search completed in 10.1539 seconds
[2017.03.10-01.53.58:766][  1]LogCollectionManager: Rebuilt the object cache for 0 collections in 0.000001 seconds (found 0 objects)
[2017.03.10-01.53.58:767][  1]LogCollectionManager: Fixed up redirectors for 0 collections in 0.000104 seconds (updated 0 objects)
[2017.03.10-01.54.04:688][490]Recompiling DissertationLevel...
[2017.03.10-01.54.04:691][490]Launching UnrealBuildTool... [C:/Program Files/Epic Games/4.12/Engine/Binaries/DotNET/UnrealBuildTool.exe DissertationLevel -ModuleWithSuffix DissertationLevel 8630 Win64 Development -editorrecompile -canskiplink "D:/Unreal Engine Projects/DissertationLevel/DissertationLevel/DissertationLevel.uproject"  -2015]
[2017.03.10-01.54.04:692][490]Warning: Starting HotReload took  0.1s.
[2017.03.10-01.54.35:222][417]CompilerResultsLog: New page: Compilation - 10 Mar 2017 01:54:35
[2017.03.10-01.54.35:222][417]CompilerResultsLog: Info Creating makefile for hot reloading DissertationLevel (working set of source files changed)
[2017.03.10-01.54.35:222][417]CompilerResultsLog: Info Compiling game modules for hot reload
[2017.03.10-01.54.35:222][417]CompilerResultsLog: Info Parsing headers for DissertationLevelEditor
[2017.03.10-01.54.35:222][417]CompilerResultsLog: Info   Running UnrealHeaderTool "D:\Unreal Engine Projects\DissertationLevel\DissertationLevel\DissertationLevel.uproject" "D:\Unreal Engine Projects\DissertationLevel\DissertationLevel\Intermediate\Build\Win64\DissertationLevelEditor\Development\DissertationLevelEditor.uhtmanifest" -LogCmds="loginit warning, logexit warning, logdatabase error" -Unattended -WarningsAsErrors -installed
[2017.03.10-01.54.35:223][417]CompilerResultsLog: Info Reflection code generated for DissertationLevelEditor in 5.9376521 seconds
[2017.03.10-01.54.35:223][417]CompilerResultsLog: Info Performing 12 actions (4 in parallel)
[2017.03.10-01.54.35:223][417]CompilerResultsLog: Info BTService_CheckForPlayer.cpp
[2017.03.10-01.54.35:223][417]CompilerResultsLog: Info DissertationLevel.generated.cpp
[2017.03.10-01.54.35:223][417]CompilerResultsLog: Info EnemyCharacter.cpp
[2017.03.10-01.54.35:223][417]CompilerResultsLog: Info EnemyAIController.cpp
[2017.03.10-01.54.35:223][417]CompilerResultsLog: Info BTTask_SelectPatrolPoint.cpp
[2017.03.10-01.54.35:223][417]CompilerResultsLog: Info EnvQueryGenerator_AStarNodes.cpp
[2017.03.10-01.54.35:223][417]CompilerResultsLog: Info BTTask_MoveToPlayer.cpp
[2017.03.10-01.54.35:223][417]CompilerResultsLog: Info FindPlayerQueryContext.cpp
[2017.03.10-01.54.35:223][417]CompilerResultsLog: Info PlayerTrail.cpp
[2017.03.10-01.54.35:223][417]CompilerResultsLog:Error: Error D:\Unreal Engine Projects\DissertationLevel\DissertationLevel\Source\DissertationLevel\BehaviorTree\BTTask_MoveToPlayer.cpp(49) : error C2660: 'AEnemyAIController::GetAStarPath': function does not take 0 arguments
[2017.03.10-01.54.35:224][417]CompilerResultsLog: Info DissertationLevelGameMode.cpp
[2017.03.10-01.54.35:224][417]CompilerResultsLog: Info AStarQueryTest.cpp
[2017.03.10-01.54.35:224][417]CompilerResultsLog: Info ERROR: UBT ERROR: Failed to produce item: D:\Unreal Engine Projects\DissertationLevel\DissertationLevel\Binaries\Win64\UE4Editor-DissertationLevel-8630.dll
[2017.03.10-01.54.35:224][417]CompilerResultsLog: Info Total build time: 30.36 seconds
[2017.03.10-01.54.35:224][417]LogMainFrame: MainFrame: Module compiling took 30.615 seconds
[2017.03.10-01.54.35:224][417]Warning: HotReload failed, recompile failed
[2017.03.10-01.55.12:895][871]Recompiling DissertationLevel...
[2017.03.10-01.55.12:899][871]Launching UnrealBuildTool... [C:/Program Files/Epic Games/4.12/Engine/Binaries/DotNET/UnrealBuildTool.exe DissertationLevel -ModuleWithSuffix DissertationLevel 3957 Win64 Development -editorrecompile -canskiplink "D:/Unreal Engine Projects/DissertationLevel/DissertationLevel/DissertationLevel.uproject"  -2015]
[2017.03.10-01.55.12:900][871]Warning: Starting HotReload took  0.0s.
[2017.03.10-01.56.30:066][826]CompilerResultsLog: New page: Compilation - 10 Mar 2017 01:56:30
[2017.03.10-01.56.30:067][826]CompilerResultsLog: Info Creating makefile for hot reloading DissertationLevel (working set of source files changed)
[2017.03.10-01.56.30:067][826]CompilerResultsLog: Info Compiling game modules for hot reload
[2017.03.10-01.56.30:067][826]CompilerResultsLog: Info Performing 2 actions (4 in parallel)
[2017.03.10-01.56.30:067][826]CompilerResultsLog: Info BTTask_MoveToPlayer.cpp
[2017.03.10-01.56.30:067][826]CompilerResultsLog: Info [2/2] Link UE4Editor-DissertationLevel-3957.dll
[2017.03.10-01.56.30:067][826]CompilerResultsLog: Info    Creating library D:\Unreal Engine Projects\DissertationLevel\DissertationLevel\Intermediate\Build\Win64\UE4Editor\Development\UE4Editor-DissertationLevel-3957.lib and object D:\Unreal Engine Projects\DissertationLevel\DissertationLevel\Intermediate\Build\Win64\UE4Editor\Development\UE4Editor-DissertationLevel-3957.exp
[2017.03.10-01.56.30:068][826]CompilerResultsLog: Info Total build time: 77.02 seconds
[2017.03.10-01.56.30:068][826]LogMainFrame: MainFrame: Module compiling took 77.184 seconds
[2017.03.10-01.56.30:130][826]LogClass: Could not find existing class EnemyAIController in package /Script/DissertationLevel for HotReload, assuming new class
[2017.03.10-01.56.30:134][826]LogClass: EPlayState HotReload.
[2017.03.10-01.56.30:138][826]LogHotReload: Re-instancing EnemyAIController after hot-reload.
[2017.03.10-01.56.30:275][826]LogContentBrowser: Native class hierarchy updated for 'DissertationLevel' in 0.0308 seconds. Added 14 classes and 5 folders.
[2017.03.10-01.56.30:276][826]Warning: HotReload successful (4 functions remapped  0 scriptstructs remapped)
[2017.03.10-01.56.30:369][826]LogContentBrowser: Native class hierarchy populated in 0.0258 seconds. Added 2070 classes and 380 folders.
[2017.03.10-01.56.30:369][826]Warning: HotReload took 77.5s.
[2017.03.10-01.57.18:921][ 23]LogBlueprintUserMessages: Early PlayInEditor Detection: Level '/Game/ThirdPersonCPP/Maps/ThirdPersonExampleMap.ThirdPersonExampleMap:PersistentLevel' has LevelScriptBlueprint '/Game/ThirdPersonCPP/Maps/ThirdPersonExampleMap.ThirdPersonExampleMap:PersistentLevel.ThirdPersonExampleMap' with GeneratedClass '/Game/ThirdPersonCPP/Maps/ThirdPersonExampleMap.ThirdPersonExampleMap_C' with ClassGeneratedBy '/Game/ThirdPersonCPP/Maps/ThirdPersonExampleMap.ThirdPersonExampleMap:PersistentLevel.ThirdPersonExampleMap'
[2017.03.10-01.57.18:921][ 23]LogPlayLevel: PlayLevel: No blueprints needed recompiling
[2017.03.10-01.57.18:921][ 23]PIE: New page: PIE session: ThirdPersonExampleMap (10 Mar 2017 01:57:18)
[2017.03.10-01.57.18:921][ 23]LogPlayLevel: Creating play world package: /Game/ThirdPersonCPP/Maps/UEDPIE_0_ThirdPersonExampleMap
[2017.03.10-01.57.19:006][ 23]LogPlayLevel: PIE: StaticDuplicateObject took: (0.083536s)
[2017.03.10-01.57.19:007][ 23]LogAIModule: Creating AISystem for world ThirdPersonExampleMap
[2017.03.10-01.57.19:007][ 23]LogPlayLevel: PIE: World Init took: (0.000921s)
[2017.03.10-01.57.19:007][ 23]LogPlayLevel: PIE: Created PIE world by copying editor world from /Game/ThirdPersonCPP/Maps/ThirdPersonExampleMap.ThirdPersonExampleMap to /Game/ThirdPersonCPP/Maps/UEDPIE_0_ThirdPersonExampleMap.ThirdPersonExampleMap (0.085035s)
[2017.03.10-01.57.19:020][ 23]LogInit: XAudio2 using 'Speakers (Realtek High Definition Audio)' : 2 channels at 48 kHz using 32 bits per sample (channel mask 0x3)
[2017.03.10-01.57.19:063][ 23]LogInit: FAudioDevice initialized.
[2017.03.10-01.57.19:129][ 23]LogWorld: Game class is 'DissertationLevelGameMode'
[2017.03.10-01.57.19:234][ 23]LogWorld: Bringing World /Game/ThirdPersonCPP/Maps/UEDPIE_0_ThirdPersonExampleMap.ThirdPersonExampleMap up for play (max tick rate 0) at 2017.03.10-01.57.19
[2017.03.10-01.57.19:245][ 23]LogWorld: Bringing up level for play took: 0.113543
[2017.03.10-01.57.19:310][ 23]LogContentBrowser: Native class hierarchy updated for 'MovieSceneCapture' in 0.0471 seconds. Added 11 classes and 0 folders.
[2017.03.10-01.57.19:311][ 23]LogActor:Warning: WorldObject /Game/ThirdPersonCPP/Maps/UEDPIE_0_ThirdPersonExampleMap.ThirdPersonExampleMap:PersistentLevel.WorldObject_0 has natively added scene component(s), but none of them were set as the actor's RootComponent - picking one arbitrarily
[2017.03.10-01.57.19:312][ 23]LogActor:Warning: WorldObject /Game/ThirdPersonCPP/Maps/UEDPIE_0_ThirdPersonExampleMap.ThirdPersonExampleMap:PersistentLevel.WorldObject_1 has natively added scene component(s), but none of them were set as the actor's RootComponent - picking one arbitrarily
[2017.03.10-01.57.19:314][ 23]LogActor:Warning: WorldObject /Game/ThirdPersonCPP/Maps/UEDPIE_0_ThirdPersonExampleMap.ThirdPersonExampleMap:PersistentLevel.WorldObject_2 has natively added scene component(s), but none of them were set as the actor's RootComponent - picking one arbitrarily
[2017.03.10-01.57.19:325][ 23]LogActor:Warning: WorldObject /Game/ThirdPersonCPP/Maps/UEDPIE_0_ThirdPersonExampleMap.ThirdPersonExampleMap:PersistentLevel.WorldObject_3 has natively added scene component(s), but none of them were set as the actor's RootComponent - picking one arbitrarily
[2017.03.10-01.57.19:327][ 23]LogActor:Warning: WorldObject /Game/ThirdPersonCPP/Maps/UEDPIE_0_ThirdPersonExampleMap.ThirdPersonExampleMap:PersistentLevel.WorldObject_4 has natively added scene component(s), but none of them were set as the actor's RootComponent - picking one arbitrarily
[2017.03.10-01.57.19:328][ 23]LogActor:Warning: WorldObject /Game/ThirdPersonCPP/Maps/UEDPIE_0_ThirdPersonExampleMap.ThirdPersonExampleMap:PersistentLevel.WorldObject_5 has natively added scene component(s), but none of them were set as the actor's RootComponent - picking one arbitrarily
[2017.03.10-01.57.19:330][ 23]LogActor:Warning: WorldObject /Game/ThirdPersonCPP/Maps/UEDPIE_0_ThirdPersonExampleMap.ThirdPersonExampleMap:PersistentLevel.WorldObject_6 has natively added scene component(s), but none of them were set as the actor's RootComponent - picking one arbitrarily
[2017.03.10-01.57.19:331][ 23]LogActor:Warning: WorldObject /Game/ThirdPersonCPP/Maps/UEDPIE_0_ThirdPersonExampleMap.ThirdPersonExampleMap:PersistentLevel.WorldObject_7 has natively added scene component(s), but none of them were set as the actor's RootComponent - picking one arbitrarily
[2017.03.10-01.57.19:332][ 23]LogActor:Warning: WorldObject /Game/ThirdPersonCPP/Maps/UEDPIE_0_ThirdPersonExampleMap.ThirdPersonExampleMap:PersistentLevel.WorldObject_8 has natively added scene component(s), but none of them were set as the actor's RootComponent - picking one arbitrarily
[2017.03.10-01.57.19:333][ 23]LogActor:Warning: WorldObject /Game/ThirdPersonCPP/Maps/UEDPIE_0_ThirdPersonExampleMap.ThirdPersonExampleMap:PersistentLevel.WorldObject_9 has natively added scene component(s), but none of them were set as the actor's RootComponent - picking one arbitrarily
[2017.03.10-01.57.19:335][ 23]LogActor:Warning: WorldObject /Game/ThirdPersonCPP/Maps/UEDPIE_0_ThirdPersonExampleMap.ThirdPersonExampleMap:PersistentLevel.WorldObject_10 has natively added scene component(s), but none of them were set as the actor's RootComponent - picking one arbitrarily
[2017.03.10-01.57.19:336][ 23]LogActor:Warning: WorldObject /Game/ThirdPersonCPP/Maps/UEDPIE_0_ThirdPersonExampleMap.ThirdPersonExampleMap:PersistentLevel.WorldObject_11 has natively added scene component(s), but none of them were set as the actor's RootComponent - picking one arbitrarily
[2017.03.10-01.57.19:337][ 23]LogActor:Warning: WorldObject /Game/ThirdPersonCPP/Maps/UEDPIE_0_ThirdPersonExampleMap.ThirdPersonExampleMap:PersistentLevel.WorldObject_12 has natively added scene component(s), but none of them were set as the actor's RootComponent - picking one arbitrarily
[2017.03.10-01.57.19:338][ 23]LogActor:Warning: WorldObject /Game/ThirdPersonCPP/Maps/UEDPIE_0_ThirdPersonExampleMap.ThirdPersonExampleMap:PersistentLevel.WorldObject_13 has natively added scene component(s), but none of them were set as the actor's RootComponent - picking one arbitrarily
[2017.03.10-01.57.19:340][ 23]LogActor:Warning: WorldObject /Game/ThirdPersonCPP/Maps/UEDPIE_0_ThirdPersonExampleMap.ThirdPersonExampleMap:PersistentLevel.WorldObject_14 has natively added scene component(s), but none of them were set as the actor's RootComponent - picking one arbitrarily
[2017.03.10-01.57.19:341][ 23]PIE: Info Play in editor start time for /Game/ThirdPersonCPP/Maps/UEDPIE_0_ThirdPersonExampleMap -0.134
[2017.03.10-01.57.19:342][ 23]LogBlueprintUserMessages: Late PlayInEditor Detection: Level '/Game/ThirdPersonCPP/Maps/ThirdPersonExampleMap.ThirdPersonExampleMap:PersistentLevel' has LevelScriptBlueprint '/Game/ThirdPersonCPP/Maps/ThirdPersonExampleMap.ThirdPersonExampleMap:PersistentLevel.ThirdPersonExampleMap' with GeneratedClass '/Game/ThirdPersonCPP/Maps/ThirdPersonExampleMap.ThirdPersonExampleMap_C' with ClassGeneratedBy '/Game/ThirdPersonCPP/Maps/ThirdPersonExampleMap.ThirdPersonExampleMap:PersistentLevel.ThirdPersonExampleMap'
[2017.03.10-01.57.19:625][ 27]LogClass: Attempting to Start A*
[2017.03.10-01.57.21:191][ 83]LogClass: Attempting to Start A*
[2017.03.10-01.57.21:191][ 83]LogClass: ATTEMPTING TO GENERATE PATH!
[2017.03.10-01.57.21:191][ 83]LogClass: NO CONNECTIONS TO NODE
[2017.03.10-01.57.21:192][ 83]LogClass: ERROR MAKING PATH
[2017.03.10-01.57.21:192][ 83]LogClass: PATH NOT FOUND
[2017.03.10-01.57.33:949][541]Cmd: EnableGDT
[2017.03.10-01.57.33:949][541]LogGameplayDebugger:Warning: Got from client: EnableGDT 
[2017.03.10-01.57.39:065][674]LogBlueprintUserMessages: Early EndPlayMap Detection: Level '/Game/ThirdPersonCPP/Maps/ThirdPersonExampleMap.ThirdPersonExampleMap:PersistentLevel' has LevelScriptBlueprint '/Game/ThirdPersonCPP/Maps/ThirdPersonExampleMap.ThirdPersonExampleMap:PersistentLevel.ThirdPersonExampleMap' with GeneratedClass '/Game/ThirdPersonCPP/Maps/ThirdPersonExampleMap.ThirdPersonExampleMap_C' with ClassGeneratedBy '/Game/ThirdPersonCPP/Maps/ThirdPersonExampleMap.ThirdPersonExampleMap:PersistentLevel.ThirdPersonExampleMap'
[2017.03.10-01.57.39:122][674]LogBlueprintUserMessages: Late EndPlayMap Detection: Level '/Game/ThirdPersonCPP/Maps/ThirdPersonExampleMap.ThirdPersonExampleMap:PersistentLevel' has LevelScriptBlueprint '/Game/ThirdPersonCPP/Maps/ThirdPersonExampleMap.ThirdPersonExampleMap:PersistentLevel.ThirdPersonExampleMap' with GeneratedClass '/Game/ThirdPersonCPP/Maps/ThirdPersonExampleMap.ThirdPersonExampleMap_C' with ClassGeneratedBy '/Game/ThirdPersonCPP/Maps/ThirdPersonExampleMap.ThirdPersonExampleMap:PersistentLevel.ThirdPersonExampleMap'
[2017.03.10-01.57.40:429][732]LogBlueprintUserMessages: Early PlayInEditor Detection: Level '/Game/ThirdPersonCPP/Maps/ThirdPersonExampleMap.ThirdPersonExampleMap:PersistentLevel' has LevelScriptBlueprint '/Game/ThirdPersonCPP/Maps/ThirdPersonExampleMap.ThirdPersonExampleMap:PersistentLevel.ThirdPersonExampleMap' with GeneratedClass '/Game/ThirdPersonCPP/Maps/ThirdPersonExampleMap.ThirdPersonExampleMap_C' with ClassGeneratedBy '/Game/ThirdPersonCPP/Maps/ThirdPersonExampleMap.ThirdPersonExampleMap:PersistentLevel.ThirdPersonExampleMap'
[2017.03.10-01.57.40:429][732]LogPlayLevel: PlayLevel: No blueprints needed recompiling
[2017.03.10-01.57.40:429][732]PIE: New page: PIE session: ThirdPersonExampleMap (10 Mar 2017 01:57:40)
[2017.03.10-01.57.40:429][732]LogPlayLevel: Creating play world package: /Game/ThirdPersonCPP/Maps/UEDPIE_0_ThirdPersonExampleMap
[2017.03.10-01.57.40:455][732]LogPlayLevel: PIE: StaticDuplicateObject took: (0.025419s)
[2017.03.10-01.57.40:456][732]LogAIModule: Creating AISystem for world ThirdPersonExampleMap
[2017.03.10-01.57.40:456][732]LogPlayLevel: PIE: World Init took: (0.001127s)
[2017.03.10-01.57.40:457][732]LogPlayLevel: PIE: Created PIE world by copying editor world from /Game/ThirdPersonCPP/Maps/ThirdPersonExampleMap.ThirdPersonExampleMap to /Game/ThirdPersonCPP/Maps/UEDPIE_0_ThirdPersonExampleMap.ThirdPersonExampleMap (0.027105s)
[2017.03.10-01.57.40:473][732]LogInit: XAudio2 using 'Speakers (Realtek High Definition Audio)' : 2 channels at 48 kHz using 32 bits per sample (channel mask 0x3)
[2017.03.10-01.57.40:479][732]LogInit: FAudioDevice initialized.
[2017.03.10-01.57.40:533][732]LogWorld: Game class is 'DissertationLevelGameMode'
[2017.03.10-01.57.40:632][732]LogWorld: Bringing World /Game/ThirdPersonCPP/Maps/UEDPIE_0_ThirdPersonExampleMap.ThirdPersonExampleMap up for play (max tick rate 0) at 2017.03.10-01.57.40
[2017.03.10-01.57.40:640][732]LogWorld: Bringing up level for play took: 0.105731
[2017.03.10-01.57.40:646][732]LogActor:Warning: WorldObject /Game/ThirdPersonCPP/Maps/UEDPIE_0_ThirdPersonExampleMap.ThirdPersonExampleMap:PersistentLevel.WorldObject_0 has natively added scene component(s), but none of them were set as the actor's RootComponent - picking one arbitrarily
[2017.03.10-01.57.40:665][732]LogActor:Warning: WorldObject /Game/ThirdPersonCPP/Maps/UEDPIE_0_ThirdPersonExampleMap.ThirdPersonExampleMap:PersistentLevel.WorldObject_1 has natively added scene component(s), but none of them were set as the actor's RootComponent - picking one arbitrarily
[2017.03.10-01.57.40:666][732]LogActor:Warning: WorldObject /Game/ThirdPersonCPP/Maps/UEDPIE_0_ThirdPersonExampleMap.ThirdPersonExampleMap:PersistentLevel.WorldObject_2 has natively added scene component(s), but none of them were set as the actor's RootComponent - picking one arbitrarily
[2017.03.10-01.57.40:668][732]LogActor:Warning: WorldObject /Game/ThirdPersonCPP/Maps/UEDPIE_0_ThirdPersonExampleMap.ThirdPersonExampleMap:PersistentLevel.WorldObject_3 has natively added scene component(s), but none of them were set as the actor's RootComponent - picking one arbitrarily
[2017.03.10-01.57.40:669][732]LogActor:Warning: WorldObject /Game/ThirdPersonCPP/Maps/UEDPIE_0_ThirdPersonExampleMap.ThirdPersonExampleMap:PersistentLevel.WorldObject_4 has natively added scene component(s), but none of them were set as the actor's RootComponent - picking one arbitrarily
[2017.03.10-01.57.40:671][732]LogActor:Warning: WorldObject /Game/ThirdPersonCPP/Maps/UEDPIE_0_ThirdPersonExampleMap.ThirdPersonExampleMap:PersistentLevel.WorldObject_5 has natively added scene component(s), but none of them were set as the actor's RootComponent - picking one arbitrarily
[2017.03.10-01.57.40:672][732]LogActor:Warning: WorldObject /Game/ThirdPersonCPP/Maps/UEDPIE_0_ThirdPersonExampleMap.ThirdPersonExampleMap:PersistentLevel.WorldObject_6 has natively added scene component(s), but none of them were set as the actor's RootComponent - picking one arbitrarily
[2017.03.10-01.57.40:673][732]LogActor:Warning: WorldObject /Game/ThirdPersonCPP/Maps/UEDPIE_0_ThirdPersonExampleMap.ThirdPersonExampleMap:PersistentLevel.WorldObject_7 has natively added scene component(s), but none of them were set as the actor's RootComponent - picking one arbitrarily
[2017.03.10-01.57.40:675][732]LogActor:Warning: WorldObject /Game/ThirdPersonCPP/Maps/UEDPIE_0_ThirdPersonExampleMap.ThirdPersonExampleMap:PersistentLevel.WorldObject_8 has natively added scene component(s), but none of them were set as the actor's RootComponent - picking one arbitrarily
[2017.03.10-01.57.40:676][732]LogActor:Warning: WorldObject /Game/ThirdPersonCPP/Maps/UEDPIE_0_ThirdPersonExampleMap.ThirdPersonExampleMap:PersistentLevel.WorldObject_9 has natively added scene component(s), but none of them were set as the actor's RootComponent - picking one arbitrarily
[2017.03.10-01.57.40:677][732]LogActor:Warning: WorldObject /Game/ThirdPersonCPP/Maps/UEDPIE_0_ThirdPersonExampleMap.ThirdPersonExampleMap:PersistentLevel.WorldObject_10 has natively added scene component(s), but none of them were set as the actor's RootComponent - picking one arbitrarily
[2017.03.10-01.57.40:678][732]LogActor:Warning: WorldObject /Game/ThirdPersonCPP/Maps/UEDPIE_0_ThirdPersonExampleMap.ThirdPersonExampleMap:PersistentLevel.WorldObject_11 has natively added scene component(s), but none of them were set as the actor's RootComponent - picking one arbitrarily
[2017.03.10-01.57.40:679][732]LogActor:Warning: WorldObject /Game/ThirdPersonCPP/Maps/UEDPIE_0_ThirdPersonExampleMap.ThirdPersonExampleMap:PersistentLevel.WorldObject_12 has natively added scene component(s), but none of them were set as the actor's RootComponent - picking one arbitrarily
[2017.03.10-01.57.40:681][732]LogActor:Warning: WorldObject /Game/ThirdPersonCPP/Maps/UEDPIE_0_ThirdPersonExampleMap.ThirdPersonExampleMap:PersistentLevel.WorldObject_13 has natively added scene component(s), but none of them were set as the actor's RootComponent - picking one arbitrarily
[2017.03.10-01.57.40:682][732]LogActor:Warning: WorldObject /Game/ThirdPersonCPP/Maps/UEDPIE_0_ThirdPersonExampleMap.ThirdPersonExampleMap:PersistentLevel.WorldObject_14 has natively added scene component(s), but none of them were set as the actor's RootComponent - picking one arbitrarily
[2017.03.10-01.57.40:693][732]PIE: Info Play in editor start time for /Game/ThirdPersonCPP/Maps/UEDPIE_0_ThirdPersonExampleMap 1.218
[2017.03.10-01.57.40:693][732]LogBlueprintUserMessages: Late PlayInEditor Detection: Level '/Game/ThirdPersonCPP/Maps/ThirdPersonExampleMap.ThirdPersonExampleMap:PersistentLevel' has LevelScriptBlueprint '/Game/ThirdPersonCPP/Maps/ThirdPersonExampleMap.ThirdPersonExampleMap:PersistentLevel.ThirdPersonExampleMap' with GeneratedClass '/Game/ThirdPersonCPP/Maps/ThirdPersonExampleMap.ThirdPersonExampleMap_C' with ClassGeneratedBy '/Game/ThirdPersonCPP/Maps/ThirdPersonExampleMap.ThirdPersonExampleMap:PersistentLevel.ThirdPersonExampleMap'
[2017.03.10-01.57.42:771][799]Cmd: EnableGDT
[2017.03.10-01.57.42:771][799]LogGameplayDebugger:Warning: Got from client: EnableGDT 
[2017.03.10-01.57.47:225][959]LogClass: Attempting to Start A*
[2017.03.10-01.57.47:478][968]LogClass: Attempting to Start A*
[2017.03.10-01.57.47:730][977]LogClass: Attempting to Start A*
[2017.03.10-01.57.48:236][995]LogClass: Attempting to Start A*
[2017.03.10-01.57.55:546][257]LogClass: Attempting to Start A*
[2017.03.10-01.57.56:562][293]LogClass: Attempting to Start A*
[2017.03.10-01.57.56:818][302]LogClass: Attempting to Start A*
[2017.03.10-01.57.56:819][302]LogClass: ATTEMPTING TO GENERATE PATH!
[2017.03.10-01.57.56:819][302]LogClass: NO CONNECTIONS TO NODE
[2017.03.10-01.57.56:819][302]LogClass: ERROR MAKING PATH
[2017.03.10-01.57.56:819][302]LogClass: PATH NOT FOUND
[2017.03.10-01.58.27:410][901]LogBlueprintUserMessages: Early EndPlayMap Detection: Level '/Game/ThirdPersonCPP/Maps/ThirdPersonExampleMap.ThirdPersonExampleMap:PersistentLevel' has LevelScriptBlueprint '/Game/ThirdPersonCPP/Maps/ThirdPersonExampleMap.ThirdPersonExampleMap:PersistentLevel.ThirdPersonExampleMap' with GeneratedClass '/Game/ThirdPersonCPP/Maps/ThirdPersonExampleMap.ThirdPersonExampleMap_C' with ClassGeneratedBy '/Game/ThirdPersonCPP/Maps/ThirdPersonExampleMap.ThirdPersonExampleMap:PersistentLevel.ThirdPersonExampleMap'
[2017.03.10-01.58.27:483][901]LogBlueprintUserMessages: Late EndPlayMap Detection: Level '/Game/ThirdPersonCPP/Maps/ThirdPersonExampleMap.ThirdPersonExampleMap:PersistentLevel' has LevelScriptBlueprint '/Game/ThirdPersonCPP/Maps/ThirdPersonExampleMap.ThirdPersonExampleMap:PersistentLevel.ThirdPersonExampleMap' with GeneratedClass '/Game/ThirdPersonCPP/Maps/ThirdPersonExampleMap.ThirdPersonExampleMap_C' with ClassGeneratedBy '/Game/ThirdPersonCPP/Maps/ThirdPersonExampleMap.ThirdPersonExampleMap:PersistentLevel.ThirdPersonExampleMap'
[2017.03.10-01.58.29:177][980]LogBlueprintUserMessages: Early PlayInEditor Detection: Level '/Game/ThirdPersonCPP/Maps/ThirdPersonExampleMap.ThirdPersonExampleMap:PersistentLevel' has LevelScriptBlueprint '/Game/ThirdPersonCPP/Maps/ThirdPersonExampleMap.ThirdPersonExampleMap:PersistentLevel.ThirdPersonExampleMap' with GeneratedClass '/Game/ThirdPersonCPP/Maps/ThirdPersonExampleMap.ThirdPersonExampleMap_C' with ClassGeneratedBy '/Game/ThirdPersonCPP/Maps/ThirdPersonExampleMap.ThirdPersonExampleMap:PersistentLevel.ThirdPersonExampleMap'
[2017.03.10-01.58.29:178][980]LogPlayLevel: PlayLevel: No blueprints needed recompiling
[2017.03.10-01.58.29:178][980]PIE: New page: PIE session: ThirdPersonExampleMap (10 Mar 2017 01:58:29)
[2017.03.10-01.58.29:178][980]LogPlayLevel: Creating play world package: /Game/ThirdPersonCPP/Maps/UEDPIE_0_ThirdPersonExampleMap
[2017.03.10-01.58.29:203][980]LogPlayLevel: PIE: StaticDuplicateObject took: (0.025019s)
[2017.03.10-01.58.29:204][980]LogAIModule: Creating AISystem for world ThirdPersonExampleMap
[2017.03.10-01.58.29:204][980]LogPlayLevel: PIE: World Init took: (0.000983s)
[2017.03.10-01.58.29:205][980]LogPlayLevel: PIE: Created PIE world by copying editor world from /Game/ThirdPersonCPP/Maps/ThirdPersonExampleMap.ThirdPersonExampleMap to /Game/ThirdPersonCPP/Maps/UEDPIE_0_ThirdPersonExampleMap.ThirdPersonExampleMap (0.026641s)
[2017.03.10-01.58.29:221][980]LogInit: XAudio2 using 'Speakers (Realtek High Definition Audio)' : 2 channels at 48 kHz using 32 bits per sample (channel mask 0x3)
[2017.03.10-01.58.29:227][980]LogInit: FAudioDevice initialized.
[2017.03.10-01.58.29:287][980]LogWorld: Game class is 'DissertationLevelGameMode'
[2017.03.10-01.58.29:389][980]LogWorld: Bringing World /Game/ThirdPersonCPP/Maps/UEDPIE_0_ThirdPersonExampleMap.ThirdPersonExampleMap up for play (max tick rate 0) at 2017.03.10-01.58.29
[2017.03.10-01.58.29:400][980]LogWorld: Bringing up level for play took: 0.111123
[2017.03.10-01.58.29:407][980]LogActor:Warning: WorldObject /Game/ThirdPersonCPP/Maps/UEDPIE_0_ThirdPersonExampleMap.ThirdPersonExampleMap:PersistentLevel.WorldObject_0 has natively added scene component(s), but none of them were set as the actor's RootComponent - picking one arbitrarily
[2017.03.10-01.58.29:408][980]LogActor:Warning: WorldObject /Game/ThirdPersonCPP/Maps/UEDPIE_0_ThirdPersonExampleMap.ThirdPersonExampleMap:PersistentLevel.WorldObject_1 has natively added scene component(s), but none of them were set as the actor's RootComponent - picking one arbitrarily
[2017.03.10-01.58.29:410][980]LogActor:Warning: WorldObject /Game/ThirdPersonCPP/Maps/UEDPIE_0_ThirdPersonExampleMap.ThirdPersonExampleMap:PersistentLevel.WorldObject_2 has natively added scene component(s), but none of them were set as the actor's RootComponent - picking one arbitrarily
[2017.03.10-01.58.29:412][980]LogActor:Warning: WorldObject /Game/ThirdPersonCPP/Maps/UEDPIE_0_ThirdPersonExampleMap.ThirdPersonExampleMap:PersistentLevel.WorldObject_3 has natively added scene component(s), but none of them were set as the actor's RootComponent - picking one arbitrarily
[2017.03.10-01.58.29:413][980]LogActor:Warning: WorldObject /Game/ThirdPersonCPP/Maps/UEDPIE_0_ThirdPersonExampleMap.ThirdPersonExampleMap:PersistentLevel.WorldObject_4 has natively added scene component(s), but none of them were set as the actor's RootComponent - picking one arbitrarily
[2017.03.10-01.58.29:415][980]LogActor:Warning: WorldObject /Game/ThirdPersonCPP/Maps/UEDPIE_0_ThirdPersonExampleMap.ThirdPersonExampleMap:PersistentLevel.WorldObject_5 has natively added scene component(s), but none of them were set as the actor's RootComponent - picking one arbitrarily
[2017.03.10-01.58.29:417][980]LogActor:Warning: WorldObject /Game/ThirdPersonCPP/Maps/UEDPIE_0_ThirdPersonExampleMap.ThirdPersonExampleMap:PersistentLevel.WorldObject_6 has natively added scene component(s), but none of them were set as the actor's RootComponent - picking one arbitrarily
[2017.03.10-01.58.29:418][980]LogActor:Warning: WorldObject /Game/ThirdPersonCPP/Maps/UEDPIE_0_ThirdPersonExampleMap.ThirdPersonExampleMap:PersistentLevel.WorldObject_7 has natively added scene component(s), but none of them were set as the actor's RootComponent - picking one arbitrarily
[2017.03.10-01.58.29:420][980]LogActor:Warning: WorldObject /Game/ThirdPersonCPP/Maps/UEDPIE_0_ThirdPersonExampleMap.ThirdPersonExampleMap:PersistentLevel.WorldObject_8 has natively added scene component(s), but none of them were set as the actor's RootComponent - picking one arbitrarily
[2017.03.10-01.58.29:422][980]LogActor:Warning: WorldObject /Game/ThirdPersonCPP/Maps/UEDPIE_0_ThirdPersonExampleMap.ThirdPersonExampleMap:PersistentLevel.WorldObject_9 has natively added scene component(s), but none of them were set as the actor's RootComponent - picking one arbitrarily
[2017.03.10-01.58.29:423][980]LogActor:Warning: WorldObject /Game/ThirdPersonCPP/Maps/UEDPIE_0_ThirdPersonExampleMap.ThirdPersonExampleMap:PersistentLevel.WorldObject_10 has natively added scene component(s), but none of them were set as the actor's RootComponent - picking one arbitrarily
[2017.03.10-01.58.29:425][980]LogActor:Warning: WorldObject /Game/ThirdPersonCPP/Maps/UEDPIE_0_ThirdPersonExampleMap.ThirdPersonExampleMap:PersistentLevel.WorldObject_11 has natively added scene component(s), but none of them were set as the actor's RootComponent - picking one arbitrarily
[2017.03.10-01.58.29:427][980]LogActor:Warning: WorldObject /Game/ThirdPersonCPP/Maps/UEDPIE_0_ThirdPersonExampleMap.ThirdPersonExampleMap:PersistentLevel.WorldObject_12 has natively added scene component(s), but none of them were set as the actor's RootComponent - picking one arbitrarily
[2017.03.10-01.58.29:438][980]LogActor:Warning: WorldObject /Game/ThirdPersonCPP/Maps/UEDPIE_0_ThirdPersonExampleMap.ThirdPersonExampleMap:PersistentLevel.WorldObject_13 has natively added scene component(s), but none of them were set as the actor's RootComponent - picking one arbitrarily
[2017.03.10-01.58.29:439][980]LogActor:Warning: WorldObject /Game/ThirdPersonCPP/Maps/UEDPIE_0_ThirdPersonExampleMap.ThirdPersonExampleMap:PersistentLevel.WorldObject_14 has natively added scene component(s), but none of them were set as the actor's RootComponent - picking one arbitrarily
[2017.03.10-01.58.29:441][980]PIE: Info Play in editor start time for /Game/ThirdPersonCPP/Maps/UEDPIE_0_ThirdPersonExampleMap -0.034
[2017.03.10-01.58.29:442][980]LogBlueprintUserMessages: Late PlayInEditor Detection: Level '/Game/ThirdPersonCPP/Maps/ThirdPersonExampleMap.ThirdPersonExampleMap:PersistentLevel' has LevelScriptBlueprint '/Game/ThirdPersonCPP/Maps/ThirdPersonExampleMap.ThirdPersonExampleMap:PersistentLevel.ThirdPersonExampleMap' with GeneratedClass '/Game/ThirdPersonCPP/Maps/ThirdPersonExampleMap.ThirdPersonExampleMap_C' with ClassGeneratedBy '/Game/ThirdPersonCPP/Maps/ThirdPersonExampleMap.ThirdPersonExampleMap:PersistentLevel.ThirdPersonExampleMap'
[2017.03.10-01.58.30:387][  7]Cmd: EnableGDT
[2017.03.10-01.58.30:387][  7]LogGameplayDebugger:Warning: Got from client: EnableGDT 
[2017.03.10-01.58.40:636][384]LogClass: Attempting to Start A*
[2017.03.10-01.58.40:636][384]LogClass: ATTEMPTING TO GENERATE PATH!
[2017.03.10-01.58.40:636][384]LogClass: NO CONNECTIONS TO NODE
[2017.03.10-01.58.40:636][384]LogClass: ERROR MAKING PATH
[2017.03.10-01.58.40:636][384]LogClass: PATH NOT FOUND
[2017.03.10-02.00.15:618][227]LogBlueprintUserMessages: Early EndPlayMap Detection: Level '/Game/ThirdPersonCPP/Maps/ThirdPersonExampleMap.ThirdPersonExampleMap:PersistentLevel' has LevelScriptBlueprint '/Game/ThirdPersonCPP/Maps/ThirdPersonExampleMap.ThirdPersonExampleMap:PersistentLevel.ThirdPersonExampleMap' with GeneratedClass '/Game/ThirdPersonCPP/Maps/ThirdPersonExampleMap.ThirdPersonExampleMap_C' with ClassGeneratedBy '/Game/ThirdPersonCPP/Maps/ThirdPersonExampleMap.ThirdPersonExampleMap:PersistentLevel.ThirdPersonExampleMap'
[2017.03.10-02.00.15:675][227]LogBlueprintUserMessages: Late EndPlayMap Detection: Level '/Game/ThirdPersonCPP/Maps/ThirdPersonExampleMap.ThirdPersonExampleMap:PersistentLevel' has LevelScriptBlueprint '/Game/ThirdPersonCPP/Maps/ThirdPersonExampleMap.ThirdPersonExampleMap:PersistentLevel.ThirdPersonExampleMap' with GeneratedClass '/Game/ThirdPersonCPP/Maps/ThirdPersonExampleMap.ThirdPersonExampleMap_C' with ClassGeneratedBy '/Game/ThirdPersonCPP/Maps/ThirdPersonExampleMap.ThirdPersonExampleMap:PersistentLevel.ThirdPersonExampleMap'
[2017.03.10-02.00.16:302][251]Recompiling DissertationLevel...
[2017.03.10-02.00.16:306][251]Launching UnrealBuildTool... [C:/Program Files/Epic Games/4.12/Engine/Binaries/DotNET/UnrealBuildTool.exe DissertationLevel -ModuleWithSuffix DissertationLevel 9650 Win64 Development -editorrecompile -canskiplink "D:/Unreal Engine Projects/DissertationLevel/DissertationLevel/DissertationLevel.uproject"  -2015]
[2017.03.10-02.00.16:307][251]Warning: Starting HotReload took  0.0s.
[2017.03.10-02.01.56:141][275]CompilerResultsLog: New page: Compilation - 10 Mar 2017 02:01:56
[2017.03.10-02.01.56:141][275]CompilerResultsLog: Info Creating makefile for hot reloading DissertationLevel (working set of source files changed)
[2017.03.10-02.01.56:141][275]CompilerResultsLog: Info Compiling game modules for hot reload
[2017.03.10-02.01.56:141][275]CompilerResultsLog: Info Performing 2 actions (4 in parallel)
[2017.03.10-02.01.56:141][275]CompilerResultsLog: Info EnemyAIController.cpp
[2017.03.10-02.01.56:141][275]CompilerResultsLog: Info [2/2] Link UE4Editor-DissertationLevel-9650.dll
[2017.03.10-02.01.56:141][275]CompilerResultsLog: Info    Creating library D:\Unreal Engine Projects\DissertationLevel\DissertationLevel\Intermediate\Build\Win64\UE4Editor\Development\UE4Editor-DissertationLevel-9650.lib and object D:\Unreal Engine Projects\DissertationLevel\DissertationLevel\Intermediate\Build\Win64\UE4Editor\Development\UE4Editor-DissertationLevel-9650.exp
[2017.03.10-02.01.56:141][275]CompilerResultsLog: Info Total build time: 99.67 seconds
[2017.03.10-02.01.56:141][275]LogMainFrame: MainFrame: Module compiling took 99.862 seconds
[2017.03.10-02.01.56:189][275]LogClass: EPlayState HotReload.
[2017.03.10-02.01.56:210][275]LogContentBrowser: Native class hierarchy updated for 'DissertationLevel' in 0.0170 seconds. Added 14 classes and 5 folders.
[2017.03.10-02.01.56:212][275]Warning: HotReload successful (4 functions remapped  0 scriptstructs remapped)
[2017.03.10-02.01.56:269][275]LogContentBrowser: Native class hierarchy populated in 0.0252 seconds. Added 2070 classes and 380 folders.
[2017.03.10-02.01.56:269][275]Warning: HotReload took 100.0s.
[2017.03.10-02.02.38:258][819]Recompiling DissertationLevel...
[2017.03.10-02.02.38:260][819]Launching UnrealBuildTool... [C:/Program Files/Epic Games/4.12/Engine/Binaries/DotNET/UnrealBuildTool.exe DissertationLevel -ModuleWithSuffix DissertationLevel 9160 Win64 Development -editorrecompile -canskiplink "D:/Unreal Engine Projects/DissertationLevel/DissertationLevel/DissertationLevel.uproject"  -2015]
[2017.03.10-02.02.38:261][819]Warning: Starting HotReload took  0.0s.
[2017.03.10-02.02.41:361][965]CompilerResultsLog: New page: Compilation - 10 Mar 2017 02:02:41
[2017.03.10-02.02.41:361][965]CompilerResultsLog: Info Compiling game modules for hot reload
[2017.03.10-02.02.41:361][965]CompilerResultsLog: Info Target is up to date
[2017.03.10-02.02.41:361][965]LogMainFrame: MainFrame: Module compiling took 3.106 seconds
[2017.03.10-02.02.41:433][965]LogContentBrowser: Native class hierarchy populated in 0.0492 seconds. Added 2070 classes and 380 folders.
[2017.03.10-02.02.41:433][965]Warning: HotReload took  3.2s.
[2017.03.10-02.02.45:151][151]LogBlueprintUserMessages: Early PlayInEditor Detection: Level '/Game/ThirdPersonCPP/Maps/ThirdPersonExampleMap.ThirdPersonExampleMap:PersistentLevel' has LevelScriptBlueprint '/Game/ThirdPersonCPP/Maps/ThirdPersonExampleMap.ThirdPersonExampleMap:PersistentLevel.ThirdPersonExampleMap' with GeneratedClass '/Game/ThirdPersonCPP/Maps/ThirdPersonExampleMap.ThirdPersonExampleMap_C' with ClassGeneratedBy '/Game/ThirdPersonCPP/Maps/ThirdPersonExampleMap.ThirdPersonExampleMap:PersistentLevel.ThirdPersonExampleMap'
[2017.03.10-02.02.45:151][151]LogPlayLevel: PlayLevel: No blueprints needed recompiling
[2017.03.10-02.02.45:151][151]PIE: New page: PIE session: ThirdPersonExampleMap (10 Mar 2017 02:02:45)
[2017.03.10-02.02.45:151][151]LogPlayLevel: Creating play world package: /Game/ThirdPersonCPP/Maps/UEDPIE_0_ThirdPersonExampleMap
[2017.03.10-02.02.45:212][151]LogPlayLevel: PIE: StaticDuplicateObject took: (0.060043s)
[2017.03.10-02.02.45:212][151]LogAIModule: Creating AISystem for world ThirdPersonExampleMap
[2017.03.10-02.02.45:213][151]LogPlayLevel: PIE: World Init took: (0.000858s)
[2017.03.10-02.02.45:213][151]LogPlayLevel: PIE: Created PIE world by copying editor world from /Game/ThirdPersonCPP/Maps/ThirdPersonExampleMap.ThirdPersonExampleMap to /Game/ThirdPersonCPP/Maps/UEDPIE_0_ThirdPersonExampleMap.ThirdPersonExampleMap (0.061496s)
[2017.03.10-02.02.45:225][151]LogInit: XAudio2 using 'Speakers (Realtek High Definition Audio)' : 2 channels at 48 kHz using 32 bits per sample (channel mask 0x3)
[2017.03.10-02.02.45:231][151]LogInit: FAudioDevice initialized.
[2017.03.10-02.02.45:284][151]LogWorld: Game class is 'DissertationLevelGameMode'
[2017.03.10-02.02.45:384][151]LogWorld: Bringing World /Game/ThirdPersonCPP/Maps/UEDPIE_0_ThirdPersonExampleMap.ThirdPersonExampleMap up for play (max tick rate 0) at 2017.03.10-02.02.45
[2017.03.10-02.02.45:392][151]LogWorld: Bringing up level for play took: 0.106745
[2017.03.10-02.02.45:400][151]LogActor:Warning: WorldObject /Game/ThirdPersonCPP/Maps/UEDPIE_0_ThirdPersonExampleMap.ThirdPersonExampleMap:PersistentLevel.WorldObject_0 has natively added scene component(s), but none of them were set as the actor's RootComponent - picking one arbitrarily
[2017.03.10-02.02.45:411][151]LogActor:Warning: WorldObject /Game/ThirdPersonCPP/Maps/UEDPIE_0_ThirdPersonExampleMap.ThirdPersonExampleMap:PersistentLevel.WorldObject_1 has natively added scene component(s), but none of them were set as the actor's RootComponent - picking one arbitrarily
[2017.03.10-02.02.45:412][151]LogActor:Warning: WorldObject /Game/ThirdPersonCPP/Maps/UEDPIE_0_ThirdPersonExampleMap.ThirdPersonExampleMap:PersistentLevel.WorldObject_2 has natively added scene component(s), but none of them were set as the actor's RootComponent - picking one arbitrarily
[2017.03.10-02.02.45:414][151]LogActor:Warning: WorldObject /Game/ThirdPersonCPP/Maps/UEDPIE_0_ThirdPersonExampleMap.ThirdPersonExampleMap:PersistentLevel.WorldObject_3 has natively added scene component(s), but none of them were set as the actor's RootComponent - picking one arbitrarily
[2017.03.10-02.02.45:415][151]LogActor:Warning: WorldObject /Game/ThirdPersonCPP/Maps/UEDPIE_0_ThirdPersonExampleMap.ThirdPersonExampleMap:PersistentLevel.WorldObject_4 has natively added scene component(s), but none of them were set as the actor's RootComponent - picking one arbitrarily
[2017.03.10-02.02.45:417][151]LogActor:Warning: WorldObject /Game/ThirdPersonCPP/Maps/UEDPIE_0_ThirdPersonExampleMap.ThirdPersonExampleMap:PersistentLevel.WorldObject_5 has natively added scene component(s), but none of them were set as the actor's RootComponent - picking one arbitrarily
[2017.03.10-02.02.45:418][151]LogActor:Warning: WorldObject /Game/ThirdPersonCPP/Maps/UEDPIE_0_ThirdPersonExampleMap.ThirdPersonExampleMap:PersistentLevel.WorldObject_6 has natively added scene component(s), but none of them were set as the actor's RootComponent - picking one arbitrarily
[2017.03.10-02.02.45:420][151]LogActor:Warning: WorldObject /Game/ThirdPersonCPP/Maps/UEDPIE_0_ThirdPersonExampleMap.ThirdPersonExampleMap:PersistentLevel.WorldObject_7 has natively added scene component(s), but none of them were set as the actor's RootComponent - picking one arbitrarily
[2017.03.10-02.02.45:421][151]LogActor:Warning: WorldObject /Game/ThirdPersonCPP/Maps/UEDPIE_0_ThirdPersonExampleMap.ThirdPersonExampleMap:PersistentLevel.WorldObject_8 has natively added scene component(s), but none of them were set as the actor's RootComponent - picking one arbitrarily
[2017.03.10-02.02.45:422][151]LogActor:Warning: WorldObject /Game/ThirdPersonCPP/Maps/UEDPIE_0_ThirdPersonExampleMap.ThirdPersonExampleMap:PersistentLevel.WorldObject_9 has natively added scene component(s), but none of them were set as the actor's RootComponent - picking one arbitrarily
[2017.03.10-02.02.45:423][151]LogActor:Warning: WorldObject /Game/ThirdPersonCPP/Maps/UEDPIE_0_ThirdPersonExampleMap.ThirdPersonExampleMap:PersistentLevel.WorldObject_10 has natively added scene component(s), but none of them were set as the actor's RootComponent - picking one arbitrarily
[2017.03.10-02.02.45:424][151]LogActor:Warning: WorldObject /Game/ThirdPersonCPP/Maps/UEDPIE_0_ThirdPersonExampleMap.ThirdPersonExampleMap:PersistentLevel.WorldObject_11 has natively added scene component(s), but none of them were set as the actor's RootComponent - picking one arbitrarily
[2017.03.10-02.02.45:426][151]LogActor:Warning: WorldObject /Game/ThirdPersonCPP/Maps/UEDPIE_0_ThirdPersonExampleMap.ThirdPersonExampleMap:PersistentLevel.WorldObject_12 has natively added scene component(s), but none of them were set as the actor's RootComponent - picking one arbitrarily
[2017.03.10-02.02.45:427][151]LogActor:Warning: WorldObject /Game/ThirdPersonCPP/Maps/UEDPIE_0_ThirdPersonExampleMap.ThirdPersonExampleMap:PersistentLevel.WorldObject_13 has natively added scene component(s), but none of them were set as the actor's RootComponent - picking one arbitrarily
[2017.03.10-02.02.45:428][151]LogActor:Warning: WorldObject /Game/ThirdPersonCPP/Maps/UEDPIE_0_ThirdPersonExampleMap.ThirdPersonExampleMap:PersistentLevel.WorldObject_14 has natively added scene component(s), but none of them were set as the actor's RootComponent - picking one arbitrarily
[2017.03.10-02.02.45:440][151]PIE: Info Play in editor start time for /Game/ThirdPersonCPP/Maps/UEDPIE_0_ThirdPersonExampleMap -0.036
[2017.03.10-02.02.45:440][151]LogBlueprintUserMessages: Late PlayInEditor Detection: Level '/Game/ThirdPersonCPP/Maps/ThirdPersonExampleMap.ThirdPersonExampleMap:PersistentLevel' has LevelScriptBlueprint '/Game/ThirdPersonCPP/Maps/ThirdPersonExampleMap.ThirdPersonExampleMap:PersistentLevel.ThirdPersonExampleMap' with GeneratedClass '/Game/ThirdPersonCPP/Maps/ThirdPersonExampleMap.ThirdPersonExampleMap_C' with ClassGeneratedBy '/Game/ThirdPersonCPP/Maps/ThirdPersonExampleMap.ThirdPersonExampleMap:PersistentLevel.ThirdPersonExampleMap'
[2017.03.10-02.02.49:062][266]Cmd: EnableGDT
[2017.03.10-02.02.49:062][266]LogGameplayDebugger:Warning: Got from client: EnableGDT 
[2017.03.10-02.02.49:120][268]LogClass: Attempting to Start A*
[2017.03.10-02.02.49:121][268]LogClass: ATTEMPTING TO GENERATE PATH!
[2017.03.10-02.02.49:121][268]LogClass: Number of Nodes: 0
[2017.03.10-02.02.49:121][268]LogClass: NO CONNECTIONS TO NODE
[2017.03.10-02.02.49:121][268]LogClass: ERROR MAKING PATH
[2017.03.10-02.02.49:121][268]LogClass: PATH NOT FOUND
[2017.03.10-02.02.51:536][334]LogBlueprintUserMessages: Early EndPlayMap Detection: Level '/Game/ThirdPersonCPP/Maps/ThirdPersonExampleMap.ThirdPersonExampleMap:PersistentLevel' has LevelScriptBlueprint '/Game/ThirdPersonCPP/Maps/ThirdPersonExampleMap.ThirdPersonExampleMap:PersistentLevel.ThirdPersonExampleMap' with GeneratedClass '/Game/ThirdPersonCPP/Maps/ThirdPersonExampleMap.ThirdPersonExampleMap_C' with ClassGeneratedBy '/Game/ThirdPersonCPP/Maps/ThirdPersonExampleMap.ThirdPersonExampleMap:PersistentLevel.ThirdPersonExampleMap'
[2017.03.10-02.02.51:597][334]LogBlueprintUserMessages: Late EndPlayMap Detection: Level '/Game/ThirdPersonCPP/Maps/ThirdPersonExampleMap.ThirdPersonExampleMap:PersistentLevel' has LevelScriptBlueprint '/Game/ThirdPersonCPP/Maps/ThirdPersonExampleMap.ThirdPersonExampleMap:PersistentLevel.ThirdPersonExampleMap' with GeneratedClass '/Game/ThirdPersonCPP/Maps/ThirdPersonExampleMap.ThirdPersonExampleMap_C' with ClassGeneratedBy '/Game/ThirdPersonCPP/Maps/ThirdPersonExampleMap.ThirdPersonExampleMap:PersistentLevel.ThirdPersonExampleMap'
[2017.03.10-02.08.44:493][527]Recompiling DissertationLevel...
[2017.03.10-02.08.44:494][527]Launching UnrealBuildTool... [C:/Program Files/Epic Games/4.12/Engine/Binaries/DotNET/UnrealBuildTool.exe DissertationLevel -ModuleWithSuffix DissertationLevel 2643 Win64 Development -editorrecompile -canskiplink "D:/Unreal Engine Projects/DissertationLevel/DissertationLevel/DissertationLevel.uproject"  -2015]
[2017.03.10-02.08.44:495][527]Warning: Starting HotReload took  0.0s.
[2017.03.10-02.10.24:219][399]CompilerResultsLog: New page: Compilation - 10 Mar 2017 02:10:24
[2017.03.10-02.10.24:219][399]CompilerResultsLog: Info Creating makefile for hot reloading DissertationLevel (working set of source files changed)
[2017.03.10-02.10.24:219][399]CompilerResultsLog: Info Compiling game modules for hot reload
[2017.03.10-02.10.24:219][399]CompilerResultsLog: Info Parsing headers for DissertationLevelEditor
[2017.03.10-02.10.24:219][399]CompilerResultsLog: Info   Running UnrealHeaderTool "D:\Unreal Engine Projects\DissertationLevel\DissertationLevel\DissertationLevel.uproject" "D:\Unreal Engine Projects\DissertationLevel\DissertationLevel\Intermediate\Build\Win64\DissertationLevelEditor\Development\DissertationLevelEditor.uhtmanifest" -LogCmds="loginit warning, logexit warning, logdatabase error" -Unattended -WarningsAsErrors -installed
[2017.03.10-02.10.24:219][399]CompilerResultsLog: Info Reflection code generated for DissertationLevelEditor in 5.9237004 seconds
[2017.03.10-02.10.24:219][399]CompilerResultsLog: Info Performing 12 actions (4 in parallel)
[2017.03.10-02.10.24:219][399]CompilerResultsLog: Info EnemyAIController.cpp
[2017.03.10-02.10.24:220][399]CompilerResultsLog: Info EnemyCharacter.cpp
[2017.03.10-02.10.24:220][399]CompilerResultsLog: Info DissertationLevel.generated.cpp
[2017.03.10-02.10.24:220][399]CompilerResultsLog: Info BTService_CheckForPlayer.cpp
[2017.03.10-02.10.24:220][399]CompilerResultsLog: Info EnvQueryGenerator_AStarNodes.cpp
[2017.03.10-02.10.24:220][399]CompilerResultsLog: Info BTTask_MoveToPlayer.cpp
[2017.03.10-02.10.24:220][399]CompilerResultsLog: Info BTTask_SelectPatrolPoint.cpp
[2017.03.10-02.10.24:220][399]CompilerResultsLog: Info FindPlayerQueryContext.cpp
[2017.03.10-02.10.24:220][399]CompilerResultsLog: Info PlayerTrail.cpp
[2017.03.10-02.10.24:220][399]CompilerResultsLog: Info DissertationLevelGameMode.cpp
[2017.03.10-02.10.24:220][399]CompilerResultsLog: Info AStarQueryTest.cpp
[2017.03.10-02.10.24:220][399]CompilerResultsLog: Info [12/12] Link UE4Editor-DissertationLevel-2643.dll
[2017.03.10-02.10.24:220][399]CompilerResultsLog: Info    Creating library D:\Unreal Engine Projects\DissertationLevel\DissertationLevel\Intermediate\Build\Win64\UE4Editor\Development\UE4Editor-DissertationLevel-2643.lib and object D:\Unreal Engine Projects\DissertationLevel\DissertationLevel\Intermediate\Build\Win64\UE4Editor\Development\UE4Editor-DissertationLevel-2643.exp
[2017.03.10-02.10.24:220][399]CompilerResultsLog: Info Total build time: 99.54 seconds
[2017.03.10-02.10.24:220][399]LogMainFrame: MainFrame: Module compiling took 99.739 seconds
[2017.03.10-02.10.24:516][399]LogClass: Could not find existing class EnemyAIController in package /Script/DissertationLevel for HotReload, assuming new class
[2017.03.10-02.10.24:521][399]LogClass: EPlayState HotReload.
[2017.03.10-02.10.24:530][399]LogHotReload: Re-instancing EnemyAIController after hot-reload.
[2017.03.10-02.10.24:632][399]LogContentBrowser: Native class hierarchy updated for 'DissertationLevel' in 0.0188 seconds. Added 14 classes and 5 folders.
[2017.03.10-02.10.24:633][399]Warning: HotReload successful (4 functions remapped  0 scriptstructs remapped)
[2017.03.10-02.10.24:696][399]LogContentBrowser: Native class hierarchy populated in 0.0267 seconds. Added 2070 classes and 380 folders.
[2017.03.10-02.10.24:696][399]Warning: HotReload took 100.2s.
[2017.03.10-02.10.35:749][477]LogBlueprintUserMessages: Early PlayInEditor Detection: Level '/Game/ThirdPersonCPP/Maps/ThirdPersonExampleMap.ThirdPersonExampleMap:PersistentLevel' has LevelScriptBlueprint '/Game/ThirdPersonCPP/Maps/ThirdPersonExampleMap.ThirdPersonExampleMap:PersistentLevel.ThirdPersonExampleMap' with GeneratedClass '/Game/ThirdPersonCPP/Maps/ThirdPersonExampleMap.ThirdPersonExampleMap_C' with ClassGeneratedBy '/Game/ThirdPersonCPP/Maps/ThirdPersonExampleMap.ThirdPersonExampleMap:PersistentLevel.ThirdPersonExampleMap'
[2017.03.10-02.10.35:750][477]LogPlayLevel: PlayLevel: No blueprints needed recompiling
[2017.03.10-02.10.35:750][477]PIE: New page: PIE session: ThirdPersonExampleMap (10 Mar 2017 02:10:35)
[2017.03.10-02.10.35:750][477]LogPlayLevel: Creating play world package: /Game/ThirdPersonCPP/Maps/UEDPIE_0_ThirdPersonExampleMap
[2017.03.10-02.10.35:776][477]LogPlayLevel: PIE: StaticDuplicateObject took: (0.026376s)
[2017.03.10-02.10.35:777][477]LogAIModule: Creating AISystem for world ThirdPersonExampleMap
[2017.03.10-02.10.35:778][477]LogPlayLevel: PIE: World Init took: (0.001178s)
[2017.03.10-02.10.35:778][477]LogPlayLevel: PIE: Created PIE world by copying editor world from /Game/ThirdPersonCPP/Maps/ThirdPersonExampleMap.ThirdPersonExampleMap to /Game/ThirdPersonCPP/Maps/UEDPIE_0_ThirdPersonExampleMap.ThirdPersonExampleMap (0.028210s)
[2017.03.10-02.10.35:798][477]LogInit: XAudio2 using 'Speakers (Realtek High Definition Audio)' : 2 channels at 48 kHz using 32 bits per sample (channel mask 0x3)
[2017.03.10-02.10.35:804][477]LogInit: FAudioDevice initialized.
[2017.03.10-02.10.35:879][477]LogWorld: Game class is 'DissertationLevelGameMode'
[2017.03.10-02.10.35:943][477]LogWorld: Bringing World /Game/ThirdPersonCPP/Maps/UEDPIE_0_ThirdPersonExampleMap.ThirdPersonExampleMap up for play (max tick rate 0) at 2017.03.10-02.10.35
[2017.03.10-02.10.35:959][477]LogWorld: Bringing up level for play took: 0.077283
[2017.03.10-02.10.35:963][477]LogActor:Warning: WorldObject /Game/ThirdPersonCPP/Maps/UEDPIE_0_ThirdPersonExampleMap.ThirdPersonExampleMap:PersistentLevel.WorldObject_0 has natively added scene component(s), but none of them were set as the actor's RootComponent - picking one arbitrarily
[2017.03.10-02.10.35:964][477]LogActor:Warning: WorldObject /Game/ThirdPersonCPP/Maps/UEDPIE_0_ThirdPersonExampleMap.ThirdPersonExampleMap:PersistentLevel.WorldObject_1 has natively added scene component(s), but none of them were set as the actor's RootComponent - picking one arbitrarily
[2017.03.10-02.10.35:965][477]LogActor:Warning: WorldObject /Game/ThirdPersonCPP/Maps/UEDPIE_0_ThirdPersonExampleMap.ThirdPersonExampleMap:PersistentLevel.WorldObject_2 has natively added scene component(s), but none of them were set as the actor's RootComponent - picking one arbitrarily
[2017.03.10-02.10.35:966][477]LogActor:Warning: WorldObject /Game/ThirdPersonCPP/Maps/UEDPIE_0_ThirdPersonExampleMap.ThirdPersonExampleMap:PersistentLevel.WorldObject_3 has natively added scene component(s), but none of them were set as the actor's RootComponent - picking one arbitrarily
[2017.03.10-02.10.35:968][477]LogActor:Warning: WorldObject /Game/ThirdPersonCPP/Maps/UEDPIE_0_ThirdPersonExampleMap.ThirdPersonExampleMap:PersistentLevel.WorldObject_4 has natively added scene component(s), but none of them were set as the actor's RootComponent - picking one arbitrarily
[2017.03.10-02.10.35:969][477]LogActor:Warning: WorldObject /Game/ThirdPersonCPP/Maps/UEDPIE_0_ThirdPersonExampleMap.ThirdPersonExampleMap:PersistentLevel.WorldObject_5 has natively added scene component(s), but none of them were set as the actor's RootComponent - picking one arbitrarily
[2017.03.10-02.10.35:970][477]LogActor:Warning: WorldObject /Game/ThirdPersonCPP/Maps/UEDPIE_0_ThirdPersonExampleMap.ThirdPersonExampleMap:PersistentLevel.WorldObject_6 has natively added scene component(s), but none of them were set as the actor's RootComponent - picking one arbitrarily
[2017.03.10-02.10.35:972][477]LogActor:Warning: WorldObject /Game/ThirdPersonCPP/Maps/UEDPIE_0_ThirdPersonExampleMap.ThirdPersonExampleMap:PersistentLevel.WorldObject_7 has natively added scene component(s), but none of them were set as the actor's RootComponent - picking one arbitrarily
[2017.03.10-02.10.35:973][477]LogActor:Warning: WorldObject /Game/ThirdPersonCPP/Maps/UEDPIE_0_ThirdPersonExampleMap.ThirdPersonExampleMap:PersistentLevel.WorldObject_8 has natively added scene component(s), but none of them were set as the actor's RootComponent - picking one arbitrarily
[2017.03.10-02.10.35:974][477]LogActor:Warning: WorldObject /Game/ThirdPersonCPP/Maps/UEDPIE_0_ThirdPersonExampleMap.ThirdPersonExampleMap:PersistentLevel.WorldObject_9 has natively added scene component(s), but none of them were set as the actor's RootComponent - picking one arbitrarily
[2017.03.10-02.10.35:976][477]LogActor:Warning: WorldObject /Game/ThirdPersonCPP/Maps/UEDPIE_0_ThirdPersonExampleMap.ThirdPersonExampleMap:PersistentLevel.WorldObject_10 has natively added scene component(s), but none of them were set as the actor's RootComponent - picking one arbitrarily
[2017.03.10-02.10.35:977][477]LogActor:Warning: WorldObject /Game/ThirdPersonCPP/Maps/UEDPIE_0_ThirdPersonExampleMap.ThirdPersonExampleMap:PersistentLevel.WorldObject_11 has natively added scene component(s), but none of them were set as the actor's RootComponent - picking one arbitrarily
[2017.03.10-02.10.35:978][477]LogActor:Warning: WorldObject /Game/ThirdPersonCPP/Maps/UEDPIE_0_ThirdPersonExampleMap.ThirdPersonExampleMap:PersistentLevel.WorldObject_12 has natively added scene component(s), but none of them were set as the actor's RootComponent - picking one arbitrarily
[2017.03.10-02.10.35:980][477]LogActor:Warning: WorldObject /Game/ThirdPersonCPP/Maps/UEDPIE_0_ThirdPersonExampleMap.ThirdPersonExampleMap:PersistentLevel.WorldObject_13 has natively added scene component(s), but none of them were set as the actor's RootComponent - picking one arbitrarily
[2017.03.10-02.10.35:991][477]LogActor:Warning: WorldObject /Game/ThirdPersonCPP/Maps/UEDPIE_0_ThirdPersonExampleMap.ThirdPersonExampleMap:PersistentLevel.WorldObject_14 has natively added scene component(s), but none of them were set as the actor's RootComponent - picking one arbitrarily
[2017.03.10-02.10.35:992][477]PIE: Info Play in editor start time for /Game/ThirdPersonCPP/Maps/UEDPIE_0_ThirdPersonExampleMap 0.512
[2017.03.10-02.10.35:993][477]LogBlueprintUserMessages: Late PlayInEditor Detection: Level '/Game/ThirdPersonCPP/Maps/ThirdPersonExampleMap.ThirdPersonExampleMap:PersistentLevel' has LevelScriptBlueprint '/Game/ThirdPersonCPP/Maps/ThirdPersonExampleMap.ThirdPersonExampleMap:PersistentLevel.ThirdPersonExampleMap' with GeneratedClass '/Game/ThirdPersonCPP/Maps/ThirdPersonExampleMap.ThirdPersonExampleMap_C' with ClassGeneratedBy '/Game/ThirdPersonCPP/Maps/ThirdPersonExampleMap.ThirdPersonExampleMap:PersistentLevel.ThirdPersonExampleMap'
[2017.03.10-02.10.39:430][592]Cmd: EnableGDT
[2017.03.10-02.10.39:430][592]LogGameplayDebugger:Warning: Got from client: EnableGDT 
[2017.03.10-02.10.47:702][901]LogClass: Attempting to Start A*
[2017.03.10-02.10.47:702][901]LogClass: ATTEMPTING TO GENERATE PATH!
[2017.03.10-02.10.56:542][901]LogCrashTracker: 


[2017.03.10-02.10.56:542][901]LogCrashTracker: 


[2017.03.10-02.10.56:542][901]LogWindows:Error: === Critical error: ===
Fatal error!



[2017.03.10-02.10.56:648][901]LogExit: Executing StaticShutdownAfterError
[2017.03.10-02.10.56:684][901]LogWindows: FPlatformMisc::RequestExit(1)
[2017.03.10-02.10.56:684][901]Log file closed, 03/10/17 02:10:56
