Log file open, 03/07/17 21:29:58
LogInit:Display: Running engine for game: DissertationLevel
LogPlatformFile: Not using cached read wrapper
LogInit:Display: RandInit(-56825871) SRandInit(-56825870).
LogTaskGraph: Started task graph with 4 named threads and 7 total threads with 1 sets of task threads.
LogStats: Stats thread started at 0.075413
LogInit: Version: 4.12.5-3039270+++UE4+Release-4.12
LogInit: API Version: 2992821
LogInit: Net Version: 3039270
LogDevObjectVersion: Number of dev versions registered: 13
LogDevObjectVersion:   Dev-Blueprints (B0D832E4-1F89-4F0D-ACCF-7EB736FD4AA2): 3
LogDevObjectVersion:   Dev-Build (E1C64328-A22C-4D53-A36C-8E866417BD8C): 0
LogDevObjectVersion:   Dev-Core (375EC13C-06E4-48FB-B500-84F0262A717E): 1
LogDevObjectVersion:   Dev-Editor (E4B068ED-F494-42E9-A231-DA0B2E46BB41): 2
LogDevObjectVersion:   Dev-Framework (CFFC743F-43B0-4480-9391-14DF171D2073): 6
LogDevObjectVersion:   Dev-Mobile (B02B49B5-BB20-44E9-A304-32B752E40360): 0
LogDevObjectVersion:   Dev-Networking (A4E4105C-59A1-49B5-A7C5-40C4547EDFEE): 0
LogDevObjectVersion:   Dev-Online (39C831C9-5AE6-47DC-9A44-9C173E1C8E7C): 0
LogDevObjectVersion:   Dev-Physics (78F01B33-EBEA-4F98-B9B4-84EACCB95AA2): 0
LogDevObjectVersion:   Dev-Platform (6631380F-2D4D-43E0-8009-CF276956A95A): 0
LogDevObjectVersion:   Dev-Rendering (12F88B9F-8875-4AFC-A67C-D90C383ABD29): 2
LogDevObjectVersion:   Dev-Sequencer (7B5AE74C-D270-4C10-A958-57980B212A5A): 0
LogDevObjectVersion:   Dev-VR (D7296918-1DD6-4BDD-9DE2-64A83CC13884): 0
LogInit: Compiled (64-bit): Jul  6 2016 09:09:46
LogInit: Compiled with Visual C++: 19.00.23026.00
LogInit: Build Configuration: Development
LogInit: Branch Name: ++UE4+Release-4.12
LogInit: Command line: 
LogInit: Base directory: C:/Program Files/Epic Games/4.12/Engine/Binaries/Win64/
LogInit: Installed Engine Build: 1
LogInit: Using libcurl 7.41.0
LogInit:  - built for x86_64-pc-win32
LogInit:  - supports SSL with WinSSL
LogInit:  - other features:
LogInit:      CURL_VERSION_SSL
LogInit:      CURL_VERSION_IPV6
LogInit:      CURL_VERSION_ASYNCHDNS
LogInit:      CURL_VERSION_LARGEFILE
LogInit:      CURL_VERSION_IDN
LogInit:  CurlRequestOptions (configurable via config and command line):
LogInit:  - bVerifyPeer = true  - Libcurl will verify peer certificate
LogInit:  - bUseHttpProxy = false  - Libcurl will NOT use HTTP proxy
LogInit:  - bDontReuseConnections = false  - Libcurl will reuse connections
LogInit:  - CertBundlePath = nullptr  - Libcurl will use whatever was configured at build time.
LogInit: Presizing for max 8388607 objects, including 0 objects not considered by GC, pre-allocating 0 bytes for permanent pool.
LogInit: Object subsystem initialized
[2017.03.07-21.29.58:928][  0]LogInit: Selected Device Profile: [Windows]
[2017.03.07-21.29.58:928][  0]LogInit: Applying CVar settings loaded from the selected device profile: [Windows]
[2017.03.07-21.29.59:045][  0]LogInit: Computer: RIGG055
[2017.03.07-21.29.59:045][  0]LogInit: User: b3030113
[2017.03.07-21.29.59:045][  0]LogInit: CPU Page size=65536, Cores=4
[2017.03.07-21.29.59:045][  0]LogInit: High frequency timer resolution =2.734391 MHz
[2017.03.07-21.29.59:046][  0]LogMemory: Memory total: Physical=8.0GB (8GB approx)
[2017.03.07-21.29.59:046][  0]LogMemory: Platform Memory Stats for Windows
[2017.03.07-21.29.59:046][  0]LogMemory: Process Physical Memory: 188.29 MB used, 188.29 MB peak
[2017.03.07-21.29.59:046][  0]LogMemory: Process Virtual Memory: 195.04 MB used, 195.04 MB peak
[2017.03.07-21.29.59:046][  0]LogMemory: Physical Memory: 3439.74 MB used, 8145.50 MB total
[2017.03.07-21.29.59:046][  0]LogMemory: Virtual Memory: 532.69 MB used, 134217728.00 MB total
[2017.03.07-21.29.59:094][  0]LogTextLocalizationManager: No specific translations for ('en-GB') exist, so ('en') translations will be used.
[2017.03.07-21.29.59:455][  0]LogD3D11RHI: D3D11 adapters:
[2017.03.07-21.29.59:488][  0]LogD3D11RHI:    0. 'NVIDIA Quadro 600 ' (Feature Level 11_0)
[2017.03.07-21.29.59:488][  0]LogD3D11RHI:       963/0/4072 MB DedicatedVideo/DedicatedSystem/SharedSystem, Outputs:1, VendorId:0x10de
[2017.03.07-21.29.59:496][  0]LogD3D11RHI:    1. 'Microsoft Basic Render Driver' (Feature Level 11_0)
[2017.03.07-21.29.59:496][  0]LogD3D11RHI:       0/0/256 MB DedicatedVideo/DedicatedSystem/SharedSystem, Outputs:0, VendorId:0x1414
[2017.03.07-21.29.59:496][  0]LogD3D11RHI: Chosen D3D11 Adapter: 0
[2017.03.07-21.29.59:500][  0]LogD3D11RHI: Creating new Direct3DDevice
[2017.03.07-21.29.59:500][  0]LogD3D11RHI:     GPU DeviceId: 0xdf8 (for the marketing name, search the web for "GPU Device Id")
[2017.03.07-21.29.59:500][  0]LogWindows: EnumDisplayDevices:
[2017.03.07-21.29.59:500][  0]LogWindows:    0. 'NVIDIA Quadro 600 ' (P:1 D:1)
[2017.03.07-21.29.59:500][  0]LogWindows:    1. 'NVIDIA Quadro 600 ' (P:0 D:0)
[2017.03.07-21.29.59:500][  0]LogWindows: DebugString: FoundDriverCount:2 
[2017.03.07-21.29.59:500][  0]LogD3D11RHI:     Adapter Name: NVIDIA Quadro 600 
[2017.03.07-21.29.59:500][  0]LogD3D11RHI:   Driver Version: 362.84 (internal:10.18.13.6284, unified:362.84)
[2017.03.07-21.29.59:500][  0]LogD3D11RHI:      Driver Date: 6-26-2016
[2017.03.07-21.29.59:500][  0]LogRHI: Texture pool is 674 MB (70% of 963 MB)
[2017.03.07-21.29.59:510][  0]LogD3D11RHI: Async texture creation enabled
[2017.03.07-21.29.59:529][  0]LogD3D11RHI: GPU Timing Frequency: 1000.000000 (Debug: 2 2)
[2017.03.07-21.29.59:529][  0]LogShaderCompilers: Guid format shader working directory is -12 characters bigger than the processId version (E:/Unreal Engine Projects/DissertationLevel/DissertationLevel/Intermediate/Shaders/WorkingDirectory/3352/).
[2017.03.07-21.29.59:529][  0]LogShaderCompilers: Cleaned the shader compiler working directory 'C:/Users/b3030113/AppData/Local/Temp/UnrealShaderWorkingDir/B947DF2F4488D2B492D69692EEFB50DF/'.
[2017.03.07-21.29.59:529][  0]LogShaderCompilers:Display: Using Local Shader Compiler.
[2017.03.07-21.30.00:523][  0]LogTemp:Display: Loaded TP AllDesktopTargetPlatform
[2017.03.07-21.30.00:536][  0]LogTemp:Display: Loaded TP WindowsClientTargetPlatform
[2017.03.07-21.30.00:549][  0]LogTemp:Display: Loaded TP WindowsNoEditorTargetPlatform
[2017.03.07-21.30.00:562][  0]LogTemp:Display: Loaded TP WindowsServerTargetPlatform
[2017.03.07-21.30.00:575][  0]LogTemp:Display: Loaded TP WindowsTargetPlatform
[2017.03.07-21.30.00:589][  0]LogTemp:Display: Loaded TP AndroidTargetPlatform
[2017.03.07-21.30.00:601][  0]LogTemp:Display: Loaded TP Android_ASTCTargetPlatform
[2017.03.07-21.30.00:614][  0]LogTemp:Display: Loaded TP Android_ATCTargetPlatform
[2017.03.07-21.30.00:625][  0]LogTemp:Display: Loaded TP Android_DXTTargetPlatform
[2017.03.07-21.30.00:638][  0]LogTemp:Display: Loaded TP Android_ETC1TargetPlatform
[2017.03.07-21.30.00:650][  0]LogTemp:Display: Loaded TP Android_ETC2TargetPlatform
[2017.03.07-21.30.00:676][  0]LogTemp:Display: Loaded TP Android_MultiTargetPlatform
[2017.03.07-21.30.00:676][  0]LogTemp:Display: Loaded TP Android_PVRTCTargetPlatform
[2017.03.07-21.30.00:676][  0]LogTemp:Display: Loaded TP HTML5TargetPlatform
[2017.03.07-21.30.00:702][  0]LogTemp:Display: Loaded TP IOSTargetPlatform
[2017.03.07-21.30.00:715][  0]LogTemp:Display: Loaded TP TVOSTargetPlatform
[2017.03.07-21.30.00:727][  0]LogTemp:Display: Loaded TP LinuxNoEditorTargetPlatform
[2017.03.07-21.30.00:740][  0]LogTemp:Display: Loaded TP LinuxServerTargetPlatform
[2017.03.07-21.30.00:753][  0]LogTemp:Display: Loaded TP LinuxTargetPlatform
[2017.03.07-21.30.00:753][  0]LogTargetPlatformManager:Display: Building Assets For Windows
[2017.03.07-21.30.00:815][  0]LogDerivedDataCache:Display: Max Cache Size: 512 MB
[2017.03.07-21.30.00:885][  0]LogDerivedDataCache: Loaded boot cache 0.07s 71MB C:/Users/b3030113/AppData/Local/UnrealEngine/4.12/DerivedDataCache/Boot.ddc.
[2017.03.07-21.30.00:885][  0]LogDerivedDataCache:Display: Loaded Boot cache: C:/Users/b3030113/AppData/Local/UnrealEngine/4.12/DerivedDataCache/Boot.ddc
[2017.03.07-21.30.00:885][  0]LogDerivedDataCache: FDerivedDataBackendGraph:  Pak pak cache file E:/Unreal Engine Projects/DissertationLevel/DissertationLevel/DerivedDataCache/DDC.ddp not found, will not use a pak cache.
[2017.03.07-21.30.00:885][  0]LogDerivedDataCache: Unable to find inner node Pak for hierarchical cache Hierarchy.
[2017.03.07-21.30.00:886][  0]LogDerivedDataCache: FDerivedDataBackendGraph:  CompressedPak pak cache file E:/Unreal Engine Projects/DissertationLevel/DissertationLevel/DerivedDataCache/Compressed.ddp not found, will not use a pak cache.
[2017.03.07-21.30.00:886][  0]LogDerivedDataCache: Unable to find inner node CompressedPak for hierarchical cache Hierarchy.
[2017.03.07-21.30.00:903][  0]LogDerivedDataCache:Display: Pak cache opened for reading ../../../Engine/DerivedDataCache/Compressed.ddp.
[2017.03.07-21.30.00:915][  0]LogDerivedDataCache: Using Local data cache path C:/Users/b3030113/AppData/Local/UnrealEngine/Common/DerivedDataCache: Writable
[2017.03.07-21.30.01:128][  0]LogInit: Selected Device Profile: [Windows]
[2017.03.07-21.30.01:129][  0]LogContentStreaming: Texture pool size is 0.00 MB
[2017.03.07-21.30.01:440][  0]LogMeshUtilities: No automatic mesh reduction module available
[2017.03.07-21.30.01:440][  0]LogMeshUtilities: No automatic mesh merging module available
[2017.03.07-21.30.01:440][  0]LogMeshUtilities: No distributed automatic mesh merging module available
[2017.03.07-21.30.01:691][  0]LogAssetRegistry: FAssetRegistry took 0.0221 seconds to start up
[2017.03.07-21.30.04:562][  0]LogPackageLocalizationCache: Processed 3 localized package path(s) for 2 prioritized culture(s) in 2.868134 seconds
[2017.03.07-21.30.04:569][  0]LogUObjectArray: 28739 objects as part of root set at end of initial load.
[2017.03.07-21.30.04:570][  0]LogUObjectAllocator: 5855632 out of 0 bytes used by permanent object pool.
[2017.03.07-21.30.04:570][  0]LogUObjectArray: CloseDisregardForGC: 0/0 objects in disregard for GC pool
[2017.03.07-21.30.04:579][  0]LogInit: WinSock: version 1.1 (2.2), MaxSocks=32767, MaxUdp=65467
[2017.03.07-21.30.04:760][  0]LogSlate: SlateFontCache - WITH_FREETYPE: 1, WITH_HARFBUZZ: 1
[2017.03.07-21.30.04:760][  0]LogSlate: SlateFontCache - WITH_FREETYPE: 1, WITH_HARFBUZZ: 1
[2017.03.07-21.30.05:543][  0]LogUdpMessaging: Initializing bridge on interface 0.0.0.0:0 to multicast group 230.0.0.1:6666.
[2017.03.07-21.30.06:858][  0]SourceControl: Info Source control is disabled
[2017.03.07-21.30.06:886][  0]SourceControl: Info Source control is disabled
[2017.03.07-21.30.06:894][  0]SourceControl: Info Source control is disabled
[2017.03.07-21.30.06:900][  0]SourceControl: Info Source control is disabled
[2017.03.07-21.30.07:071][  0]LogEngine: Initializing Engine...
[2017.03.07-21.30.07:072][  0]LogHMD: SteamVR failed to initialize.  Err: 110
[2017.03.07-21.30.07:072][  0]LogHMD: SteamVR failed to initialize.  Err: 110
[2017.03.07-21.30.07:196][  0]LogAIModule: Creating AISystem for world NewWorld
[2017.03.07-21.30.07:200][  0]LogInit: XAudio2 using 'Speakers (Realtek High Definition Audio)' : 2 channels at 48 kHz using 32 bits per sample (channel mask 0x3)
[2017.03.07-21.30.07:217][  0]LogInit: FAudioDevice initialized.
[2017.03.07-21.30.07:244][  0]LogDerivedDataCache: Saved boot cache 0.03s 58MB C:/Users/b3030113/AppData/Local/UnrealEngine/4.12/DerivedDataCache/Boot.ddc.
[2017.03.07-21.30.07:255][  0]LogInit: Texture streaming: Enabled
[2017.03.07-21.30.07:272][  0]LogInit: Transaction tracking system initialized
[2017.03.07-21.30.07:288][  0]BlueprintLog: New page: Editor Load
[2017.03.07-21.30.07:428][  0]LocalizationService: Info Localization service is disabled
[2017.03.07-21.30.07:479][  0]LogConsoleResponse:Display: 
[2017.03.07-21.30.07:575][  0]LogCook:Display: Max memory allowance for cook 8192mb
[2017.03.07-21.30.07:575][  0]LogCook:Display: Mobile HDR setting 1
[2017.03.07-21.30.07:651][  0]LogFileCache: Scanning file cache for directory 'E:/Unreal Engine Projects/DissertationLevel/DissertationLevel/Content/' took 0.02s
[2017.03.07-21.30.07:651][  0]SourceControl: Info Source control is disabled
[2017.03.07-21.30.07:652][  0]Cmd: MAP LOAD FILE="E:/Unreal Engine Projects/DissertationLevel/DissertationLevel/Content/ThirdPersonCPP/Maps/ThirdPersonExampleMap.umap" TEMPLATE=0 SHOWPROGRESS=1 FEATURELEVEL=3
[2017.03.07-21.30.07:658][  0]LightingResults: New page: Lighting Build
[2017.03.07-21.30.07:660][  0]MapCheck: New page: Map Check
[2017.03.07-21.30.07:660][  0]LightingResults: New page: Lighting Build
[2017.03.07-21.30.07:915][  0]LogAIModule: Creating AISystem for world ThirdPersonExampleMap
[2017.03.07-21.30.07:927][  0]LogEditorServer: Finished looking for orphan Actors (0.000 secs)
[2017.03.07-21.30.07:927][  0]Cmd: MAP CHECKDEP NOCLEARLOG
[2017.03.07-21.30.08:022][  0]MapCheck: Info Map check complete: 0 Error(s), 0 Warning(s), took 94.772ms to complete.
[2017.03.07-21.30.08:022][  0]LogFileHelpers: Loading map 'ThirdPersonExampleMap' took 0.371
[2017.03.07-21.30.08:348][  0]LogCollectionManager: Loaded 0 collections in 0.002501 seconds
[2017.03.07-21.30.08:401][  0]LogFileCache: Scanning file cache for directory 'E:/Unreal Engine Projects/DissertationLevel/DissertationLevel/Saved/Collections/' took 0.01s
[2017.03.07-21.30.08:401][  0]LogFileCache: Scanning file cache for directory 'E:/Unreal Engine Projects/DissertationLevel/DissertationLevel/Content/Developers/b3030113/Collections/' took 0.01s
[2017.03.07-21.30.08:401][  0]LogFileCache: Scanning file cache for directory 'E:/Unreal Engine Projects/DissertationLevel/DissertationLevel/Content/Collections/' took 0.01s
[2017.03.07-21.30.08:401][  0]LogCollectionManager: Rebuilt the GUID cache for 0 collections in 0.000005 seconds
[2017.03.07-21.30.08:438][  0]LogContentBrowser: Native class hierarchy populated in 0.0375 seconds. Added 2068 classes and 376 folders.
[2017.03.07-21.30.08:445][  0]LogStats: UGameplayTagsManager::ConstructGameplayTagTree: Construct from data asset -  0.000 s
[2017.03.07-21.30.08:445][  0]LogStats: UGameplayTagsManager::ConstructGameplayTagTree: GameplayTagTreeChangedEvent.Broadcast -  0.000 s
[2017.03.07-21.30.08:466][  0]LogContentBrowser: Native class hierarchy updated for 'GameplayTags' in 0.0212 seconds. Added 12 classes and 0 folders.
[2017.03.07-21.30.08:490][  0]LogContentBrowser: Native class hierarchy updated for 'WidgetCarousel' in 0.0200 seconds. Added 0 classes and 0 folders.
[2017.03.07-21.30.09:207][  0]LogContentBrowser: Native class hierarchy updated for 'AddContentDialog' in 0.0214 seconds. Added 0 classes and 0 folders.
[2017.03.07-21.30.09:233][  0]LogContentBrowser: Native class hierarchy updated for 'SceneOutliner' in 0.0218 seconds. Added 1 classes and 2 folders.
[2017.03.07-21.30.09:249][  0]LogCrashTracker: Crashtracker disabled due to settings.
[2017.03.07-21.30.09:254][  0]LogUObjectGlobals:Warning: Failed to find object 'Class None.'
[2017.03.07-21.30.09:298][  0]LogContentBrowser: Native class hierarchy updated for 'HierarchicalLODOutliner' in 0.0192 seconds. Added 1 classes and 2 folders.
[2017.03.07-21.30.09:299][  0]LogLoad: Full Startup: 12.60 seconds (BP compile: 0.06 seconds)
[2017.03.07-21.30.09:299][  0]LogExternalProfiler: Found external profiler: VSPerf
[2017.03.07-21.30.09:299][  0]LogExternalProfiler: Using external profiler: VSPerf
[2017.03.07-21.30.09:308][  0]LogOcInput: OculusInput pre-init called
[2017.03.07-21.30.09:326][  0]LogContentStreaming: Texture pool size now 1000 MB
[2017.03.07-21.30.09:534][  0]LogRenderer: Reallocating scene render targets to support 1208x576 (Frame:2).
[2017.03.07-21.30.09:638][  1]LogActor:Warning: WinningLocation_BP_C /Engine/Transient.World_1:PersistentLevel.WinningLocation_BP_C_0 has natively added scene component(s), but none of them were set as the actor's RootComponent - picking one arbitrarily
[2017.03.07-21.30.09:690][  2]LogAssetRegistry: Asset discovery search completed in 8.0211 seconds
[2017.03.07-21.30.09:690][  2]LogCollectionManager: Rebuilt the object cache for 0 collections in 0.000001 seconds (found 0 objects)
[2017.03.07-21.30.09:690][  2]LogCollectionManager: Fixed up redirectors for 0 collections in 0.000022 seconds (updated 0 objects