Log file open, 03/10/17 03:08:17
LogInit:Display: Running engine for game: DissertationLevel
LogPlatformFile: Not using cached read wrapper
LogInit:Display: RandInit(1481850403) SRandInit(1481850405).
LogTaskGraph: Started task graph with 4 named threads and 7 total threads with 1 sets of task threads.
LogStats: Stats thread started at 0.074846
LogInit: Version: 4.12.5-3039270+++UE4+Release-4.12
LogInit: API Version: 2992821
LogInit: Net Version: 3039270
LogDevObjectVersion: Number of dev versions registered: 13
LogDevObjectVersion:   Dev-Blueprints (B0D832E4-1F89-4F0D-ACCF-7EB736FD4AA2): 3
LogDevObjectVersion:   Dev-Build (E1C64328-A22C-4D53-A36C-8E866417BD8C): 0
LogDevObjectVersion:   Dev-Core (375EC13C-06E4-48FB-B500-84F0262A717E): 1
LogDevObjectVersion:   Dev-Editor (E4B068ED-F494-42E9-A231-DA0B2E46BB41): 2
LogDevObjectVersion:   Dev-Framework (CFFC743F-43B0-4480-9391-14DF171D2073): 6
LogDevObjectVersion:   Dev-Mobile (B02B49B5-BB20-44E9-A304-32B752E40360): 0
LogDevObjectVersion:   Dev-Networking (A4E4105C-59A1-49B5-A7C5-40C4547EDFEE): 0
LogDevObjectVersion:   Dev-Online (39C831C9-5AE6-47DC-9A44-9C173E1C8E7C): 0
LogDevObjectVersion:   Dev-Physics (78F01B33-EBEA-4F98-B9B4-84EACCB95AA2): 0
LogDevObjectVersion:   Dev-Platform (6631380F-2D4D-43E0-8009-CF276956A95A): 0
LogDevObjectVersion:   Dev-Rendering (12F88B9F-8875-4AFC-A67C-D90C383ABD29): 2
LogDevObjectVersion:   Dev-Sequencer (7B5AE74C-D270-4C10-A958-57980B212A5A): 0
LogDevObjectVersion:   Dev-VR (D7296918-1DD6-4BDD-9DE2-64A83CC13884): 0
LogInit: Compiled (64-bit): Jul  6 2016 09:09:46
LogInit: Compiled with Visual C++: 19.00.23026.00
LogInit: Build Configuration: Development
LogInit: Branch Name: ++UE4+Release-4.12
LogInit: Command line: 
LogInit: Base directory: C:/Program Files/Epic Games/4.12/Engine/Binaries/Win64/
LogInit: Installed Engine Build: 1
LogInit: Using libcurl 7.41.0
LogInit:  - built for x86_64-pc-win32
LogInit:  - supports SSL with WinSSL
LogInit:  - other features:
LogInit:      CURL_VERSION_SSL
LogInit:      CURL_VERSION_IPV6
LogInit:      CURL_VERSION_ASYNCHDNS
LogInit:      CURL_VERSION_LARGEFILE
LogInit:      CURL_VERSION_IDN
LogInit:  CurlRequestOptions (configurable via config and command line):
LogInit:  - bVerifyPeer = true  - Libcurl will verify peer certificate
LogInit:  - bUseHttpProxy = false  - Libcurl will NOT use HTTP proxy
LogInit:  - bDontReuseConnections = false  - Libcurl will reuse connections
LogInit:  - CertBundlePath = nullptr  - Libcurl will use whatever was configured at build time.
LogInit: Presizing for max 8388607 objects, including 0 objects not considered by GC, pre-allocating 0 bytes for permanent pool.
LogInit: Object subsystem initialized
[2017.03.10-03.08.17:992][  0]LogInit: Selected Device Profile: [Windows]
[2017.03.10-03.08.17:992][  0]LogInit: Applying CVar settings loaded from the selected device profile: [Windows]
[2017.03.10-03.08.18:141][  0]LogInit: Computer: RIGG001
[2017.03.10-03.08.18:141][  0]LogInit: User: b3030113
[2017.03.10-03.08.18:141][  0]LogInit: CPU Page size=65536, Cores=4
[2017.03.10-03.08.18:141][  0]LogInit: High frequency timer resolution =3.312783 MHz
[2017.03.10-03.08.18:142][  0]LogMemory: Memory total: Physical=8.0GB (8GB approx)
[2017.03.10-03.08.18:142][  0]LogMemory: Platform Memory Stats for Windows
[2017.03.10-03.08.18:142][  0]LogMemory: Process Physical Memory: 188.61 MB used, 188.61 MB peak
[2017.03.10-03.08.18:142][  0]LogMemory: Process Virtual Memory: 195.11 MB used, 195.11 MB peak
[2017.03.10-03.08.18:142][  0]LogMemory: Physical Memory: 5347.82 MB used, 8142.59 MB total
[2017.03.10-03.08.18:142][  0]LogMemory: Virtual Memory: 536.59 MB used, 134217728.00 MB total
[2017.03.10-03.08.18:360][  0]LogTextLocalizationManager: No specific translations for ('en-GB') exist, so ('en') translations will be used.
[2017.03.10-03.08.18:891][  0]LogD3D11RHI: D3D11 adapters:
[2017.03.10-03.08.18:907][  0]LogD3D11RHI:    0. 'NVIDIA GeForce GT 610  ' (Feature Level 11_0)
[2017.03.10-03.08.18:907][  0]LogD3D11RHI:       973/0/3071 MB DedicatedVideo/DedicatedSystem/SharedSystem, Outputs:1, VendorId:0x10de
[2017.03.10-03.08.18:914][  0]LogD3D11RHI:    1. 'Microsoft Basic Render Driver' (Feature Level 11_0)
[2017.03.10-03.08.18:914][  0]LogD3D11RHI:       0/0/256 MB DedicatedVideo/DedicatedSystem/SharedSystem, Outputs:0, VendorId:0x1414
[2017.03.10-03.08.18:914][  0]LogD3D11RHI: Chosen D3D11 Adapter: 0
[2017.03.10-03.08.18:917][  0]LogD3D11RHI: Creating new Direct3DDevice
[2017.03.10-03.08.18:917][  0]LogD3D11RHI:     GPU DeviceId: 0x104a (for the marketing name, search the web for "GPU Device Id")
[2017.03.10-03.08.18:917][  0]LogWindows: EnumDisplayDevices:
[2017.03.10-03.08.18:918][  0]LogWindows:    0. 'NVIDIA GeForce GT 610  ' (P:1 D:1)
[2017.03.10-03.08.18:918][  0]LogWindows:    1. 'NVIDIA GeForce GT 610  ' (P:0 D:0)
[2017.03.10-03.08.18:918][  0]LogWindows: DebugString: FoundDriverCount:2 
[2017.03.10-03.08.18:918][  0]LogD3D11RHI:     Adapter Name: NVIDIA GeForce GT 610  
[2017.03.10-03.08.18:918][  0]LogD3D11RHI:   Driver Version: 362.84 (internal:10.18.13.6284, unified:362.84)
[2017.03.10-03.08.18:918][  0]LogD3D11RHI:      Driver Date: 6-26-2016
[2017.03.10-03.08.18:918][  0]LogRHI: Texture pool is 681 MB (70% of 973 MB)
[2017.03.10-03.08.18:926][  0]LogD3D11RHI: Async texture creation enabled
[2017.03.10-03.08.18:943][  0]LogD3D11RHI: GPU Timing Frequency: 1000.000000 (Debug: 2 2)
[2017.03.10-03.08.18:943][  0]LogShaderCompilers: Guid format shader working directory is -12 characters bigger than the processId version (D:/Unreal Engine Projects/DissertationLevel/DissertationLevel/Intermediate/Shaders/WorkingDirectory/9492/).
[2017.03.10-03.08.18:943][  0]LogShaderCompilers: Cleaned the shader compiler working directory 'C:/Users/b3030113/AppData/Local/Temp/UnrealShaderWorkingDir/0D94FDA34B9F6BD13FB3F8A8A8489058/'.
[2017.03.10-03.08.18:943][  0]LogShaderCompilers:Display: Using Local Shader Compiler.
[2017.03.10-03.08.22:528][  0]LogTemp:Display: Loaded TP AllDesktopTargetPlatform
[2017.03.10-03.08.22:542][  0]LogTemp:Display: Loaded TP WindowsClientTargetPlatform
[2017.03.10-03.08.22:555][  0]LogTemp:Display: Loaded TP WindowsNoEditorTargetPlatform
[2017.03.10-03.08.22:568][  0]LogTemp:Display: Loaded TP WindowsServerTargetPlatform
[2017.03.10-03.08.22:584][  0]LogTemp:Display: Loaded TP WindowsTargetPlatform
[2017.03.10-03.08.22:596][  0]LogTemp:Display: Loaded TP AndroidTargetPlatform
[2017.03.10-03.08.22:608][  0]LogTemp:Display: Loaded TP Android_ASTCTargetPlatform
[2017.03.10-03.08.22:619][  0]LogTemp:Display: Loaded TP Android_ATCTargetPlatform
[2017.03.10-03.08.22:632][  0]LogTemp:Display: Loaded TP Android_DXTTargetPlatform
[2017.03.10-03.08.22:643][  0]LogTemp:Display: Loaded TP Android_ETC1TargetPlatform
[2017.03.10-03.08.22:653][  0]LogTemp:Display: Loaded TP Android_ETC2TargetPlatform
[2017.03.10-03.08.22:675][  0]LogTemp:Display: Loaded TP Android_MultiTargetPlatform
[2017.03.10-03.08.22:675][  0]LogTemp:Display: Loaded TP Android_PVRTCTargetPlatform
[2017.03.10-03.08.22:675][  0]LogTemp:Display: Loaded TP HTML5TargetPlatform
[2017.03.10-03.08.22:701][  0]LogTemp:Display: Loaded TP IOSTargetPlatform
[2017.03.10-03.08.22:712][  0]LogTemp:Display: Loaded TP TVOSTargetPlatform
[2017.03.10-03.08.22:727][  0]LogTemp:Display: Loaded TP LinuxNoEditorTargetPlatform
[2017.03.10-03.08.22:738][  0]LogTemp:Display: Loaded TP LinuxServerTargetPlatform
[2017.03.10-03.08.22:765][  0]LogTemp:Display: Loaded TP LinuxTargetPlatform
[2017.03.10-03.08.22:766][  0]LogTargetPlatformManager:Display: Building Assets For Windows
[2017.03.10-03.08.22:828][  0]LogDerivedDataCache:Display: Max Cache Size: 512 MB
[2017.03.10-03.08.22:879][  0]LogDerivedDataCache: Loaded boot cache 0.05s 50MB C:/Users/b3030113/AppData/Local/UnrealEngine/4.12/DerivedDataCache/Boot.ddc.
[2017.03.10-03.08.22:880][  0]LogDerivedDataCache:Display: Loaded Boot cache: C:/Users/b3030113/AppData/Local/UnrealEngine/4.12/DerivedDataCache/Boot.ddc
[2017.03.10-03.08.22:880][  0]LogDerivedDataCache: FDerivedDataBackendGraph:  Pak pak cache file D:/Unreal Engine Projects/DissertationLevel/DissertationLevel/DerivedDataCache/DDC.ddp not found, will not use a pak cache.
[2017.03.10-03.08.22:880][  0]LogDerivedDataCache: Unable to find inner node Pak for hierarchical cache Hierarchy.
[2017.03.10-03.08.22:881][  0]LogDerivedDataCache: FDerivedDataBackendGraph:  CompressedPak pak cache file D:/Unreal Engine Projects/DissertationLevel/DissertationLevel/DerivedDataCache/Compressed.ddp not found, will not use a pak cache.
[2017.03.10-03.08.22:881][  0]LogDerivedDataCache: Unable to find inner node CompressedPak for hierarchical cache Hierarchy.
[2017.03.10-03.08.22:902][  0]LogDerivedDataCache:Display: Pak cache opened for reading ../../../Engine/DerivedDataCache/Compressed.ddp.
[2017.03.10-03.08.22:914][  0]LogDerivedDataCache: Using Local data cache path C:/Users/b3030113/AppData/Local/UnrealEngine/Common/DerivedDataCache: Writable
[2017.03.10-03.08.23:184][  0]LogInit: Selected Device Profile: [Windows]
[2017.03.10-03.08.23:184][  0]LogContentStreaming: Texture pool size is 0.00 MB
[2017.03.10-03.08.23:430][  0]LogMeshUtilities: No automatic mesh reduction module available
[2017.03.10-03.08.23:430][  0]LogMeshUtilities: No automatic mesh merging module available
[2017.03.10-03.08.23:430][  0]LogMeshUtilities: No distributed automatic mesh merging module available
[2017.03.10-03.08.23:664][  0]LogAssetRegistry: FAssetRegistry took 0.0216 seconds to start up
[2017.03.10-03.08.26:157][  0]LogPackageLocalizationCache: Processed 3 localized package path(s) for 2 prioritized culture(s) in 2.490611 seconds
[2017.03.10-03.08.26:162][  0]LogUObjectArray: 28739 objects as part of root set at end of initial load.
[2017.03.10-03.08.26:162][  0]LogUObjectAllocator: 5855624 out of 0 bytes used by permanent object pool.
[2017.03.10-03.08.26:162][  0]LogUObjectArray: CloseDisregardForGC: 0/0 objects in disregard for GC pool
[2017.03.10-03.08.26:167][  0]LogInit: WinSock: version 1.1 (2.2), MaxSocks=32767, MaxUdp=65467
[2017.03.10-03.08.26:512][  0]LogSlate: SlateFontCache - WITH_FREETYPE: 1, WITH_HARFBUZZ: 1
[2017.03.10-03.08.26:512][  0]LogSlate: SlateFontCache - WITH_FREETYPE: 1, WITH_HARFBUZZ: 1
[2017.03.10-03.08.37:181][  0]LogUdpMessaging: Initializing bridge on interface 0.0.0.0:0 to multicast group 230.0.0.1:6666.
[2017.03.10-03.08.37:906][  0]SourceControl: Info Source control is disabled
[2017.03.10-03.08.38:030][  0]SourceControl: Info Source control is disabled
[2017.03.10-03.08.38:039][  0]SourceControl: Info Source control is disabled
[2017.03.10-03.08.38:047][  0]SourceControl: Info Source control is disabled
[2017.03.10-03.08.38:301][  0]LogEngine: Initializing Engine...
[2017.03.10-03.08.38:302][  0]LogHMD: SteamVR failed to initialize.  Err: 110
[2017.03.10-03.08.38:303][  0]LogHMD: SteamVR failed to initialize.  Err: 110
[2017.03.10-03.08.38:431][  0]LogAIModule: Creating AISystem for world NewWorld
[2017.03.10-03.08.38:436][  0]LogInit: XAudio2 using 'Speakers (Realtek High Definition Audio)' : 2 channels at 48 kHz using 32 bits per sample (channel mask 0x3)
[2017.03.10-03.08.38:455][  0]LogInit: FAudioDevice initialized.
[2017.03.10-03.08.38:483][  0]LogDerivedDataCache: Saved boot cache 0.03s 50MB C:/Users/b3030113/AppData/Local/UnrealEngine/4.12/DerivedDataCache/Boot.ddc.
[2017.03.10-03.08.38:494][  0]LogInit: Texture streaming: Enabled
[2017.03.10-03.08.38:512][  0]LogInit: Transaction tracking system initialized
[2017.03.10-03.08.38:527][  0]BlueprintLog: New page: Editor Load
[2017.03.10-03.08.38:710][  0]LocalizationService: Info Localization service is disabled
[2017.03.10-03.08.38:949][  0]LogConsoleResponse:Display: 
[2017.03.10-03.08.39:200][  0]LogCook:Display: Max memory allowance for cook 8192mb
[2017.03.10-03.08.39:200][  0]LogCook:Display: Mobile HDR setting 1
[2017.03.10-03.08.39:399][  0]LogFileCache: Scanning file cache for directory 'D:/Unreal Engine Projects/DissertationLevel/DissertationLevel/Content/' took 0.04s
[2017.03.10-03.08.39:403][  0]SourceControl: Info Source control is disabled
[2017.03.10-03.08.39:403][  0]Cmd: MAP LOAD FILE="D:/Unreal Engine Projects/DissertationLevel/DissertationLevel/Content/ThirdPersonCPP/Maps/ThirdPersonExampleMap.umap" TEMPLATE=0 SHOWPROGRESS=1 FEATURELEVEL=3
[2017.03.10-03.08.39:427][  0]LightingResults: New page: Lighting Build
[2017.03.10-03.08.39:429][  0]MapCheck: New page: Map Check
[2017.03.10-03.08.39:429][  0]LightingResults: New page: Lighting Build
[2017.03.10-03.08.39:720][  0]LogAIModule: Creating AISystem for world ThirdPersonExampleMap
[2017.03.10-03.08.39:847][  0]LogEditorServer: Finished looking for orphan Actors (0.000 secs)
[2017.03.10-03.08.39:848][  0]Cmd: MAP CHECKDEP NOCLEARLOG
[2017.03.10-03.08.39:941][  0]MapCheck: Info Map check complete: 0 Error(s), 0 Warning(s), took 93.062ms to complete.
[2017.03.10-03.08.39:941][  0]LogFileHelpers: Loading map 'ThirdPersonExampleMap' took 0.538
[2017.03.10-03.08.40:166][  0]LogCollectionManager: Loaded 0 collections in 0.002020 seconds
[2017.03.10-03.08.40:215][  0]LogFileCache: Scanning file cache for directory 'D:/Unreal Engine Projects/DissertationLevel/DissertationLevel/Saved/Collections/' took 0.01s
[2017.03.10-03.08.40:215][  0]LogFileCache: Scanning file cache for directory 'D:/Unreal Engine Projects/DissertationLevel/DissertationLevel/Content/Developers/b3030113/Collections/' took 0.01s
[2017.03.10-03.08.40:215][  0]LogFileCache: Scanning file cache for directory 'D:/Unreal Engine Projects/DissertationLevel/DissertationLevel/Content/Collections/' took 0.01s
[2017.03.10-03.08.40:215][  0]LogCollectionManager: Rebuilt the GUID cache for 0 collections in 0.000002 seconds
[2017.03.10-03.08.40:239][  0]LogContentBrowser: Native class hierarchy populated in 0.0242 seconds. Added 2068 classes and 376 folders.
[2017.03.10-03.08.40:242][  0]LogStats: UGameplayTagsManager::ConstructGameplayTagTree: Construct from data asset -  0.000 s
[2017.03.10-03.08.40:242][  0]LogStats: UGameplayTagsManager::ConstructGameplayTagTree: GameplayTagTreeChangedEvent.Broadcast -  0.000 s
[2017.03.10-03.08.40:268][  0]LogContentBrowser: Native class hierarchy updated for 'GameplayTags' in 0.0257 seconds. Added 12 classes and 0 folders.
[2017.03.10-03.08.40:296][  0]LogContentBrowser: Native class hierarchy updated for 'WidgetCarousel' in 0.0251 seconds. Added 0 classes and 0 folders.
[2017.03.10-03.08.41:562][  0]LogContentBrowser: Native class hierarchy updated for 'AddContentDialog' in 0.0191 seconds. Added 0 classes and 0 folders.
[2017.03.10-03.08.41:590][  0]LogContentBrowser: Native class hierarchy updated for 'SceneOutliner' in 0.0232 seconds. Added 1 classes and 2 folders.
[2017.03.10-03.08.41:604][  0]LogCrashTracker: Crashtracker disabled due to settings.
[2017.03.10-03.08.41:608][  0]LogUObjectGlobals:Warning: Failed to find object 'Class None.'
[2017.03.10-03.08.41:652][  0]LogContentBrowser: Native class hierarchy updated for 'HierarchicalLODOutliner' in 0.0189 seconds. Added 1 classes and 2 folders.
[2017.03.10-03.08.41:652][  0]LogLoad: Full Startup: 26.68 seconds (BP compile: 0.06 seconds)
[2017.03.10-03.08.41:652][  0]LogExternalProfiler: Found external profiler: VSPerf
[2017.03.10-03.08.41:652][  0]LogExternalProfiler: Using external profiler: VSPerf
[2017.03.10-03.08.41:661][  0]LogOcInput: OculusInput pre-init called
[2017.03.10-03.08.41:679][  0]LogContentStreaming: Texture pool size now 200 MB
[2017.03.10-03.08.41:925][  0]LogRenderer: Reallocating scene render targets to support 1208x576 (Frame:2).
[2017.03.10-03.08.42:009][  1]LogAssetRegistry: Asset discovery search completed in 18.3660 seconds
[2017.03.10-03.08.42:009][  1]LogCollectionManager: Rebuilt the object cache for 0 collections in 0.000001 seconds (found 0 objects)
[2017.03.10-03.08.42:009][  1]LogCollectionManager: Fixed up redirectors for 0 collections in 0.000098 seconds (updated 0 objects)
[2017.03.10-03.08.51:698][490]Recompiling DissertationLevel...
[2017.03.10-03.08.51:700][490]Launching UnrealBuildTool... [C:/Program Files/Epic Games/4.12/Engine/Binaries/DotNET/UnrealBuildTool.exe DissertationLevel -ModuleWithSuffix DissertationLevel 7307 Win64 Development -editorrecompile -canskiplink "D:/Unreal Engine Projects/DissertationLevel/DissertationLevel/DissertationLevel.uproject"  -2015]
[2017.03.10-03.08.51:701][490]Warning: Starting HotReload took  0.0s.
[2017.03.10-03.10.22:964][ 81]CompilerResultsLog: New page: Compilation - 10 Mar 2017 03:10:22
[2017.03.10-03.10.22:965][ 81]CompilerResultsLog: Info Creating makefile for hot reloading DissertationLevel (working set of source files changed)
[2017.03.10-03.10.22:965][ 81]CompilerResultsLog: Info Compiling game modules for hot reload
[2017.03.10-03.10.22:965][ 81]CompilerResultsLog: Info Performing 2 actions (4 in parallel)
[2017.03.10-03.10.22:965][ 81]CompilerResultsLog: Info EnemyAIController.cpp
[2017.03.10-03.10.22:965][ 81]CompilerResultsLog: Info [2/2] Link UE4Editor-DissertationLevel-7307.dll
[2017.03.10-03.10.22:965][ 81]CompilerResultsLog: Info    Creating library D:\Unreal Engine Projects\DissertationLevel\DissertationLevel\Intermediate\Build\Win64\UE4Editor\Development\UE4Editor-DissertationLevel-7307.lib and object D:\Unreal Engine Projects\DissertationLevel\DissertationLevel\Intermediate\Build\Win64\UE4Editor\Development\UE4Editor-DissertationLevel-7307.exp
[2017.03.10-03.10.22:965][ 81]CompilerResultsLog: Info Total build time: 91.10 seconds
[2017.03.10-03.10.22:965][ 81]LogMainFrame: MainFrame: Module compiling took 91.279 seconds
[2017.03.10-03.10.23:956][ 81]LogClass: EPlayState HotReload.
[2017.03.10-03.10.23:985][ 81]LogContentBrowser: Native class hierarchy updated for 'DissertationLevel' in 0.0193 seconds. Added 14 classes and 5 folders.
[2017.03.10-03.10.23:986][ 81]Warning: HotReload successful (4 functions remapped  0 scriptstructs remapped)
[2017.03.10-03.10.24:091][ 81]LogContentBrowser: Native class hierarchy populated in 0.0303 seconds. Added 2070 classes and 380 folders.
[2017.03.10-03.10.24:091][ 81]Warning: HotReload took 92.4s.
[2017.03.10-03.10.27:235][238]LogBlueprintUserMessages: Early PlayInEditor Detection: Level '/Game/ThirdPersonCPP/Maps/ThirdPersonExampleMap.ThirdPersonExampleMap:PersistentLevel' has LevelScriptBlueprint '/Game/ThirdPersonCPP/Maps/ThirdPersonExampleMap.ThirdPersonExampleMap:PersistentLevel.ThirdPersonExampleMap' with GeneratedClass '/Game/ThirdPersonCPP/Maps/ThirdPersonExampleMap.ThirdPersonExampleMap_C' with ClassGeneratedBy '/Game/ThirdPersonCPP/Maps/ThirdPersonExampleMap.ThirdPersonExampleMap:PersistentLevel.ThirdPersonExampleMap'
[2017.03.10-03.10.27:235][238]LogPlayLevel: PlayLevel: No blueprints needed recompiling
[2017.03.10-03.10.27:235][238]PIE: New page: PIE session: ThirdPersonExampleMap (10 Mar 2017 03:10:27)
[2017.03.10-03.10.27:235][238]LogPlayLevel: Creating play world package: /Game/ThirdPersonCPP/Maps/UEDPIE_0_ThirdPersonExampleMap
[2017.03.10-03.10.27:264][238]LogPlayLevel: PIE: StaticDuplicateObject took: (0.028350s)
[2017.03.10-03.10.27:265][238]LogAIModule: Creating AISystem for world ThirdPersonExampleMap
[2017.03.10-03.10.27:265][238]LogPlayLevel: PIE: World Init took: (0.001130s)
[2017.03.10-03.10.27:266][238]LogPlayLevel: PIE: Created PIE world by copying editor world from /Game/ThirdPersonCPP/Maps/ThirdPersonExampleMap.ThirdPersonExampleMap to /Game/ThirdPersonCPP/Maps/UEDPIE_0_ThirdPersonExampleMap.ThirdPersonExampleMap (0.030168s)
[2017.03.10-03.10.27:284][238]LogInit: XAudio2 using 'Speakers (Realtek High Definition Audio)' : 2 channels at 48 kHz using 32 bits per sample (channel mask 0x3)
[2017.03.10-03.10.27:290][238]LogInit: FAudioDevice initialized.
[2017.03.10-03.10.27:355][238]LogWorld: Game class is 'DissertationLevelGameMode'
[2017.03.10-03.10.27:439][238]LogWorld: Bringing World /Game/ThirdPersonCPP/Maps/UEDPIE_0_ThirdPersonExampleMap.ThirdPersonExampleMap up for play (max tick rate 0) at 2017.03.10-03.10.27
[2017.03.10-03.10.27:448][238]LogWorld: Bringing up level for play took: 0.091343
[2017.03.10-03.10.27:505][238]LogContentBrowser: Native class hierarchy updated for 'MovieSceneCapture' in 0.0302 seconds. Added 11 classes and 0 folders.
[2017.03.10-03.10.27:506][238]LogActor:Warning: WorldObject /Game/ThirdPersonCPP/Maps/UEDPIE_0_ThirdPersonExampleMap.ThirdPersonExampleMap:PersistentLevel.WorldObject_0 has natively added scene component(s), but none of them were set as the actor's RootComponent - picking one arbitrarily
[2017.03.10-03.10.27:518][238]LogActor:Warning: WorldObject /Game/ThirdPersonCPP/Maps/UEDPIE_0_ThirdPersonExampleMap.ThirdPersonExampleMap:PersistentLevel.WorldObject_1 has natively added scene component(s), but none of them were set as the actor's RootComponent - picking one arbitrarily
[2017.03.10-03.10.27:519][238]LogActor:Warning: WorldObject /Game/ThirdPersonCPP/Maps/UEDPIE_0_ThirdPersonExampleMap.ThirdPersonExampleMap:PersistentLevel.WorldObject_2 has natively added scene component(s), but none of them were set as the actor's RootComponent - picking one arbitrarily
[2017.03.10-03.10.27:521][238]LogActor:Warning: WorldObject /Game/ThirdPersonCPP/Maps/UEDPIE_0_ThirdPersonExampleMap.ThirdPersonExampleMap:PersistentLevel.WorldObject_3 has natively added scene component(s), but none of them were set as the actor's RootComponent - picking one arbitrarily
[2017.03.10-03.10.27:522][238]LogActor:Warning: WorldObject /Game/ThirdPersonCPP/Maps/UEDPIE_0_ThirdPersonExampleMap.ThirdPersonExampleMap:PersistentLevel.WorldObject_4 has natively added scene component(s), but none of them were set as the actor's RootComponent - picking one arbitrarily
[2017.03.10-03.10.27:523][238]LogActor:Warning: WorldObject /Game/ThirdPersonCPP/Maps/UEDPIE_0_ThirdPersonExampleMap.ThirdPersonExampleMap:PersistentLevel.WorldObject_5 has natively added scene component(s), but none of them were set as the actor's RootComponent - picking one arbitrarily
[2017.03.10-03.10.27:525][238]LogActor:Warning: WorldObject /Game/ThirdPersonCPP/Maps/UEDPIE_0_ThirdPersonExampleMap.ThirdPersonExampleMap:PersistentLevel.WorldObject_6 has natively added scene component(s), but none of them were set as the actor's RootComponent - picking one arbitrarily
[2017.03.10-03.10.27:526][238]LogActor:Warning: WorldObject /Game/ThirdPersonCPP/Maps/UEDPIE_0_ThirdPersonExampleMap.ThirdPersonExampleMap:PersistentLevel.WorldObject_7 has natively added scene component(s), but none of them were set as the actor's RootComponent - picking one arbitrarily
[2017.03.10-03.10.27:528][238]LogActor:Warning: WorldObject /Game/ThirdPersonCPP/Maps/UEDPIE_0_ThirdPersonExampleMap.ThirdPersonExampleMap:PersistentLevel.WorldObject_8 has natively added scene component(s), but none of them were set as the actor's RootComponent - picking one arbitrarily
[2017.03.10-03.10.27:529][238]LogActor:Warning: WorldObject /Game/ThirdPersonCPP/Maps/UEDPIE_0_ThirdPersonExampleMap.ThirdPersonExampleMap:PersistentLevel.WorldObject_9 has natively added scene component(s), but none of them were set as the actor's RootComponent - picking one arbitrarily
[2017.03.10-03.10.27:530][238]LogActor:Warning: WorldObject /Game/ThirdPersonCPP/Maps/UEDPIE_0_ThirdPersonExampleMap.ThirdPersonExampleMap:PersistentLevel.WorldObject_10 has natively added scene component(s), but none of them were set as the actor's RootComponent - picking one arbitrarily
[2017.03.10-03.10.27:531][238]LogActor:Warning: WorldObject /Game/ThirdPersonCPP/Maps/UEDPIE_0_ThirdPersonExampleMap.ThirdPersonExampleMap:PersistentLevel.WorldObject_11 has natively added scene component(s), but none of them were set as the actor's RootComponent - picking one arbitrarily
[2017.03.10-03.10.27:532][238]LogActor:Warning: WorldObject /Game/ThirdPersonCPP/Maps/UEDPIE_0_ThirdPersonExampleMap.ThirdPersonExampleMap:PersistentLevel.WorldObject_12 has natively added scene component(s), but none of them were set as the actor's RootComponent - picking one arbitrarily
[2017.03.10-03.10.27:533][238]LogActor:Warning: WorldObject /Game/ThirdPersonCPP/Maps/UEDPIE_0_ThirdPersonExampleMap.ThirdPersonExampleMap:PersistentLevel.WorldObject_13 has natively added scene component(s), but none of them were set as the actor's RootComponent - picking one arbitrarily
[2017.03.10-03.10.27:535][238]LogActor:Warning: WorldObject /Game/ThirdPersonCPP/Maps/UEDPIE_0_ThirdPersonExampleMap.ThirdPersonExampleMap:PersistentLevel.WorldObject_14 has natively added scene component(s), but none of them were set as the actor's RootComponent - picking one arbitrarily
[2017.03.10-03.10.27:539][238]PIE: Info Play in editor start time for /Game/ThirdPersonCPP/Maps/UEDPIE_0_ThirdPersonExampleMap 0.059
[2017.03.10-03.10.27:539][238]LogBlueprintUserMessages: Late PlayInEditor Detection: Level '/Game/ThirdPersonCPP/Maps/ThirdPersonExampleMap.ThirdPersonExampleMap:PersistentLevel' has LevelScriptBlueprint '/Game/ThirdPersonCPP/Maps/ThirdPersonExampleMap.ThirdPersonExampleMap:PersistentLevel.ThirdPersonExampleMap' with GeneratedClass '/Game/ThirdPersonCPP/Maps/ThirdPersonExampleMap.ThirdPersonExampleMap_C' with ClassGeneratedBy '/Game/ThirdPersonCPP/Maps/ThirdPersonExampleMap.ThirdPersonExampleMap:PersistentLevel.ThirdPersonExampleMap'
[2017.03.10-03.10.33:016][420]Cmd: EnableGDT
[2017.03.10-03.10.33:017][420]LogGameplayDebugger:Warning: Got from client: EnableGDT 
[2017.03.10-03.10.38:289][593]LogCrashTracker: 


[2017.03.10-03.10.38:289][593]LogCrashTracker: 


[2017.03.10-03.10.38:289][593]LogWindows:Error: === Critical error: ===
Fatal error!



[2017.03.10-03.10.38:338][593]LogExit: Executing StaticShutdownAfterError
[2017.03.10-03.10.38:341][593]LogWindows: FPlatformMisc::RequestExit(1)
[2017.03.10-03.10.38:341][593]Log file closed, 03/10/17 03:10:38
