Log file open, 03/07/17 20:25:55
LogInit:Display: Running engine for game: DissertationLevel
LogPlatformFile: Not using cached read wrapper
LogInit:Display: RandInit(-1976248718) SRandInit(-1976248716).
LogTaskGraph: Started task graph with 4 named threads and 7 total threads with 1 sets of task threads.
LogStats: Stats thread started at 0.083789
LogInit: Version: 4.12.5-3039270+++UE4+Release-4.12
LogInit: API Version: 2992821
LogInit: Net Version: 3039270
LogDevObjectVersion: Number of dev versions registered: 13
LogDevObjectVersion:   Dev-Blueprints (B0D832E4-1F89-4F0D-ACCF-7EB736FD4AA2): 3
LogDevObjectVersion:   Dev-Build (E1C64328-A22C-4D53-A36C-8E866417BD8C): 0
LogDevObjectVersion:   Dev-Core (375EC13C-06E4-48FB-B500-84F0262A717E): 1
LogDevObjectVersion:   Dev-Editor (E4B068ED-F494-42E9-A231-DA0B2E46BB41): 2
LogDevObjectVersion:   Dev-Framework (CFFC743F-43B0-4480-9391-14DF171D2073): 6
LogDevObjectVersion:   Dev-Mobile (B02B49B5-BB20-44E9-A304-32B752E40360): 0
LogDevObjectVersion:   Dev-Networking (A4E4105C-59A1-49B5-A7C5-40C4547EDFEE): 0
LogDevObjectVersion:   Dev-Online (39C831C9-5AE6-47DC-9A44-9C173E1C8E7C): 0
LogDevObjectVersion:   Dev-Physics (78F01B33-EBEA-4F98-B9B4-84EACCB95AA2): 0
LogDevObjectVersion:   Dev-Platform (6631380F-2D4D-43E0-8009-CF276956A95A): 0
LogDevObjectVersion:   Dev-Rendering (12F88B9F-8875-4AFC-A67C-D90C383ABD29): 2
LogDevObjectVersion:   Dev-Sequencer (7B5AE74C-D270-4C10-A958-57980B212A5A): 0
LogDevObjectVersion:   Dev-VR (D7296918-1DD6-4BDD-9DE2-64A83CC13884): 0
LogInit: Compiled (64-bit): Jul  6 2016 09:09:46
LogInit: Compiled with Visual C++: 19.00.23026.00
LogInit: Build Configuration: Development
LogInit: Branch Name: ++UE4+Release-4.12
LogInit: Command line: 
LogInit: Base directory: C:/Program Files/Epic Games/4.12/Engine/Binaries/Win64/
LogInit: Installed Engine Build: 1
LogInit: Using libcurl 7.41.0
LogInit:  - built for x86_64-pc-win32
LogInit:  - supports SSL with WinSSL
LogInit:  - other features:
LogInit:      CURL_VERSION_SSL
LogInit:      CURL_VERSION_IPV6
LogInit:      CURL_VERSION_ASYNCHDNS
LogInit:      CURL_VERSION_LARGEFILE
LogInit:      CURL_VERSION_IDN
LogInit:  CurlRequestOptions (configurable via config and command line):
LogInit:  - bVerifyPeer = true  - Libcurl will verify peer certificate
LogInit:  - bUseHttpProxy = false  - Libcurl will NOT use HTTP proxy
LogInit:  - bDontReuseConnections = false  - Libcurl will reuse connections
LogInit:  - CertBundlePath = nullptr  - Libcurl will use whatever was configured at build time.
LogInit: Presizing for max 8388607 objects, including 0 objects not considered by GC, pre-allocating 0 bytes for permanent pool.
LogInit: Object subsystem initialized
[2017.03.07-20.25.56:070][  0]LogInit: Selected Device Profile: [Windows]
[2017.03.07-20.25.56:070][  0]LogInit: Applying CVar settings loaded from the selected device profile: [Windows]
[2017.03.07-20.25.56:149][  0]LogInit: Computer: RIGG055
[2017.03.07-20.25.56:149][  0]LogInit: User: b3030113
[2017.03.07-20.25.56:149][  0]LogInit: CPU Page size=65536, Cores=4
[2017.03.07-20.25.56:149][  0]LogInit: High frequency timer resolution =2.734391 MHz
[2017.03.07-20.25.56:149][  0]LogMemory: Memory total: Physical=8.0GB (8GB approx)
[2017.03.07-20.25.56:149][  0]LogMemory: Platform Memory Stats for Windows
[2017.03.07-20.25.56:149][  0]LogMemory: Process Physical Memory: 188.31 MB used, 188.31 MB peak
[2017.03.07-20.25.56:149][  0]LogMemory: Process Virtual Memory: 195.04 MB used, 195.04 MB peak
[2017.03.07-20.25.56:149][  0]LogMemory: Physical Memory: 3657.33 MB used, 8145.50 MB total
[2017.03.07-20.25.56:149][  0]LogMemory: Virtual Memory: 532.69 MB used, 134217728.00 MB total
[2017.03.07-20.25.56:189][  0]LogTextLocalizationManager: No specific translations for ('en-GB') exist, so ('en') translations will be used.
[2017.03.07-20.25.56:647][  0]LogD3D11RHI: D3D11 adapters:
[2017.03.07-20.25.56:683][  0]LogD3D11RHI:    0. 'NVIDIA Quadro 600 ' (Feature Level 11_0)
[2017.03.07-20.25.56:683][  0]LogD3D11RHI:       963/0/4072 MB DedicatedVideo/DedicatedSystem/SharedSystem, Outputs:1, VendorId:0x10de
[2017.03.07-20.25.56:688][  0]LogD3D11RHI:    1. 'Microsoft Basic Render Driver' (Feature Level 11_0)
[2017.03.07-20.25.56:688][  0]LogD3D11RHI:       0/0/256 MB DedicatedVideo/DedicatedSystem/SharedSystem, Outputs:0, VendorId:0x1414
[2017.03.07-20.25.56:688][  0]LogD3D11RHI: Chosen D3D11 Adapter: 0
[2017.03.07-20.25.56:694][  0]LogD3D11RHI: Creating new Direct3DDevice
[2017.03.07-20.25.56:694][  0]LogD3D11RHI:     GPU DeviceId: 0xdf8 (for the marketing name, search the web for "GPU Device Id")
[2017.03.07-20.25.56:694][  0]LogWindows: EnumDisplayDevices:
[2017.03.07-20.25.56:694][  0]LogWindows:    0. 'NVIDIA Quadro 600 ' (P:1 D:1)
[2017.03.07-20.25.56:694][  0]LogWindows:    1. 'NVIDIA Quadro 600 ' (P:0 D:0)
[2017.03.07-20.25.56:694][  0]LogWindows: DebugString: FoundDriverCount:2 
[2017.03.07-20.25.56:694][  0]LogD3D11RHI:     Adapter Name: NVIDIA Quadro 600 
[2017.03.07-20.25.56:694][  0]LogD3D11RHI:   Driver Version: 362.84 (internal:10.18.13.6284, unified:362.84)
[2017.03.07-20.25.56:694][  0]LogD3D11RHI:      Driver Date: 6-26-2016
[2017.03.07-20.25.56:694][  0]LogRHI: Texture pool is 674 MB (70% of 963 MB)
[2017.03.07-20.25.56:704][  0]LogD3D11RHI: Async texture creation enabled
[2017.03.07-20.25.56:722][  0]LogD3D11RHI: GPU Timing Frequency: 1000.000000 (Debug: 2 2)
[2017.03.07-20.25.56:722][  0]LogShaderCompilers: Guid format shader working directory is -12 characters bigger than the processId version (E:/Unreal Engine Projects/DissertationLevel/DissertationLevel/Intermediate/Shaders/WorkingDirectory/5536/).
[2017.03.07-20.25.56:722][  0]LogShaderCompilers: Cleaned the shader compiler working directory 'C:/Users/b3030113/AppData/Local/Temp/UnrealShaderWorkingDir/1BC8B12B40D494EAC3386C8CEFD6C372/'.
[2017.03.07-20.25.56:722][  0]LogShaderCompilers:Display: Using Local Shader Compiler.
[2017.03.07-20.25.57:804][  0]LogTemp:Display: Loaded TP AllDesktopTargetPlatform
[2017.03.07-20.25.57:817][  0]LogTemp:Display: Loaded TP WindowsClientTargetPlatform
[2017.03.07-20.25.57:830][  0]LogTemp:Display: Loaded TP WindowsNoEditorTargetPlatform
[2017.03.07-20.25.57:843][  0]LogTemp:Display: Loaded TP WindowsServerTargetPlatform
[2017.03.07-20.25.57:857][  0]LogTemp:Display: Loaded TP WindowsTargetPlatform
[2017.03.07-20.25.57:870][  0]LogTemp:Display: Loaded TP AndroidTargetPlatform
[2017.03.07-20.25.57:880][  0]LogTemp:Display: Loaded TP Android_ASTCTargetPlatform
[2017.03.07-20.25.57:892][  0]LogTemp:Display: Loaded TP Android_ATCTargetPlatform
[2017.03.07-20.25.57:905][  0]LogTemp:Display: Loaded TP Android_DXTTargetPlatform
[2017.03.07-20.25.57:917][  0]LogTemp:Display: Loaded TP Android_ETC1TargetPlatform
[2017.03.07-20.25.57:929][  0]LogTemp:Display: Loaded TP Android_ETC2TargetPlatform
[2017.03.07-20.25.57:953][  0]LogTemp:Display: Loaded TP Android_MultiTargetPlatform
[2017.03.07-20.25.57:953][  0]LogTemp:Display: Loaded TP Android_PVRTCTargetPlatform
[2017.03.07-20.25.57:954][  0]LogTemp:Display: Loaded TP HTML5TargetPlatform
[2017.03.07-20.25.57:979][  0]LogTemp:Display: Loaded TP IOSTargetPlatform
[2017.03.07-20.25.57:991][  0]LogTemp:Display: Loaded TP TVOSTargetPlatform
[2017.03.07-20.25.58:003][  0]LogTemp:Display: Loaded TP LinuxNoEditorTargetPlatform
[2017.03.07-20.25.58:015][  0]LogTemp:Display: Loaded TP LinuxServerTargetPlatform
[2017.03.07-20.25.58:029][  0]LogTemp:Display: Loaded TP LinuxTargetPlatform
[2017.03.07-20.25.58:029][  0]LogTargetPlatformManager:Display: Building Assets For Windows
[2017.03.07-20.25.58:097][  0]LogDerivedDataCache:Display: Max Cache Size: 512 MB
[2017.03.07-20.25.58:169][  0]LogDerivedDataCache: Loaded boot cache 0.07s 62MB C:/Users/b3030113/AppData/Local/UnrealEngine/4.12/DerivedDataCache/Boot.ddc.
[2017.03.07-20.25.58:170][  0]LogDerivedDataCache:Display: Loaded Boot cache: C:/Users/b3030113/AppData/Local/UnrealEngine/4.12/DerivedDataCache/Boot.ddc
[2017.03.07-20.25.58:170][  0]LogDerivedDataCache: FDerivedDataBackendGraph:  Pak pak cache file E:/Unreal Engine Projects/DissertationLevel/DissertationLevel/DerivedDataCache/DDC.ddp not found, will not use a pak cache.
[2017.03.07-20.25.58:170][  0]LogDerivedDataCache: Unable to find inner node Pak for hierarchical cache Hierarchy.
[2017.03.07-20.25.58:170][  0]LogDerivedDataCache: FDerivedDataBackendGraph:  CompressedPak pak cache file E:/Unreal Engine Projects/DissertationLevel/DissertationLevel/DerivedDataCache/Compressed.ddp not found, will not use a pak cache.
[2017.03.07-20.25.58:170][  0]LogDerivedDataCache: Unable to find inner node CompressedPak for hierarchical cache Hierarchy.
[2017.03.07-20.25.58:191][  0]LogDerivedDataCache:Display: Pak cache opened for reading ../../../Engine/DerivedDataCache/Compressed.ddp.
[2017.03.07-20.25.58:204][  0]LogDerivedDataCache: Using Local data cache path C:/Users/b3030113/AppData/Local/UnrealEngine/Common/DerivedDataCache: Writable
[2017.03.07-20.25.59:105][  0]LogInit: Selected Device Profile: [Windows]
[2017.03.07-20.25.59:106][  0]LogContentStreaming: Texture pool size is 0.00 MB
[2017.03.07-20.25.59:361][  0]LogMeshUtilities: No automatic mesh reduction module available
[2017.03.07-20.25.59:361][  0]LogMeshUtilities: No automatic mesh merging module available
[2017.03.07-20.25.59:361][  0]LogMeshUtilities: No distributed automatic mesh merging module available
[2017.03.07-20.25.59:647][  0]LogAssetRegistry: FAssetRegistry took 0.0225 seconds to start up
[2017.03.07-20.26.03:121][  0]LogPackageLocalizationCache: Processed 3 localized package path(s) for 2 prioritized culture(s) in 3.470398 seconds
[2017.03.07-20.26.03:129][  0]LogUObjectArray: 28739 objects as part of root set at end of initial load.
[2017.03.07-20.26.03:129][  0]LogUObjectAllocator: 5855632 out of 0 bytes used by permanent object pool.
[2017.03.07-20.26.03:129][  0]LogUObjectArray: CloseDisregardForGC: 0/0 objects in disregard for GC pool
[2017.03.07-20.26.03:140][  0]LogInit: WinSock: version 1.1 (2.2), MaxSocks=32767, MaxUdp=65467
[2017.03.07-20.26.03:371][  0]LogSlate: SlateFontCache - WITH_FREETYPE: 1, WITH_HARFBUZZ: 1
[2017.03.07-20.26.03:371][  0]LogSlate: SlateFontCache - WITH_FREETYPE: 1, WITH_HARFBUZZ: 1
[2017.03.07-20.26.04:424][  0]LogUdpMessaging: Initializing bridge on interface 0.0.0.0:0 to multicast group 230.0.0.1:6666.
[2017.03.07-20.26.06:036][  0]LogTexture:Display: Building textures: T_ML_Aluminum01 (AutoDXT)
[2017.03.07-20.26.06:211][  0]LogTexture:Display: Building textures: UE4Man_Logo_N (BC5)
[2017.03.07-20.26.06:257][  0]LogTexture:Display: Building textures: T_ML_Rubber_Blue_01_D (AutoDXT)
[2017.03.07-20.26.06:451][  0]LogTexture:Display: Building textures: T_ML_Rubber_Blue_01_N (BC5)
[2017.03.07-20.26.06:497][  0]LogTexture:Display: Building textures: T_ML_Aluminum01_N (BC5)
[2017.03.07-20.26.06:540][  0]LogTexture:Display: Building textures: UE4_Mannequin_MAT_MASKA (AutoDXT)
[2017.03.07-20.26.06:947][  0]LogTexture:Display: Building textures: UE4_Mannequin__normals (BC5)
[2017.03.07-20.26.07:380][  0]LogTexture:Display: Building textures: UE4_LOGO_CARD (AutoDXT)
[2017.03.07-20.26.07:809][  0]SourceControl: Info Source control is disabled
[2017.03.07-20.26.07:841][  0]SourceControl: Info Source control is disabled
[2017.03.07-20.26.07:849][  0]SourceControl: Info Source control is disabled
[2017.03.07-20.26.07:857][  0]SourceControl: Info Source control is disabled
[2017.03.07-20.26.08:046][  0]LogEngine: Initializing Engine...
[2017.03.07-20.26.08:047][  0]LogHMD: SteamVR failed to initialize.  Err: 110
[2017.03.07-20.26.08:048][  0]LogHMD: SteamVR failed to initialize.  Err: 110
[2017.03.07-20.26.08:193][  0]LogAIModule: Creating AISystem for world NewWorld
[2017.03.07-20.26.08:197][  0]LogInit: XAudio2 using 'Speakers (Realtek High Definition Audio)' : 2 channels at 48 kHz using 32 bits per sample (channel mask 0x3)
[2017.03.07-20.26.08:215][  0]LogInit: FAudioDevice initialized.
[2017.03.07-20.26.08:246][  0]LogDerivedDataCache: Saved boot cache 0.03s 71MB C:/Users/b3030113/AppData/Local/UnrealEngine/4.12/DerivedDataCache/Boot.ddc.
[2017.03.07-20.26.08:261][  0]LogInit: Texture streaming: Enabled
[2017.03.07-20.26.08:318][  0]LogInit: Transaction tracking system initialized
[2017.03.07-20.26.08:347][  0]BlueprintLog: New page: Editor Load
[2017.03.07-20.26.08:496][  0]LocalizationService: Info Localization service is disabled
[2017.03.07-20.26.08:563][  0]LogConsoleResponse:Display: 
[2017.03.07-20.26.08:759][  0]LogCook:Display: Max memory allowance for cook 8192mb
[2017.03.07-20.26.08:759][  0]LogCook:Display: Mobile HDR setting 1
[2017.03.07-20.26.08:848][  0]LogFileCache: Scanning file cache for directory 'E:/Unreal Engine Projects/DissertationLevel/DissertationLevel/Content/' took 0.03s
[2017.03.07-20.26.08:848][  0]SourceControl: Info Source control is disabled
[2017.03.07-20.26.08:848][  0]Cmd: MAP LOAD FILE="E:/Unreal Engine Projects/DissertationLevel/DissertationLevel/Content/ThirdPersonCPP/Maps/ThirdPersonExampleMap.umap" TEMPLATE=0 SHOWPROGRESS=1 FEATURELEVEL=3
[2017.03.07-20.26.08:864][  0]LightingResults: New page: Lighting Build
[2017.03.07-20.26.08:866][  0]MapCheck: New page: Map Check
[2017.03.07-20.26.08:866][  0]LightingResults: New page: Lighting Build
[2017.03.07-20.26.09:804][  0]LogTexture:Display: Building textures: HQ_Lightmap0_1 (AutoDXT)
[2017.03.07-20.26.10:133][  0]LogTexture:Display: Building textures: HQ_Lightmap0_2 (AutoDXT)
[2017.03.07-20.26.10:212][  0]LogTexture:Display: Building textures: HQ_Lightmap0_3 (AutoDXT)
[2017.03.07-20.26.10:239][  0]LogTexture:Display: Building textures: LQ_Lightmap_0_1 (DXT1)
[2017.03.07-20.26.10:347][  0]LogTexture:Display: Building textures: LQ_Lightmap_0_2 (DXT1)
[2017.03.07-20.26.10:381][  0]LogTexture:Display: Building textures: LQ_Lightmap_0_3 (DXT1)
[2017.03.07-20.26.10:404][  0]LogTexture:Display: Building textures: SkyOcclusion0_1 (AutoDXT)
[2017.03.07-20.26.10:550][  0]LogTexture:Display: Building textures: SkyOcclusion0_2 (AutoDXT)
[2017.03.07-20.26.10:584][  0]LogTexture:Display: Building textures: SkyOcclusion0_3 (AutoDXT)
[2017.03.07-20.26.10:597][  0]LogTexture:Display: Building textures: ShadowMapTexture2D_0 (G8)
[2017.03.07-20.26.10:686][  0]LogTexture:Display: Building textures: ShadowMapTexture2D_1 (G8)
[2017.03.07-20.26.10:755][  0]LogAIModule: Creating AISystem for world ThirdPersonExampleMap
[2017.03.07-20.26.10:875][  0]LogEditorServer: Finished looking for orphan Actors (0.000 secs)
[2017.03.07-20.26.10:890][  0]Cmd: MAP CHECKDEP NOCLEARLOG
[2017.03.07-20.26.11:002][  0]MapCheck: Info Map check complete: 0 Error(s), 0 Warning(s), took 113.065ms to complete.
[2017.03.07-20.26.11:002][  0]LogFileHelpers: Loading map 'ThirdPersonExampleMap' took 2.154
[2017.03.07-20.26.11:667][  0]LogCollectionManager: Loaded 0 collections in 0.004816 seconds
[2017.03.07-20.26.11:848][  0]LogFileCache: Scanning file cache for directory 'E:/Unreal Engine Projects/DissertationLevel/DissertationLevel/Saved/Collections/' took 0.01s
[2017.03.07-20.26.11:848][  0]LogFileCache: Scanning file cache for directory 'E:/Unreal Engine Projects/DissertationLevel/DissertationLevel/Content/Developers/b3030113/Collections/' took 0.01s
[2017.03.07-20.26.11:848][  0]LogFileCache: Scanning file cache for directory 'E:/Unreal Engine Projects/DissertationLevel/DissertationLevel/Content/Collections/' took 0.01s
[2017.03.07-20.26.11:848][  0]LogCollectionManager: Rebuilt the GUID cache for 0 collections in 0.000004 seconds
[2017.03.07-20.26.11:895][  0]LogContentBrowser: Native class hierarchy populated in 0.0442 seconds. Added 2068 classes and 376 folders.
[2017.03.07-20.26.11:918][  0]LogStats: UGameplayTagsManager::ConstructGameplayTagTree: Construct from data asset -  0.000 s
[2017.03.07-20.26.11:918][  0]LogStats: UGameplayTagsManager::ConstructGameplayTagTree: GameplayTagTreeChangedEvent.Broadcast -  0.000 s
[2017.03.07-20.26.11:939][  0]LogContentBrowser: Native class hierarchy updated for 'GameplayTags' in 0.0207 seconds. Added 12 classes and 0 folders.
[2017.03.07-20.26.11:988][  0]LogContentBrowser: Native class hierarchy updated for 'WidgetCarousel' in 0.0209 seconds. Added 0 classes and 0 folders.
[2017.03.07-20.26.13:687][  0]LogContentBrowser: Native class hierarchy updated for 'AddContentDialog' in 0.0216 seconds. Added 0 classes and 0 folders.
[2017.03.07-20.26.13:767][  0]LogContentBrowser: Native class hierarchy updated for 'SceneOutliner' in 0.0206 seconds. Added 1 classes and 2 folders.
[2017.03.07-20.26.14:147][  0]LogCrashTracker: Crashtracker disabled due to settings.
[2017.03.07-20.26.14:260][  0]LogTexture:Display: Building textures: Blueprint_64x (BGRA8)
[2017.03.07-20.26.14:262][  0]LogTexture:Display: Building textures: icon_Editor_Preferences_General_40x (BGRA8)
[2017.03.07-20.26.14:265][  0]LogTexture:Display: Building textures: Paper2DSprite_TutorialIcon (BGRA8)
[2017.03.07-20.26.14:268][  0]LogTexture:Display: Building textures: icon_ShowSkeletalMeshes_40x (BGRA8)
[2017.03.07-20.26.14:270][  0]LogTexture:Display: Building textures: Landscape (BGRA8)
[2017.03.07-20.26.14:273][  0]LogTexture:Display: Building textures: Foliage (BGRA8)
[2017.03.07-20.26.14:375][  0]LogContentBrowser: Native class hierarchy updated for 'HierarchicalLODOutliner' in 0.0191 seconds. Added 1 classes and 2 folders.
[2017.03.07-20.26.14:375][  0]LogLoad: Full Startup: 21.13 seconds (BP compile: 0.12 seconds)
[2017.03.07-20.26.14:375][  0]LogExternalProfiler: Found external profiler: VSPerf
[2017.03.07-20.26.14:375][  0]LogExternalProfiler: Using external profiler: VSPerf
[2017.03.07-20.26.14:384][  0]LogOcInput: OculusInput pre-init called
[2017.03.07-20.26.14:450][  0]LogContentStreaming: Texture pool size now 1000 MB
[2017.03.07-20.26.14:507][  0]LogTexture:Display: Building textures: icon_tab_Levels_40x (BGRA8)
[2017.03.07-20.26.14:775][  0]LogTexture:Display: Building textures: LevelGrid1DStripes (BGRA8)
[2017.03.07-20.26.14:975][  0]LogRenderer: Reallocating scene render targets to support 1208x576 (Frame:2).
[2017.03.07-20.26.15:206][  1]LogActor:Warning: WinningLocation_BP_C /Engine/Transient.World_1:PersistentLevel.WinningLocation_BP_C_0 has natively added scene component(s), but none of them were set as the actor's RootComponent - picking one arbitrarily
[2017.03.07-20.26.15:294][  2]LogAssetRegistry: Asset discovery search completed in 15.6698 seconds
[2017.03.07-20.26.15:294][  2]LogCollectionManager: Rebuilt the object cache for 0 collections in 0.000001 seconds (found 0 objects)
[2017.03.07-20.26.15:294][  2]LogCollectionManager: Fixed up redirectors for 0 collections in 0.000022 seconds (updated 0 objects)
[2017.03.07-20.27.43:423][  7]LogActor:Warning: WinningLocation_BP_C /Engine/Transient.World_1:PersistentLevel.WinningLocation_BP_C_1 has natively added scene component(s), but none of them were set as the actor's RootComponent - picking one arbitrarily
[2017.03.07-20.27.43:467][  8]LogActor:Warning: WinningLocation_BP_C /Engine/Transient.World_1:PersistentLevel.WinningLocation_BP_C_2 has natively added scene component(s), but none of them were set as the actor's RootComponent - picking one arbitrarily
[2017.03.07-20.27.43:590][  9]LogActor:Warning: WinningLocation_BP_C /Engine/Transient.World_1:PersistentLevel.WinningLocation_BP_C_3 has natively added scene component(s), but none of them were set as the actor's RootComponent - picking one arbitrarily
[2017.03.07-20.27.44:067][ 16]LogActor:Warning: WinningLocation_BP_C /Engine/Transient.World_1:PersistentLevel.WinningLocation_BP_C_4 has natively added scene component(s), but none of them were set as the actor's RootComponent - picking one arbitrarily
[2017.03.07-20.27.44:110][ 17]LogActor:Warning: WinningLocation_BP_C /Engine/Transient.World_1:PersistentLevel.WinningLocation_BP_C_5 has natively added scene component(s), but none of them were set as the actor's RootComponent - picking one arbitrarily
[2017.03.07-20.27.58:618][345]LogActor:Warning: WinningLocation_BP_C /Engine/Transient.World_1:PersistentLevel.WinningLocation_BP_C_6 has natively added scene component(s), but none of them were set as the actor's RootComponent - picking one arbitrarily
[2017.03.07-20.27.59:446][362]LogActor:Warning: WinningLocation_BP_C /Engine/Transient.World_1:PersistentLevel.WinningLocation_BP_C_7 has natively added scene component(s), but none of them were set as the actor's RootComponent - picking one arbitrarily
[2017.03.07-20.27.59:500][363]LogActor:Warning: WinningLocation_BP_C /Engine/Transient.World_1:PersistentLevel.WinningLocation_BP_C_8 has natively added scene component(s), but none of them were set as the actor's RootComponent - picking one arbitrarily
[2017.03.07-20.27.59:746][364]LogActor:Warning: WinningLocation_BP_C /Engine/Transient.World_1:PersistentLevel.WinningLocation_BP_C_9 has natively added scene component(s), but none of them were set as the actor's RootComponent - picking one arbitrarily
[2017.03.07-20.27.59:763][365]LogActor:Warning: WinningLocation_BP_C /Engine/Transient.World_1:PersistentLevel.WinningLocation_BP_C_10 has natively added scene component(s), but none of them were set as the actor's RootComponent - picking one arbitrarily
[2017.03.07-20.27.59:774][366]LogActor:Warning: WinningLocation_BP_C /Engine/Transient.World_1:PersistentLevel.WinningLocation_BP_C_11 has natively added scene component(s), but none of them were set as the actor's RootComponent - picking one arbitrarily
[2017.03.07-20.27.59:979][367]LogActor:Warning: WinningLocation_BP_C /Engine/Transient.World_1:PersistentLevel.WinningLocation_BP_C_12 has natively added scene component(s), but none of them were set as the actor's RootComponent - picking one arbitrarily
[2017.03.07-20.28.00:100][368]LogActor:Warning: WinningLocation_BP_C /Engine/Transient.World_1:PersistentLevel.WinningLocation_BP_C_13 has natively added scene component(s), but none of them were set as the actor's RootComponent - picking one arbitrarily
[2017.03.07-20.28.00:227][369]LogActor:Warning: WinningLocation_BP_C /Engine/Transient.World_1:PersistentLevel.WinningLocation_BP_C_14 has natively added scene component(s), but none of them were set as the actor's RootComponent - picking one arbitrarily
[2017.03.07-20.28.00:347][370]LogActor:Warning: WinningLocation_BP_C /Engine/Transient.World_1:PersistentLevel.WinningLocation_BP_C_15 has natively added scene component(s), but none of them were set as the actor's RootComponent - picking one arbitrarily
[2017.03.07-20.28.00:472][371]LogActor:Warning: WinningLocation_BP_C /Engine/Transient.World_1:PersistentLevel.WinningLocation_BP_C_16 has natively added scene component(s), but none of them were set as the actor's RootComponent - picking one arbitrarily
[2017.03.07-20.28.00:592][372]LogActor:Warning: WinningLocation_BP_C /Engine/Transient.World_1:PersistentLevel.WinningLocation_BP_C_17 has natively added scene component(s), but none of them were set as the actor's RootComponent - picking one arbitrarily
[2017.03.07-20.28.00:720][373]LogActor:Warning: WinningLocation_BP_C /Engine/Transient.World_1:PersistentLevel.WinningLocation_BP_C_18 has natively added scene component(s), but none of them were set as the actor's RootComponent - picking one arbitrarily
[2017.03.07-20.28.00:964][375]LogActor:Warning: WinningLocation_BP_C /Engine/Transient.World_1:PersistentLevel.WinningLocation_BP_C_19 has natively added scene component(s), but none of them were set as the actor's RootComponent - picking one arbitrarily
[2017.03.07-20.28.01:008][376]LogActor:Warning: WinningLocation_BP_C /Engine/Transient.World_1:PersistentLevel.WinningLocation_BP_C_20 has natively added scene component(s), but none of them were set as the actor's RootComponent - picking one arbitrarily
[2017.03.07-20.28.01:127][377]LogActor:Warning: WinningLocation_BP_C /Engine/Transient.World_1:PersistentLevel.WinningLocation_BP_C_21 has natively added scene component(s), but none of them were set as the actor's RootComponent - picking one arbitrarily
[2017.03.07-20.28.01:251][378]LogActor:Warning: WinningLocation_BP_C /Engine/Transient.World_1:PersistentLevel.WinningLocation_BP_C_22 has natively added scene component(s), but none of them were set as the actor's RootComponent - picking one arbitrarily
[2017.03.07-20.28.01:911][389]LogActor:Warning: