Log file open, 03/10/17 21:50:38
LogInit:Display: Running engine for game: DissertationLevel
LogPlatformFile: Not using cached read wrapper
LogInit:Display: RandInit(-1963428764) SRandInit(-1963428763).
LogTaskGraph: Started task graph with 4 named threads and 7 total threads with 1 sets of task threads.
LogStats: Stats thread started at 0.076567
LogInit: Version: 4.12.5-3039270+++UE4+Release-4.12
LogInit: API Version: 2992821
LogInit: Net Version: 3039270
LogDevObjectVersion: Number of dev versions registered: 13
LogDevObjectVersion:   Dev-Blueprints (B0D832E4-1F89-4F0D-ACCF-7EB736FD4AA2): 3
LogDevObjectVersion:   Dev-Build (E1C64328-A22C-4D53-A36C-8E866417BD8C): 0
LogDevObjectVersion:   Dev-Core (375EC13C-06E4-48FB-B500-84F0262A717E): 1
LogDevObjectVersion:   Dev-Editor (E4B068ED-F494-42E9-A231-DA0B2E46BB41): 2
LogDevObjectVersion:   Dev-Framework (CFFC743F-43B0-4480-9391-14DF171D2073): 6
LogDevObjectVersion:   Dev-Mobile (B02B49B5-BB20-44E9-A304-32B752E40360): 0
LogDevObjectVersion:   Dev-Networking (A4E4105C-59A1-49B5-A7C5-40C4547EDFEE): 0
LogDevObjectVersion:   Dev-Online (39C831C9-5AE6-47DC-9A44-9C173E1C8E7C): 0
LogDevObjectVersion:   Dev-Physics (78F01B33-EBEA-4F98-B9B4-84EACCB95AA2): 0
LogDevObjectVersion:   Dev-Platform (6631380F-2D4D-43E0-8009-CF276956A95A): 0
LogDevObjectVersion:   Dev-Rendering (12F88B9F-8875-4AFC-A67C-D90C383ABD29): 2
LogDevObjectVersion:   Dev-Sequencer (7B5AE74C-D270-4C10-A958-57980B212A5A): 0
LogDevObjectVersion:   Dev-VR (D7296918-1DD6-4BDD-9DE2-64A83CC13884): 0
LogInit: Compiled (64-bit): Jul  6 2016 09:09:46
LogInit: Compiled with Visual C++: 19.00.23026.00
LogInit: Build Configuration: Development
LogInit: Branch Name: ++UE4+Release-4.12
LogInit: Command line: 
LogInit: Base directory: C:/Program Files/Epic Games/4.12/Engine/Binaries/Win64/
LogInit: Installed Engine Build: 1
LogInit: Using libcurl 7.41.0
LogInit:  - built for x86_64-pc-win32
LogInit:  - supports SSL with WinSSL
LogInit:  - other features:
LogInit:      CURL_VERSION_SSL
LogInit:      CURL_VERSION_IPV6
LogInit:      CURL_VERSION_ASYNCHDNS
LogInit:      CURL_VERSION_LARGEFILE
LogInit:      CURL_VERSION_IDN
LogInit:  CurlRequestOptions (configurable via config and command line):
LogInit:  - bVerifyPeer = true  - Libcurl will verify peer certificate
LogInit:  - bUseHttpProxy = false  - Libcurl will NOT use HTTP proxy
LogInit:  - bDontReuseConnections = false  - Libcurl will reuse connections
LogInit:  - CertBundlePath = nullptr  - Libcurl will use whatever was configured at build time.
LogInit: Presizing for max 8388607 objects, including 0 objects not considered by GC, pre-allocating 0 bytes for permanent pool.
LogInit: Object subsystem initialized
[2017.03.10-21.50.38:570][  0]LogInit: Selected Device Profile: [Windows]
[2017.03.10-21.50.38:570][  0]LogInit: Applying CVar settings loaded from the selected device profile: [Windows]
[2017.03.10-21.50.38:649][  0]LogInit: Computer: RIGG016
[2017.03.10-21.50.38:649][  0]LogInit: User: B3030113
[2017.03.10-21.50.38:649][  0]LogInit: CPU Page size=65536, Cores=4
[2017.03.10-21.50.38:649][  0]LogInit: High frequency timer resolution =2.734395 MHz
[2017.03.10-21.50.38:649][  0]LogMemory: Memory total: Physical=8.0GB (8GB approx)
[2017.03.10-21.50.38:649][  0]LogMemory: Platform Memory Stats for Windows
[2017.03.10-21.50.38:649][  0]LogMemory: Process Physical Memory: 188.39 MB used, 188.39 MB peak
[2017.03.10-21.50.38:649][  0]LogMemory: Process Virtual Memory: 195.07 MB used, 195.07 MB peak
[2017.03.10-21.50.38:649][  0]LogMemory: Physical Memory: 3736.38 MB used, 8145.50 MB total
[2017.03.10-21.50.38:649][  0]LogMemory: Virtual Memory: 536.59 MB used, 134217728.00 MB total
[2017.03.10-21.50.38:682][  0]LogTextLocalizationManager: No specific translations for ('en-GB') exist, so ('en') translations will be used.
[2017.03.10-21.50.39:108][  0]LogD3D11RHI: D3D11 adapters:
[2017.03.10-21.50.39:127][  0]LogD3D11RHI:    0. 'NVIDIA Quadro 600 ' (Feature Level 11_0)
[2017.03.10-21.50.39:127][  0]LogD3D11RHI:       963/0/4072 MB DedicatedVideo/DedicatedSystem/SharedSystem, Outputs:1, VendorId:0x10de
[2017.03.10-21.50.39:134][  0]LogD3D11RHI:    1. 'Microsoft Basic Render Driver' (Feature Level 11_0)
[2017.03.10-21.50.39:134][  0]LogD3D11RHI:       0/0/256 MB DedicatedVideo/DedicatedSystem/SharedSystem, Outputs:0, VendorId:0x1414
[2017.03.10-21.50.39:134][  0]LogD3D11RHI: Chosen D3D11 Adapter: 0
[2017.03.10-21.50.39:138][  0]LogD3D11RHI: Creating new Direct3DDevice
[2017.03.10-21.50.39:138][  0]LogD3D11RHI:     GPU DeviceId: 0xdf8 (for the marketing name, search the web for "GPU Device Id")
[2017.03.10-21.50.39:138][  0]LogWindows: EnumDisplayDevices:
[2017.03.10-21.50.39:138][  0]LogWindows:    0. 'NVIDIA Quadro 600 ' (P:1 D:1)
[2017.03.10-21.50.39:138][  0]LogWindows:    1. 'NVIDIA Quadro 600 ' (P:0 D:0)
[2017.03.10-21.50.39:139][  0]LogWindows: DebugString: FoundDriverCount:2 
[2017.03.10-21.50.39:139][  0]LogD3D11RHI:     Adapter Name: NVIDIA Quadro 600 
[2017.03.10-21.50.39:139][  0]LogD3D11RHI:   Driver Version: 362.84 (internal:10.18.13.6284, unified:362.84)
[2017.03.10-21.50.39:139][  0]LogD3D11RHI:      Driver Date: 6-26-2016
[2017.03.10-21.50.39:139][  0]LogRHI: Texture pool is 674 MB (70% of 963 MB)
[2017.03.10-21.50.39:147][  0]LogD3D11RHI: Async texture creation enabled
[2017.03.10-21.50.39:165][  0]LogD3D11RHI: GPU Timing Frequency: 1000.000000 (Debug: 2 2)
[2017.03.10-21.50.39:165][  0]LogShaderCompilers: Guid format shader working directory is -12 characters bigger than the processId version (E:/Unreal Engine Projects/DissertationLevel/DissertationLevel/Intermediate/Shaders/WorkingDirectory/7868/).
[2017.03.10-21.50.39:165][  0]LogShaderCompilers: Cleaned the shader compiler working directory 'C:/Users/B3030113/AppData/Local/Temp/UnrealShaderWorkingDir/FB0EA9114B50ABDCF732BEB8A9D68A08/'.
[2017.03.10-21.50.39:165][  0]LogShaderCompilers:Display: Using Local Shader Compiler.
[2017.03.10-21.50.40:311][  0]LogTemp:Display: Loaded TP AllDesktopTargetPlatform
[2017.03.10-21.50.40:326][  0]LogTemp:Display: Loaded TP WindowsClientTargetPlatform
[2017.03.10-21.50.40:339][  0]LogTemp:Display: Loaded TP WindowsNoEditorTargetPlatform
[2017.03.10-21.50.40:353][  0]LogTemp:Display: Loaded TP WindowsServerTargetPlatform
[2017.03.10-21.50.40:366][  0]LogTemp:Display: Loaded TP WindowsTargetPlatform
[2017.03.10-21.50.40:380][  0]LogTemp:Display: Loaded TP AndroidTargetPlatform
[2017.03.10-21.50.40:392][  0]LogTemp:Display: Loaded TP Android_ASTCTargetPlatform
[2017.03.10-21.50.40:404][  0]LogTemp:Display: Loaded TP Android_ATCTargetPlatform
[2017.03.10-21.50.40:418][  0]LogTemp:Display: Loaded TP Android_DXTTargetPlatform
[2017.03.10-21.50.40:430][  0]LogTemp:Display: Loaded TP Android_ETC1TargetPlatform
[2017.03.10-21.50.40:443][  0]LogTemp:Display: Loaded TP Android_ETC2TargetPlatform
[2017.03.10-21.50.40:469][  0]LogTemp:Display: Loaded TP Android_MultiTargetPlatform
[2017.03.10-21.50.40:469][  0]LogTemp:Display: Loaded TP Android_PVRTCTargetPlatform
[2017.03.10-21.50.40:470][  0]LogTemp:Display: Loaded TP HTML5TargetPlatform
[2017.03.10-21.50.40:497][  0]LogTemp:Display: Loaded TP IOSTargetPlatform
[2017.03.10-21.50.40:508][  0]LogTemp:Display: Loaded TP TVOSTargetPlatform
[2017.03.10-21.50.40:520][  0]LogTemp:Display: Loaded TP LinuxNoEditorTargetPlatform
[2017.03.10-21.50.40:534][  0]LogTemp:Display: Loaded TP LinuxServerTargetPlatform
[2017.03.10-21.50.40:548][  0]LogTemp:Display: Loaded TP LinuxTargetPlatform
[2017.03.10-21.50.40:548][  0]LogTargetPlatformManager:Display: Building Assets For Windows
[2017.03.10-21.50.40:631][  0]LogDerivedDataCache:Display: Max Cache Size: 512 MB
[2017.03.10-21.50.40:690][  0]LogDerivedDataCache: Loaded boot cache 0.06s 50MB C:/Users/B3030113/AppData/Local/UnrealEngine/4.12/DerivedDataCache/Boot.ddc.
[2017.03.10-21.50.40:690][  0]LogDerivedDataCache:Display: Loaded Boot cache: C:/Users/B3030113/AppData/Local/UnrealEngine/4.12/DerivedDataCache/Boot.ddc
[2017.03.10-21.50.40:691][  0]LogDerivedDataCache: FDerivedDataBackendGraph:  Pak pak cache file E:/Unreal Engine Projects/DissertationLevel/DissertationLevel/DerivedDataCache/DDC.ddp not found, will not use a pak cache.
[2017.03.10-21.50.40:691][  0]LogDerivedDataCache: Unable to find inner node Pak for hierarchical cache Hierarchy.
[2017.03.10-21.50.40:691][  0]LogDerivedDataCache: FDerivedDataBackendGraph:  CompressedPak pak cache file E:/Unreal Engine Projects/DissertationLevel/DissertationLevel/DerivedDataCache/Compressed.ddp not found, will not use a pak cache.
[2017.03.10-21.50.40:691][  0]LogDerivedDataCache: Unable to find inner node CompressedPak for hierarchical cache Hierarchy.
[2017.03.10-21.50.40:711][  0]LogDerivedDataCache:Display: Pak cache opened for reading ../../../Engine/DerivedDataCache/Compressed.ddp.
[2017.03.10-21.50.40:723][  0]LogDerivedDataCache: Using Local data cache path C:/Users/B3030113/AppData/Local/UnrealEngine/Common/DerivedDataCache: Writable
[2017.03.10-21.50.41:061][  0]LogInit: Selected Device Profile: [Windows]
[2017.03.10-21.50.41:062][  0]LogContentStreaming: Texture pool size is 0.00 MB
[2017.03.10-21.50.41:319][  0]LogMeshUtilities: No automatic mesh reduction module available
[2017.03.10-21.50.41:319][  0]LogMeshUtilities: No automatic mesh merging module available
[2017.03.10-21.50.41:319][  0]LogMeshUtilities: No distributed automatic mesh merging module available
[2017.03.10-21.50.41:585][  0]LogAssetRegistry: FAssetRegistry took 0.0218 seconds to start up
[2017.03.10-21.50.46:027][  0]LogPackageLocalizationCache: Processed 3 localized package path(s) for 2 prioritized culture(s) in 4.438816 seconds
[2017.03.10-21.50.46:032][  0]LogUObjectArray: 28739 objects as part of root set at end of initial load.
[2017.03.10-21.50.46:032][  0]LogUObjectAllocator: 5855624 out of 0 bytes used by permanent object pool.
[2017.03.10-21.50.46:032][  0]LogUObjectArray: CloseDisregardForGC: 0/0 objects in disregard for GC pool
[2017.03.10-21.50.46:039][  0]LogInit: WinSock: version 1.1 (2.2), MaxSocks=32767, MaxUdp=65467
[2017.03.10-21.50.46:236][  0]LogSlate: SlateFontCache - WITH_FREETYPE: 1, WITH_HARFBUZZ: 1
[2017.03.10-21.50.46:236][  0]LogSlate: SlateFontCache - WITH_FREETYPE: 1, WITH_HARFBUZZ: 1
[2017.03.10-21.50.47:095][  0]LogUdpMessaging: Initializing bridge on interface 0.0.0.0:0 to multicast group 230.0.0.1:6666.
[2017.03.10-21.50.48:291][  0]SourceControl: Info Source control is disabled
[2017.03.10-21.50.48:321][  0]SourceControl: Info Source control is disabled
[2017.03.10-21.50.48:332][  0]SourceControl: Info Source control is disabled
[2017.03.10-21.50.48:341][  0]SourceControl: Info Source control is disabled
[2017.03.10-21.50.48:539][  0]LogEngine: Initializing Engine...
[2017.03.10-21.50.48:540][  0]LogHMD: SteamVR failed to initialize.  Err: 110
[2017.03.10-21.50.48:540][  0]LogHMD: SteamVR failed to initialize.  Err: 110
[2017.03.10-21.50.48:682][  0]LogAIModule: Creating AISystem for world NewWorld
[2017.03.10-21.50.48:687][  0]LogInit: XAudio2 using 'Speakers (Realtek High Definition Audio)' : 2 channels at 48 kHz using 32 bits per sample (channel mask 0x3)
[2017.03.10-21.50.48:704][  0]LogInit: FAudioDevice initialized.
[2017.03.10-21.50.48:734][  0]LogDerivedDataCache: Saved boot cache 0.03s 50MB C:/Users/B3030113/AppData/Local/UnrealEngine/4.12/DerivedDataCache/Boot.ddc.
[2017.03.10-21.50.48:746][  0]LogInit: Texture streaming: Enabled
[2017.03.10-21.50.48:766][  0]LogInit: Transaction tracking system initialized
[2017.03.10-21.50.48:787][  0]BlueprintLog: New page: Editor Load
[2017.03.10-21.50.48:954][  0]LocalizationService: Info Localization service is disabled
[2017.03.10-21.50.49:211][  0]LogConsoleResponse:Display: 
[2017.03.10-21.50.49:324][  0]LogCook:Display: Max memory allowance for cook 8192mb
[2017.03.10-21.50.49:324][  0]LogCook:Display: Mobile HDR setting 1
[2017.03.10-21.50.49:419][  0]LogFileCache: Scanning file cache for directory 'E:/Unreal Engine Projects/DissertationLevel/DissertationLevel/Content/' took 0.03s
[2017.03.10-21.50.49:419][  0]SourceControl: Info Source control is disabled
[2017.03.10-21.50.49:419][  0]Cmd: MAP LOAD FILE="E:/Unreal Engine Projects/DissertationLevel/DissertationLevel/Content/ThirdPersonCPP/Maps/ThirdPersonExampleMap.umap" TEMPLATE=0 SHOWPROGRESS=1 FEATURELEVEL=3
[2017.03.10-21.50.49:436][  0]LightingResults: New page: Lighting Build
[2017.03.10-21.50.49:439][  0]MapCheck: New page: Map Check
[2017.03.10-21.50.49:439][  0]LightingResults: New page: Lighting Build
[2017.03.10-21.50.49:795][  0]LogAIModule: Creating AISystem for world ThirdPersonExampleMap
[2017.03.10-21.50.49:810][  0]LogEditorServer: Finished looking for orphan Actors (0.000 secs)
[2017.03.10-21.50.49:810][  0]Cmd: MAP CHECKDEP NOCLEARLOG
[2017.03.10-21.50.49:950][  0]MapCheck: Info Map check complete: 0 Error(s), 0 Warning(s), took 139.943ms to complete.
[2017.03.10-21.50.49:950][  0]LogFileHelpers: Loading map 'ThirdPersonExampleMap' took 0.532
[2017.03.10-21.50.50:187][  0]LogCollectionManager: Loaded 0 collections in 0.002333 seconds
[2017.03.10-21.50.50:234][  0]LogFileCache: Scanning file cache for directory 'E:/Unreal Engine Projects/DissertationLevel/DissertationLevel/Saved/Collections/' took 0.01s
[2017.03.10-21.50.50:234][  0]LogFileCache: Scanning file cache for directory 'E:/Unreal Engine Projects/DissertationLevel/DissertationLevel/Content/Developers/B3030113/Collections/' took 0.01s
[2017.03.10-21.50.50:234][  0]LogFileCache: Scanning file cache for directory 'E:/Unreal Engine Projects/DissertationLevel/DissertationLevel/Content/Collections/' took 0.01s
[2017.03.10-21.50.50:234][  0]LogCollectionManager: Rebuilt the GUID cache for 0 collections in 0.000003 seconds
[2017.03.10-21.50.50:269][  0]LogContentBrowser: Native class hierarchy populated in 0.0353 seconds. Added 2068 classes and 376 folders.
[2017.03.10-21.50.50:273][  0]LogStats: UGameplayTagsManager::ConstructGameplayTagTree: Construct from data asset -  0.000 s
[2017.03.10-21.50.50:273][  0]LogStats: UGameplayTagsManager::ConstructGameplayTagTree: GameplayTagTreeChangedEvent.Broadcast -  0.000 s
[2017.03.10-21.50.50:301][  0]LogContentBrowser: Native class hierarchy updated for 'GameplayTags' in 0.0284 seconds. Added 12 classes and 0 folders.
[2017.03.10-21.50.50:331][  0]LogContentBrowser: Native class hierarchy updated for 'WidgetCarousel' in 0.0267 seconds. Added 0 classes and 0 folders.
[2017.03.10-21.50.50:746][  0]LogContentBrowser: Native class hierarchy updated for 'AddContentDialog' in 0.0191 seconds. Added 0 classes and 0 folders.
[2017.03.10-21.50.50:768][  0]LogContentBrowser: Native class hierarchy updated for 'SceneOutliner' in 0.0190 seconds. Added 1 classes and 2 folders.
[2017.03.10-21.50.50:783][  0]LogCrashTracker: Crashtracker disabled due to settings.
[2017.03.10-21.50.50:787][  0]LogUObjectGlobals:Warning: Failed to find object 'Class None.'
[2017.03.10-21.50.50:831][  0]LogContentBrowser: Native class hierarchy updated for 'HierarchicalLODOutliner' in 0.0192 seconds. Added 1 classes and 2 folders.
[2017.03.10-21.50.50:832][  0]LogLoad: Full Startup: 14.11 seconds (BP compile: 0.08 seconds)
[2017.03.10-21.50.50:832][  0]LogExternalProfiler: Found external profiler: VSPerf
[2017.03.10-21.50.50:832][  0]LogExternalProfiler: Using external profiler: VSPerf
[2017.03.10-21.50.51:171][  0]LogOcInput: OculusInput pre-init called
[2017.03.10-21.50.51:188][  0]LogContentStreaming: Texture pool size now 200 MB
[2017.03.10-21.50.51:436][  0]LogRenderer: Reallocating scene render targets to support 1208x576 (Frame:2).
[2017.03.10-21.50.51:544][  1]LogActor:Warning: WinningLocation_BP_C /Engine/Transient.World_1:PersistentLevel.WinningLocation_BP_C_0 has natively added scene component(s), but none of them were set as the actor's RootComponent - picking one arbitrarily
[2017.03.10-21.50.51:569][  1]LogAssetRegistry: Asset discovery search completed in 10.0056 seconds
[2017.03.10-21.50.51:569][  1]LogCollectionManager: Rebuilt the object cache for 0 collections in 0.000001 seconds (found 0 objects)
[2017.03.10-21.50.51:569][  1]LogCollectionManager: Fixed up redirectors for 0 collections in 0.000026 seconds (updated 0 objects)
[2017.03.10-21.50.59:099][ 87]Recompiling DissertationLevel...
[2017.03.10-21.50.59:102][ 87]Launching UnrealBuildTool... [C:/Program Files/Epic Games/4.12/Engine/Binaries/DotNET/UnrealBuildTool.exe DissertationLevel -ModuleWithSuffix DissertationLevel 2160 Win64 Development -editorrecompile -canskiplink "E:/Unreal Engine Projects/DissertationLevel/DissertationLevel/DissertationLevel.uproject"  -2015]
[2017.03.10-21.50.59:103][ 87]Warning: Starting HotReload took  0.0s.
[2017.03.10-21.52.53:223][ 95]CompilerResultsLog: New page: Compilation - 10 Mar 2017 21:52:53
[2017.03.10-21.52.53:224][ 95]CompilerResultsLog: Info Creating makefile for hot reloading DissertationLevel (working set of source files changed)
[2017.03.10-21.52.53:224][ 95]CompilerResultsLog: Info Compiling game modules for hot reload
[2017.03.10-21.52.53:224][ 95]CompilerResultsLog: Info Performing 2 actions (4 in parallel)
[2017.03.10-21.52.53:224][ 95]CompilerResultsLog: Info EnemyAIController.cpp
[2017.03.10-21.52.53:224][ 95]CompilerResultsLog: Info [2/2] Link UE4Editor-DissertationLevel-2160.dll
[2017.03.10-21.52.53:224][ 95]CompilerResultsLog: Info    Creating library E:\Unreal Engine Projects\DissertationLevel\DissertationLevel\Intermediate\Build\Win64\UE4Editor\Development\UE4Editor-DissertationLevel-2160.lib and object E:\Unreal Engine Projects\DissertationLevel\DissertationLevel\Intermediate\Build\Win64\UE4Editor\Development\UE4Editor-DissertationLevel-2160.exp
[2017.03.10-21.52.53:224][ 95]CompilerResultsLog: Info Total build time: 113.97 seconds
[2017.03.10-21.52.53:224][ 95]LogMainFrame: MainFrame: Module compiling took 114.128 seconds
[2017.03.10-21.52.53:292][ 95]LogClass: EPlayState HotReload.
[2017.03.10-21.52.53:332][ 95]LogContentBrowser: Native class hierarchy updated for 'DissertationLevel' in 0.0341 seconds. Added 14 classes and 5 folders.
[2017.03.10-21.52.53:334][ 95]Warning: HotReload successful (4 functions remapped  0 scriptstructs remapped)
[2017.03.10-21.52.53:458][ 95]LogContentBrowser: Native class hierarchy populated in 0.0422 seconds. Added 2070 classes and 380 folders.
[2017.03.10-21.52.53:458][ 95]Warning: HotReload took 114.4s.
[2017.03.10-21.53.18:245][854]Recompiling DissertationLevel...
[2017.03.10-21.53.18:247][854]Launching UnrealBuildTool... [C:/Program Files/Epic Games/4.12/Engine/Binaries/DotNET/UnrealBuildTool.exe DissertationLevel -ModuleWithSuffix DissertationLevel 9391 Win64 Development -editorrecompile -canskiplink "E:/Unreal Engine Projects/DissertationLevel/DissertationLevel/DissertationLevel.uproject"  -2015]
[2017.03.10-21.53.18:248][854]Warning: Starting HotReload took  0.0s.
[2017.03.10-21.53.21:808][177]CompilerResultsLog: New page: Compilation - 10 Mar 2017 21:53:21
[2017.03.10-21.53.21:808][177]CompilerResultsLog: Info Compiling game modules for hot reload
[2017.03.10-21.53.21:808][177]CompilerResultsLog: Info Target is up to date
[2017.03.10-21.53.21:808][177]LogMainFrame: MainFrame: Module compiling took 3.565 seconds
[2017.03.10-21.53.21:867][177]LogContentBrowser: Native class hierarchy populated in 0.0400 seconds. Added 2070 classes and 380 folders.
[2017.03.10-21.53.21:867][177]Warning: HotReload took  3.6s.
[2017.03.10-21.53.29:846][959]LogBlueprintUserMessages: Early PlayInEditor Detection: Level '/Game/ThirdPersonCPP/Maps/ThirdPersonExampleMap.ThirdPersonExampleMap:PersistentLevel' has LevelScriptBlueprint '/Game/ThirdPersonCPP/Maps/ThirdPersonExampleMap.ThirdPersonExampleMap:PersistentLevel.ThirdPersonExampleMap' with GeneratedClass '/Game/ThirdPersonCPP/Maps/ThirdPersonExampleMap.ThirdPersonExampleMap_C' with ClassGeneratedBy '/Game/ThirdPersonCPP/Maps/ThirdPersonExampleMap.ThirdPersonExampleMap:PersistentLevel.ThirdPersonExampleMap'
[2017.03.10-21.53.29:846][959]LogPlayLevel: PlayLevel: No blueprints needed recompiling
[2017.03.10-21.53.29:846][959]PIE: New page: PIE session: ThirdPersonExampleMap (10 Mar 2017 21:53:29)
[2017.03.10-21.53.29:846][959]LogPlayLevel: Creating play world package: /Game/ThirdPersonCPP/Maps/UEDPIE_0_ThirdPersonExampleMap
[2017.03.10-21.53.29:876][959]LogPlayLevel: PIE: StaticDuplicateObject took: (0.030581s)
[2017.03.10-21.53.29:878][959]LogAIModule: Creating AISystem for world ThirdPersonExampleMap
[2017.03.10-21.53.29:878][959]LogPlayLevel: PIE: World Init took: (0.001706s)
[2017.03.10-21.53.29:878][959]LogPlayLevel: PIE: Created PIE world by copying editor world from /Game/ThirdPersonCPP/Maps/ThirdPersonExampleMap.ThirdPersonExampleMap to /Game/ThirdPersonCPP/Maps/UEDPIE_0_ThirdPersonExampleMap.ThirdPersonExampleMap (0.032713s)
[2017.03.10-21.53.29:902][959]LogInit: XAudio2 using 'Speakers (Realtek High Definition Audio)' : 2 channels at 48 kHz using 32 bits per sample (channel mask 0x3)
[2017.03.10-21.53.29:911][959]LogInit: FAudioDevice initialized.
[2017.03.10-21.53.29:988][959]LogWorld: Game class is 'DissertationLevelGameMode'
[2017.03.10-21.53.30:050][959]LogWorld: Bringing World /Game/ThirdPersonCPP/Maps/UEDPIE_0_ThirdPersonExampleMap.ThirdPersonExampleMap up for play (max tick rate 0) at 2017.03.10-21.53.30
[2017.03.10-21.53.30:058][959]LogWorld: Bringing up level for play took: 0.067930
[2017.03.10-21.53.30:100][959]LogContentBrowser: Native class hierarchy updated for 'MovieSceneCapture' in 0.0259 seconds. Added 11 classes and 0 folders.
[2017.03.10-21.53.30:101][959]LogActor:Warning: WorldObject /Game/ThirdPersonCPP/Maps/UEDPIE_0_ThirdPersonExampleMap.ThirdPersonExampleMap:PersistentLevel.WorldObject_0 has natively added scene component(s), but none of them were set as the actor's RootComponent - picking one arbitrarily
[2017.03.10-21.53.30:102][959]LogActor:Warning: WorldObject /Game/ThirdPersonCPP/Maps/UEDPIE_0_ThirdPersonExampleMap.ThirdPersonExampleMap:PersistentLevel.WorldObject_1 has natively added scene component(s), but none of them were set as the actor's RootComponent - picking one arbitrarily
[2017.03.10-21.53.30:104][959]LogActor:Warning: WorldObject /Game/ThirdPersonCPP/Maps/UEDPIE_0_ThirdPersonExampleMap.ThirdPersonExampleMap:PersistentLevel.WorldObject_2 has natively added scene component(s), but none of them were set as the actor's RootComponent - picking one arbitrarily
[2017.03.10-21.53.30:105][959]LogActor:Warning: WorldObject /Game/ThirdPersonCPP/Maps/UEDPIE_0_ThirdPersonExampleMap.ThirdPersonExampleMap:PersistentLevel.WorldObject_3 has natively added scene component(s), but none of them were set as the actor's RootComponent - picking one arbitrarily
[2017.03.10-21.53.30:106][959]LogActor:Warning: WorldObject /Game/ThirdPersonCPP/Maps/UEDPIE_0_ThirdPersonExampleMap.ThirdPersonExampleMap:PersistentLevel.WorldObject_4 has natively added scene component(s), but none of them were set as the actor's RootComponent - picking one arbitrarily
[2017.03.10-21.53.30:106][959]LogActor:Warning: WorldObject /Game/ThirdPersonCPP/Maps/UEDPIE_0_ThirdPersonExampleMap.ThirdPersonExampleMap:PersistentLevel.WorldObject_5 has natively added scene component(s), but none of them were set as the actor's RootComponent - picking one arbitrarily
[2017.03.10-21.53.30:107][959]LogActor:Warning: WorldObject /Game/ThirdPersonCPP/Maps/UEDPIE_0_ThirdPersonExampleMap.ThirdPersonExampleMap:PersistentLevel.WorldObject_6 has natively added scene component(s), but none of them were set as the actor's RootComponent - picking one arbitrarily
[2017.03.10-21.53.30:108][959]LogActor:Warning: WorldObject /Game/ThirdPersonCPP/Maps/UEDPIE_0_ThirdPersonExampleMap.ThirdPersonExampleMap:PersistentLevel.WorldObject_7 has natively added scene component(s), but none of them were set as the actor's RootComponent - picking one arbitrarily
[2017.03.10-21.53.30:109][959]LogActor:Warning: WorldObject /Game/ThirdPersonCPP/Maps/UEDPIE_0_ThirdPersonExampleMap.ThirdPersonExampleMap:PersistentLevel.WorldObject_8 has natively added scene component(s), but none of them were set as the actor's RootComponent - picking one arbitrarily
[2017.03.10-21.53.30:109][959]LogActor:Warning: WorldObject /Game/ThirdPersonCPP/Maps/UEDPIE_0_ThirdPersonExampleMap.ThirdPersonExampleMap:PersistentLevel.WorldObject_9 has natively added scene component(s), but none of them