Log file open, 03/09/17 02:39:38
LogInit:Display: Running engine for game: DissertationLevel
LogPlatformFile: Not using cached read wrapper
LogInit:Display: RandInit(1620579052) SRandInit(1620579053).
LogTaskGraph: Started task graph with 4 named threads and 7 total threads with 1 sets of task threads.
LogStats: Stats thread started at 0.070696
LogInit: Version: 4.12.5-3039270+++UE4+Release-4.12
LogInit: API Version: 2992821
LogInit: Net Version: 3039270
LogDevObjectVersion: Number of dev versions registered: 13
LogDevObjectVersion:   Dev-Blueprints (B0D832E4-1F89-4F0D-ACCF-7EB736FD4AA2): 3
LogDevObjectVersion:   Dev-Build (E1C64328-A22C-4D53-A36C-8E866417BD8C): 0
LogDevObjectVersion:   Dev-Core (375EC13C-06E4-48FB-B500-84F0262A717E): 1
LogDevObjectVersion:   Dev-Editor (E4B068ED-F494-42E9-A231-DA0B2E46BB41): 2
LogDevObjectVersion:   Dev-Framework (CFFC743F-43B0-4480-9391-14DF171D2073): 6
LogDevObjectVersion:   Dev-Mobile (B02B49B5-BB20-44E9-A304-32B752E40360): 0
LogDevObjectVersion:   Dev-Networking (A4E4105C-59A1-49B5-A7C5-40C4547EDFEE): 0
LogDevObjectVersion:   Dev-Online (39C831C9-5AE6-47DC-9A44-9C173E1C8E7C): 0
LogDevObjectVersion:   Dev-Physics (78F01B33-EBEA-4F98-B9B4-84EACCB95AA2): 0
LogDevObjectVersion:   Dev-Platform (6631380F-2D4D-43E0-8009-CF276956A95A): 0
LogDevObjectVersion:   Dev-Rendering (12F88B9F-8875-4AFC-A67C-D90C383ABD29): 2
LogDevObjectVersion:   Dev-Sequencer (7B5AE74C-D270-4C10-A958-57980B212A5A): 0
LogDevObjectVersion:   Dev-VR (D7296918-1DD6-4BDD-9DE2-64A83CC13884): 0
LogInit: Compiled (64-bit): Jul  6 2016 09:09:46
LogInit: Compiled with Visual C++: 19.00.23026.00
LogInit: Build Configuration: Development
LogInit: Branch Name: ++UE4+Release-4.12
LogInit: Command line: 
LogInit: Base directory: C:/Program Files/Epic Games/4.12/Engine/Binaries/Win64/
LogInit: Installed Engine Build: 1
LogInit: Using libcurl 7.41.0
LogInit:  - built for x86_64-pc-win32
LogInit:  - supports SSL with WinSSL
LogInit:  - other features:
LogInit:      CURL_VERSION_SSL
LogInit:      CURL_VERSION_IPV6
LogInit:      CURL_VERSION_ASYNCHDNS
LogInit:      CURL_VERSION_LARGEFILE
LogInit:      CURL_VERSION_IDN
LogInit:  CurlRequestOptions (configurable via config and command line):
LogInit:  - bVerifyPeer = true  - Libcurl will verify peer certificate
LogInit:  - bUseHttpProxy = false  - Libcurl will NOT use HTTP proxy
LogInit:  - bDontReuseConnections = false  - Libcurl will reuse connections
LogInit:  - CertBundlePath = nullptr  - Libcurl will use whatever was configured at build time.
LogInit: Presizing for max 8388607 objects, including 0 objects not considered by GC, pre-allocating 0 bytes for permanent pool.
LogInit: Object subsystem initialized
[2017.03.09-02.39.39:086][  0]LogInit: Selected Device Profile: [Windows]
[2017.03.09-02.39.39:086][  0]LogInit: Applying CVar settings loaded from the selected device profile: [Windows]
[2017.03.09-02.39.39:207][  0]LogInit: Computer: RIGG001
[2017.03.09-02.39.39:207][  0]LogInit: User: b3030113
[2017.03.09-02.39.39:207][  0]LogInit: CPU Page size=65536, Cores=4
[2017.03.09-02.39.39:207][  0]LogInit: High frequency timer resolution =3.312791 MHz
[2017.03.09-02.39.39:207][  0]LogMemory: Memory total: Physical=8.0GB (8GB approx)
[2017.03.09-02.39.39:207][  0]LogMemory: Platform Memory Stats for Windows
[2017.03.09-02.39.39:207][  0]LogMemory: Process Physical Memory: 188.39 MB used, 188.39 MB peak
[2017.03.09-02.39.39:207][  0]LogMemory: Process Virtual Memory: 195.08 MB used, 195.08 MB peak
[2017.03.09-02.39.39:207][  0]LogMemory: Physical Memory: 6361.03 MB used, 8142.59 MB total
[2017.03.09-02.39.39:207][  0]LogMemory: Virtual Memory: 536.59 MB used, 134217728.00 MB total
[2017.03.09-02.39.39:252][  0]LogTextLocalizationManager: No specific translations for ('en-GB') exist, so ('en') translations will be used.
[2017.03.09-02.39.39:673][  0]LogD3D11RHI: D3D11 adapters:
[2017.03.09-02.39.39:689][  0]LogD3D11RHI:    0. 'NVIDIA GeForce GT 610  ' (Feature Level 11_0)
[2017.03.09-02.39.39:689][  0]LogD3D11RHI:       973/0/3071 MB DedicatedVideo/DedicatedSystem/SharedSystem, Outputs:1, VendorId:0x10de
[2017.03.09-02.39.39:701][  0]LogD3D11RHI:    1. 'Microsoft Basic Render Driver' (Feature Level 11_0)
[2017.03.09-02.39.39:701][  0]LogD3D11RHI:       0/0/256 MB DedicatedVideo/DedicatedSystem/SharedSystem, Outputs:0, VendorId:0x1414
[2017.03.09-02.39.39:701][  0]LogD3D11RHI: Chosen D3D11 Adapter: 0
[2017.03.09-02.39.39:705][  0]LogD3D11RHI: Creating new Direct3DDevice
[2017.03.09-02.39.39:705][  0]LogD3D11RHI:     GPU DeviceId: 0x104a (for the marketing name, search the web for "GPU Device Id")
[2017.03.09-02.39.39:705][  0]LogWindows: EnumDisplayDevices:
[2017.03.09-02.39.39:705][  0]LogWindows:    0. 'NVIDIA GeForce GT 610  ' (P:1 D:1)
[2017.03.09-02.39.39:705][  0]LogWindows:    1. 'NVIDIA GeForce GT 610  ' (P:0 D:0)
[2017.03.09-02.39.39:706][  0]LogWindows: DebugString: FoundDriverCount:2 
[2017.03.09-02.39.39:706][  0]LogD3D11RHI:     Adapter Name: NVIDIA GeForce GT 610  
[2017.03.09-02.39.39:706][  0]LogD3D11RHI:   Driver Version: 362.84 (internal:10.18.13.6284, unified:362.84)
[2017.03.09-02.39.39:706][  0]LogD3D11RHI:      Driver Date: 6-26-2016
[2017.03.09-02.39.39:706][  0]LogRHI: Texture pool is 681 MB (70% of 973 MB)
[2017.03.09-02.39.39:714][  0]LogD3D11RHI: Async texture creation enabled
[2017.03.09-02.39.39:731][  0]LogD3D11RHI: GPU Timing Frequency: 1000.000000 (Debug: 2 2)
[2017.03.09-02.39.39:731][  0]LogShaderCompilers: Guid format shader working directory is -12 characters bigger than the processId version (D:/Unreal Engine Projects/DissertationLevel/DissertationLevel/Intermediate/Shaders/WorkingDirectory/8116/).
[2017.03.09-02.39.39:731][  0]LogShaderCompilers: Cleaned the shader compiler working directory 'C:/Users/b3030113/AppData/Local/Temp/UnrealShaderWorkingDir/EC23744944E73689E34229B3E21B487E/'.
[2017.03.09-02.39.39:731][  0]LogShaderCompilers:Display: Using Local Shader Compiler.
[2017.03.09-02.39.40:662][  0]LogTemp:Display: Loaded TP AllDesktopTargetPlatform
[2017.03.09-02.39.40:674][  0]LogTemp:Display: Loaded TP WindowsClientTargetPlatform
[2017.03.09-02.39.40:687][  0]LogTemp:Display: Loaded TP WindowsNoEditorTargetPlatform
[2017.03.09-02.39.40:702][  0]LogTemp:Display: Loaded TP WindowsServerTargetPlatform
[2017.03.09-02.39.40:715][  0]LogTemp:Display: Loaded TP WindowsTargetPlatform
[2017.03.09-02.39.40:730][  0]LogTemp:Display: Loaded TP AndroidTargetPlatform
[2017.03.09-02.39.40:742][  0]LogTemp:Display: Loaded TP Android_ASTCTargetPlatform
[2017.03.09-02.39.40:753][  0]LogTemp:Display: Loaded TP Android_ATCTargetPlatform
[2017.03.09-02.39.40:764][  0]LogTemp:Display: Loaded TP Android_DXTTargetPlatform
[2017.03.09-02.39.40:776][  0]LogTemp:Display: Loaded TP Android_ETC1TargetPlatform
[2017.03.09-02.39.40:790][  0]LogTemp:Display: Loaded TP Android_ETC2TargetPlatform
[2017.03.09-02.39.40:812][  0]LogTemp:Display: Loaded TP Android_MultiTargetPlatform
[2017.03.09-02.39.40:812][  0]LogTemp:Display: Loaded TP Android_PVRTCTargetPlatform
[2017.03.09-02.39.40:813][  0]LogTemp:Display: Loaded TP HTML5TargetPlatform
[2017.03.09-02.39.40:841][  0]LogTemp:Display: Loaded TP IOSTargetPlatform
[2017.03.09-02.39.40:854][  0]LogTemp:Display: Loaded TP TVOSTargetPlatform
[2017.03.09-02.39.40:868][  0]LogTemp:Display: Loaded TP LinuxNoEditorTargetPlatform
[2017.03.09-02.39.40:880][  0]LogTemp:Display: Loaded TP LinuxServerTargetPlatform
[2017.03.09-02.39.40:904][  0]LogTemp:Display: Loaded TP LinuxTargetPlatform
[2017.03.09-02.39.40:904][  0]LogTargetPlatformManager:Display: Building Assets For Windows
[2017.03.09-02.39.40:975][  0]LogDerivedDataCache:Display: Max Cache Size: 512 MB
[2017.03.09-02.39.41:039][  0]LogDerivedDataCache: Loaded boot cache 0.06s 50MB C:/Users/b3030113/AppData/Local/UnrealEngine/4.12/DerivedDataCache/Boot.ddc.
[2017.03.09-02.39.41:039][  0]LogDerivedDataCache:Display: Loaded Boot cache: C:/Users/b3030113/AppData/Local/UnrealEngine/4.12/DerivedDataCache/Boot.ddc
[2017.03.09-02.39.41:039][  0]LogDerivedDataCache: FDerivedDataBackendGraph:  Pak pak cache file D:/Unreal Engine Projects/DissertationLevel/DissertationLevel/DerivedDataCache/DDC.ddp not found, will not use a pak cache.
[2017.03.09-02.39.41:039][  0]LogDerivedDataCache: Unable to find inner node Pak for hierarchical cache Hierarchy.
[2017.03.09-02.39.41:040][  0]LogDerivedDataCache: FDerivedDataBackendGraph:  CompressedPak pak cache file D:/Unreal Engine Projects/DissertationLevel/DissertationLevel/DerivedDataCache/Compressed.ddp not found, will not use a pak cache.
[2017.03.09-02.39.41:040][  0]LogDerivedDataCache: Unable to find inner node CompressedPak for hierarchical cache Hierarchy.
[2017.03.09-02.39.41:056][  0]LogDerivedDataCache:Display: Pak cache opened for reading ../../../Engine/DerivedDataCache/Compressed.ddp.
[2017.03.09-02.39.41:068][  0]LogDerivedDataCache: Using Local data cache path C:/Users/b3030113/AppData/Local/UnrealEngine/Common/DerivedDataCache: Writable
[2017.03.09-02.39.41:419][  0]LogInit: Selected Device Profile: [Windows]
[2017.03.09-02.39.41:419][  0]LogContentStreaming: Texture pool size is 0.00 MB
[2017.03.09-02.39.41:892][  0]LogMeshUtilities: No automatic mesh reduction module available
[2017.03.09-02.39.41:892][  0]LogMeshUtilities: No automatic mesh merging module available
[2017.03.09-02.39.41:892][  0]LogMeshUtilities: No distributed automatic mesh merging module available
[2017.03.09-02.39.42:689][  0]LogAssetRegistry: FAssetRegistry took 0.0218 seconds to start up
[2017.03.09-02.39.46:252][  0]LogPackageLocalizationCache: Processed 3 localized package path(s) for 2 prioritized culture(s) in 3.560078 seconds
[2017.03.09-02.39.46:260][  0]LogUObjectArray: 28739 objects as part of root set at end of initial load.
[2017.03.09-02.39.46:260][  0]LogUObjectAllocator: 5855624 out of 0 bytes used by permanent object pool.
[2017.03.09-02.39.46:260][  0]LogUObjectArray: CloseDisregardForGC: 0/0 objects in disregard for GC pool
[2017.03.09-02.39.46:270][  0]LogInit: WinSock: version 1.1 (2.2), MaxSocks=32767, MaxUdp=65467
[2017.03.09-02.39.46:568][  0]LogSlate: SlateFontCache - WITH_FREETYPE: 1, WITH_HARFBUZZ: 1
[2017.03.09-02.39.46:568][  0]LogSlate: SlateFontCache - WITH_FREETYPE: 1, WITH_HARFBUZZ: 1
[2017.03.09-02.39.59:724][  0]LogUdpMessaging: Initializing bridge on interface 0.0.0.0:0 to multicast group 230.0.0.1:6666.
[2017.03.09-02.40.00:527][  0]SourceControl: Info Source control is disabled
[2017.03.09-02.40.00:562][  0]SourceControl: Info Source control is disabled
[2017.03.09-02.40.00:573][  0]SourceControl: Info Source control is disabled
[2017.03.09-02.40.00:580][  0]SourceControl: Info Source control is disabled
[2017.03.09-02.40.00:777][  0]LogEngine: Initializing Engine...
[2017.03.09-02.40.00:778][  0]LogHMD: SteamVR failed to initialize.  Err: 110
[2017.03.09-02.40.00:778][  0]LogHMD: SteamVR failed to initialize.  Err: 110
[2017.03.09-02.40.01:183][  0]LogAIModule: Creating AISystem for world NewWorld
[2017.03.09-02.40.01:187][  0]LogInit: XAudio2 using 'Speakers (Realtek High Definition Audio)' : 2 channels at 48 kHz using 32 bits per sample (channel mask 0x3)
[2017.03.09-02.40.01:204][  0]LogInit: FAudioDevice initialized.
[2017.03.09-02.40.01:236][  0]LogDerivedDataCache: Saved boot cache 0.03s 50MB C:/Users/b3030113/AppData/Local/UnrealEngine/4.12/DerivedDataCache/Boot.ddc.
[2017.03.09-02.40.01:246][  0]LogInit: Texture streaming: Enabled
[2017.03.09-02.40.01:264][  0]LogInit: Transaction tracking system initialized
[2017.03.09-02.40.01:279][  0]BlueprintLog: New page: Editor Load
[2017.03.09-02.40.01:427][  0]LocalizationService: Info Localization service is disabled
[2017.03.09-02.40.01:647][  0]LogConsoleResponse:Display: 
[2017.03.09-02.40.02:191][  0]LogCook:Display: Max memory allowance for cook 8192mb
[2017.03.09-02.40.02:191][  0]LogCook:Display: Mobile HDR setting 1
[2017.03.09-02.40.02:571][  0]LogFileCache: Scanning file cache for directory 'D:/Unreal Engine Projects/DissertationLevel/DissertationLevel/Content/' took 0.04s
[2017.03.09-02.40.02:571][  0]SourceControl: Info Source control is disabled
[2017.03.09-02.40.02:571][  0]Cmd: MAP LOAD FILE="D:/Unreal Engine Projects/DissertationLevel/DissertationLevel/Content/ThirdPersonCPP/Maps/ThirdPersonExampleMap.umap" TEMPLATE=0 SHOWPROGRESS=1 FEATURELEVEL=3
[2017.03.09-02.40.02:575][  0]LightingResults: New page: Lighting Build
[2017.03.09-02.40.02:577][  0]MapCheck: New page: Map Check
[2017.03.09-02.40.02:577][  0]LightingResults: New page: Lighting Build
[2017.03.09-02.40.02:937][  0]LogAIModule: Creating AISystem for world ThirdPersonExampleMap
[2017.03.09-02.40.03:078][  0]LogEditorServer: Finished looking for orphan Actors (0.000 secs)
[2017.03.09-02.40.03:078][  0]Cmd: MAP CHECKDEP NOCLEARLOG
[2017.03.09-02.40.03:173][  0]MapCheck: Info Map check complete: 0 Error(s), 0 Warning(s), took 94.336ms to complete.
[2017.03.09-02.40.03:173][  0]LogFileHelpers: Loading map 'ThirdPersonExampleMap' took 0.601
[2017.03.09-02.40.03:391][  0]LogCollectionManager: Loaded 0 collections in 0.001998 seconds
[2017.03.09-02.40.03:436][  0]LogFileCache: Scanning file cache for directory 'D:/Unreal Engine Projects/DissertationLevel/DissertationLevel/Saved/Collections/' took 0.01s
[2017.03.09-02.40.03:436][  0]LogFileCache: Scanning file cache for directory 'D:/Unreal Engine Projects/DissertationLevel/DissertationLevel/Content/Developers/b3030113/Collections/' took 0.01s
[2017.03.09-02.40.03:436][  0]LogFileCache: Scanning file cache for directory 'D:/Unreal Engine Projects/DissertationLevel/DissertationLevel/Content/Collections/' took 0.01s
[2017.03.09-02.40.03:436][  0]LogCollectionManager: Rebuilt the GUID cache for 0 collections in 0.000003 seconds
[2017.03.09-02.40.03:462][  0]LogContentBrowser: Native class hierarchy populated in 0.0259 seconds. Added 2068 classes and 376 folders.
[2017.03.09-02.40.03:465][  0]LogStats: UGameplayTagsManager::ConstructGameplayTagTree: Construct from data asset -  0.000 s
[2017.03.09-02.40.03:465][  0]LogStats: UGameplayTagsManager::ConstructGameplayTagTree: GameplayTagTreeChangedEvent.Broadcast -  0.000 s
[2017.03.09-02.40.03:484][  0]LogContentBrowser: Native class hierarchy updated for 'GameplayTags' in 0.0194 seconds. Added 12 classes and 0 folders.
[2017.03.09-02.40.03:515][  0]LogContentBrowser: Native class hierarchy updated for 'WidgetCarousel' in 0.0275 seconds. Added 0 classes and 0 folders.
[2017.03.09-02.40.04:272][  0]LogContentBrowser: Native class hierarchy updated for 'AddContentDialog' in 0.0263 seconds. Added 0 classes and 0 folders.
[2017.03.09-02.40.04:308][  0]LogContentBrowser: Native class hierarchy updated for 'SceneOutliner' in 0.0339 seconds. Added 1 classes and 2 folders.
[2017.03.09-02.40.04:323][  0]LogCrashTracker: Crashtracker disabled due to settings.
[2017.03.09-02.40.04:328][  0]LogUObjectGlobals:Warning: Failed to find object 'Class None.'
[2017.03.09-02.40.04:396][  0]LogContentBrowser: Native class hierarchy updated for 'HierarchicalLODOutliner' in 0.0423 seconds. Added 1 classes and 2 folders.
[2017.03.09-02.40.04:396][  0]LogLoad: Full Startup: 27.70 seconds (BP compile: 0.06 seconds)
[2017.03.09-02.40.04:396][  0]LogExternalProfiler: Found external profiler: VSPerf
[2017.03.09-02.40.04:396][  0]LogExternalProfiler: Using external profiler: VSPerf
[2017.03.09-02.40.04:406][  0]LogOcInput: OculusInput pre-init called
[2017.03.09-02.40.04:422][  0]LogContentStreaming: Texture pool size now 200 MB
[2017.03.09-02.40.04:668][  0]LogRenderer: Reallocating scene render targets to support 1208x576 (Frame:2).
[2017.03.09-02.40.04:750][  1]LogActor:Warning: WinningLocation_BP_C /Engine/Transient.World_1:PersistentLevel.WinningLocation_BP_C_0 has natively added scene component(s), but none of them were set as the actor's RootComponent - picking one arbitrarily
[2017.03.09-02.40.04:770][  1]LogAssetRegistry: Asset discovery search completed in 22.1032 seconds
[2017.03.09-02.40.04:770][  1]LogCollectionManager: Rebuilt the object cache for 0 collections in 0.000001 seconds (found 0 objects)
[2017.03.09-02.40.04:770][  1]LogCollectionManager: Fixed up redirectors for 0 collections in 0.000027 seconds (updated 0 objects)
[2017.03.09-02.40.22:977][615]Recompiling DissertationLevel...
[2017.03.09-02.40.22:979][615]Launching UnrealBuildTool... [C:/Program Files/Epic Games/4.12/Engine/Binaries/DotNET/UnrealBuildTool.exe DissertationLevel -ModuleWithSuffix DissertationLevel 5561 Win64 Development -editorrecompile -canskiplink "D:/Unreal Engine Projects/DissertationLevel/DissertationLevel/DissertationLevel.uproject"  -2015]
[2017.03.09-02.40.22:980][615]Warning: Starting HotReload took  0.0s.
[2017.03.09-02.41.44:271][848]CompilerResultsLog: New page: Compilation - 9 Mar 2017 02:41:44
[2017.03.09-02.41.44:271][848]CompilerResultsLog: Info Creating makefile for hot reloading DissertationLevel (working set of source files changed)
[2017.03.09-02.41.44:271][848]CompilerResultsLog: Info Compiling game modules for hot reload
[2017.03.09-02.41.44:271][848]CompilerResultsLog: Info Performing 2 actions (4 in parallel)
[2017.03.09-02.41.44:271][848]CompilerResultsLog: Info EnemyAIController.cpp
[2017.03.09-02.41.44:271][848]CompilerResultsLog:Error: Error D:\Unreal Engine Projects\DissertationLevel\DissertationLevel\Source\DissertationLevel\AI\EnemyAIController.cpp(99) : error C3867: 'TArray<ElementType,FDefaultAllocator>::Num': non-standard syntax; use '&' to create a pointer to member
[2017.03.09-02.41.44:271][848]CompilerResultsLog: Info         with
[2017.03.09-02.41.44:271][848]CompilerResultsLog: Info         [
[2017.03.09-02.41.44:271][848]CompilerResultsLog: Info             ElementType=int32
[2017.03.09-02.41.44:271][848]CompilerResultsLog: Info         ]
[2017.03.09-02.41.44:271][848]CompilerResultsLog:Error: Error D:\Unreal Engine Projects\DissertationLevel\DissertationLevel\Source\DissertationLevel\AI\EnemyAIController.cpp(99) : error C2296: '>': illegal, left operand has type 'int32 (__cdecl TArray<ElementType,FDefaultAllocator>::* )(void) const'
[2017.03.09-02.41.44:271][848]CompilerResultsLog: Info         with
[2017.03.09-02.41.44:271][848]CompilerResultsLog: Info         [
[2017.03.09-02.41.44:271][848]CompilerResultsLog: Info             ElementType=int32
[2017.03.09-02.41.44:271][848]CompilerResultsLog: Info         ]
[2017.03.09-02.41.44:271][848]CompilerResultsLog:Error: Error D:\Unreal Engine Projects\DissertationLevel\DissertationLevel\Source\DissertationLevel\AI\EnemyAIController.cpp(99) : error C2297: '>': illegal, right operand has type 'int32 (__cdecl TArray<ElementType,FDefaultAllocator>::* )(void) const'
[2017.03.09-02.41.44:271][848]CompilerResultsLog: Info         with
[2017.03.09-02.41.44:271][848]CompilerResultsLog: Info         [
[2017.03.09-02.41.44:271][848]CompilerResultsLog: Info             ElementType=int32
[2017.03.09-02.41.44:271][848]CompilerResultsLog: Info         ]
[2017.03.09-02.41.44:271][848]CompilerResultsLog: Info ERROR: UBT ERROR: Failed to produce item: D:\Unreal Engine Projects\DissertationLevel\DissertationLevel\Binaries\Win64\UE4Editor-DissertationLevel-5561.dll
[2017.03.09-02.41.44:271][848]CompilerResultsLog: Info Total build time: 81.15 seconds
[2017.03.09-02.41.44:271][848]LogMainFrame: MainFrame: Module compiling took 81.305 seconds
[2017.03.09-02.41.44:271][848]Warning: HotReload failed, recompile failed
[2017.03.09-02.41.53:442][258]LogActor:Warning: WinningLocation_BP_C /Engine/Transient.World_1:PersistentLevel.WinningLocation_BP_C_1 has natively added scene component(s), but none of them were set as the actor's RootComponent - picking one arbitrarily
[2017.03.09-02.41.53:467][259]LogActor:Warning: WinningLocation_BP_C /Engine/Transient.World_1:PersistentLevel.WinningLocation_BP_C_2 has natively added scene component(s), but none of them were set as the actor's RootComponent - picking one arbitrarily
[2017.03.09-02.41.53:524][260]LogActor:Warning: WinningLocation_BP_C /Engine/Transient.World_1:PersistentLevel.WinningLocation_BP_C_3 has natively added scene component(s), but none of them were set as the actor's RootComponent - picking one arbitrarily
[2017.03.09-02.41.53:534][261]LogActor:Warning: WinningLocation_BP_C /Engine/Transient.World_1:PersistentLevel.WinningLocation_BP_C_4 has natively added scene component(s), but none of them were set as the actor's RootComponent - picking one arbitrarily
[2017.03.09-02.41.53:571][262]LogActor:Warning: WinningLocation_BP_C /Engine/Transient.World_1:PersistentLevel.WinningLocation_BP_C_5 has natively added scene component(s), but none of them were set as the actor's RootComponent - picking one arbitrarily
[2017.03.09-02.41.53:607][263]LogActor:Warning: WinningLocation_BP_C /Engine/Transient.World_1:PersistentLevel.WinningLocation_BP_C_6 has natively added scene component(s), but none of them were set as the actor's RootComponent - picking one arbitrarily
[2017.03.09-02.41.53:642][264]LogActor:Warning: WinningLocation_BP_C /Engine/Transient.World_1:PersistentLevel.WinningLocation_BP_C_7 has natively added scene component(s), but none of them were set as the actor's RootComponent - picking one arbitrarily
[2017.03.09-02.41.53:677][265]LogActor:Warning: WinningLocation_BP_C /Engine/Transient.World_1:PersistentLevel.WinningLocation_BP_C_8 has natively added scene component(s), but none of them were set as the actor's RootComponent - picking one arbitrarily
[2017.03.09-02.41.53:715][266]LogActor:Warning: WinningLocation_BP_C /Engine/Transient.World_1:PersistentLevel.WinningLocation_BP_C_9 has natively added scene component(s), but none of them were set as the actor's RootComponent - picking one arbitrarily
[2017.03.09-02.41.53:755][267]LogActor:Warning: WinningLocation_BP_C /Engine/Transient.World_1:PersistentLevel.WinningLocation_BP_C_10 has natively added scene component(s), but none of them were set as the actor's RootComponent - picking one arbitrarily
[2017.03.09-02.41.53:790][268]LogActor:Warning: WinningLocation_BP_C /Engine/Transient.World_1:PersistentLevel.WinningLocation_BP_C_11 has natively added scene component(s), but none of them were set as the actor's RootComponent - picking one arbitrarily
[2017.03.09-02.41.53:824][269]LogActor:Warning: WinningLocation_BP_C /Engine/Transient.World_1:PersistentLevel.WinningLocation_BP_C_12 has natively added scene component(s), but none of them were set as the actor's RootComponent - picking one arbitrarily
[2017.03.09-02.41.53:859][270]LogActor:Warning: WinningLocation_BP_C /Engine/Transient.World_1:PersistentLevel.WinningLocation_BP_C_13 has natively added scene component(s), but none of them were set as the actor's RootComponent - picking one arbitrarily
[2017.03.09-02.41.54:834][306]LogActor:Warning: WinningLocation_BP_C /Engine/Transient.World_1:PersistentLevel.WinningLocation_BP_C_14 has natively added scene component(s), but none of them were set as the actor's RootComponent - picking one arbitrarily
[2017.03.09-02.41.54:862][307]LogActor:Warning: WinningLocation_BP_C /Engine/Transient.World_1:PersistentLevel.WinningLocation_BP_C_15 has natively added scene component(s), but none of them were set as the actor's RootComponent - picking one arbitrarily
[2017.03.09-02.42.00:034][506]LogActor:Warning: WinningLocation_BP_C /Engine/Transient.World_1:PersistentLevel.WinningLocation_BP_C_16 has natively added scene component(s), but none of them were set as the actor's RootComponent - picking one arbitrarily
[2017.03.09-02.42.00:082][507]LogActor:Warning: WinningLocation_BP_C /Engine/Transient.World_1:PersistentLevel.WinningLocation_BP_C_17 has natively added scene component(s), but none of them were set as the actor's RootComponent - picking one arbitrarily
[2017.03.09-02.42.00:105][508]LogActor:Warning: WinningLocation_BP_C /Engine/Transient.World_1:PersistentLevel.WinningLocation_BP_C_18 has natively added scene component(s), but none of them were set as the actor's RootComponent - picking one arbitrarily
[2017.03.09-02.42.00:116][509]LogActor:Warning: WinningLocation_BP_C /Engine/Transient.World_1:PersistentLevel.WinningLocation_BP_C_19 has natively added scene component(s), but none of them were set as the actor's RootComponent - picking one arbitrarily
[2017.03.09-02.42.00:156][510]LogActor:Warning: WinningLocation_BP_C /Engine/Transient.World_1:PersistentLevel.WinningLocation_BP_C_20 has natively added scene component(s), but none of them were set as the actor's RootComponent - picking one arbitrarily
[2017.03.09-02.42.00:191][511]LogActor:Warning: WinningLocation_BP_C /Engine/Transient.World_1:PersistentLevel.WinningLocation_BP_C_21 has natively added scene component(s), but none of them were set as the actor's RootComponent - picking one arbitrarily
[2017.03.09-02.42.00:229][512]LogActor:Warning: WinningLocation_BP_C /Engine/Transient.World_1:PersistentLevel.WinningLocation_BP_C_22 has natively added scene component(s), but none of them were set as the actor's RootComponent - picking one arbitrarily
[2017.03.09-02.42.00:268][513]LogActor:Warning: WinningLocation_BP_C /Engine/Transient.World_1:PersistentLevel.WinningLocation_BP_C_23 has natively added scene component(s), but none of them were set as the actor's RootComponent - picking one arbitrarily
[2017.03.09-02.42.09:165][547]LogActor:Warning: WinningLocation_BP_C /Engine/Transient.World_1:PersistentLevel.WinningLocation_BP_C_24 has natively added scene component(s), but none of them were set as the actor's RootComponent - picking one arbitrarily
[2017.03.09-02.42.09:180][548]LogActor:Warning: WinningLocation_BP_C /Engine/Transient.World_1:PersistentLevel.WinningLocation_BP_C_25 has natively added scene component(s), but none of them were set as the actor's RootComponent - picking one arbitrarily
[2017.03.09-02.42.12:130][666]Recompiling DissertationLevel...
[2017.03.09-02.42.12:134][666]Launching UnrealBuildTool... [C:/Program Files/Epic Games/4.12/Engine/Binaries/DotNET/UnrealBuildTool.exe DissertationLevel -ModuleWithSuffix DissertationLevel 3648 Win64 Development -editorrecompile -canskiplink "D:/Unreal Engine Projects/DissertationLevel/DissertationLevel/DissertationLevel.uproject"  -2015]
[2017.03.09-02.42.12:168][666]Warning: Starting HotReload took  0.1s.
[2017.03.09-02.44.01:842][240]CompilerResultsLog: New page: Compilation - 9 Mar 2017 02:44:01
[2017.03.09-02.44.01:842][240]CompilerResultsLog: Info Creating makefile for hot reloading DissertationLevel (working set of source files changed)
[2017.03.09-02.44.01:842][240]CompilerResultsLog: Info Compiling game modules for hot reload
[2017.03.09-02.44.01:842][240]CompilerResultsLog: Info Performing 2 actions (4 in parallel)
[2017.03.09-02.44.01:842][240]CompilerResultsLog: Info EnemyAIController.cpp
[2017.03.09-02.44.01:842][240]CompilerResultsLog: Info [2/2] Link UE4Editor-DissertationLevel-3648.dll
[2017.03.09-02.44.01:842][240]CompilerResultsLog: Info    Creating library D:\Unreal Engine Projects\DissertationLevel\DissertationLevel\Intermediate\Build\Win64\UE4Editor\Development\UE4Editor-DissertationLevel-3648.lib and object D:\Unreal Engine Projects\DissertationLevel\DissertationLevel\Intermediate\Build\Win64\UE4Editor\Development\UE4Editor-DissertationLevel-3648.exp
[2017.03.09-02.44.01:842][240]CompilerResultsLog: Info Total build time: 109.52 seconds
[2017.03.09-02.44.01:842][240]LogMainFrame: MainFrame: Module compiling took 109.728 seconds
[2017.03.09-02.44.01:997][240]LogClass: EPlayState HotReload.
[2017.03.09-02.44.01:998][240]LogClass: NodeCost HotReload.
[2017.03.09-02.44.02:041][240]LogContentBrowser: Native class hierarchy updated for 'DissertationLevel' in 0.0380 seconds. Added 14 classes and 5 folders.
[2017.03.09-02.44.02:043][240]Warning: HotReload successful (4 functions remapped  1 scriptstructs remapped)
[2017.03.09-02.44.02:284][240]LogContentBrowser: Native class hierarchy populated in 0.0522 seconds. Added 2070 classes and 380 folders.
[2017.03.09-02.44.02:295][240]Warning: HotReload took 110.2s.
[2017.03.09-02.46.00:464][897]LogBlueprintUserMessages: Early PlayInEditor Detection: Level '/Game/ThirdPersonCPP/Maps/ThirdPersonExampleMap.ThirdPersonExampleMap:PersistentLevel' has LevelScriptBlueprint '/Game/ThirdPersonCPP/Maps/ThirdPersonExampleMap.ThirdPersonExampleMap:PersistentLevel.ThirdPersonExampleMap' with GeneratedClass '/Game/ThirdPersonCPP/Maps/ThirdPersonExampleMap.ThirdPersonExampleMap_C' with ClassGeneratedBy '/Game/ThirdPersonCPP/Maps/ThirdPersonExampleMap.ThirdPersonExampleMap:PersistentLevel.ThirdPersonExampleMap'
[2017.03.09-02.46.00:464][897]LogPlayLevel: PlayLevel: No blueprints needed recompiling
[2017.03.09-02.46.00:489][897]PIE: New page: PIE session: ThirdPersonExampleMap (9 Mar 2017 02:46:00)
[2017.03.09-02.46.00:489][897]LogPlayLevel: Creating play world package: /Game/ThirdPersonCPP/Maps/UEDPIE_0_ThirdPersonExampleMap
[2017.03.09-02.46.00:606][897]LogPlayLevel: PIE: StaticDuplicateObject took: (0.116290s)
[2017.03.09-02.46.00:606][897]LogAIModule: Creating AISystem for world ThirdPersonExampleMap
[2017.03.09-02.46.00:606][897]LogPlayLevel: PIE: World Init took: (0.000865s)
[2017.03.09-02.46.00:628][897]LogPlayLevel: PIE: Created PIE world by copying editor world from /Game/ThirdPersonCPP/Maps/ThirdPersonExampleMap.ThirdPersonExampleMap to /Game/ThirdPersonCPP/Maps/UEDPIE_0_ThirdPersonExampleMap.ThirdPersonExampleMap (0.139114s)
[2017.03.09-02.46.00:670][897]LogInit: XAudio2 using 'Speakers (Realtek High Definition Audio)' : 2 channels at 48 kHz using 32 bits per sample (channel mask 0x3)
[2017.03.09-02.46.00:683][897]LogInit: FAudioDevice initialized.
[2017.03.09-02.46.00:916][897]LogWorld: Game class is 'DissertationLevelGameMode'
[2017.03.09-02.46.01:162][897]LogWorld: Bringing World /Game/ThirdPersonCPP/Maps/UEDPIE_0_ThirdPersonExampleMap.ThirdPersonExampleMap up for play (max tick rate 0) at 2017.03.09-02.46.01
[2017.03.09-02.46.01:324][897]LogWorld: Bringing up level for play took: 0.274359
[2017.03.09-02.46.01:560][897]LogContentBrowser: Native class hierarchy updated for 'MovieSceneCapture' in 0.0177 seconds. Added 11 classes and 0 folders.
[2017.03.09-02.46.01:568][897]LogActor:Warning: WorldObject /Game/ThirdPersonCPP/Maps/UEDPIE_0_ThirdPersonExampleMap.ThirdPersonExampleMap:PersistentLevel.WorldObject_0 has natively added scene component(s), but none of them were set as the actor's RootComponent - picking one arbitrarily
[2017.03.09-02.46.01:569][897]LogActor:Warning: WorldObject /Game/ThirdPersonCPP/Maps/UEDPIE_0_ThirdPersonExampleMap.ThirdPersonExampleMap:PersistentLevel.WorldObject_1 has natively added scene component(s), but none of them were set as the actor's RootComponent - picking one arbitrarily
[2017.03.09-02.46.01:569][897]LogActor:Warning: WorldObject /Game/ThirdPersonCPP/Maps/UEDPIE_0_ThirdPersonExampleMap.ThirdPersonExampleMap:PersistentLevel.WorldObject_2 has natively added scene component(s), but none of them were set as the actor's RootComponent - picking one arbitrarily
[2017.03.09-02.46.01:570][897]LogActor:Warning: WorldObject /Game/ThirdPersonCPP/Maps/UEDPIE_0_ThirdPersonExampleMap.ThirdPersonExampleMap:PersistentLevel.WorldObject_3 has natively added scene component(s), but none of them were set as the actor's RootComponent - picking one arbitrarily
[2017.03.09-02.46.01:571][897]LogActor:Warning: WorldObject /Game/ThirdPersonCPP/Maps/UEDPIE_0_ThirdPersonExampleMap.ThirdPersonExampleMap:PersistentLevel.WorldObject_4 has natively added scene component(s), but none of them were set as the actor's RootComponent - picking one arbitrarily
[2017.03.09-02.46.01:571][897]LogActor:Warning: WorldObject /Game/ThirdPersonCPP/Maps/UEDPIE_0_ThirdPersonExampleMap.ThirdPersonExampleMap:PersistentLevel.WorldObject_5 has natively added scene component(s), but none of them were set as the actor's RootComponent - picking one arbitrarily
[2017.03.09-02.46.01:572][897]LogActor:Warning: WorldObject /Game/ThirdPersonCPP/Maps/UEDPIE_0_ThirdPersonExampleMap.ThirdPersonExampleMap:PersistentLevel.WorldObject_6 has natively added scene component(s), but none of them were set as the actor's RootComponent - picking one arbitrarily
[2017.03.09-02.46.01:573][897]LogActor:Warning: WorldObject /Game/ThirdPersonCPP/Maps/UEDPIE_0_ThirdPersonExampleMap.ThirdPersonExampleMap:PersistentLevel.WorldObject_7 has natively added scene component(s), but none of them were set as the actor's RootComponent - picking one arbitrarily
[2017.03.09-02.46.01:573][897]LogActor:Warning: WorldObject /Game/ThirdPersonCPP/Maps/UEDPIE_0_ThirdPersonExampleMap.ThirdPersonExampleMap:PersistentLevel.WorldObject_8 has natively added scene component(s), but none of them were set as the actor's RootComponent - picking one arbitrarily
[2017.03.09-02.46.01:576][897]LogActor:Warning: WorldObject /Game/ThirdPersonCPP/Maps/UEDPIE_0_ThirdPersonExampleMap.ThirdPersonExampleMap:PersistentLevel.WorldObject_9 has natively added scene component(s), but none of them were set as the actor's RootComponent - picking one arbitrarily
[2017.03.09-02.46.01:577][897]LogActor:Warning: WorldObject /Game/ThirdPersonCPP/Maps/UEDPIE_0_ThirdPersonExampleMap.ThirdPersonExampleMap:PersistentLevel.WorldObject_10 has natively added scene component(s), but none of them were set as the actor's RootComponent - picking one arbitrarily
[2017.03.09-02.46.01:578][897]LogActor:Warning: WorldObject /Game/ThirdPersonCPP/Maps/UEDPIE_0_ThirdPersonExampleMap.ThirdPersonExampleMap:PersistentLevel.WorldObject_11 has natively added scene component(s), but none of them were set as the actor's RootComponent - picking one arbitrarily
[2017.03.09-02.46.01:578][897]LogActor:Warning: WorldObject /Game/ThirdPersonCPP/Maps/UEDPIE_0_ThirdPersonExampleMap.ThirdPersonExampleMap:PersistentLevel.WorldObject_12 has natively added scene component(s), but none of them were set as the actor's RootComponent - picking one arbitrarily
[2017.03.09-02.46.01:579][897]LogActor:Warning: WorldObject /Game/ThirdPersonCPP/Maps/UEDPIE_0_ThirdPersonExampleMap.ThirdPersonExampleMap:PersistentLevel.WorldObject_13 has natively added scene component(s), but none of them were set as the actor's RootComponent - picking one arbitrarily
[2017.03.09-02.46.01:580][897]LogActor:Warning: WorldObject /Game/ThirdPersonCPP/Maps/UEDPIE_0_ThirdPersonExampleMap.ThirdPersonExampleMap:PersistentLevel.WorldObject_14 has natively added scene component(s), but none of them were set as the actor's RootComponent - picking one arbitrarily
[2017.03.09-02.46.01:581][897]PIE: Info Play in editor start time for /Game/ThirdPersonCPP/Maps/UEDPIE_0_ThirdPersonExampleMap 1.651
[2017.03.09-02.46.01:581][897]LogBlueprintUserMessages: Late PlayInEditor Detection: Level '/Game/ThirdPersonCPP/Maps/ThirdPersonExampleMap.ThirdPersonExampleMap:PersistentLevel' has LevelScriptBlueprint '/Game/ThirdPersonCPP/Maps/ThirdPersonExampleMap.ThirdPersonExampleMap:PersistentLevel.ThirdPersonExampleMap' with GeneratedClass '/Game/ThirdPersonCPP/Maps/ThirdPersonExampleMap.ThirdPersonExampleMap_C' with ClassGeneratedBy '/Game/ThirdPersonCPP/Maps/ThirdPersonExampleMap.ThirdPersonExampleMap:PersistentLevel.ThirdPersonExampleMap'
[2017.03.09-02.46.02:351][903]LogEQS:Warning: Query [FindPlayer_EQS] can't use test [AStarQueryTest_0] in option 0 [], removing it
[2017.03.09-02.46.02:402][904]LogClass: DNOOOOO!!!!!
[2017.03.09-02.46.02:402][904]LogClass: WE MADE IT?
[2017.03.09-02.46.02:524][907]LogClass: DNOOOOO!!!!!
[2017.03.09-02.46.02:524][907]LogClass: WE MADE IT?
[2017.03.09-02.46.02:737][910]LogClass: DNOOOOO!!!!!
[2017.03.09-02.46.02:737][910]LogClass: WE MADE IT?
[2017.03.09-02.46.03:107][913]LogClass: DNOOOOO!!!!!
[2017.03.09-02.46.03:107][913]LogClass: WE MADE IT?
[2017.03.09-02.46.03:659][916]LogClass: DNOOOOO!!!!!
[2017.03.09-02.46.03:659][916]LogClass: WE MADE IT?
[2017.03.09-02.46.04:435][919]LogClass: DNOOOOO!!!!!
[2017.03.09-02.46.04:435][919]LogClass: WE MADE IT?
[2017.03.09-02.46.05:499][922]LogClass: DNOOOOO!!!!!
[2017.03.09-02.46.05:499][922]LogClass: WE MADE IT?
[2017.03.09-02.46.06:760][925]LogClass: DNOOOOO!!!!!
[2017.03.09-02.46.06:760][925]LogClass: WE MADE IT?
[2017.03.09-02.46.08:477][928]LogClass: DNOOOOO!!!!!
[2017.03.09-02.46.08:477][928]LogClass: WE MADE IT?
[2017.03.09-02.46.08:495][929]Cmd: EnableGDT
[2017.03.09-02.46.08:597][929]LogGameplayDebugger:Warning: Got from client: EnableGDT 
[2017.03.09-02.46.10:903][931]LogClass: DNOOOOO!!!!!
[2017.03.09-02.46.10:903][931]LogClass: WE MADE IT?
[2017.03.09-02.46.13:332][934]LogClass: DNOOOOO!!!!!
[2017.03.09-02.46.13:332][934]LogClass: WE MADE IT?
[2017.03.09-02.46.16:386][937]LogClass: DNOOOOO!!!!!
[2017.03.09-02.46.16:386][937]LogClass: WE MADE IT?
[2017.03.09-02.46.19:816][940]LogClass: DNOOOOO!!!!!
[2017.03.09-02.46.19:816][940]LogClass: WE MADE IT?
[2017.03.09-02.46.23:568][943]LogClass: DNOOOOO!!!!!
[2017.03.09-02.46.23:568][943]LogClass: WE MADE IT?
[2017.03.09-02.46.27:988][946]LogClass: DNOOOOO!!!!!
[2017.03.09-02.46.27:988][946]LogClass: WE MADE IT?
[2017.03.09-02.46.32:883][949]LogClass: DNOOOOO!!!!!
[2017.03.09-02.46.32:883][949]LogClass: WE MADE IT?
[2017.03.09-02.46.38:452][952]LogClass: DNOOOOO!!!!!
[2017.03.09-02.46.38:452][952]LogClass: WE MADE IT?
[2017.03.09-02.46.44:667][955]LogClass: DNOOOOO!!!!!
[2017.03.09-02.46.44:667][955]LogClass: WE MADE IT?
[2017.03.09-02.46.51:588][958]LogClass: DNOOOOO!!!!!
[2017.03.09-02.46.51:588][958]LogClass: WE MADE IT?
[2017.03.09-02.46.59:251][961]LogClass: DNOOOOO!!!!!
[2017.03.09-02.46.59:251][961]LogClass: WE MADE IT?
[2017.03.09-02.47.07:685][964]LogClass: DNOOOOO!!!!!
[2017.03.09-02.47.07:685][964]LogClass: WE MADE IT?
[2017.03.09-02.47.07:693][965]Cmd: EnableGDT
[2017.03.09-02.47.07:693][965]LogGameplayDebugger:Warning: Got from client: EnableGDT 
[2017.03.09-02.47.16:938][967]LogClass: DNOOOOO!!!!!
[2017.03.09-02.47.16:938][967]LogClass: WE MADE IT?
[2017.03.09-02.47.27:022][970]LogClass: DNOOOOO!!!!!
[2017.03.09-02.47.27:022][970]LogClass: WE MADE IT?
[2017.03.09-02.47.37:998][973]LogClass: DNOOOOO!!!!!
[2017.03.09-02.47.37:998][973]LogClass: WE MADE IT?
[2017.03.09-02.47.49:931][976]LogClass: DNOOOOO!!!!!
[2017.03.09-02.47.49:931][976]LogClass: WE MADE IT?
[2017.03.09-02.48.02:793][979]LogClass: DNOOOOO!!!!!
[2017.03.09-02.48.02:793][979]LogClass: WE MADE IT?
[2017.03.09-02.48.02:846][980]LogBlueprintUserMessages: Early EndPlayMap Detection: Level '/Game/ThirdPersonCPP/Maps/ThirdPersonExampleMap.ThirdPersonExampleMap:PersistentLevel' has LevelScriptBlueprint '/Game/ThirdPersonCPP/Maps/ThirdPersonExampleMap.ThirdPersonExampleMap:PersistentLevel.ThirdPersonExampleMap' with GeneratedClass '/Game/ThirdPersonCPP/Maps/ThirdPersonExampleMap.ThirdPersonExampleMap_C' with ClassGeneratedBy '/Game/ThirdPersonCPP/Maps/ThirdPersonExampleMap.ThirdPersonExampleMap:PersistentLevel.ThirdPersonExampleMap'
[2017.03.09-02.48.03:017][980]LogBlueprintUserMessages: Late EndPlayMap Detection: Level '/Game/ThirdPersonCPP/Maps/ThirdPersonExampleMap.ThirdPersonExampleMap:PersistentLevel' has LevelScriptBlueprint '/Game/ThirdPersonCPP/Maps/ThirdPersonExampleMap.ThirdPersonExampleMap:PersistentLevel.ThirdPersonExampleMap' with GeneratedClass '/Game/ThirdPersonCPP/Maps/ThirdPersonExampleMap.ThirdPersonExampleMap_C' with ClassGeneratedBy '/Game/ThirdPersonCPP/Maps/ThirdPersonExampleMap.ThirdPersonExampleMap:PersistentLevel.ThirdPersonExampleMap'
[2017.03.09-03.12.01:449][121]Recompiling DissertationLevel...
[2017.03.09-03.12.01:451][121]Launching UnrealBuildTool... [C:/Program Files/Epic Games/4.12/Engine/Binaries/DotNET/UnrealBuildTool.exe DissertationLevel -ModuleWithSuffix DissertationLevel 76 Win64 Development -editorrecompile -canskiplink "D:/Unreal Engine Projects/DissertationLevel/DissertationLevel/DissertationLevel.uproject"  -2015]
[2017.03.09-03.12.01:477][121]Warning: Starting HotReload took  0.0s.
[2017.03.09-03.14.55:992][130]CompilerResultsLog: New page: Compilation - 9 Mar 2017 03:14:55
[2017.03.09-03.14.55:992][130]CompilerResultsLog: Info Creating makefile for hot reloading DissertationLevel (working set of source files changed)
[2017.03.09-03.14.55:992][130]CompilerResultsLog: Info Compiling game modules for hot reload
[2017.03.09-03.14.55:993][130]CompilerResultsLog: Info Parsing headers for DissertationLevelEditor
[2017.03.09-03.14.55:993][130]CompilerResultsLog: Info   Running UnrealHeaderTool "D:\Unreal Engine Projects\DissertationLevel\DissertationLevel\DissertationLevel.uproject" "D:\Unreal Engine Projects\DissertationLevel\DissertationLevel\Intermediate\Build\Win64\DissertationLevelEditor\Development\DissertationLevelEditor.uhtmanifest" -LogCmds="loginit warning, logexit warning, logdatabase error" -Unattended -WarningsAsErrors -installed
[2017.03.09-03.14.55:993][130]CompilerResultsLog: Info Reflection code generated for DissertationLevelEditor in 14.6599432 seconds
[2017.03.09-03.14.55:993][130]CompilerResultsLog: Info Performing 12 actions (4 in parallel)
[2017.03.09-03.14.55:993][130]CompilerResultsLog: Info EnemyCharacter.cpp
[2017.03.09-03.14.55:993][130]CompilerResultsLog: Info BTService_CheckForPlayer.cpp
[2017.03.09-03.14.55:993][130]CompilerResultsLog: Info EnemyAIController.cpp
[2017.03.09-03.14.55:993][130]CompilerResultsLog: Info DissertationLevel.generated.cpp
[2017.03.09-03.14.55:993][130]CompilerResultsLog: Info EnvQueryGenerator_AStarNodes.cpp
[2017.03.09-03.14.55:993][130]CompilerResultsLog: Info BTTask_MoveToPlayer.cpp
[2017.03.09-03.14.55:993][130]CompilerResultsLog: Info BTTask_SelectPatrolPoint.cpp
[2017.03.09-03.14.55:993][130]CompilerResultsLog: Info FindPlayerQueryContext.cpp
[2017.03.09-03.14.55:993][130]CompilerResultsLog: Info PlayerTrail.cpp
[2017.03.09-03.14.55:993][130]CompilerResultsLog: Info DissertationLevelGameMode.cpp
[2017.03.09-03.14.55:993][130]CompilerResultsLog: Info AStarQueryTest.cpp
[2017.03.09-03.14.55:994][130]CompilerResultsLog: Info [12/12] Link UE4Editor-DissertationLevel-76.dll
[2017.03.09-03.14.55:994][130]CompilerResultsLog: Info    Creating library D:\Unreal Engine Projects\DissertationLevel\DissertationLevel\Intermediate\Build\Win64\UE4Editor\Development\UE4Editor-DissertationLevel-76.lib and object D:\Unreal Engine Projects\DissertationLevel\DissertationLevel\Intermediate\Build\Win64\UE4Editor\Development\UE4Editor-DissertationLevel-76.exp
[2017.03.09-03.14.55:994][130]CompilerResultsLog: Info Total build time: 173.87 seconds
[2017.03.09-03.14.55:994][130]LogMainFrame: MainFrame: Module compiling took 174.546 seconds
[2017.03.09-03.14.56:423][130]LogClass: EPlayState HotReload.
[2017.03.09-03.14.56:424][130]LogClass: NodeCost HotReload.
[2017.03.09-03.14.56:451][130]LogContentBrowser: Native class hierarchy updated for 'DissertationLevel' in 0.0225 seconds. Added 14 classes and 5 folders.
[2017.03.09-03.14.56:452][130]Warning: HotReload successful (4 functions remapped  1 scriptstructs remapped)
[2017.03.09-03.14.56:523][130]LogContentBrowser: Native class hierarchy populated in 0.0333 seconds. Added 2070 classes and 380 folders.
[2017.03.09-03.14.56:523][130]Warning: HotReload took 175.1s.
[2017.03.09-03.14.58:946][173]LogBlueprintUserMessages: Early PlayInEditor Detection: Level '/Game/ThirdPersonCPP/Maps/ThirdPersonExampleMap.ThirdPersonExampleMap:PersistentLevel' has LevelScriptBlueprint '/Game/ThirdPersonCPP/Maps/ThirdPersonExampleMap.ThirdPersonExampleMap:PersistentLevel.ThirdPersonExampleMap' with GeneratedClass '/Game/ThirdPersonCPP/Maps/ThirdPersonExampleMap.ThirdPersonExampleMap_C' with ClassGeneratedBy '/Game/ThirdPersonCPP/Maps/ThirdPersonExampleMap.ThirdPersonExampleMap:PersistentLevel.ThirdPersonExampleMap'
[2017.03.09-03.14.58:946][173]LogPlayLevel: PlayLevel: No blueprints needed recompiling
[2017.03.09-03.14.58:946][173]PIE: New page: PIE session: ThirdPersonExampleMap (9 Mar 2017 03:14:58)
[2017.03.09-03.14.58:947][173]LogPlayLevel: Creating play world package: /Game/ThirdPersonCPP/Maps/UEDPIE_0_ThirdPersonExampleMap
[2017.03.09-03.14.59:029][173]LogPlayLevel: PIE: StaticDuplicateObject took: (0.082405s)
[2017.03.09-03.14.59:030][173]LogAIModule: Creating AISystem for world ThirdPersonExampleMap
[2017.03.09-03.14.59:031][173]LogPlayLevel: PIE: World Init took: (0.000894s)
[2017.03.09-03.14.59:031][173]LogPlayLevel: PIE: Created PIE world by copying editor world from /Game/ThirdPersonCPP/Maps/ThirdPersonExampleMap.ThirdPersonExampleMap to /Game/ThirdPersonCPP/Maps/UEDPIE_0_ThirdPersonExampleMap.ThirdPersonExampleMap (0.083870s)
[2017.03.09-03.14.59:048][173]LogInit: XAudio2 using 'Speakers (Realtek High Definition Audio)' : 2 channels at 48 kHz using 32 bits per sample (channel mask 0x3)
[2017.03.09-03.14.59:053][173]LogInit: FAudioDevice initialized.
[2017.03.09-03.14.59:119][173]LogWorld: Game class is 'DissertationLevelGameMode'
[2017.03.09-03.14.59:196][173]LogWorld: Bringing World /Game/ThirdPersonCPP/Maps/UEDPIE_0_ThirdPersonExampleMap.ThirdPersonExampleMap up for play (max tick rate 0) at 2017.03.09-03.14.59
[2017.03.09-03.14.59:202][173]LogWorld: Bringing up level for play took: 0.063087
[2017.03.09-03.14.59:209][173]LogActor:Warning: WorldObject /Game/ThirdPersonCPP/Maps/UEDPIE_0_ThirdPersonExampleMap.ThirdPersonExampleMap:PersistentLevel.WorldObject_0 has natively added scene component(s), but none of them were set as the actor's RootComponent - picking one arbitrarily
[2017.03.09-03.14.59:210][173]LogActor:Warning: WorldObject /Game/ThirdPersonCPP/Maps/UEDPIE_0_ThirdPersonExampleMap.ThirdPersonExampleMap:PersistentLevel.WorldObject_1 has natively added scene component(s), but none of them were set as the actor's RootComponent - picking one arbitrarily
[2017.03.09-03.14.59:211][173]LogActor:Warning: WorldObject /Game/ThirdPersonCPP/Maps/UEDPIE_0_ThirdPersonExampleMap.ThirdPersonExampleMap:PersistentLevel.WorldObject_2 has natively added scene component(s), but none of them were set as the actor's RootComponent - picking one arbitrarily
[2017.03.09-03.14.59:212][173]LogActor:Warning: WorldObject /Game/ThirdPersonCPP/Maps/UEDPIE_0_ThirdPersonExampleMap.ThirdPersonExampleMap:PersistentLevel.WorldObject_3 has natively added scene component(s), but none of them were set as the actor's RootComponent - picking one arbitrarily
[2017.03.09-03.14.59:212][173]LogActor:Warning: WorldObject /Game/ThirdPersonCPP/Maps/UEDPIE_0_ThirdPersonExampleMap.ThirdPersonExampleMap:PersistentLevel.WorldObject_4 has natively added scene component(s), but none of them were set as the actor's RootComponent - picking one arbitrarily
[2017.03.09-03.14.59:213][173]LogActor:Warning: WorldObject /Game/ThirdPersonCPP/Maps/UEDPIE_0_ThirdPersonExampleMap.ThirdPersonExampleMap:PersistentLevel.WorldObject_5 has natively added scene component(s), but none of them were set as the actor's RootComponent - picking one arbitrarily
[2017.03.09-03.14.59:214][173]LogActor:Warning: WorldObject /Game/ThirdPersonCPP/Maps/UEDPIE_0_ThirdPersonExampleMap.ThirdPersonExampleMap:PersistentLevel.WorldObject_6 has natively added scene component(s), but none of them were set as the actor's RootComponent - picking one arbitrarily
[2017.03.09-03.14.59:215][173]LogActor:Warning: WorldObject /Game/ThirdPersonCPP/Maps/UEDPIE_0_ThirdPersonExampleMap.ThirdPersonExampleMap:PersistentLevel.WorldObject_7 has natively added scene component(s), but none of them were set as the actor's RootComponent - picking one arbitrarily
[2017.03.09-03.14.59:215][173]LogActor:Warning: WorldObject /Game/ThirdPersonCPP/Maps/UEDPIE_0_ThirdPersonExampleMap.ThirdPersonExampleMap:PersistentLevel.WorldObject_8 has natively added scene component(s), but none of them were set as the actor's RootComponent - picking one arbitrarily
[2017.03.09-03.14.59:216][173]LogActor:Warning: WorldObject /Game/ThirdPersonCPP/Maps/UEDPIE_0_ThirdPersonExampleMap.ThirdPersonExampleMap:PersistentLevel.WorldObject_9 has natively added scene component(s), but none of them were set as the actor's RootComponent - picking one arbitrarily
[2017.03.09-03.14.59:217][173]LogActor:Warning: WorldObject /Game/ThirdPersonCPP/Maps/UEDPIE_0_ThirdPersonExampleMap.ThirdPersonExampleMap:PersistentLevel.WorldObject_10 has natively added scene component(s), but none of them were set as the actor's RootComponent - picking one arbitrarily
[2017.03.09-03.14.59:218][173]LogActor:Warning: WorldObject /Game/ThirdPersonCPP/Maps/UEDPIE_0_ThirdPersonExampleMap.ThirdPersonExampleMap:PersistentLevel.WorldObject_11 has natively added scene component(s), but none of them were set as the actor's RootComponent - picking one arbitrarily
[2017.03.09-03.14.59:218][173]LogActor:Warning: WorldObject /Game/ThirdPersonCPP/Maps/UEDPIE_0_ThirdPersonExampleMap.ThirdPersonExampleMap:PersistentLevel.WorldObject_12 has natively added scene component(s), but none of them were set as the actor's RootComponent - picking one arbitrarily
[2017.03.09-03.14.59:221][173]LogActor:Warning: WorldObject /Game/ThirdPersonCPP/Maps/UEDPIE_0_ThirdPersonExampleMap.ThirdPersonExampleMap:PersistentLevel.WorldObject_13 has natively added scene component(s), but none of them were set as the actor's RootComponent - picking one arbitrarily
[2017.03.09-03.14.59:222][173]LogActor:Warning: WorldObject /Game/ThirdPersonCPP/Maps/UEDPIE_0_ThirdPersonExampleMap.ThirdPersonExampleMap:PersistentLevel.WorldObject_14 has natively added scene component(s), but none of them were set as the actor's RootComponent - picking one arbitrarily
[2017.03.09-03.14.59:223][173]PIE: Info Play in editor start time for /Game/ThirdPersonCPP/Maps/UEDPIE_0_ThirdPersonExampleMap 1.274
[2017.03.09-03.14.59:223][173]LogBlueprintUserMessages: Late PlayInEditor Detection: Level '/Game/ThirdPersonCPP/Maps/ThirdPersonExampleMap.ThirdPersonExampleMap:PersistentLevel' has LevelScriptBlueprint '/Game/ThirdPersonCPP/Maps/ThirdPersonExampleMap.ThirdPersonExampleMap:PersistentLevel.ThirdPersonExampleMap' with GeneratedClass '/Game/ThirdPersonCPP/Maps/ThirdPersonExampleMap.ThirdPersonExampleMap_C' with ClassGeneratedBy '/Game/ThirdPersonCPP/Maps/ThirdPersonExampleMap.ThirdPersonExampleMap:PersistentLevel.ThirdPersonExampleMap'
[2017.03.09-03.15.01:301][239]Cmd: EnableGDT
[2017.03.09-03.15.01:301][239]LogGameplayDebugger:Warning: Got from client: EnableGDT 
[2017.03.09-03.15.19:037][881]LogEQS:Warning: Query [FindPlayer_EQS] can't use test [AStarQueryTest_0] in option 0 [], removing it
[2017.03.09-03.15.30:403][207]LogClass: DNOOOOO!!!!!
[2017.03.09-03.15.30:404][207]LogClass: PATHING?
[2017.03.09-03.15.31:406][210]LogClass: DNOOOOO!!!!!
[2017.03.09-03.15.31:407][210]LogClass: PATHING?
[2017.03.09-03.15.32:679][213]LogClass: DNOOOOO!!!!!
[2017.03.09-03.15.32:679][213]LogClass: PATHING?
[2017.03.09-03.15.34:266][216]LogClass: DNOOOOO!!!!!
[2017.03.09-03.15.34:266][216]LogClass: PATHING?
[2017.03.09-03.15.36:205][219]LogClass: DNOOOOO!!!!!
[2017.03.09-03.15.36:205][219]LogClass: PATHING?
[2017.03.09-03.15.38:536][222]LogClass: DNOOOOO!!!!!
[2017.03.09-03.15.38:536][222]LogClass: PATHING?
[2017.03.09-03.15.41:296][225]LogClass: DNOOOOO!!!!!
[2017.03.09-03.15.41:296][225]LogClass: PATHING?
[2017.03.09-03.15.44:535][228]LogClass: DNOOOOO!!!!!
[2017.03.09-03.15.44:535][228]LogClass: PATHING?
[2017.03.09-03.15.48:270][231]LogClass: DNOOOOO!!!!!
[2017.03.09-03.15.48:270][231]LogClass: PATHING?
[2017.03.09-03.15.48:287][232]LogBlueprintUserMessages: Early EndPlayMap Detection: Level '/Game/ThirdPersonCPP/Maps/ThirdPersonExampleMap.ThirdPersonExampleMap:PersistentLevel' has LevelScriptBlueprint '/Game/ThirdPersonCPP/Maps/ThirdPersonExampleMap.ThirdPersonExampleMap:PersistentLevel.ThirdPersonExampleMap' with GeneratedClass '/Game/ThirdPersonCPP/Maps/ThirdPersonExampleMap.ThirdPersonExampleMap_C' with ClassGeneratedBy '/Game/ThirdPersonCPP/Maps/ThirdPersonExampleMap.ThirdPersonExampleMap:PersistentLevel.ThirdPersonExampleMap'
[2017.03.09-03.15.48:332][232]LogBlueprintUserMessages: Late EndPlayMap Detection: Level '/Game/ThirdPersonCPP/Maps/ThirdPersonExampleMap.ThirdPersonExampleMap:PersistentLevel' has LevelScriptBlueprint '/Game/ThirdPersonCPP/Maps/ThirdPersonExampleMap.ThirdPersonExampleMap:PersistentLevel.ThirdPersonExampleMap' with GeneratedClass '/Game/ThirdPersonCPP/Maps/ThirdPersonExampleMap.ThirdPersonExampleMap_C' with ClassGeneratedBy '/Game/ThirdPersonCPP/Maps/ThirdPersonExampleMap.ThirdPersonExampleMap:PersistentLevel.ThirdPersonExampleMap'
[2017.03.09-03.15.52:484][452]LogBlueprintUserMessages: Early PlayInEditor Detection: Level '/Game/ThirdPersonCPP/Maps/ThirdPersonExampleMap.ThirdPersonExampleMap:PersistentLevel' has LevelScriptBlueprint '/Game/ThirdPersonCPP/Maps/ThirdPersonExampleMap.ThirdPersonExampleMap:PersistentLevel.ThirdPersonExampleMap' with GeneratedClass '/Game/ThirdPersonCPP/Maps/ThirdPersonExampleMap.ThirdPersonExampleMap_C' with ClassGeneratedBy '/Game/ThirdPersonCPP/Maps/ThirdPersonExampleMap.ThirdPersonExampleMap:PersistentLevel.ThirdPersonExampleMap'
[2017.03.09-03.15.52:485][452]LogPlayLevel: PlayLevel: No blueprints needed recompiling
[2017.03.09-03.15.52:485][452]PIE: New page: PIE session: ThirdPersonExampleMap (9 Mar 2017 03:15:52)
[2017.03.09-03.15.52:485][452]LogPlayLevel: Creating play world package: /Game/ThirdPersonCPP/Maps/UEDPIE_0_ThirdPersonExampleMap
[2017.03.09-03.15.52:508][452]LogPlayLevel: PIE: StaticDuplicateObject took: (0.022745s)
[2017.03.09-03.15.52:509][452]LogAIModule: Creating AISystem for world ThirdPersonExampleMap
[2017.03.09-03.15.52:509][452]LogPlayLevel: PIE: World Init took: (0.001203s)
[2017.03.09-03.15.52:510][452]LogPlayLevel: PIE: Created PIE world by copying editor world from /Game/ThirdPersonCPP/Maps/ThirdPersonExampleMap.ThirdPersonExampleMap to /Game/ThirdPersonCPP/Maps/UEDPIE_0_ThirdPersonExampleMap.ThirdPersonExampleMap (0.024616s)
[2017.03.09-03.15.52:524][452]LogInit: XAudio2 using 'Speakers (Realtek High Definition Audio)' : 2 channels at 48 kHz using 32 bits per sample (channel mask 0x3)
[2017.03.09-03.15.52:530][452]LogInit: FAudioDevice initialized.
[2017.03.09-03.15.52:582][452]LogWorld: Game class is 'DissertationLevelGameMode'
[2017.03.09-03.15.52:689][452]LogWorld: Bringing World /Game/ThirdPersonCPP/Maps/UEDPIE_0_ThirdPersonExampleMap.ThirdPersonExampleMap up for play (max tick rate 0) at 2017.03.09-03.15.52
[2017.03.09-03.15.52:699][452]LogWorld: Bringing up level for play took: 0.114556
[2017.03.09-03.15.52:706][452]LogActor:Warning: WorldObject /Game/ThirdPersonCPP/Maps/UEDPIE_0_ThirdPersonExampleMap.ThirdPersonExampleMap:PersistentLevel.WorldObject_0 has natively added scene component(s), but none of them were set as the actor's RootComponent - picking one arbitrarily
[2017.03.09-03.15.52:707][452]LogActor:Warning: WorldObject /Game/ThirdPersonCPP/Maps/UEDPIE_0_ThirdPersonExampleMap.ThirdPersonExampleMap:PersistentLevel.WorldObject_1 has natively added scene component(s), but none of them were set as the actor's RootComponent - picking one arbitrarily
[2017.03.09-03.15.52:709][452]LogActor:Warning: WorldObject /Game/ThirdPersonCPP/Maps/UEDPIE_0_ThirdPersonExampleMap.ThirdPersonExampleMap:PersistentLevel.WorldObject_2 has natively added scene component(s), but none of them were set as the actor's RootComponent - picking one arbitrarily
[2017.03.09-03.15.52:710][452]LogActor:Warning: WorldObject /Game/ThirdPersonCPP/Maps/UEDPIE_0_ThirdPersonExampleMap.ThirdPersonExampleMap:PersistentLevel.WorldObject_3 has natively added scene component(s), but none of them were set as the actor's RootComponent - picking one arbitrarily
[2017.03.09-03.15.52:711][452]LogActor:Warning: WorldObject /Game/ThirdPersonCPP/Maps/UEDPIE_0_ThirdPersonExampleMap.ThirdPersonExampleMap:PersistentLevel.WorldObject_4 has natively added scene component(s), but none of them were set as the actor's RootComponent - picking one arbitrarily
[2017.03.09-03.15.52:713][452]LogActor:Warning: WorldObject /Game/ThirdPersonCPP/Maps/UEDPIE_0_ThirdPersonExampleMap.ThirdPersonExampleMap:PersistentLevel.WorldObject_5 has natively added scene component(s), but none of them were set as the actor's RootComponent - picking one arbitrarily
[2017.03.09-03.15.52:714][452]LogActor:Warning: WorldObject /Game/ThirdPersonCPP/Maps/UEDPIE_0_ThirdPersonExampleMap.ThirdPersonExampleMap:PersistentLevel.WorldObject_6 has natively added scene component(s), but none of them were set as the actor's RootComponent - picking one arbitrarily
[2017.03.09-03.15.52:715][452]LogActor:Warning: WorldObject /Game/ThirdPersonCPP/Maps/UEDPIE_0_ThirdPersonExampleMap.ThirdPersonExampleMap:PersistentLevel.WorldObject_7 has natively added scene component(s), but none of them were set as the actor's RootComponent - picking one arbitrarily
[2017.03.09-03.15.52:716][452]LogActor:Warning: WorldObject /Game/ThirdPersonCPP/Maps/UEDPIE_0_ThirdPersonExampleMap.ThirdPersonExampleMap:PersistentLevel.WorldObject_8 has natively added scene component(s), but none of them were set as the actor's RootComponent - picking one arbitrarily
[2017.03.09-03.15.52:718][452]LogActor:Warning: WorldObject /Game/ThirdPersonCPP/Maps/UEDPIE_0_ThirdPersonExampleMap.ThirdPersonExampleMap:PersistentLevel.WorldObject_9 has natively added scene component(s), but none of them were set as the actor's RootComponent - picking one arbitrarily
[2017.03.09-03.15.52:721][452]LogActor:Warning: WorldObject /Game/ThirdPersonCPP/Maps/UEDPIE_0_ThirdPersonExampleMap.ThirdPersonExampleMap:PersistentLevel.WorldObject_10 has natively added scene component(s), but none of them were set as the actor's RootComponent - picking one arbitrarily
[2017.03.09-03.15.52:722][452]LogActor:Warning: WorldObject /Game/ThirdPersonCPP/Maps/UEDPIE_0_ThirdPersonExampleMap.ThirdPersonExampleMap:PersistentLevel.WorldObject_11 has natively added scene component(s), but none of them were set as the actor's RootComponent - picking one arbitrarily
[2017.03.09-03.15.52:724][452]LogActor:Warning: WorldObject /Game/ThirdPersonCPP/Maps/UEDPIE_0_ThirdPersonExampleMap.ThirdPersonExampleMap:PersistentLevel.WorldObject_12 has natively added scene component(s), but none of them were set as the actor's RootComponent - picking one arbitrarily
[2017.03.09-03.15.52:725][452]LogActor:Warning: WorldObject /Game/ThirdPersonCPP/Maps/UEDPIE_0_ThirdPersonExampleMap.ThirdPersonExampleMap:PersistentLevel.WorldObject_13 has natively added scene component(s), but none of them were set as the actor's RootComponent - picking one arbitrarily
[2017.03.09-03.15.52:726][452]LogActor:Warning: WorldObject /Game/ThirdPersonCPP/Maps/UEDPIE_0_ThirdPersonExampleMap.ThirdPersonExampleMap:PersistentLevel.WorldObject_14 has natively added scene component(s), but none of them were set as the actor's RootComponent - picking one arbitrarily
[2017.03.09-03.15.52:727][452]PIE: Info Play in editor start time for /Game/ThirdPersonCPP/Maps/UEDPIE_0_ThirdPersonExampleMap 0.777
[2017.03.09-03.15.52:727][452]LogBlueprintUserMessages: Late PlayInEditor Detection: Level '/Game/ThirdPersonCPP/Maps/ThirdPersonExampleMap.ThirdPersonExampleMap:PersistentLevel' has LevelScriptBlueprint '/Game/ThirdPersonCPP/Maps/ThirdPersonExampleMap.ThirdPersonExampleMap:PersistentLevel.ThirdPersonExampleMap' with GeneratedClass '/Game/ThirdPersonCPP/Maps/ThirdPersonExampleMap.ThirdPersonExampleMap_C' with ClassGeneratedBy '/Game/ThirdPersonCPP/Maps/ThirdPersonExampleMap.ThirdPersonExampleMap:PersistentLevel.ThirdPersonExampleMap'
[2017.03.09-03.15.55:152][534]Cmd: EnableGDT
[2017.03.09-03.15.55:152][534]LogGameplayDebugger:Warning: Got from client: EnableGDT 
[2017.03.09-03.16.08:396][  9]LogEQS:Warning: Query [FindPlayer_EQS] can't use test [AStarQueryTest_0] in option 0 [], removing it
[2017.03.09-03.16.08:460][ 10]LogClass: DNOOOOO!!!!!
[2017.03.09-03.16.08:460][ 10]LogClass: PATHING?
[2017.03.09-03.16.08:625][ 13]LogClass: DNOOOOO!!!!!
[2017.03.09-03.16.08:625][ 13]LogClass: PATHING?
[2017.03.09-03.16.08:858][ 16]LogClass: DNOOOOO!!!!!
[2017.03.09-03.16.08:859][ 16]LogClass: PATHING?
[2017.03.09-03.16.09:423][ 20]LogClass: DNOOOOO!!!!!
[2017.03.09-03.16.09:423][ 20]LogClass: PATHING?
[2017.03.09-03.16.10:163][ 23]LogClass: DNOOOOO!!!!!
[2017.03.09-03.16.10:163][ 23]LogClass: PATHING?
[2017.03.09-03.16.11:140][ 26]LogClass: DNOOOOO!!!!!
[2017.03.09-03.16.11:140][ 26]LogClass: PATHING?
[2017.03.09-03.16.12:425][ 29]LogClass: DNOOOOO!!!!!
[2017.03.09-03.16.12:425][ 29]LogClass: PATHING?
[2017.03.09-03.16.14:027][ 32]LogClass: DNOOOOO!!!!!
[2017.03.09-03.16.14:027][ 32]LogClass: PATHING?
[2017.03.09-03.16.14:035][ 33]Set new viewmode: Wireframe
[2017.03.09-03.16.16:006][ 35]LogClass: DNOOOOO!!!!!
[2017.03.09-03.16.16:006][ 35]LogClass: PATHING?
[2017.03.09-03.16.18:332][ 38]LogClass: DNOOOOO!!!!!
[2017.03.09-03.16.18:332][ 38]LogClass: PATHING?
[2017.03.09-03.16.21:076][ 41]LogClass: DNOOOOO!!!!!
[2017.03.09-03.16.21:077][ 41]LogClass: PATHING?
[2017.03.09-03.16.21:084][ 42]Set new viewmode: Wireframe
[2017.03.09-03.16.21:085][ 42]Set new viewmode: Wireframe
[2017.03.09-03.16.24:383][ 44]LogClass: DNOOOOO!!!!!
[2017.03.09-03.16.24:383][ 44]LogClass: PATHING?
[2017.03.09-03.16.28:146][ 47]LogClass: DNOOOOO!!!!!
[2017.03.09-03.16.28:146][ 47]LogClass: PATHING?
[2017.03.09-03.16.28:166][ 48]LogBlueprintUserMessages: Early EndPlayMap Detection: Level '/Game/ThirdPersonCPP/Maps/ThirdPersonExampleMap.ThirdPersonExampleMap:PersistentLevel' has LevelScriptBlueprint '/Game/ThirdPersonCPP/Maps/ThirdPersonExampleMap.ThirdPersonExampleMap:PersistentLevel.ThirdPersonExampleMap' with GeneratedClass '/Game/ThirdPersonCPP/Maps/ThirdPersonExampleMap.ThirdPersonExampleMap_C' with ClassGeneratedBy '/Game/ThirdPersonCPP/Maps/ThirdPersonExampleMap.ThirdPersonExampleMap:PersistentLevel.ThirdPersonExampleMap'
[2017.03.09-03.16.28:204][ 48]LogBlueprintUserMessages: Late EndPlayMap Detection: Level '/Game/ThirdPersonCPP/Maps/ThirdPersonExampleMap.ThirdPersonExampleMap:PersistentLevel' has LevelScriptBlueprint '/Game/ThirdPersonCPP/Maps/ThirdPersonExampleMap.ThirdPersonExampleMap:PersistentLevel.ThirdPersonExampleMap' with GeneratedClass '/Game/ThirdPersonCPP/Maps/ThirdPersonExampleMap.ThirdPersonExampleMap_C' with ClassGeneratedBy '/Game/ThirdPersonCPP/Maps/ThirdPersonExampleMap.ThirdPersonExampleMap:PersistentLevel.ThirdPersonExampleMap'
[2017.03.09-03.16.30:755][170]LogBlueprintUserMessages: Early PlayInEditor Detection: Level '/Game/ThirdPersonCPP/Maps/ThirdPersonExampleMap.ThirdPersonExampleMap:PersistentLevel' has LevelScriptBlueprint '/Game/ThirdPersonCPP/Maps/ThirdPersonExampleMap.ThirdPersonExampleMap:PersistentLevel.ThirdPersonExampleMap' with GeneratedClass '/Game/ThirdPersonCPP/Maps/ThirdPersonExampleMap.ThirdPersonExampleMap_C' with ClassGeneratedBy '/Game/ThirdPersonCPP/Maps/ThirdPersonExampleMap.ThirdPersonExampleMap:PersistentLevel.ThirdPersonExampleMap'
[2017.03.09-03.16.30:755][170]LogPlayLevel: PlayLevel: No blueprints needed recompiling
[2017.03.09-03.16.30:755][170]PIE: New page: PIE session: ThirdPersonExampleMap (9 Mar 2017 03:16:30)
[2017.03.09-03.16.30:755][170]LogPlayLevel: Creating play world package: /Game/ThirdPersonCPP/Maps/UEDPIE_0_ThirdPersonExampleMap
[2017.03.09-03.16.30:777][170]LogPlayLevel: PIE: StaticDuplicateObject took: (0.021109s)
[2017.03.09-03.16.30:778][170]LogAIModule: Creating AISystem for world ThirdPersonExampleMap
[2017.03.09-03.16.30:778][170]LogPlayLevel: PIE: World Init took: (0.001133s)
[2017.03.09-03.16.30:778][170]LogPlayLevel: PIE: Created PIE world by copying editor world from /Game/ThirdPersonCPP/Maps/ThirdPersonExampleMap.ThirdPersonExampleMap to /Game/ThirdPersonCPP/Maps/UEDPIE_0_ThirdPersonExampleMap.ThirdPersonExampleMap (0.022951s)
[2017.03.09-03.16.30:793][170]LogInit: XAudio2 using 'Speakers (Realtek High Definition Audio)' : 2 channels at 48 kHz using 32 bits per sample (channel mask 0x3)
[2017.03.09-03.16.30:799][170]LogInit: FAudioDevice initialized.
[2017.03.09-03.16.30:852][170]LogWorld: Game class is 'DissertationLevelGameMode'
[2017.03.09-03.16.30:927][170]LogWorld: Bringing World /Game/ThirdPersonCPP/Maps/UEDPIE_0_ThirdPersonExampleMap.ThirdPersonExampleMap up for play (max tick rate 0) at 2017.03.09-03.16.30
[2017.03.09-03.16.30:932][170]LogWorld: Bringing up level for play took: 0.077548
[2017.03.09-03.16.30:936][170]LogActor:Warning: WorldObject /Game/ThirdPersonCPP/Maps/UEDPIE_0_ThirdPersonExampleMap.ThirdPersonExampleMap:PersistentLevel.WorldObject_0 has natively added scene component(s), but none of them were set as the actor's RootComponent - picking one arbitrarily
[2017.03.09-03.16.30:937][170]LogActor:Warning: WorldObject /Game/ThirdPersonCPP/Maps/UEDPIE_0_ThirdPersonExampleMap.ThirdPersonExampleMap:PersistentLevel.WorldObject_1 has natively added scene component(s), but none of them were set as the actor's RootComponent - picking one arbitrarily
[2017.03.09-03.16.30:937][170]LogActor:Warning: WorldObject /Game/ThirdPersonCPP/Maps/UEDPIE_0_ThirdPersonExampleMap.ThirdPersonExampleMap:PersistentLevel.WorldObject_2 has natively added scene component(s), but none of them were set as the actor's RootComponent - picking one arbitrarily
[2017.03.09-03.16.30:938][170]LogActor:Warning: WorldObject /Game/ThirdPersonCPP/Maps/UEDPIE_0_ThirdPersonExampleMap.ThirdPersonExampleMap:PersistentLevel.WorldObject_3 has natively added scene component(s), but none of them were set as the actor's RootComponent - picking one arbitrarily
[2017.03.09-03.16.30:942][170]LogActor:Warning: WorldObject /Game/ThirdPersonCPP/Maps/UEDPIE_0_ThirdPersonExampleMap.ThirdPersonExampleMap:PersistentLevel.WorldObject_4 has natively added scene component(s), but none of them were set as the actor's RootComponent - picking one arbitrarily
[2017.03.09-03.16.30:942][170]LogActor:Warning: WorldObject /Game/ThirdPersonCPP/Maps/UEDPIE_0_ThirdPersonExampleMap.ThirdPersonExampleMap:PersistentLevel.WorldObject_5 has natively added scene component(s), but none of them were set as the actor's RootComponent - picking one arbitrarily
[2017.03.09-03.16.30:944][170]LogActor:Warning: WorldObject /Game/ThirdPersonCPP/Maps/UEDPIE_0_ThirdPersonExampleMap.ThirdPersonExampleMap:PersistentLevel.WorldObject_6 has natively added scene component(s), but none of them were set as the actor's RootComponent - picking one arbitrarily
[2017.03.09-03.16.30:945][170]LogActor:Warning: WorldObject /Game/ThirdPersonCPP/Maps/UEDPIE_0_ThirdPersonExampleMap.ThirdPersonExampleMap:PersistentLevel.WorldObject_7 has natively added scene component(s), but none of them were set as the actor's RootComponent - picking one arbitrarily
[2017.03.09-03.16.30:946][170]LogActor:Warning: WorldObject /Game/ThirdPersonCPP/Maps/UEDPIE_0_ThirdPersonExampleMap.ThirdPersonExampleMap:PersistentLevel.WorldObject_8 has natively added scene component(s), but none of them were set as the actor's RootComponent - picking one arbitrarily
[2017.03.09-03.16.30:947][170]LogActor:Warning: WorldObject /Game/ThirdPersonCPP/Maps/UEDPIE_0_ThirdPersonExampleMap.ThirdPersonExampleMap:PersistentLevel.WorldObject_9 has natively added scene component(s), but none of them were set as the actor's RootComponent - picking one arbitrarily
[2017.03.09-03.16.30:949][170]LogActor:Warning: WorldObject /Game/ThirdPersonCPP/Maps/UEDPIE_0_ThirdPersonExampleMap.ThirdPersonExampleMap:PersistentLevel.WorldObject_10 has natively added scene component(s), but none of them were set as the actor's RootComponent - picking one arbitrarily
[2017.03.09-03.16.30:950][170]LogActor:Warning: WorldObject /Game/ThirdPersonCPP/Maps/UEDPIE_0_ThirdPersonExampleMap.ThirdPersonExampleMap:PersistentLevel.WorldObject_11 has natively added scene component(s), but none of them were set as the actor's RootComponent - picking one arbitrarily
[2017.03.09-03.16.30:952][170]LogActor:Warning: WorldObject /Game/ThirdPersonCPP/Maps/UEDPIE_0_ThirdPersonExampleMap.ThirdPersonExampleMap:PersistentLevel.WorldObject_12 has natively added scene component(s), but none of them were set as the actor's RootComponent - picking one arbitrarily
[2017.03.09-03.16.30:953][170]LogActor:Warning: WorldObject /Game/ThirdPersonCPP/Maps/UEDPIE_0_ThirdPersonExampleMap.ThirdPersonExampleMap:PersistentLevel.WorldObject_13 has natively added scene component(s), but none of them were set as the actor's RootComponent - picking one arbitrarily
[2017.03.09-03.16.30:954][170]LogActor:Warning: WorldObject /Game/ThirdPersonCPP/Maps/UEDPIE_0_ThirdPersonExampleMap.ThirdPersonExampleMap:PersistentLevel.WorldObject_14 has natively added scene component(s), but none of them were set as the actor's RootComponent - picking one arbitrarily
[2017.03.09-03.16.30:955][170]PIE: Info Play in editor start time for /Game/ThirdPersonCPP/Maps/UEDPIE_0_ThirdPersonExampleMap 1.005
[2017.03.09-03.16.30:956][170]LogBlueprintUserMessages: Late PlayInEditor Detection: Level '/Game/ThirdPersonCPP/Maps/ThirdPersonExampleMap.ThirdPersonExampleMap:PersistentLevel' has LevelScriptBlueprint '/Game/ThirdPersonCPP/Maps/ThirdPersonExampleMap.ThirdPersonExampleMap:PersistentLevel.ThirdPersonExampleMap' with GeneratedClass '/Game/ThirdPersonCPP/Maps/ThirdPersonExampleMap.ThirdPersonExampleMap_C' with ClassGeneratedBy '/Game/ThirdPersonCPP/Maps/ThirdPersonExampleMap.ThirdPersonExampleMap:PersistentLevel.ThirdPersonExampleMap'
[2017.03.09-03.16.42:867][592]Cmd: EnableGDT
[2017.03.09-03.16.42:867][592]LogGameplayDebugger:Warning: Got from client: EnableGDT 
[2017.03.09-03.16.50:516][864]LogEQS:Warning: Query [FindPlayer_EQS] can't use test [AStarQueryTest_0] in option 0 [], removing it
[2017.03.09-03.17.12:006][453]LogClass: DNOOOOO!!!!!
[2017.03.09-03.17.12:006][453]LogClass: PATHING?
[2017.03.09-03.17.13:284][456]LogClass: DNOOOOO!!!!!
[2017.03.09-03.17.13:285][456]LogClass: PATHING?
[2017.03.09-03.17.14:866][459]LogClass: DNOOOOO!!!!!
[2017.03.09-03.17.14:867][459]LogClass: PATHING?
[2017.03.09-03.17.16:808][462]LogClass: DNOOOOO!!!!!
[2017.03.09-03.17.16:809][462]LogClass: PATHING?
[2017.03.09-03.17.19:147][465]LogClass: DNOOOOO!!!!!
[2017.03.09-03.17.19:147][465]LogClass: PATHING?
[2017.03.09-03.17.19:154][466]Set new viewmode: Wireframe
[2017.03.09-03.17.21:910][468]LogClass: DNOOOOO!!!!!
[2017.03.09-03.17.21:910][468]LogClass: PATHING?
[2017.03.09-03.17.25:125][471]LogClass: DNOOOOO!!!!!
[2017.03.09-03.17.25:125][471]LogClass: PATHING?
[2017.03.09-03.17.25:134][472]Set new viewmode: Wireframe
[2017.03.09-03.17.28:848][474]LogClass: DNOOOOO!!!!!
[2017.03.09-03.17.28:848][474]LogClass: PATHING?
[2017.03.09-03.17.28:856][475]Set new viewmode: Wireframe
[2017.03.09-03.17.33:123][477]LogClass: DNOOOOO!!!!!
[2017.03.09-03.17.33:123][477]LogClass: PATHING?
[2017.03.09-03.17.37:995][480]LogClass: DNOOOOO!!!!!
[2017.03.09-03.17.37:996][480]LogClass: PATHING?
[2017.03.09-03.17.38:004][481]Set new viewmode: Wireframe
[2017.03.09-03.17.43:471][483]LogClass: DNOOOOO!!!!!
[2017.03.09-03.17.43:471][483]LogClass: PATHING?
[2017.03.09-03.17.49:606][486]LogClass: DNOOOOO!!!!!
[2017.03.09-03.17.49:606][486]LogClass: PATHING?
[2017.03.09-03.17.56:438][489]LogClass: DNOOOOO!!!!!
[2017.03.09-03.17.56:438][489]LogClass: PATHING?
[2017.03.09-03.17.56:458][490]LogBlueprintUserMessages: Early EndPlayMap Detection: Level '/Game/ThirdPersonCPP/Maps/ThirdPersonExampleMap.ThirdPersonExampleMap:PersistentLevel' has LevelScriptBlueprint '/Game/ThirdPersonCPP/Maps/ThirdPersonExampleMap.ThirdPersonExampleMap:PersistentLevel.ThirdPersonExampleMap' with GeneratedClass '/Game/ThirdPersonCPP/Maps/ThirdPersonExampleMap.ThirdPersonExampleMap_C' with ClassGeneratedBy '/Game/ThirdPersonCPP/Maps/ThirdPersonExampleMap.ThirdPersonExampleMap:PersistentLevel.ThirdPersonExampleMap'
[2017.03.09-03.17.56:491][490]LogBlueprintUserMessages: Late EndPlayMap Detection: Level '/Game/ThirdPersonCPP/Maps/ThirdPersonExampleMap.ThirdPersonExampleMap:PersistentLevel' has LevelScriptBlueprint '/Game/ThirdPersonCPP/Maps/ThirdPersonExampleMap.ThirdPersonExampleMap:PersistentLevel.ThirdPersonExampleMap' with GeneratedClass '/Game/ThirdPersonCPP/Maps/ThirdPersonExampleMap.ThirdPersonExampleMap_C' with ClassGeneratedBy '/Game/ThirdPersonCPP/Maps/ThirdPersonExampleMap.ThirdPersonExampleMap:PersistentLevel.ThirdPersonExampleMap'
[2017.03.09-03.18.03:589][121]Cmd: SELECT NONE
[2017.03.09-03.18.11:166][752]LogBlueprintUserMessages: Early PlayInEditor Detection: Level '/Game/ThirdPersonCPP/Maps/ThirdPersonExampleMap.ThirdPersonExampleMap:PersistentLevel' has LevelScriptBlueprint '/Game/ThirdPersonCPP/Maps/ThirdPersonExampleMap.ThirdPersonExampleMap:PersistentLevel.ThirdPersonExampleMap' with GeneratedClass '/Game/ThirdPersonCPP/Maps/ThirdPersonExampleMap.ThirdPersonExampleMap_C' with ClassGeneratedBy '/Game/ThirdPersonCPP/Maps/ThirdPersonExampleMap.ThirdPersonExampleMap:PersistentLevel.ThirdPersonExampleMap'
[2017.03.09-03.18.11:166][752]LogPlayLevel: PlayLevel: No blueprints needed recompiling
[2017.03.09-03.18.11:166][752]PIE: New page: PIE session: ThirdPersonExampleMap (9 Mar 2017 03:18:11)
[2017.03.09-03.18.11:166][752]LogPlayLevel: Creating play world package: /Game/ThirdPersonCPP/Maps/UEDPIE_0_ThirdPersonExampleMap
[2017.03.09-03.18.11:188][752]LogPlayLevel: PIE: StaticDuplicateObject took: (0.021978s)
[2017.03.09-03.18.11:189][752]LogAIModule: Creating AISystem for world ThirdPersonExampleMap
[2017.03.09-03.18.11:189][752]LogPlayLevel: PIE: World Init took: (0.001226s)
[2017.03.09-03.18.11:190][752]LogPlayLevel: PIE: Created PIE world by copying editor world from /Game/ThirdPersonCPP/Maps/ThirdPersonExampleMap.ThirdPersonExampleMap to /Game/ThirdPersonCPP/Maps/UEDPIE_0_ThirdPersonExampleMap.ThirdPersonExampleMap (0.023691s)
[2017.03.09-03.18.11:204][752]LogInit: XAudio2 using 'Speakers (Realtek High Definition Audio)' : 2 channels at 48 kHz using 32 bits per sample (channel mask 0x3)
[2017.03.09-03.18.11:210][752]LogInit: FAudioDevice initialized.
[2017.03.09-03.18.11:260][752]LogWorld: Game class is 'DissertationLevelGameMode'
[2017.03.09-03.18.11:365][752]LogWorld: Bringing World /Game/ThirdPersonCPP/Maps/UEDPIE_0_ThirdPersonExampleMap.ThirdPersonExampleMap up for play (max tick rate 0) at 2017.03.09-03.18.11
[2017.03.09-03.18.11:374][752]LogWorld: Bringing up level for play took: 0.111693
[2017.03.09-03.18.11:381][752]LogActor:Warning: WorldObject /Game/ThirdPersonCPP/Maps/UEDPIE_0_ThirdPersonExampleMap.ThirdPersonExampleMap:PersistentLevel.WorldObject_0 has natively added scene component(s), but none of them were set as the actor's RootComponent - picking one arbitrarily
[2017.03.09-03.18.11:382][752]LogActor:Warning: WorldObject /Game/ThirdPersonCPP/Maps/UEDPIE_0_ThirdPersonExampleMap.ThirdPersonExampleMap:PersistentLevel.WorldObject_1 has natively added scene component(s), but none of them were set as the actor's RootComponent - picking one arbitrarily
[2017.03.09-03.18.11:383][752]LogActor:Warning: WorldObject /Game/ThirdPersonCPP/Maps/UEDPIE_0_ThirdPersonExampleMap.ThirdPersonExampleMap:PersistentLevel.WorldObject_2 has natively added scene component(s), but none of them were set as the actor's RootComponent - picking one arbitrarily
[2017.03.09-03.18.11:385][752]LogActor:Warning: WorldObject /Game/ThirdPersonCPP/Maps/UEDPIE_0_ThirdPersonExampleMap.ThirdPersonExampleMap:PersistentLevel.WorldObject_3 has natively added scene component(s), but none of them were set as the actor's RootComponent - picking one arbitrarily
[2017.03.09-03.18.11:386][752]LogActor:Warning: WorldObject /Game/ThirdPersonCPP/Maps/UEDPIE_0_ThirdPersonExampleMap.ThirdPersonExampleMap:PersistentLevel.WorldObject_4 has natively added scene component(s), but none of them were set as the actor's RootComponent - picking one arbitrarily
[2017.03.09-03.18.11:387][752]LogActor:Warning: WorldObject /Game/ThirdPersonCPP/Maps/UEDPIE_0_ThirdPersonExampleMap.ThirdPersonExampleMap:PersistentLevel.WorldObject_5 has natively added scene component(s), but none of them were set as the actor's RootComponent - picking one arbitrarily
[2017.03.09-03.18.11:388][752]LogActor:Warning: WorldObject /Game/ThirdPersonCPP/Maps/UEDPIE_0_ThirdPersonExampleMap.ThirdPersonExampleMap:PersistentLevel.WorldObject_6 has natively added scene component(s), but none of them were set as the actor's RootComponent - picking one arbitrarily
[2017.03.09-03.18.11:390][752]LogActor:Warning: WorldObject /Game/ThirdPersonCPP/Maps/UEDPIE_0_ThirdPersonExampleMap.ThirdPersonExampleMap:PersistentLevel.WorldObject_7 has natively added scene component(s), but none of them were set as the actor's RootComponent - picking one arbitrarily
[2017.03.09-03.18.11:391][752]LogActor:Warning: WorldObject /Game/ThirdPersonCPP/Maps/UEDPIE_0_ThirdPersonExampleMap.ThirdPersonExampleMap:PersistentLevel.WorldObject_8 has natively added scene component(s), but none of them were set as the actor's RootComponent - picking one arbitrarily
[2017.03.09-03.18.11:392][752]LogActor:Warning: WorldObject /Game/ThirdPersonCPP/Maps/UEDPIE_0_ThirdPersonExampleMap.ThirdPersonExampleMap:PersistentLevel.WorldObject_9 has natively added scene component(s), but none of them were set as the actor's RootComponent - picking one arbitrarily
[2017.03.09-03.18.11:393][752]LogActor:Warning: WorldObject /Game/ThirdPersonCPP/Maps/UEDPIE_0_ThirdPersonExampleMap.ThirdPersonExampleMap:PersistentLevel.WorldObject_10 has natively added scene component(s), but none of them were set as the actor's RootComponent - picking one arbitrarily
[2017.03.09-03.18.11:393][752]LogActor:Warning: WorldObject /Game/ThirdPersonCPP/Maps/UEDPIE_0_ThirdPersonExampleMap.ThirdPersonExampleMap:PersistentLevel.WorldObject_11 has natively added scene component(s), but none of them were set as the actor's RootComponent - picking one arbitrarily
[2017.03.09-03.18.11:399][752]LogActor:Warning: WorldObject /Game/ThirdPersonCPP/Maps/UEDPIE_0_ThirdPersonExampleMap.ThirdPersonExampleMap:PersistentLevel.WorldObject_12 has natively added scene component(s), but none of them were set as the actor's RootComponent - picking one arbitrarily
[2017.03.09-03.18.11:400][752]LogActor:Warning: WorldObject /Game/ThirdPersonCPP/Maps/UEDPIE_0_ThirdPersonExampleMap.ThirdPersonExampleMap:PersistentLevel.WorldObject_13 has natively added scene component(s), but none of them were set as the actor's RootComponent - picking one arbitrarily
[2017.03.09-03.18.11:401][752]LogActor:Warning: WorldObject /Game/ThirdPersonCPP/Maps/UEDPIE_0_ThirdPersonExampleMap.ThirdPersonExampleMap:PersistentLevel.WorldObject_14 has natively added scene component(s), but none of them were set as the actor's RootComponent - picking one arbitrarily
[2017.03.09-03.18.11:402][752]PIE: Info Play in editor start time for /Game/ThirdPersonCPP/Maps/UEDPIE_0_ThirdPersonExampleMap -0.548
[2017.03.09-03.18.11:403][752]LogBlueprintUserMessages: Late PlayInEditor Detection: Level '/Game/ThirdPersonCPP/Maps/ThirdPersonExampleMap.ThirdPersonExampleMap:PersistentLevel' has LevelScriptBlueprint '/Game/ThirdPersonCPP/Maps/ThirdPersonExampleMap.ThirdPersonExampleMap:PersistentLevel.ThirdPersonExampleMap' with GeneratedClass '/Game/ThirdPersonCPP/Maps/ThirdPersonExampleMap.ThirdPersonExampleMap_C' with ClassGeneratedBy '/Game/ThirdPersonCPP/Maps/ThirdPersonExampleMap.ThirdPersonExampleMap:PersistentLevel.ThirdPersonExampleMap'
[2017.03.09-03.18.16:003][905]Cmd: EnableGDT
[2017.03.09-03.18.16:003][905]LogGameplayDebugger:Warning: Got from client: EnableGDT 
[2017.03.09-03.18.31:294][441]LogEQS:Warning: Query [FindPlayer_EQS] can't use test [AStarQueryTest_0] in option 0 [], removing it
[2017.03.09-03.18.31:356][442]LogClass: DNOOOOO!!!!!
[2017.03.09-03.18.31:356][442]LogClass: PATHING?
[2017.03.09-03.18.31:542][445]LogClass: DNOOOOO!!!!!
[2017.03.09-03.18.31:542][445]LogClass: PATHING?
[2017.03.09-03.18.31:788][448]LogClass: DNOOOOO!!!!!
[2017.03.09-03.18.31:788][448]LogClass: PATHING?
[2017.03.09-03.18.32:365][452]LogClass: DNOOOOO!!!!!
[2017.03.09-03.18.32:365][452]LogClass: PATHING?
[2017.03.09-03.18.33:118][455]LogClass: DNOOOOO!!!!!
[2017.03.09-03.18.33:118][455]LogClass: PATHING?
[2017.03.09-03.18.34:110][458]LogClass: DNOOOOO!!!!!
[2017.03.09-03.18.34:110][458]LogClass: PATHING?
[2017.03.09-03.18.35:383][461]LogClass: DNOOOOO!!!!!
[2017.03.09-03.18.35:383][461]LogClass: PATHING?
[2017.03.09-03.18.36:978][464]LogClass: DNOOOOO!!!!!
[2017.03.09-03.18.36:978][464]LogClass: PATHING?
[2017.03.09-03.18.39:007][467]LogClass: DNOOOOO!!!!!
[2017.03.09-03.18.39:007][467]LogClass: PATHING?
[2017.03.09-03.18.41:346][470]LogClass: DNOOOOO!!!!!
[2017.03.09-03.18.41:346][470]LogClass: PATHING?
[2017.03.09-03.18.44:125][473]LogClass: DNOOOOO!!!!!
[2017.03.09-03.18.44:125][473]LogClass: PATHING?
[2017.03.09-03.18.47:384][476]LogClass: DNOOOOO!!!!!
[2017.03.09-03.18.47:384][476]LogClass: PATHING?
[2017.03.09-03.18.53:780][480]LogClass: DNOOOOO!!!!!
[2017.03.09-03.18.53:780][480]LogClass: PATHING?
[2017.03.09-03.18.59:124][483]LogClass: DNOOOOO!!!!!
[2017.03.09-03.18.59:124][483]LogClass: PATHING?
[2017.03.09-03.19.07:605][582]LogClass: DNOOOOO!!!!!
[2017.03.09-03.19.07:605][582]LogClass: PATHING?
[2017.03.09-03.19.13:800][585]LogClass: DNOOOOO!!!!!
[2017.03.09-03.19.13:800][585]LogClass: PATHING?
[2017.03.09-03.19.20:687][588]LogClass: DNOOOOO!!!!!
[2017.03.09-03.19.20:687][588]LogClass: PATHING?
[2017.03.09-03.19.28:291][591]LogClass: DNOOOOO!!!!!
[2017.03.09-03.19.28:292][591]LogClass: PATHING?
[2017.03.09-03.19.36:659][594]LogClass: DNOOOOO!!!!!
[2017.03.09-03.19.36:659][594]LogClass: PATHING?
[2017.03.09-03.19.45:844][597]LogClass: DNOOOOO!!!!!
[2017.03.09-03.19.45:844][597]LogClass: PATHING?
[2017.03.09-03.