Log file open, 03/09/17 00:34:34
LogInit:Display: Running engine for game: DissertationLevel
LogPlatformFile: Not using cached read wrapper
LogInit:Display: RandInit(-1763843876) SRandInit(-1763843875).
LogTaskGraph: Started task graph with 4 named threads and 7 total threads with 1 sets of task threads.
LogStats: Stats thread started at 0.069966
LogInit: Version: 4.12.5-3039270+++UE4+Release-4.12
LogInit: API Version: 2992821
LogInit: Net Version: 3039270
LogDevObjectVersion: Number of dev versions registered: 13
LogDevObjectVersion:   Dev-Blueprints (B0D832E4-1F89-4F0D-ACCF-7EB736FD4AA2): 3
LogDevObjectVersion:   Dev-Build (E1C64328-A22C-4D53-A36C-8E866417BD8C): 0
LogDevObjectVersion:   Dev-Core (375EC13C-06E4-48FB-B500-84F0262A717E): 1
LogDevObjectVersion:   Dev-Editor (E4B068ED-F494-42E9-A231-DA0B2E46BB41): 2
LogDevObjectVersion:   Dev-Framework (CFFC743F-43B0-4480-9391-14DF171D2073): 6
LogDevObjectVersion:   Dev-Mobile (B02B49B5-BB20-44E9-A304-32B752E40360): 0
LogDevObjectVersion:   Dev-Networking (A4E4105C-59A1-49B5-A7C5-40C4547EDFEE): 0
LogDevObjectVersion:   Dev-Online (39C831C9-5AE6-47DC-9A44-9C173E1C8E7C): 0
LogDevObjectVersion:   Dev-Physics (78F01B33-EBEA-4F98-B9B4-84EACCB95AA2): 0
LogDevObjectVersion:   Dev-Platform (6631380F-2D4D-43E0-8009-CF276956A95A): 0
LogDevObjectVersion:   Dev-Rendering (12F88B9F-8875-4AFC-A67C-D90C383ABD29): 2
LogDevObjectVersion:   Dev-Sequencer (7B5AE74C-D270-4C10-A958-57980B212A5A): 0
LogDevObjectVersion:   Dev-VR (D7296918-1DD6-4BDD-9DE2-64A83CC13884): 0
LogInit: Compiled (64-bit): Jul  6 2016 09:09:46
LogInit: Compiled with Visual C++: 19.00.23026.00
LogInit: Build Configuration: Development
LogInit: Branch Name: ++UE4+Release-4.12
LogInit: Command line: 
LogInit: Base directory: C:/Program Files/Epic Games/4.12/Engine/Binaries/Win64/
LogInit: Installed Engine Build: 1
LogInit: Using libcurl 7.41.0
LogInit:  - built for x86_64-pc-win32
LogInit:  - supports SSL with WinSSL
LogInit:  - other features:
LogInit:      CURL_VERSION_SSL
LogInit:      CURL_VERSION_IPV6
LogInit:      CURL_VERSION_ASYNCHDNS
LogInit:      CURL_VERSION_LARGEFILE
LogInit:      CURL_VERSION_IDN
LogInit:  CurlRequestOptions (configurable via config and command line):
LogInit:  - bVerifyPeer = true  - Libcurl will verify peer certificate
LogInit:  - bUseHttpProxy = false  - Libcurl will NOT use HTTP proxy
LogInit:  - bDontReuseConnections = false  - Libcurl will reuse connections
LogInit:  - CertBundlePath = nullptr  - Libcurl will use whatever was configured at build time.
LogInit: Presizing for max 8388607 objects, including 0 objects not considered by GC, pre-allocating 0 bytes for permanent pool.
LogInit: Object subsystem initialized
[2017.03.09-00.34.35:110][  0]LogInit: Selected Device Profile: [Windows]
[2017.03.09-00.34.35:110][  0]LogInit: Applying CVar settings loaded from the selected device profile: [Windows]
[2017.03.09-00.34.35:234][  0]LogInit: Computer: RIGG001
[2017.03.09-00.34.35:234][  0]LogInit: User: b3030113
[2017.03.09-00.34.35:234][  0]LogInit: CPU Page size=65536, Cores=4
[2017.03.09-00.34.35:234][  0]LogInit: High frequency timer resolution =3.312791 MHz
[2017.03.09-00.34.35:234][  0]LogMemory: Memory total: Physical=8.0GB (8GB approx)
[2017.03.09-00.34.35:234][  0]LogMemory: Platform Memory Stats for Windows
[2017.03.09-00.34.35:234][  0]LogMemory: Process Physical Memory: 188.38 MB used, 188.38 MB peak
[2017.03.09-00.34.35:234][  0]LogMemory: Process Virtual Memory: 195.09 MB used, 195.09 MB peak
[2017.03.09-00.34.35:234][  0]LogMemory: Physical Memory: 5817.01 MB used, 8142.59 MB total
[2017.03.09-00.34.35:234][  0]LogMemory: Virtual Memory: 536.59 MB used, 134217728.00 MB total
[2017.03.09-00.34.35:281][  0]LogTextLocalizationManager: No specific translations for ('en-GB') exist, so ('en') translations will be used.
[2017.03.09-00.34.35:659][  0]LogD3D11RHI: D3D11 adapters:
[2017.03.09-00.34.35:678][  0]LogD3D11RHI:    0. 'NVIDIA GeForce GT 610  ' (Feature Level 11_0)
[2017.03.09-00.34.35:678][  0]LogD3D11RHI:       973/0/3071 MB DedicatedVideo/DedicatedSystem/SharedSystem, Outputs:1, VendorId:0x10de
[2017.03.09-00.34.35:689][  0]LogD3D11RHI:    1. 'Microsoft Basic Render Driver' (Feature Level 11_0)
[2017.03.09-00.34.35:689][  0]LogD3D11RHI:       0/0/256 MB DedicatedVideo/DedicatedSystem/SharedSystem, Outputs:0, VendorId:0x1414
[2017.03.09-00.34.35:689][  0]LogD3D11RHI: Chosen D3D11 Adapter: 0
[2017.03.09-00.34.35:692][  0]LogD3D11RHI: Creating new Direct3DDevice
[2017.03.09-00.34.35:692][  0]LogD3D11RHI:     GPU DeviceId: 0x104a (for the marketing name, search the web for "GPU Device Id")
[2017.03.09-00.34.35:692][  0]LogWindows: EnumDisplayDevices:
[2017.03.09-00.34.35:692][  0]LogWindows:    0. 'NVIDIA GeForce GT 610  ' (P:1 D:1)
[2017.03.09-00.34.35:692][  0]LogWindows:    1. 'NVIDIA GeForce GT 610  ' (P:0 D:0)
[2017.03.09-00.34.35:692][  0]LogWindows: DebugString: FoundDriverCount:2 
[2017.03.09-00.34.35:692][  0]LogD3D11RHI:     Adapter Name: NVIDIA GeForce GT 610  
[2017.03.09-00.34.35:692][  0]LogD3D11RHI:   Driver Version: 362.84 (internal:10.18.13.6284, unified:362.84)
[2017.03.09-00.34.35:692][  0]LogD3D11RHI:      Driver Date: 6-26-2016
[2017.03.09-00.34.35:693][  0]LogRHI: Texture pool is 681 MB (70% of 973 MB)
[2017.03.09-00.34.35:702][  0]LogD3D11RHI: Async texture creation enabled
[2017.03.09-00.34.35:719][  0]LogD3D11RHI: GPU Timing Frequency: 1000.000000 (Debug: 2 2)
[2017.03.09-00.34.35:719][  0]LogShaderCompilers: Guid format shader working directory is -12 characters bigger than the processId version (D:/Unreal Engine Projects/DissertationLevel/DissertationLevel/Intermediate/Shaders/WorkingDirectory/1912/).
[2017.03.09-00.34.35:719][  0]LogShaderCompilers: Cleaned the shader compiler working directory 'C:/Users/b3030113/AppData/Local/Temp/UnrealShaderWorkingDir/9999C74547015BD4AEBA5685448A9BE9/'.
[2017.03.09-00.34.35:719][  0]LogShaderCompilers:Display: Using Local Shader Compiler.
[2017.03.09-00.34.36:669][  0]LogTemp:Display: Loaded TP AllDesktopTargetPlatform
[2017.03.09-00.34.36:681][  0]LogTemp:Display: Loaded TP WindowsClientTargetPlatform
[2017.03.09-00.34.36:693][  0]LogTemp:Display: Loaded TP WindowsNoEditorTargetPlatform
[2017.03.09-00.34.36:710][  0]LogTemp:Display: Loaded TP WindowsServerTargetPlatform
[2017.03.09-00.34.36:723][  0]LogTemp:Display: Loaded TP WindowsTargetPlatform
[2017.03.09-00.34.36:736][  0]LogTemp:Display: Loaded TP AndroidTargetPlatform
[2017.03.09-00.34.36:747][  0]LogTemp:Display: Loaded TP Android_ASTCTargetPlatform
[2017.03.09-00.34.36:759][  0]LogTemp:Display: Loaded TP Android_ATCTargetPlatform
[2017.03.09-00.34.36:773][  0]LogTemp:Display: Loaded TP Android_DXTTargetPlatform
[2017.03.09-00.34.36:788][  0]LogTemp:Display: Loaded TP Android_ETC1TargetPlatform
[2017.03.09-00.34.36:802][  0]LogTemp:Display: Loaded TP Android_ETC2TargetPlatform
[2017.03.09-00.34.36:831][  0]LogTemp:Display: Loaded TP Android_MultiTargetPlatform
[2017.03.09-00.34.36:831][  0]LogTemp:Display: Loaded TP Android_PVRTCTargetPlatform
[2017.03.09-00.34.36:832][  0]LogTemp:Display: Loaded TP HTML5TargetPlatform
[2017.03.09-00.34.36:861][  0]LogTemp:Display: Loaded TP IOSTargetPlatform
[2017.03.09-00.34.36:872][  0]LogTemp:Display: Loaded TP TVOSTargetPlatform
[2017.03.09-00.34.36:885][  0]LogTemp:Display: Loaded TP LinuxNoEditorTargetPlatform
[2017.03.09-00.34.36:898][  0]LogTemp:Display: Loaded TP LinuxServerTargetPlatform
[2017.03.09-00.34.36:909][  0]LogTemp:Display: Loaded TP LinuxTargetPlatform
[2017.03.09-00.34.36:909][  0]LogTargetPlatformManager:Display: Building Assets For Windows
[2017.03.09-00.34.36:966][  0]LogDerivedDataCache:Display: Max Cache Size: 512 MB
[2017.03.09-00.34.37:045][  0]LogDerivedDataCache: Loaded boot cache 0.08s 71MB C:/Users/b3030113/AppData/Local/UnrealEngine/4.12/DerivedDataCache/Boot.ddc.
[2017.03.09-00.34.37:045][  0]LogDerivedDataCache:Display: Loaded Boot cache: C:/Users/b3030113/AppData/Local/UnrealEngine/4.12/DerivedDataCache/Boot.ddc
[2017.03.09-00.34.37:045][  0]LogDerivedDataCache: FDerivedDataBackendGraph:  Pak pak cache file D:/Unreal Engine Projects/DissertationLevel/DissertationLevel/DerivedDataCache/DDC.ddp not found, will not use a pak cache.
[2017.03.09-00.34.37:045][  0]LogDerivedDataCache: Unable to find inner node Pak for hierarchical cache Hierarchy.
[2017.03.09-00.34.37:046][  0]LogDerivedDataCache: FDerivedDataBackendGraph:  CompressedPak pak cache file D:/Unreal Engine Projects/DissertationLevel/DissertationLevel/DerivedDataCache/Compressed.ddp not found, will not use a pak cache.
[2017.03.09-00.34.37:046][  0]LogDerivedDataCache: Unable to find inner node CompressedPak for hierarchical cache Hierarchy.
[2017.03.09-00.34.37:062][  0]LogDerivedDataCache:Display: Pak cache opened for reading ../../../Engine/DerivedDataCache/Compressed.ddp.
[2017.03.09-00.34.37:074][  0]LogDerivedDataCache: Using Local data cache path C:/Users/b3030113/AppData/Local/UnrealEngine/Common/DerivedDataCache: Writable
[2017.03.09-00.34.38:119][  0]LogInit: Selected Device Profile: [Windows]
[2017.03.09-00.34.38:120][  0]LogContentStreaming: Texture pool size is 0.00 MB
[2017.03.09-00.34.38:385][  0]LogMeshUtilities: No automatic mesh reduction module available
[2017.03.09-00.34.38:385][  0]LogMeshUtilities: No automatic mesh merging module available
[2017.03.09-00.34.38:385][  0]LogMeshUtilities: No distributed automatic mesh merging module available
[2017.03.09-00.34.39:391][  0]LogAssetRegistry: FAssetRegistry took 0.0222 seconds to start up
[2017.03.09-00.34.42:431][  0]LogPackageLocalizationCache: Processed 3 localized package path(s) for 2 prioritized culture(s) in 3.033698 seconds
[2017.03.09-00.34.42:439][  0]LogUObjectArray: 28739 objects as part of root set at end of initial load.
[2017.03.09-00.34.42:439][  0]LogUObjectAllocator: 5855632 out of 0 bytes used by permanent object pool.
[2017.03.09-00.34.42:439][  0]LogUObjectArray: CloseDisregardForGC: 0/0 objects in disregard for GC pool
[2017.03.09-00.34.42:449][  0]LogInit: WinSock: version 1.1 (2.2), MaxSocks=32767, MaxUdp=65467
[2017.03.09-00.34.43:408][  0]LogSlate: SlateFontCache - WITH_FREETYPE: 1, WITH_HARFBUZZ: 1
[2017.03.09-00.34.43:408][  0]LogSlate: SlateFontCache - WITH_FREETYPE: 1, WITH_HARFBUZZ: 1
[2017.03.09-00.34.58:784][  0]LogUdpMessaging: Initializing bridge on interface 0.0.0.0:0 to multicast group 230.0.0.1:6666.
[2017.03.09-00.35.00:006][  0]SourceControl: Info Source control is disabled
[2017.03.09-00.35.00:031][  0]SourceControl: Info Source control is disabled
[2017.03.09-00.35.00:037][  0]SourceControl: Info Source control is disabled
[2017.03.09-00.35.00:043][  0]SourceControl: Info Source control is disabled
[2017.03.09-00.35.00:324][  0]LogEngine: Initializing Engine...
[2017.03.09-00.35.00:324][  0]LogHMD: SteamVR failed to initialize.  Err: 110
[2017.03.09-00.35.00:325][  0]LogHMD: SteamVR failed to initialize.  Err: 110
[2017.03.09-00.35.00:713][  0]LogAIModule: Creating AISystem for world NewWorld
[2017.03.09-00.35.00:718][  0]LogInit: XAudio2 using 'Speakers (Realtek High Definition Audio)' : 2 channels at 48 kHz using 32 bits per sample (channel mask 0x3)
[2017.03.09-00.35.00:735][  0]LogInit: FAudioDevice initialized.
[2017.03.09-00.35.00:770][  0]LogDerivedDataCache: Saved boot cache 0.03s 58MB C:/Users/b3030113/AppData/Local/UnrealEngine/4.12/DerivedDataCache/Boot.ddc.
[2017.03.09-00.35.00:779][  0]LogInit: Texture streaming: Enabled
[2017.03.09-00.35.00:802][  0]LogInit: Transaction tracking system initialized
[2017.03.09-00.35.00:817][  0]BlueprintLog: New page: Editor Load
[2017.03.09-00.35.00:982][  0]LocalizationService: Info Localization service is disabled
[2017.03.09-00.35.01:124][  0]LogConsoleResponse:Display: 
[2017.03.09-00.35.01:905][  0]LogCook:Display: Max memory allowance for cook 8192mb
[2017.03.09-00.35.01:905][  0]LogCook:Display: Mobile HDR setting 1
[2017.03.09-00.35.02:252][  0]LogFileCache: Scanning file cache for directory 'D:/Unreal Engine Projects/DissertationLevel/DissertationLevel/Content/' took 0.06s
[2017.03.09-00.35.02:252][  0]SourceControl: Info Source control is disabled
[2017.03.09-00.35.02:253][  0]Cmd: MAP LOAD FILE="D:/Unreal Engine Projects/DissertationLevel/DissertationLevel/Content/ThirdPersonCPP/Maps/ThirdPersonExampleMap.umap" TEMPLATE=0 SHOWPROGRESS=1 FEATURELEVEL=3
[2017.03.09-00.35.02:259][  0]LightingResults: New page: Lighting Build
[2017.03.09-00.35.02:260][  0]MapCheck: New page: Map Check
[2017.03.09-00.35.02:260][  0]LightingResults: New page: Lighting Build
[2017.03.09-00.35.02:916][  0]LogAIModule: Creating AISystem for world ThirdPersonExampleMap
[2017.03.09-00.35.03:095][  0]LogEditorServer: Finished looking for orphan Actors (0.000 secs)
[2017.03.09-00.35.03:147][  0]Cmd: MAP CHECKDEP NOCLEARLOG
[2017.03.09-00.35.03:243][  0]MapCheck: Info Map check complete: 0 Error(s), 0 Warning(s), took 95.921ms to complete.
[2017.03.09-00.35.03:243][  0]LogFileHelpers: Loading map 'ThirdPersonExampleMap' took 0.991
[2017.03.09-00.35.03:759][  0]LogCollectionManager: Loaded 0 collections in 0.002090 seconds
[2017.03.09-00.35.03:819][  0]LogFileCache: Scanning file cache for directory 'D:/Unreal Engine Projects/DissertationLevel/DissertationLevel/Saved/Collections/' took 0.01s
[2017.03.09-00.35.03:819][  0]LogFileCache: Scanning file cache for directory 'D:/Unreal Engine Projects/DissertationLevel/DissertationLevel/Content/Developers/b3030113/Collections/' took 0.01s
[2017.03.09-00.35.03:819][  0]LogFileCache: Scanning file cache for directory 'D:/Unreal Engine Projects/DissertationLevel/DissertationLevel/Content/Collections/' took 0.01s
[2017.03.09-00.35.03:819][  0]LogCollectionManager: Rebuilt the GUID cache for 0 collections in 0.000002 seconds
[2017.03.09-00.35.03:852][  0]LogContentBrowser: Native class hierarchy populated in 0.0330 seconds. Added 2068 classes and 376 folders.
[2017.03.09-00.35.03:942][  0]LogStats: UGameplayTagsManager::ConstructGameplayTagTree: Construct from data asset -  0.000 s
[2017.03.09-00.35.03:989][  0]LogStats: UGameplayTagsManager::ConstructGameplayTagTree: GameplayTagTreeChangedEvent.Broadcast -  0.047 s
[2017.03.09-00.35.04:035][  0]LogContentBrowser: Native class hierarchy updated for 'GameplayTags' in 0.0373 seconds. Added 12 classes and 0 folders.
[2017.03.09-00.35.04:073][  0]LogContentBrowser: Native class hierarchy updated for 'WidgetCarousel' in 0.0188 seconds. Added 0 classes and 0 folders.
[2017.03.09-00.35.05:879][  0]LogContentBrowser: Native class hierarchy updated for 'AddContentDialog' in 0.0190 seconds. Added 0 classes and 0 folders.
[2017.03.09-00.35.05:969][  0]LogContentBrowser: Native class hierarchy updated for 'SceneOutliner' in 0.0249 seconds. Added 1 classes and 2 folders.
[2017.03.09-00.35.06:127][  0]LogCrashTracker: Crashtracker disabled due to settings.
[2017.03.09-00.35.06:161][  0]LogUObjectGlobals:Warning: Failed to find object 'Class None.'
[2017.03.09-00.35.06:209][  0]LogContentBrowser: Native class hierarchy updated for 'HierarchicalLODOutliner' in 0.0197 seconds. Added 1 classes and 2 folders.
[2017.03.09-00.35.06:209][  0]LogLoad: Full Startup: 33.54 seconds (BP compile: 0.20 seconds)
[2017.03.09-00.35.06:209][  0]LogExternalProfiler: Found external profiler: VSPerf
[2017.03.09-00.35.06:209][  0]LogExternalProfiler: Using external profiler: VSPerf
[2017.03.09-00.35.06:219][  0]LogOcInput: OculusInput pre-init called
[2017.03.09-00.35.06:251][  0]LogContentStreaming: Texture pool size now 1000 MB
[2017.03.09-00.35.06:619][  0]LogRenderer: Reallocating scene render targets to support 1208x576 (Frame:2).
[2017.03.09-00.35.06:926][  1]LogActor:Warning: WinningLocation_BP_C /Engine/Transient.World_1:PersistentLevel.WinningLocation_BP_C_0 has natively added scene component(s), but none of them were set as the actor's RootComponent - picking one arbitrarily
[2017.03.09-00.35.07:013][  2]LogAssetRegistry: Asset discovery search completed in 27.6443 seconds
[2017.03.09-00.35.07:013][  2]LogCollectionManager: Rebuilt the object cache for 0 collections in 0.000001 seconds (found 0 objects)
[2017.03.09-00.35.07:013][  2]LogCollectionManager: Fixed up redirectors for 0 collections in 0.000019 seconds (updated 0 objects)
[2017.03.09-00.35.08:559][ 33]LogActor:Warning: WinningLocation_BP_C /Engine/Transient.World_1:PersistentLevel.WinningLocation_BP_C_1 has natively added scene component(s), but none of them were set as the actor's RootComponent - picking one arbitrarily
[2017.03.09-00.35.08:578][ 34]LogActor:Warning: WinningLocation_BP_C /Engine/Transient.World_1:PersistentLevel.WinningLocation_BP_C_2 has natively added scene component(s), but none of them were set as the actor's RootComponent - picking one arbitrarily
[2017.03.09-00.35.08:656][ 35]LogActor:Warning: WinningLocation_BP_C /Engine/Transient.World_1:PersistentLevel.WinningLocation_BP_C_3 has natively added scene component(s), but none of them were set as the actor's RootComponent - picking one arbitrarily
[2017.03.09-00.35.08:701][ 36]LogActor:Warning: WinningLocation_BP_C /Engine/Transient.World_1:PersistentLevel.WinningLocation_BP_C_4 has natively added scene component(s), but none of them were set as the actor's RootComponent - picking one arbitrarily
[2017.03.09-00.35.08:843][ 37]LogActor:Warning: WinningLocation_BP_C /Engine/Transient.World_1:PersistentLevel.WinningLocation_BP_C_5 has natively added scene component(s), but none of them were set as the actor's RootComponent - picking one arbitrarily
[2017.03.09-00.35.09:127][ 39]LogActor:Warning: WinningLocation_BP_C /Engine/Transient.World_1:PersistentLevel.WinningLocation_BP_C_6 has natively added scene component(s), but none of them were set as the actor's RootComponent - picking one arbitrarily
[2017.03.09-00.35.09:274][ 40]LogActor:Warning: WinningLocation_BP_C /Engine/Transient.World_1:PersistentLevel.WinningLocation_BP_C_7 has natively added scene component(s), but none of them were set as the actor's RootComponent - picking one arbitrarily
[2017.03.09-00.35.09:290][ 41]LogActor:Warning: WinningLocation_BP_C /Engine/Transient.World_1:PersistentLevel.WinningLocation_BP_C_8 has natively added scene component(s), but none of them were set as the actor's RootComponent - picking one arbitrarily
[2017.03.09-00.35.09:431][ 42]LogActor:Warning: WinningLocation_BP_C /Engine/Transient.World_1:PersistentLevel.WinningLocation_BP_C_9 has natively added scene component(s), but none of them were set as the actor's RootComponent - picking one arbitrarily
[2017.03.09-00.35.09:574][ 43]LogActor:Warning: WinningLocation_BP_C /Engine/Transient.World_1:PersistentLevel.WinningLocation_BP_C_10 has natively added scene component(s), but none of them were set as the actor's RootComponent - picking one arbitrarily
[2017.03.09-00.35.09:715][ 44]LogActor:Warning: WinningLocation_BP_C /Engine/Transient.World_1:PersistentLevel.WinningLocation_BP_C_11 has natively added scene component(s), but none of them were set as the actor's RootComponent - picking one arbitrarily
[2017.03.09-00.35.09:857][ 45]LogActor:Warning: WinningLocation_BP_C /Engine/Transient.World_1:PersistentLevel.WinningLocation_BP_C_12 has natively added scene component(s), but none of them were set as the actor's RootComponent - picking one arbitrarily
[2017.03.09-00.35.10:000][ 46]LogActor:Warning: WinningLocation_BP_C /Engine/Transient.World_1:PersistentLevel.WinningLocation_BP_C_13 has natively added scene component(s), but none of them were set as the actor's RootComponent - picking one arbitrarily
[2017.03.09-00.35.10:141][ 47]LogActor:Warning: WinningLocation_BP_C /Engine/Transient.World_1:PersistentLevel.WinningLocation_BP_C_14 has natively added scene component(s), but none of them were set as the actor's RootComponent - picking one arbitrarily
[2017.03.09-00.35.10:283][ 48]LogActor:Warning: WinningLocation_BP_C /Engine/Transient.World_1:PersistentLevel.WinningLocation_BP_C_15 has natively added scene component(s), but none of them were set as the actor's RootComponent - picking one arbitrarily
[2017.03.09-00.35.10:425][ 49]LogActor:Warning: WinningLocation_BP_C /Engine/Transient.World_1:PersistentLevel.WinningLocation_BP_C_16 has natively added scene component(s), but none of them were set as the actor's RootComponent - picking one arbitrarily
[2017.03.09-00.35.10:567][ 50]LogActor:Warning: WinningLocation_BP_C /Engine/Transient.World_1:PersistentLevel.WinningLocation_BP_C_17 has natively added scene component(s), but none of them were set as the actor's RootComponent - picking one arbitrarily
[2017.03.09-00.35.10:710][ 51]LogActor:Warning: WinningLocation_BP_C /Engine/Transient.World_1:PersistentLevel.WinningLocation_BP_C_18 has natively added scene component(s), but none of them were set as the actor's RootComponent - picking one arbitrarily
[2017.03.09-00.35.10:852][ 52]LogActor:Warning: WinningLocation_BP_C /Engine/Transient.World_1:PersistentLevel.WinningLocation_BP_C_19 has natively added scene component(s), but none of them were set as the actor's RootComponent - picking one arbitrarily
[2017.03.09-00.35.11:134][ 54]LogActor:Warning: WinningLocation_BP_C /Engine/Transient.World_1:PersistentLevel.WinningLocation_BP_C_20 has natively added scene component(s), but none of them were set as the actor's RootComponent - picking one arbitrarily
[2017.03.09-00.35.11:276][ 55]LogActor:Warning: WinningLocation_BP_C /Engine/Transient.World_1:PersistentLevel.WinningLocation_BP_C_21 has natively added scene component(s), but none of them were set as the actor's RootComponent - picking one arbitrarily
[2017.03.09-00.35.11:298][ 56]LogActor:Warning: WinningLocation_BP_C /Engine/Transient.World_1:PersistentLevel.WinningLocation_BP_C_22 has natively added scene component(s), but none of them were set as the actor's RootComponent - picking one arbitrarily
[2017.03.09-00.35.11:439][ 57]LogActor:Warning: WinningLocation_BP_C /Engine/Transient.World_1:PersistentLevel.WinningLocation_BP_C_23 has natively added scene component(s), but none of them were set as the actor's RootComponent - picking one arbitrarily
[2017.03.09-00.35.11:580][ 58]LogActor:Warning: WinningLocation_BP_C /Engine/Transient.World_1:PersistentLevel.WinningLocation_BP_C_24 has natively added scene component(s), but none of them were set as the actor's RootComponent - picking one arbitrarily
[2017.03.09-00.35.11:722][ 59]LogActor:Warning: WinningLocation_BP_C /Engine/Transient.World_1:PersistentLevel.WinningLocation_BP_C_25 has natively added scene component(s), but none of them were set as the actor's RootComponent - picking one arbitrarily
[2017.03.09-00.35.11:863][ 60]LogActor:Warning: WinningLocation_BP_C /Engine/Transient.World_1:PersistentLevel.WinningLocation_BP_C_26 has natively added scene component(s), but none of them were set as the actor's RootComponent - picking one arbitrarily
[2017.03.09-00.35.12:004][ 61]LogActor:Warning: WinningLocation_BP_C /Engine/Transient.World_1:PersistentLevel.WinningLocation_BP_C_27 has natively added scene component(s), but none of them were set as the actor's RootComponent - picking one arbitrarily
[2017.03.09-00.35.12:146][ 62]LogActor:Warning: WinningLocation_BP_C /Engine/Transient.World_1:PersistentLevel.WinningLocation_BP_C_28 has natively added scene component(s), but none of them were set as the actor's RootComponent - picking one arbitrarily
[2017.03.09-00.35.12:288][ 63]LogActor:Warning: WinningLocation_BP_C /Engine/Transient.World_1:PersistentLevel.WinningLocation_BP_C_29 has natively added scene component(s), but none of them were set as the actor's RootComponent - picking one arbitrarily
[2017.03.09-00.35.12:429][ 64]LogActor:Warning: WinningLocation_BP_C /Engine/Transient.World_1:PersistentLevel.WinningLocation_BP_C_30 has natively added scene component(s), but none of them were set as the actor's RootComponent - picking one arbitrarily
[2017.03.09-00.35.12:570][ 65]LogActor:Warning: WinningLocation_BP_C /Engine/Transient.World_1:PersistentLevel.WinningLocation_BP_C_31 has natively added scene component(s), but none of them were set as the actor's RootComponent - picking one arbitrarily
[2017.03.09-00.35.12:712][ 66]LogActor:Warning: WinningLocation_BP_C /Engine/Transient.World_1:PersistentLevel.WinningLocation_BP_C_32 has natively added scene component(s), but none of them were set as the actor's RootComponent - picking one arbitrarily
[2017.03.09-00.35.12:853][ 67]LogActor:Warning: WinningLocation_BP_C /Engine/Transient.World_1:PersistentLevel.WinningLocation_BP_C_33 has natively added scene component(s), but none of them were set as the actor's RootComponent - picking one arbitrarily
[2017.03.09-00.35.13:138][ 69]LogActor:Warning: WinningLocation_BP_C /Engine/Transient.World_1:PersistentLevel.WinningLocation_BP_C_34 has natively added scene component(s), but none of them were set as the actor's RootComponent - picking one arbitrarily
[2017.03.09-00.35.13:286][ 70]LogActor:Warning: WinningLocation_BP_C /Engine/Transient.World_1:PersistentLevel.WinningLocation_BP_C_35 has natively added scene component(s), but none of them were set as the actor's RootComponent - picking one arbitrarily
[2017.03.09-00.35.13:300][ 71]LogActor:Warning: WinningLocation_BP_C /Engine/Transient.World_1:PersistentLevel.WinningLocation_BP_C_36 has natively added scene component(s), but none of them were set as the actor's RootComponent - picking one arbitrarily
[2017.03.09-00.35.13:441][ 72]LogActor:Warning: WinningLocation_BP_C /Engine/Transient.World_1:PersistentLevel.WinningLocation_BP_C_37 has natively added scene component(s), but none of them were set as the actor's RootComponent - picking one arbitrarily
[2017.03.09-00.35.13:585][ 73]LogActor:Warning: WinningLocation_BP_C /Engine/Transient.World_1:PersistentLevel.WinningLocation_BP_C_38 has natively added scene component(s), but none of them were set as the actor's RootComponent - picking one arbitrarily
[2017.03.09-00.35.13:730][ 74]LogActor:Warning: WinningLocation_BP_C /Engine/Transient.World_1:PersistentLevel.WinningLocation_BP_C_39 has natively added scene component(s), but none of them were set as the actor's RootComponent - picking one arbitrarily
[2017.03.09-00.35.13:873][ 75]LogActor:Warning: WinningLocation_BP_C /Engine/Transient.World_1:PersistentLevel.WinningLocation_BP_C_40 has natively added scene component(s), but none of them were set as the actor's RootComponent - picking one arbitrarily
[2017.03.09-00.35.14:016][ 76]LogActor:Warning: WinningLocation_BP_C /Engine/Transient.World_1:PersistentLevel.WinningLocation_BP_C_41 has natively added scene component(s), but none of them were set as the actor's RootComponent - picking one arbitrarily
[2017.03.09-00.35.14:157][ 77]LogActor:Warning: WinningLocation_BP_C /Engine/Transient.World_1:PersistentLevel.WinningLocation_BP_C_42 has natively added scene component(s), but none of them were set as the actor's RootComponent - picking one arbitrarily
[2017.03.09-00.35.14:298][ 78]LogActor:Warning: WinningLocation_BP_C /Engine/Transient.World_1:PersistentLevel.WinningLocation_BP_C_43 has natively added scene component(s), but none of them were set as the actor's RootComponent - picking one arbitrarily
[2017.03.09-00.35.14:441][ 79]LogActor:Warning: WinningLocation_BP_C /Engine/Transient.World_1:PersistentLevel.WinningLocation_BP_C_44 has natively added scene component(s), but none of them were set as the actor's RootComponent - picking one arbitrarily
[2017.03.09-00.35.14:582][ 80]LogActor:Warning: WinningLocation_BP_C /Engine/Transient.World_1:PersistentLevel.WinningLocation_BP_C_45 has natively added scene component(s), but none of them were set as the actor's RootComponent - picking one arbitrarily
[2017.03.09-00.35.14:724][ 81]LogActor:Warning: WinningLocation_BP_C /Engine/Transient.World_1:PersistentLevel.WinningLocation_BP_C_46 has natively added scene component(s), but none of them were set as the actor's RootComponent - picking one arbitrarily
[2017.03.09-00.35.14:865][ 82]LogActor:Warning: WinningLocation_BP_C /Engine/Transient.World_1:PersistentLevel.WinningLocation_BP_C_47 has natively added scene component(s), but none of them were set as the actor's RootComponent - picking one arbitrarily
[2017.03.09-00.35.15:148][ 84]LogActor:Warning: WinningLocation_BP_C /Engine/Transient.World_1:PersistentLevel.WinningLocation_BP_C_48 has natively added scene component(s), but none of them were set as the actor's RootComponent - picking one arbitrarily
[2017.03.09-00.35.15:294][ 85]LogActor:Warning: WinningLocation_BP_C /Engine/Transient.World_1:PersistentLevel.WinningLocation_BP_C_49 has natively added scene component(s), but none of them were set as the actor's RootComponent - picking one arbitrarily
[2017.03.09-00.35.15:310][ 86]LogActor:Warning: WinningLocation_BP_C /Engine/Transient.World_1:PersistentLevel.WinningLocation_BP_C_50 has natively added scene component(s), but none of them were set as the actor's RootComponent - picking one arbitrarily
[2017.03.09-00.35.15:451][ 87]LogActor:Warning: WinningLocation_BP_C /Engine/Transient.World_1:PersistentLevel.WinningLocation_BP_C_51 has natively added scene component(s), but none of them were set as the actor's RootComponent - picking one arbitrarily
[2017.03.09-00.35.15:592][ 88]LogActor:Warning: WinningLocation_BP_C /Engine/Transient.World_1:PersistentLevel.WinningLocation_BP_C_52 has natively added scene component(s), but none of them were set as the actor's RootComponent - picking one arbitrarily
[2017.03.09-00.35.15:733][ 89]LogActor:Warning: WinningLocation_BP_C /Engine/Transient.World_1:PersistentLevel.WinningLocation_BP_C_53 has natively added scene component(s), but none of them were set as the actor's RootComponent - picking one arbitrarily
[2017.03.09-00.35.15:875][ 90]LogActor:Warning: WinningLocation_BP_C /Engine/Transient.World_1:PersistentLevel.WinningLocation_BP_C_54 has natively added scene component(s), but none of them were set as the actor's RootComponent - picking one arbitrarily
[2017.03.09-00.35.16:016][ 91]LogActor:Warning: WinningLocation_BP_C /Engine/Transient.World_1:PersistentLevel.WinningLocation_BP_C_55 has natively added scene component(s), but none of them were set as the actor's RootComponent - picking one arbitrarily
[2017.03.09-00.35.16:159][ 92]LogActor:Warning: WinningLocation_BP_C /Engine/Transient.World_1:PersistentLevel.WinningLocation_BP_C_56 has natively added scene component(s), but none of them were set as the actor's RootComponent - picking one arbitrarily
[2017.03.09-00.35.16:300][ 93]LogActor:Warning: WinningLocation_BP_C /Engine/Transient.World_1:PersistentLevel.WinningLocation_BP_C_57 has natively added scene component(s), but none of them were set as the actor's RootComponent - picking one arbitrarily
[2017.03.09-00.35.16:442][ 94]LogActor:Warning: WinningLocation_BP_C /Engine/Transient.World_1:PersistentLevel.WinningLocation_BP_C_58 has natively added scene component(s), but none of them were set as the actor's RootComponent - picking one arbitrarily
[2017.03.09-00.35.16:582][ 95]LogActor:Warning: WinningLocation_BP_C /Engine/Transient.World_1:PersistentLevel.WinningLocation_BP_C_59 has natively added scene component(s), but none of them were set as the actor's RootComponent - picking one arbitrarily
[2017.03.09-00.35.16:724][ 96]LogActor:Warning: WinningLocation_BP_C /Engine/Transient.World_1:PersistentLevel.WinningLocation_BP_C_60 has natively added scene component(s), but none of them were set as the actor's RootComponent - picking one arbitrarily
[2017.03.09-00.35.16:865][ 97]LogActor:Warning: WinningLocation_BP_C /Engine/Transient.World_1:PersistentLevel.WinningLocation_BP_C_61 has natively added scene component(s), but none of them were set as the actor's RootComponent - picking one arbitrarily
[2017.03.09-00.35.17:149][ 99]LogActor:Warning: WinningLocation_BP_C /Engine/Transient.World_1:PersistentLevel.WinningLocation_BP_C_62 has natively added scene component(s), but none of them were set as the actor's RootComponent - picking one arbitrarily
[2017.03.09-00.35.17:295][100]LogActor:Warning: WinningLocation_BP_C /Engine/Transient.World_1:PersistentLevel.WinningLocation_BP_C_63 has natively added scene component(s), but none of them were set as the actor's RootComponent - picking one arbitrarily
[2017.03.09-00.35.17:315][101]LogActor:Warning: WinningLocation_BP_C /Engine/Transient.World_1:PersistentLevel.WinningLocation_BP_C_64 has natively added scene component(s), but none of them were set as the actor's RootComponent - picking one arbitrarily
[2017.03.09-00.35.17:451][102]LogActor:Warning: WinningLocation_BP_C /Engine/Transient.World_1:PersistentLevel.WinningLocation_BP_C_65 has natively added scene component(s), but none of them were set as the actor's RootComponent - picking one arbitrarily
[2017.03.09-00.35.17:593][103]LogActor:Warning: WinningLocation_BP_C /Engine/Transient.World_1:PersistentLevel.WinningLocation_BP_C_66 has natively added scene component(s), but none of them were set as the actor's RootComponent - picking one arbitrarily
[2017.03.09-00.35.17:737][104]LogActor:Warning: WinningLocation_BP_C /Engine/Transient.World_1:PersistentLevel.WinningLocation_BP_C_67 has natively added scene component(s), but none of them were set as the actor's RootComponent - picking one arbitrarily
[2017.03.09-00.35.17:879][105]LogActor:Warning: WinningLocation_BP_C /Engine/Transient.World_1:PersistentLevel.WinningLocation_BP_C_68 has natively added scene component(s), but none of them were set as the actor's RootComponent - picking one arbitrarily
[2017.03.09-00.35.18:023][106]LogActor:Warning: WinningLocation_BP_C /Engine/Transient.World_1:PersistentLevel.WinningLocation_BP_C_69 has natively added scene component(s), but none of them were set as the actor's RootComponent - picking one arbitrarily
[2017.03.09-00.35.18:165][107]LogActor:Warning: WinningLocation_BP_C /Engine/Transient.World_1:PersistentLevel.WinningLocation_BP_C_70 has natively added scene component(s), but none of them were set as the actor's RootComponent - picking one arbitrarily
[2017.03.09-00.35.18:310][108]LogActor:Warning: WinningLocation_BP_C /Engine/Transient.World_1:PersistentLevel.WinningLocation_BP_C_71 has natively added scene component(s), but none of them were set as the actor's RootComponent - picking one arbitrarily
[2017.03.09-00.35.18:454][109]LogActor:Warning: WinningLocation_BP_C /Engine/Transient.World_1:PersistentLevel.WinningLocation_BP_C_72 has natively added scene component(s), but none of them were set as the actor's RootComponent - picking one arbitrarily
[2017.03.09-00.35.18:596][110]LogActor:Warning: WinningLocation_BP_C /Engine/Transient.World_1:PersistentLevel.WinningLocation_BP_C_73 has natively added scene component(s), but none of them were set as the actor's RootComponent - picking one arbitrarily
[2017.03.09-00.35.18:740][111]LogActor:Warning: WinningLocation_BP_C /Engine/Transient.World_1:PersistentLevel.WinningLocation_BP_C_74 has natively added scene component(s), but none of them were set as the actor's RootComponent - picking one arbitrarily
[2017.03.09-00.35.18:883][112]LogActor:Warning: WinningLocation_BP_C /Engine/Transient.World_1:PersistentLevel.WinningLocation_BP_C_75 has natively added scene component(s), but none of them were set as the actor's RootComponent - picking one arbitrarily
[2017.03.09-00.35.19:168][114]LogActor:Warning: WinningLocation_BP_C /Engine/Transient.World_1:PersistentLevel.WinningLocation_BP_C_76 has natively added scene component(s), but none of them were set as the actor's RootComponent - picking one arbitrarily
[2017.03.09-00.35.19:314][115]LogActor:Warning: WinningLocation_BP_C /Engine/Transient.World_1:PersistentLevel.WinningLocation_BP_C_77 has natively added scene component(s), but none of them were set as the actor's RootComponent - picking one arbitrarily
[2017.03.09-00.35.19:331][116]LogActor:Warning: WinningLocation_BP_C /Engine/Transient.World_1:PersistentLevel.WinningLocation_BP_C_78 has natively added scene component(s), but none of them were set as the actor's RootComponent - picking one arbitrarily
[2017.03.09-00.35.19:473][117]LogActor:Warning: WinningLocation_BP_C /Engine/Transient.World_1:PersistentLevel.WinningLocation_BP_C_79 has natively added scene component(s), but none of them were set as the actor's RootComponent - picking one arbitrarily
[2017.03.09-00.35.19:615][118]LogActor:Warning: WinningLocation_BP_C /Engine/Transient.World_1:PersistentLevel.WinningLocation_BP_C_80 has natively added scene component(s), but none of them were set as the actor's RootComponent - picking one arbitrarily
[2017.03.09-00.35.19:760][119]LogActor:Warning: WinningLocation_BP_C /Engine/Transient.World_1:PersistentLevel.WinningLocation_BP_C_81 has natively added scene component(s), but none of them were set as the actor's RootComponent - picking one arbitrarily
[2017.03.09-00.35.19:911][120]LogActor:Warning: WinningLocation_BP_C /Engine/Transient.World_1:PersistentLevel.WinningLocation_BP_C_82 has natively added scene component(s), but none of them were set as the actor's RootComponent - picking one arbitrarily
[2017.03.09-00.35.20:043][121]LogActor:Warning: WinningLocation_BP_C /Engine/Transient.World_1:PersistentLevel.WinningLocation_BP_C_83 has natively added scene component(s), but none of them were set as the actor's RootComponent - picking one arbitrarily
[2017.03.09-00.35.20:184][122]LogActor:Warning: WinningLocation_BP_C /Engine/Transient.World_1:PersistentLevel.WinningLocation_BP_C_84 has natively added scene component(s), but none of them were set as the actor's RootComponent - picking one arbitrarily
[2017.03.09-00.35.20:193][123]LogActor:Warning: WinningLocation_BP_C /Engine/Transient.World_1:PersistentLevel.WinningLocation_BP_C_85 has natively added scene component(s), but none of them were set as the actor's RootComponent - picking one arbitrarily
[2017.03.09-00.35.20:201][124]LogActor:Warning: WinningLocation_BP_C /Engine/Transient.World_1:PersistentLevel.WinningLocation_BP_C_86 has natively added scene component(s), but none of them were set as the actor's RootComponent - picking one arbitrarily
[2017.03.09-00.35.20:209][125]LogActor:Warning: WinningLocation_BP_C /Engine/Transient.World_1:PersistentLevel.WinningLocation_BP_C_87 has natively added scene component(s), but none of them were set as the actor's RootComponent - picking one arbitrarily
[2017.03.09-00.35.20:330][126]LogActor:Warning: WinningLocation_BP_C /Engine/Transient.World_1:PersistentLevel.WinningLocation_BP_C_88 has natively added scene component(s), but none of them were set as the actor's RootComponent - picking one arbitrarily
[2017.03.09-00.35.20:460][127]LogActor:Warning: WinningLocation_BP_C /Engine/Transient.World_1:PersistentLevel.WinningLocation_BP_C_89 has natively added scene component(s), but none of them were set as the actor's RootComponent - picking one arbitrarily
[2017.03.09-00.35.20:578][128]LogActor:Warning: WinningLocation_BP_C /Engine/Transient.World_1:PersistentLevel.WinningLocation_BP_C_90 has natively added scene component(s), but none of them were set as the actor's RootComponent - picking one arbitrarily
[2017.03.09-00.35.22:082][173]Recompiling DissertationLevel...
[2017.03.09-00.35.22:084][173]Launching UnrealBuildTool... [C:/Program Files/Epic Games/4.12/Engine/Binaries/DotNET/UnrealBuildTool.exe DissertationLevel -ModuleWithSuffix DissertationLevel 9226 Win64 Development -editorrecompile -canskiplink "D:/Unreal Engine Projects/DissertationLevel/DissertationLevel/DissertationLevel.uproject"  -2015]
[2017.03.09-00.35.22:085][173]Warning: Starting HotReload took  0.1s.
[2017.03.09-00.36.24:906][446]CompilerResultsLog: New page: Compilation - 9 Mar 2017 00:36:24
[2017.03.09-00.36.24:915][446]CompilerResultsLog: Info Creating makefile for hot reloading DissertationLevel (working set of source files changed)
[2017.03.09-00.36.24:915][446]CompilerResultsLog: Info Compiling game modules for hot reload
[2017.03.09-00.36.24:915][446]CompilerResultsLog: Info Parsing headers for DissertationLevelEditor
[2017.03.09-00.36.24:915][446]CompilerResultsLog: Info   Running UnrealHeaderTool "D:\Unreal Engine Projects\DissertationLevel\DissertationLevel\DissertationLevel.uproject" "D:\Unreal Engine Projects\DissertationLevel\DissertationLevel\Intermediate\Build\Win64\DissertationLevelEditor\Development\DissertationLevelEditor.uhtmanifest" -LogCmds="loginit warning, logexit warning, logdatabase error" -Unattended -WarningsAsErrors -installed
[2017.03.09-00.36.24:915][446]CompilerResultsLog: Info Reflection code generated for DissertationLevelEditor in 6.1215805 seconds
[2017.03.09-00.36.24:915][446]CompilerResultsLog: Info Performing 12 actions (4 in parallel)
[2017.03.09-00.36.24:915][446]CompilerResultsLog: Info EnemyAIController.cpp
[2017.03.09-00.36.24:915][446]CompilerResultsLog: Info DissertationLevel.generated.cpp
[2017.03.09-00.36.24:915][446]CompilerResultsLog: Info EnemyCharacter.cpp
[2017.03.09-00.36.24:915][446]CompilerResultsLog: Info BTService_CheckForPlayer.cpp
[2017.03.09-00.36.24:915][446]CompilerResultsLog:Error: Error D:\Unreal Engine Projects\DissertationLevel\DissertationLevel\Source\DissertationLevel\AI\EnemyAIController.cpp(89) : error C2228: left of '.ID' must have class/struct/union
[2017.03.09-00.36.24:915][446]CompilerResultsLog:Error: Error D:\Unreal Engine Projects\DissertationLevel\DissertationLevel\Source\DissertationLevel\AI\EnemyAIController.cpp(89) : note: type is 'FNodeCost *'
[2017.03.09-00.36.24:915][446]CompilerResultsLog:Error: Error D:\Unreal Engine Projects\DissertationLevel\DissertationLevel\Source\DissertationLevel\AI\EnemyAIController.cpp(89) : note: did you intend to use '->' instead?
[2017.03.09-00.36.24:915][446]CompilerResultsLog:Error: Error D:\Unreal Engine Projects\DissertationLevel\DissertationLevel\Source\DissertationLevel\AI\EnemyAIController.cpp(95) : error C2228: left of '.connected' must have class/struct/union
[2017.03.09-00.36.24:915][446]CompilerResultsLog:Error: Error D:\Unreal Engine Projects\DissertationLevel\DissertationLevel\Source\DissertationLevel\AI\EnemyAIController.cpp(95) : note: type is 'FNodeCost *'
[2017.03.09-00.36.24:915][446]CompilerResultsLog:Error: Error D:\Unreal Engine Projects\DissertationLevel\DissertationLevel\Source\DissertationLevel\AI\EnemyAIController.cpp(95) : note: did you intend to use '->' instead?
[2017.03.09-00.36.24:915][446]CompilerResultsLog:Error: Error D:\Unreal Engine Projects\DissertationLevel\DissertationLevel\Source\DissertationLevel\AI\EnemyAIController.cpp(95) : error C2228: left of '.Num' must have class/struct/union
[2017.03.09-00.36.24:915][446]CompilerResultsLog:Error: Error D:\Unreal Engine Projects\DissertationLevel\DissertationLevel\Source\DissertationLevel\AI\EnemyAIController.cpp(96) : error C2228: left of '.connected' must have class/struct/union
[2017.03.09-00.36.24:915][446]CompilerResultsLog:Error: Error D:\Unreal Engine Projects\DissertationLevel\DissertationLevel\Source\DissertationLevel\AI\EnemyAIController.cpp(96) : note: type is 'FNodeCost *const '
[2017.03.09-00.36.24:915][446]CompilerResultsLog:Error: Error D:\Unreal Engine Projects\DissertationLevel\DissertationLevel\Source\DissertationLevel\AI\EnemyAIController.cpp(96) : note: did you intend to use '->' instead?
[2017.03.09-00.36.24:915][446]CompilerResultsLog:Error: Error D:\Unreal Engine Projects\DissertationLevel\DissertationLevel\Source\DissertationLevel\AI\EnemyAIController.cpp(97) : error C2228: left of '.position' must have class/struct/union
[2017.03.09-00.36.24:915][446]CompilerResultsLog:Error: Error D:\Unreal Engine Projects\DissertationLevel\DissertationLevel\Source\DissertationLevel\AI\EnemyAIController.cpp(97) : note: type is 'FNodeCost *'
[2017.03.09-00.36.24:915][446]CompilerResultsLog:Error: Error D:\Unreal Engine Projects\DissertationLevel\DissertationLevel\Source\DissertationLevel\AI\EnemyAIController.cpp(97) : note: did you intend to use '->' instead?
[2017.03.09-00.36.24:915][446]CompilerResultsLog: Info BTTask_SelectPatrolPoint.cpp
[2017.03.09-00.36.24:915][446]CompilerResultsLog: Info EnvQueryGenerator_AStarNodes.cpp
[2017.03.09-00.36.24:915][446]CompilerResultsLog: Info BTTask_MoveToPlayer.cpp
[2017.03.09-00.36.24:915][446]CompilerResultsLog: Info FindPlayerQueryContext.cpp
[2017.03.09-00.36.24:915][446]CompilerResultsLog: Info PlayerTrail.cpp
[2017.03.09-00.36.24:916][446]CompilerResultsLog: Info AStarQueryTest.cpp
[2017.03.09-00.36.24:916][446]CompilerResultsLog: Info DissertationLevelGameMode.cpp
[2017.03.09-00.36.24:916][446]CompilerResultsLog: Info ERROR: UBT ERROR: Failed to produce item: D:\Unreal Engine Projects\DissertationLevel\DissertationLevel\Binaries\Win64\UE4Editor-DissertationLevel-9226.dll
[2017.03.09-00.36.24:916][446]CompilerResultsLog: Info Total build time: 62.49 seconds
[2017.03.09-00.36.24:916][446]LogMainFrame: MainFrame: Module compiling took 62.868 seconds
[2017.03.09-00.36.24:936][446]Warning: HotReload failed, recompile failed
[2017.03.09-00.36.29:674][687]LogActor:Warning: WinningLocation_BP_C /Engine/Transient.World_1:PersistentLevel.WinningLocation_BP_C_91 has natively added scene component(s), but none of them were set as the actor's RootComponent - picking one arbitrarily
[2017.03.09-00.36.29:700][688]LogActor:Warning: WinningLocation_BP_C /Engine/Transient.World_1:PersistentLevel.WinningLocation_BP_C_92 has natively added scene component(s), but none of them were set as the actor's RootComponent - picking one arbitrarily
[2017.03.09-00.36.33:788][837]LogActor:Warning: WinningLocation_BP_C /Engine/Transient.World_1:PersistentLevel.WinningLocation_BP_C_93 has natively added scene component(s), but none of them were set as the actor's RootComponent - picking one arbitrarily
[2017.03.09-00.36.33:812][838]LogActor:Warning: WinningLocation_BP_C /Engine/Transient.World_1:PersistentLevel.WinningLocation_BP_C_94 has natively added scene component(s), but none of them were set as the actor's RootComponent - picking one arbitrarily
[2017.03.09-00.36.33:912][839]LogActor:Warning: WinningLocation_BP_C /Engine/Transient.World_1:PersistentLevel.WinningLocation_BP_C_95 has natively added scene component(s), but none of them were set as the actor's RootComponent - picking one arbitrarily
[2017.03.09-00.36.33:992][840]LogActor:Warning: WinningLocation_BP_C /Engine/Transient.World_1:PersistentLevel.WinningLocation_BP_C_96 has natively added scene component(s), but none of them were set as the actor's RootComponent - picking one arbitrarily
[2017.03.09-00.36.34:141][841]LogActor:Warning: WinningLocation_BP_C /Engine/Transient.World_1:PersistentLevel.WinningLocation_BP_C_97 has natively added scene component(s), but none of them were set as the actor's RootComponent - picking one arbitrarily
[2017.03.09-00.37.31:403][ 20]LogActor:Warning: WinningLocation_BP_C /Engine/Transient.World_1:PersistentLevel.WinningLocation_BP_C_98 has natively added scene component(s), but none of them were set as the actor's RootComponent - picking one arbitrarily
[2017.03.09-00.37.31:417][ 21]LogActor:Warning: WinningLocation_BP_C /Engine/Transient.World_1:PersistentLevel.WinningLocation_BP_C_99 has natively added scene component(s), but none of them were set as the actor's RootComponent - picking one arbitrarily
[2017.03.09-00.37.34:917][219]Recompiling DissertationLevel...
[2017.03.09-00.37.34:920][219]Launching UnrealBuildTool... [C:/Program Files/Epic Games/4.12/Engine/Binaries/DotNET/UnrealBuildTool.exe DissertationLevel -ModuleWithSuffix DissertationLevel 8209 Win64 Development -editorrecompile -canskiplink "D:/Unreal Engine Projects/DissertationLevel/DissertationLevel/DissertationLevel.uproject"  -2015]
[2017.03.09-00.37.34:939][219]Warning: Starting HotReload took  0.0s.
[2017.03.09-00.39.17:245][413]CompilerResultsLog: New page: Compilation - 9 Mar 2017 00:39:17
[2017.03.09-00.39.17:245][413]CompilerResultsLog: Info Creating makefile for hot reloading DissertationLevel (working set of source files changed)
[2017.03.09-00.39.17:245][413]CompilerResultsLog: Info Compiling game modules for hot reload
[2017.03.09-00.39.17:245][413]CompilerResultsLog: Info Performing 2 actions (4 in parallel)
[2017.03.09-00.39.17:245][413]CompilerResultsLog: Info EnemyAIController.cpp
[2017.03.09-00.39.17:245][413]CompilerResultsLog: Info [2/2] Link UE4Editor-DissertationLevel-8209.dll
[2017.03.09-00.39.17:245][413]CompilerResultsLog: Info    Creating library D:\Unreal Engine Projects\DissertationLevel\DissertationLevel\Intermediate\Build\Win64\UE4Editor\Development\UE4Editor-DissertationLevel-8209.lib and object D:\Unreal Engine Projects\DissertationLevel\DissertationLevel\Intermediate\Build\Win64\UE4Editor\Development\UE4Editor-DissertationLevel-8209.exp
[2017.03.09-00.39.17:245][413]CompilerResultsLog: Info Total build time: 98.16 seconds
[2017.03.09-00.39.17:245][413]LogMainFrame: MainFrame: Module compiling took 102.341 seconds
[2017.03.09-00.39.17:641][413]LogClass: EPlayState HotReload.
[2017.03.09-00.39.17:641][413]LogClass: NodeCost HotReload.
[2017.03.09-00.39.17:716][413]LogContentBrowser: Native class hierarchy updated for 'DissertationLevel' in 0.0426 seconds. Added 14 classes and 5 folders.
[2017.03.09-00.39.17:717][413]Warning: HotReload successful (4 functions remapped  1 scriptstructs remapped)
[2017.03.09-00.39.18:118][413]LogContentBrowser: Native class hierarchy populated in 0.0552 seconds. Added 2070 classes and 380 folders.
[2017.03.09-00.39.18:125][413]Warning: HotReload took 103.2s.
[2017.03.09-00.40.43:736][149]LogBlueprintUserMessages: Early PlayInEditor Detection: Level '/Game/ThirdPersonCPP/Maps/ThirdPersonExampleMap.ThirdPersonExampleMap:PersistentLevel' has LevelScriptBlueprint '/Game/ThirdPersonCPP/Maps/ThirdPersonExampleMap.ThirdPersonExampleMap:PersistentLevel.ThirdPersonExampleMap' with GeneratedClass '/Game/ThirdPersonCPP/Maps/ThirdPersonExampleMap.ThirdPersonExampleMap_C' with ClassGeneratedBy '/Game/ThirdPersonCPP/Maps/ThirdPersonExampleMap.ThirdPersonExampleMap:PersistentLevel.ThirdPersonExampleMap'
[2017.03.09-00.40.43:736][149]LogPlayLevel: PlayLevel: No blueprints needed recompiling
[2017.03.09-00.40.43:766][149]PIE: New page: PIE session: ThirdPersonExampleMap (9 Mar 2017 00:40:43)
[2017.03.09-00.40.43:766][149]LogPlayLevel: Creating play world package: /Game/ThirdPersonCPP/Maps/UEDPIE_0_ThirdPersonExampleMap
[2017.03.09-00.40.43:937][149]LogPlayLevel: PIE: StaticDuplicateObject took: (0.170673s)
[2017.03.09-00.40.43:937][149]LogAIModule: Creating AISystem for world ThirdPersonExampleMap
[2017.03.09-00.40.43:938][149]LogPlayLevel: PIE: World Init took: (0.000893s)
[2017.03.09-00.40.43:959][149]LogPlayLevel: PIE: Created PIE world by copying editor world from /Game/ThirdPersonCPP/Maps/ThirdPersonExampleMap.ThirdPersonExampleMap to /Game/ThirdPersonCPP/Maps/UEDPIE_0_ThirdPersonExampleMap.ThirdPersonExampleMap (0.193614s)
[2017.03.09-00.40.44:005][149]LogInit: XAudio2 using 'Speakers (Realtek High Definition Audio)' : 2 channels at 48 kHz using 32 bits per sample (channel mask 0x3)
[2017.03.09-00.40.44:012][149]LogInit: FAudioDevice initialized.
[2017.03.09-00.40.44:264][149]LogWorld: Game class is 'DissertationLevelGameMode'
[2017.03.09-00.40.44:516][149]LogWorld: Bringing World /Game/ThirdPersonCPP/Maps/UEDPIE_0_ThirdPersonExampleMap.ThirdPersonExampleMap up for play (max tick rate 0) at 2017.03.09-00.40.44
[2017.03.09-00.40.44:680][149]LogWorld: Bringing up level for play took: 0.257373
[2017.03.09-00.40.44:922][149]LogContentBrowser: Native class hierarchy updated for 'MovieSceneCapture' in 0.0403 seconds. Added 11 classes and 0 folders.
[2017.03.09-00.40.44:941][149]LogActor:Warning: WorldObject /Game/ThirdPersonCPP/Maps/UEDPIE_0_ThirdPersonExampleMap.ThirdPersonExampleMap:PersistentLevel.WorldObject_0 has natively added scene component(s), but none of them were set as the actor's RootComponent - picking one arbitrarily
[2017.03.09-00.40.44:942][149]LogActor:Warning: WorldObject /Game/ThirdPersonCPP/Maps/UEDPIE_0_ThirdPersonExampleMap.ThirdPersonExampleMap:PersistentLevel.WorldObject_1 has natively added scene component(s), but none of them were set as the actor's RootComponent - picking one arbitrarily
[2017.03.09-00.40.44:943][149]LogActor:Warning: WorldObject /Game/ThirdPersonCPP/Maps/UEDPIE_0_ThirdPersonExampleMap.ThirdPersonExampleMap:PersistentLevel.WorldObject_2 has natively added scene component(s), but none of them were set as the actor's RootComponent - picking one arbitrarily
[2017.03.09-00.40.44:944][149]LogActor:Warning: WorldObject /Game/ThirdPersonCPP/Maps/UEDPIE_0_ThirdPersonExampleMap.ThirdPersonExampleMap:PersistentLevel.WorldObject_3 has natively added scene component(s), but none of them were set as the actor's RootComponent - picking one arbitrarily
[2017.03.09-00.40.44:945][149]LogActor:Warning: WorldObject /Game/ThirdPersonCPP/Maps/UEDPIE_0_ThirdPersonExampleMap.ThirdPersonExampleMap:PersistentLevel.WorldObject_4 has natively added scene component(s), but none of them were set as the actor's RootComponent - picking one arbitrarily
[2017.03.09-00.40.44:951][149]LogActor:Warning: WorldObject /Game/ThirdPersonCPP/Maps/UEDPIE_0_ThirdPersonExampleMap.ThirdPersonExampleMap:PersistentLevel.WorldObject_5 has natively added scene component(s), but none of them were set as the actor's RootComponent - picking one arbitrarily
[2017.03.09-00.40.44:952][149]LogActor:Warning: WorldObject /Game/ThirdPersonCPP/Maps/UEDPIE_0_ThirdPersonExampleMap.ThirdPersonExampleMap:PersistentLevel.WorldObject_6 has natively added scene component(s), but none of them were set as the actor's RootComponent - picking one arbitrarily
[2017.03.09-00.40.44:953][149]LogActor:Warning: WorldObject /Game/ThirdPersonCPP/Maps/UEDPIE_0_ThirdPersonExampleMap.ThirdPersonExampleMap:PersistentLevel.WorldObject_7 has natively added scene component(s), but none of them were set as the actor's RootComponent - picking one arbitrarily
[2017.03.09-00.40.44:954][149]LogActor:Warning: WorldObject /Game/ThirdPersonCPP/Maps/UEDPIE_0_ThirdPersonExampleMap.ThirdPersonExampleMap:PersistentLevel.WorldObject_8 has natively added scene component(s), but none of them were set as the actor's RootComponent - picking one arbitrarily
[2017.03.09-00.40.44:955][149]LogActor:Warning: WorldObject /Game/ThirdPersonCPP/Maps/UEDPIE_0_ThirdPersonExampleMap.ThirdPersonExampleMap:PersistentLevel.WorldObject_9 has natively added scene component(s), but none of them were set as the actor's RootComponent - picking one arbitrarily
[2017.03.09-00.40.44:956][149]LogActor:Warning: WorldObject /Game/ThirdPersonCPP/Maps/UEDPIE_0_ThirdPersonExampleMap.ThirdPersonExampleMap:PersistentLevel.WorldObject_10 has natively added scene component(s), but none of them were set as the actor's RootComponent - picking one arbitrarily
[2017.03.09-00.40.44:957][149]LogActor:Warning: WorldObject /Game/ThirdPersonCPP/Maps/UEDPIE_0_ThirdPersonExampleMap.ThirdPersonExampleMap:PersistentLevel.WorldObject_11 has natively added scene component(s), but none of them were set as the actor's RootComponent - picking one arbitrarily
[2017.03.09-00.40.44:958][149]LogActor:Warning: WorldObject /Game/ThirdPersonCPP/Maps/UEDPIE_0_ThirdPersonExampleMap.ThirdPersonExampleMap:PersistentLevel.WorldObject_12 has natively added scene component(s), but none of them were set as the actor's RootComponent - picking one arbitrarily
[2017.03.09-00.40.44:959][149]LogActor:Warning: WorldObject /Game/ThirdPersonCPP/Maps/UEDPIE_0_ThirdPersonExampleMap.ThirdPersonExampleMap:PersistentLevel.WorldObject_13 has natively added scene component(s), but none of them were set as the actor's RootComponent - picking one arbitrarily
[2017.03.09-00.40.44:960][149]LogActor:Warning: WorldObject /Game/ThirdPersonCPP/Maps/UEDPIE_0_ThirdPersonExampleMap.ThirdPersonExampleMap:PersistentLevel.WorldObject_14 has natively added scene component(s), but none of them were set as the actor's RootComponent - picking one arbitrarily
[2017.03.09-00.40.44:972][149]PIE: Info Play in editor start time for /Game/ThirdPersonCPP/Maps/UEDPIE_0_ThirdPersonExampleMap 1.043
[2017.03.09-00.40.44:972][149]LogBlueprintUserMessages: Late PlayInEditor Detection: Level '/Game/ThirdPersonCPP/Maps/ThirdPersonExampleMap.ThirdPersonExampleMap:PersistentLevel' has LevelScriptBlueprint '/Game/ThirdPersonCPP/Maps/ThirdPersonExampleMap.ThirdPersonExampleMap:PersistentLevel.ThirdPersonExampleMap' with GeneratedClass '/Game/ThirdPersonCPP/Maps/ThirdPersonExampleMap.ThirdPersonExampleMap_C' with ClassGeneratedBy '/Game/ThirdPersonCPP/Maps/ThirdPersonExampleMap.ThirdPersonExampleMap:PersistentLevel.ThirdPersonExampleMap'
[2017.03.09-00.40.47:275][171]Cmd: EnableGDT
[2017.03.09-00.40.47:378][171]LogGameplayDebugger:Warning: Got from client: EnableGDT 
[2017.03.09-00.40.48:150][181]LogEQS:Warning: Query [FindPlayer_EQS] can't use test [AStarQueryTest_0] in option 0 [], removing it
[2017.03.09-00.40.49:378][197]LogBlueprintUserMessages: Early EndPlayMap Detection: Level '/Game/ThirdPersonCPP/Maps/ThirdPersonExampleMap.ThirdPersonExampleMap:PersistentLevel' has LevelScriptBlueprint '/Game/ThirdPersonCPP/Maps/ThirdPersonExampleMap.ThirdPersonExampleMap:PersistentLevel.ThirdPersonExampleMap' with GeneratedClass '/Game/ThirdPersonCPP/Maps/ThirdPersonExampleMap.ThirdPersonExampleMap_C' with ClassGeneratedBy '/Game/ThirdPersonCPP/Maps/ThirdPersonExampleMap.ThirdPersonExampleMap:PersistentLevel.ThirdPersonExampleMap'
[2017.03.09-00.40.49:627][197]LogBlueprintUserMessages: Late EndPlayMap Detection: Level '/Game/ThirdPersonCPP/Maps/ThirdPersonExampleMap.ThirdPersonExampleMap:PersistentLevel' has LevelScriptBlueprint '/Game/ThirdPersonCPP/Maps/ThirdPersonExampleMap.ThirdPersonExampleMap:PersistentLevel.ThirdPersonExampleMap' with GeneratedClass '/Game/ThirdPersonCPP/Maps/ThirdPersonExampleMap.ThirdPersonExampleMap_C' with ClassGeneratedBy '/Game/ThirdPersonCPP/Maps/ThirdPersonExampleMap.ThirdPersonExampleMap:PersistentLevel.ThirdPersonExampleMap'
[2017.03.09-00.40.52:078][300]LogBlueprintUserMessages: Early PlayInEditor Detection: Level '/Game/ThirdPersonCPP/Maps/ThirdPersonExampleMap.ThirdPersonExampleMap:PersistentLevel' has LevelScriptBlueprint '/Game/ThirdPersonCPP/Maps/ThirdPersonExampleMap.ThirdPersonExampleMap:PersistentLevel.ThirdPersonExampleMap' with GeneratedClass '/Game/ThirdPersonCPP/Maps/ThirdPersonExampleMap.ThirdPersonExampleMap_C' with ClassGeneratedBy '/Game/ThirdPersonCPP/Maps/ThirdPersonExampleMap.ThirdPersonExampleMap:PersistentLevel.ThirdPersonExampleMap'
[2017.03.09-00.40.52:078][300]LogPlayLevel: PlayLevel: No blueprints needed recompiling
[2017.03.09-00.40.52:078][300]PIE: New page: PIE session: ThirdPersonExampleMap (9 Mar 2017 00:40:52)
[2017.03.09-00.40.52:078][300]LogPlayLevel: Creating play world package: /Game/ThirdPersonCPP/Maps/UEDPIE_0_ThirdPersonExampleMap
[2017.03.09-00.40.52:101][300]LogPlayLevel: PIE: StaticDuplicateObject took: (0.023196s)
[2017.03.09-00.40.52:102][300]LogAIModule: Creating AISystem for world ThirdPersonExampleMap
[2017.03.09-00.40.52:102][300]LogPlayLevel: PIE: World Init took: (0.000939s)
[2017.03.09-00.40.52:102][300]LogPlayLevel: PIE: Created PIE world by copying editor world from /Game/ThirdPersonCPP/Maps/ThirdPersonExampleMap.ThirdPersonExampleMap to /Game/ThirdPersonCPP/Maps/UEDPIE_0_ThirdPersonExampleMap.ThirdPersonExampleMap (0.024474s)
[2017.03.09-00.40.52:120][300]LogInit: XAudio2 using 'Speakers (Realtek High Definition Audio)' : 2 channels at 48 kHz using 32 bits per sample (channel mask 0x3)
[2017.03.09-00.40.52:125][300]LogInit: FAudioDevice initialized.
[2017.03.09-00.40.52:183][300]LogWorld: Game class is 'DissertationLevelGameMode'
[2017.03.09-00.40.52:264][300]LogWorld: Bringing World /Game/ThirdPersonCPP/Maps/UEDPIE_0_ThirdPersonExampleMap.ThirdPersonExampleMap up for play (max tick rate 0) at 2017.03.09-00.40.52
[2017.03.09-00.40.52:273][300]LogWorld: Bringing up level for play took: 0.087528
[2017.03.09-00.40.52:277][300]LogActor:Warning: WorldObject /Game/ThirdPersonCPP/Maps/UEDPIE_0_ThirdPersonExampleMap.ThirdPersonExampleMap:PersistentLevel.WorldObject_0 has natively added scene component(s), but none of them were set as the actor's RootComponent - picking one arbitrarily
[2017.03.09-00.40.52:278][300]LogActor:Warning: WorldObject /Game/ThirdPersonCPP/Maps/UEDPIE_0_ThirdPersonExampleMap.ThirdPersonExampleMap:PersistentLevel.WorldObject_1 has natively added scene component(s), but none of them were set as the actor's RootComponent - picking one arbitrarily
[2017.03.09-00.40.52:279][300]LogActor:Warning: WorldObject /Game/ThirdPersonCPP/Maps/UEDPIE_0_ThirdPersonExampleMap.ThirdPersonExampleMap:PersistentLevel.WorldObject_2 has natively added scene component(s), but none of them were set as the actor's RootComponent - picking one arbitrarily
[2017.03.09-00.40.52:280][300]LogActor:Warning: WorldObject /Game/ThirdPersonCPP/Maps/UEDPIE_0_ThirdPersonExampleMap.ThirdPersonExampleMap:PersistentLevel.WorldObject_3 has natively added scene component(s), but none of them were set as the actor's RootComponent - picking one arbitrarily
[2017.03.09-00.40.52:281][300]LogActor:Warning: WorldObject /Game/ThirdPersonCPP/Maps/UEDPIE_0_ThirdPersonExampleMap.ThirdPersonExampleMap:PersistentLevel.WorldObject_4 has natively added scene component(s), but none of them were set as the actor's RootComponent - picking one arbitrarily
[2017.03.09-00.40.52:287][300]LogActor:Warning: WorldObject /Game/ThirdPersonCPP/Maps/UEDPIE_0_ThirdPersonExampleMap.ThirdPersonExampleMap:PersistentLevel.WorldObject_5 has natively added scene component(s), but none of them were set as the actor's RootComponent - picking one arbitrarily
[2017.03.09-00.40.52:288][300]LogActor:Warning: WorldObject /Game/ThirdPersonCPP/Maps/UEDPIE_0_ThirdPersonExampleMap.ThirdPersonExampleMap:PersistentLevel.WorldObject_6 has natively added scene component(s), but none of them were set as the actor's RootComponent - picking one arbitrarily
[2017.03.09-00.40.52:289][300]LogActor:Warning: WorldObject /Game/ThirdPersonCPP/Maps/UEDPIE_0_ThirdPersonExampleMap.ThirdPersonExampleMap:PersistentLevel.WorldObject_7 has natively added scene component(s), but none of them were set as the actor's RootComponent - picking one arbitrarily
[2017.03.09-00.40.52:291][300]LogActor:Warning: WorldObject /Game/ThirdPersonCPP/Maps/UEDPIE_0_ThirdPersonExampleMap.ThirdPersonExampleMap:PersistentLevel.WorldObject_8 has natively added scene component(s), but none of them were set as the actor's RootComponent - picking one arbitrarily
[2017.03.09-00.40.52:292][300]LogActor:Warning: WorldObject /Game/ThirdPersonCPP/Maps/UEDPIE_0_ThirdPersonExampleMap.ThirdPersonExampleMap:PersistentLevel.WorldObject_9 has natively added scene component(s), but none of them were set as the actor's RootComponent - picking one arbitrarily
[2017.03.09-00.40.52:293][300]LogActor:Warning: WorldObject /Game/ThirdPersonCPP/Maps/UEDPIE_0_ThirdPersonExampleMap.ThirdPersonExampleMap:PersistentLevel.WorldObject_10 has natively added scene component(s), but none of them were set as the actor's RootComponent - picking one arbitrarily
[2017.03.09-00.40.52:294][300]LogActor:Warning: WorldObject /Game/ThirdPersonCPP/Maps/UEDPIE_0_ThirdPersonExampleMap.ThirdPersonExampleMap:PersistentLevel.WorldObject_11 has natively added scene component(s), but none of them were set as the actor's RootComponent - picking one arbitrarily
[2017.03.09-00.40.52:295][300]LogActor:Warning: WorldObject /Game/ThirdPersonCPP/Maps/UEDPIE_0_ThirdPersonExampleMap.ThirdPersonExampleMap:PersistentLevel.WorldObject_12 has natively added scene component(s), but none of them were set as the actor's RootComponent - picking one arbitrarily
[2017.03.09-00.40.52:296][300]LogActor:Warning: WorldObject /Game/ThirdPersonCPP/Maps/UEDPIE_0_ThirdPersonExampleMap.ThirdPersonExampleMap:PersistentLevel.WorldObject_13 has natively added scene component(s), but none of them were set as the actor's RootComponent - picking one arbitrarily
[2017.03.09-00.40.52:298][300]LogActor:Warning: WorldObject /Game/ThirdPersonCPP/Maps/UEDPIE_0_ThirdPersonExampleMap.ThirdPersonExampleMap:PersistentLevel.WorldObject_14 has natively added scene component(s), but none of them were set as the actor's RootComponent - picking one arbitrarily
[2017.03.09-00.40.52:299][300]PIE: Info Play in editor start time for /Game/ThirdPersonCPP/Maps/UEDPIE_0_ThirdPersonExampleMap 0.37
[2017.03.09-00.40.52:299][300]LogBlueprintUserMessages: Late PlayInEditor Detection: Level '/Game/ThirdPersonCPP/Maps/ThirdPersonExampleMap.ThirdPersonExampleMap:PersistentLevel' has LevelScriptBlueprint '/Game/ThirdPersonCPP/Maps/ThirdPersonExampleMap.ThirdPersonExampleMap:PersistentLevel.ThirdPersonExampleMap' with GeneratedClass '/Game/ThirdPersonCPP/Maps/ThirdPersonExampleMap.ThirdPersonExampleMap_C' with ClassGeneratedBy '/Game/ThirdPersonCPP/Maps/ThirdPersonExampleMap.ThirdPersonExampleMap:PersistentLevel.ThirdPersonExampleMap'
[2017.03.09-00.40.56:987][355]Cmd: EnableGDT
[2017.03.09-00.40.56:987][355]LogGameplayDebugger:Warning: Got from client: EnableGDT 
[2017.03.09-00.41.00:274][396]LogEQS:Warning: Query [FindPlayer_EQS] can't use test [AStarQueryTest_0] in option 0 [], removing it
[2017.03.09-00.41.01:171][404]LogWindows: Windows GetLastError: The operation completed successfully. (0)
[2017.03.09-00.41.08:228][404]LogCrashTracker: 


[2017.03.09-00.41.08:228][404]LogCrashTracker: 


[2017.03.09-00.41.08:228][404]LogWindows:Error: === Critical error: ===
Assertion failed: (Index >= 0) & (Index < ArrayNum) [File:C:\Program Files\Epic Games\4.12\Engine\Source\Runtime\Core\Public\Containers\Array.h] [Line: 804] 
Array index out of bounds: 0 from an array of size 0




[2017.03.09-00.41.08:381][404]LogExit: Executing StaticShutdownAfterError
[2017.03.09-00.41.09:640][404]LogWindows: FPlatformMisc::RequestExit(1)
[2017.03.09-00.41.09:640][404]Log file closed, 03/09/17 00:41:09
