Log file open, 03/09/17 01:42:49
LogInit:Display: Running engine for game: DissertationLevel
LogPlatformFile: Not using cached read wrapper
LogInit:Display: RandInit(-1085504358) SRandInit(-1085504355).
LogTaskGraph: Started task graph with 4 named threads and 7 total threads with 1 sets of task threads.
LogStats: Stats thread started at 0.075838
LogInit: Version: 4.12.5-3039270+++UE4+Release-4.12
LogInit: API Version: 2992821
LogInit: Net Version: 3039270
LogDevObjectVersion: Number of dev versions registered: 13
LogDevObjectVersion:   Dev-Blueprints (B0D832E4-1F89-4F0D-ACCF-7EB736FD4AA2): 3
LogDevObjectVersion:   Dev-Build (E1C64328-A22C-4D53-A36C-8E866417BD8C): 0
LogDevObjectVersion:   Dev-Core (375EC13C-06E4-48FB-B500-84F0262A717E): 1
LogDevObjectVersion:   Dev-Editor (E4B068ED-F494-42E9-A231-DA0B2E46BB41): 2
LogDevObjectVersion:   Dev-Framework (CFFC743F-43B0-4480-9391-14DF171D2073): 6
LogDevObjectVersion:   Dev-Mobile (B02B49B5-BB20-44E9-A304-32B752E40360): 0
LogDevObjectVersion:   Dev-Networking (A4E4105C-59A1-49B5-A7C5-40C4547EDFEE): 0
LogDevObjectVersion:   Dev-Online (39C831C9-5AE6-47DC-9A44-9C173E1C8E7C): 0
LogDevObjectVersion:   Dev-Physics (78F01B33-EBEA-4F98-B9B4-84EACCB95AA2): 0
LogDevObjectVersion:   Dev-Platform (6631380F-2D4D-43E0-8009-CF276956A95A): 0
LogDevObjectVersion:   Dev-Rendering (12F88B9F-8875-4AFC-A67C-D90C383ABD29): 2
LogDevObjectVersion:   Dev-Sequencer (7B5AE74C-D270-4C10-A958-57980B212A5A): 0
LogDevObjectVersion:   Dev-VR (D7296918-1DD6-4BDD-9DE2-64A83CC13884): 0
LogInit: Compiled (64-bit): Jul  6 2016 09:09:46
LogInit: Compiled with Visual C++: 19.00.23026.00
LogInit: Build Configuration: Development
LogInit: Branch Name: ++UE4+Release-4.12
LogInit: Command line: 
LogInit: Base directory: C:/Program Files/Epic Games/4.12/Engine/Binaries/Win64/
LogInit: Installed Engine Build: 1
LogInit: Using libcurl 7.41.0
LogInit:  - built for x86_64-pc-win32
LogInit:  - supports SSL with WinSSL
LogInit:  - other features:
LogInit:      CURL_VERSION_SSL
LogInit:      CURL_VERSION_IPV6
LogInit:      CURL_VERSION_ASYNCHDNS
LogInit:      CURL_VERSION_LARGEFILE
LogInit:      CURL_VERSION_IDN
LogInit:  CurlRequestOptions (configurable via config and command line):
LogInit:  - bVerifyPeer = true  - Libcurl will verify peer certificate
LogInit:  - bUseHttpProxy = false  - Libcurl will NOT use HTTP proxy
LogInit:  - bDontReuseConnections = false  - Libcurl will reuse connections
LogInit:  - CertBundlePath = nullptr  - Libcurl will use whatever was configured at build time.
LogInit: Presizing for max 8388607 objects, including 0 objects not considered by GC, pre-allocating 0 bytes for permanent pool.
LogInit: Object subsystem initialized
[2017.03.09-01.42.49:420][  0]LogInit: Selected Device Profile: [Windows]
[2017.03.09-01.42.49:420][  0]LogInit: Applying CVar settings loaded from the selected device profile: [Windows]
[2017.03.09-01.42.49:532][  0]LogInit: Computer: RIGG001
[2017.03.09-01.42.49:532][  0]LogInit: User: b3030113
[2017.03.09-01.42.49:532][  0]LogInit: CPU Page size=65536, Cores=4
[2017.03.09-01.42.49:532][  0]LogInit: High frequency timer resolution =3.312791 MHz
[2017.03.09-01.42.49:533][  0]LogMemory: Memory total: Physical=8.0GB (8GB approx)
[2017.03.09-01.42.49:533][  0]LogMemory: Platform Memory Stats for Windows
[2017.03.09-01.42.49:533][  0]LogMemory: Process Physical Memory: 189.38 MB used, 189.38 MB peak
[2017.03.09-01.42.49:533][  0]LogMemory: Process Virtual Memory: 195.10 MB used, 195.10 MB peak
[2017.03.09-01.42.49:533][  0]LogMemory: Physical Memory: 5602.70 MB used, 8142.59 MB total
[2017.03.09-01.42.49:533][  0]LogMemory: Virtual Memory: 536.59 MB used, 134217728.00 MB total
[2017.03.09-01.42.49:564][  0]LogTextLocalizationManager: No specific translations for ('en-GB') exist, so ('en') translations will be used.
[2017.03.09-01.42.49:952][  0]LogD3D11RHI: D3D11 adapters:
[2017.03.09-01.42.49:966][  0]LogD3D11RHI:    0. 'NVIDIA GeForce GT 610  ' (Feature Level 11_0)
[2017.03.09-01.42.49:966][  0]LogD3D11RHI:       973/0/3071 MB DedicatedVideo/DedicatedSystem/SharedSystem, Outputs:1, VendorId:0x10de
[2017.03.09-01.42.49:976][  0]LogD3D11RHI:    1. 'Microsoft Basic Render Driver' (Feature Level 11_0)
[2017.03.09-01.42.49:976][  0]LogD3D11RHI:       0/0/256 MB DedicatedVideo/DedicatedSystem/SharedSystem, Outputs:0, VendorId:0x1414
[2017.03.09-01.42.49:976][  0]LogD3D11RHI: Chosen D3D11 Adapter: 0
[2017.03.09-01.42.49:979][  0]LogD3D11RHI: Creating new Direct3DDevice
[2017.03.09-01.42.49:979][  0]LogD3D11RHI:     GPU DeviceId: 0x104a (for the marketing name, search the web for "GPU Device Id")
[2017.03.09-01.42.49:979][  0]LogWindows: EnumDisplayDevices:
[2017.03.09-01.42.49:979][  0]LogWindows:    0. 'NVIDIA GeForce GT 610  ' (P:1 D:1)
[2017.03.09-01.42.49:980][  0]LogWindows:    1. 'NVIDIA GeForce GT 610  ' (P:0 D:0)
[2017.03.09-01.42.49:980][  0]LogWindows: DebugString: FoundDriverCount:2 
[2017.03.09-01.42.49:980][  0]LogD3D11RHI:     Adapter Name: NVIDIA GeForce GT 610  
[2017.03.09-01.42.49:980][  0]LogD3D11RHI:   Driver Version: 362.84 (internal:10.18.13.6284, unified:362.84)
[2017.03.09-01.42.49:980][  0]LogD3D11RHI:      Driver Date: 6-26-2016
[2017.03.09-01.42.49:980][  0]LogRHI: Texture pool is 681 MB (70% of 973 MB)
[2017.03.09-01.42.49:987][  0]LogD3D11RHI: Async texture creation enabled
[2017.03.09-01.42.50:004][  0]LogD3D11RHI: GPU Timing Frequency: 1000.000000 (Debug: 2 2)
[2017.03.09-01.42.50:004][  0]LogShaderCompilers: Guid format shader working directory is -12 characters bigger than the processId version (D:/Unreal Engine Projects/DissertationLevel/DissertationLevel/Intermediate/Shaders/WorkingDirectory/7916/).
[2017.03.09-01.42.50:004][  0]LogShaderCompilers: Cleaned the shader compiler working directory 'C:/Users/b3030113/AppData/Local/Temp/UnrealShaderWorkingDir/9A02986541B0CAAB12ECB4B3958DCBE8/'.
[2017.03.09-01.42.50:004][  0]LogShaderCompilers:Display: Using Local Shader Compiler.
[2017.03.09-01.42.50:928][  0]LogTemp:Display: Loaded TP AllDesktopTargetPlatform
[2017.03.09-01.42.50:941][  0]LogTemp:Display: Loaded TP WindowsClientTargetPlatform
[2017.03.09-01.42.50:953][  0]LogTemp:Display: Loaded TP WindowsNoEditorTargetPlatform
[2017.03.09-01.42.50:966][  0]LogTemp:Display: Loaded TP WindowsServerTargetPlatform
[2017.03.09-01.42.50:978][  0]LogTemp:Display: Loaded TP WindowsTargetPlatform
[2017.03.09-01.42.50:990][  0]LogTemp:Display: Loaded TP AndroidTargetPlatform
[2017.03.09-01.42.51:001][  0]LogTemp:Display: Loaded TP Android_ASTCTargetPlatform
[2017.03.09-01.42.51:012][  0]LogTemp:Display: Loaded TP Android_ATCTargetPlatform
[2017.03.09-01.42.51:024][  0]LogTemp:Display: Loaded TP Android_DXTTargetPlatform
[2017.03.09-01.42.51:035][  0]LogTemp:Display: Loaded TP Android_ETC1TargetPlatform
[2017.03.09-01.42.51:046][  0]LogTemp:Display: Loaded TP Android_ETC2TargetPlatform
[2017.03.09-01.42.51:069][  0]LogTemp:Display: Loaded TP Android_MultiTargetPlatform
[2017.03.09-01.42.51:069][  0]LogTemp:Display: Loaded TP Android_PVRTCTargetPlatform
[2017.03.09-01.42.51:069][  0]LogTemp:Display: Loaded TP HTML5TargetPlatform
[2017.03.09-01.42.51:094][  0]LogTemp:Display: Loaded TP IOSTargetPlatform
[2017.03.09-01.42.51:104][  0]LogTemp:Display: Loaded TP TVOSTargetPlatform
[2017.03.09-01.42.51:116][  0]LogTemp:Display: Loaded TP LinuxNoEditorTargetPlatform
[2017.03.09-01.42.51:127][  0]LogTemp:Display: Loaded TP LinuxServerTargetPlatform
[2017.03.09-01.42.51:138][  0]LogTemp:Display: Loaded TP LinuxTargetPlatform
[2017.03.09-01.42.51:138][  0]LogTargetPlatformManager:Display: Building Assets For Windows
[2017.03.09-01.42.51:194][  0]LogDerivedDataCache:Display: Max Cache Size: 512 MB
[2017.03.09-01.42.51:244][  0]LogDerivedDataCache: Loaded boot cache 0.05s 50MB C:/Users/b3030113/AppData/Local/UnrealEngine/4.12/DerivedDataCache/Boot.ddc.
[2017.03.09-01.42.51:244][  0]LogDerivedDataCache:Display: Loaded Boot cache: C:/Users/b3030113/AppData/Local/UnrealEngine/4.12/DerivedDataCache/Boot.ddc
[2017.03.09-01.42.51:245][  0]LogDerivedDataCache: FDerivedDataBackendGraph:  Pak pak cache file D:/Unreal Engine Projects/DissertationLevel/DissertationLevel/DerivedDataCache/DDC.ddp not found, will not use a pak cache.
[2017.03.09-01.42.51:245][  0]LogDerivedDataCache: Unable to find inner node Pak for hierarchical cache Hierarchy.
[2017.03.09-01.42.51:245][  0]LogDerivedDataCache: FDerivedDataBackendGraph:  CompressedPak pak cache file D:/Unreal Engine Projects/DissertationLevel/DissertationLevel/DerivedDataCache/Compressed.ddp not found, will not use a pak cache.
[2017.03.09-01.42.51:245][  0]LogDerivedDataCache: Unable to find inner node CompressedPak for hierarchical cache Hierarchy.
[2017.03.09-01.42.51:261][  0]LogDerivedDataCache:Display: Pak cache opened for reading ../../../Engine/DerivedDataCache/Compressed.ddp.
[2017.03.09-01.42.51:273][  0]LogDerivedDataCache: Using Local data cache path C:/Users/b3030113/AppData/Local/UnrealEngine/Common/DerivedDataCache: Writable
[2017.03.09-01.42.51:499][  0]LogInit: Selected Device Profile: [Windows]
[2017.03.09-01.42.51:499][  0]LogContentStreaming: Texture pool size is 0.00 MB
[2017.03.09-01.42.51:801][  0]LogMeshUtilities: No automatic mesh reduction module available
[2017.03.09-01.42.51:801][  0]LogMeshUtilities: No automatic mesh merging module available
[2017.03.09-01.42.51:801][  0]LogMeshUtilities: No distributed automatic mesh merging module available
[2017.03.09-01.42.52:042][  0]LogAssetRegistry: FAssetRegistry took 0.0218 seconds to start up
[2017.03.09-01.42.55:824][  0]LogPackageLocalizationCache: Processed 3 localized package path(s) for 2 prioritized culture(s) in 3.779396 seconds
[2017.03.09-01.42.55:832][  0]LogUObjectArray: 28739 objects as part of root set at end of initial load.
[2017.03.09-01.42.55:832][  0]LogUObjectAllocator: 5855624 out of 0 bytes used by permanent object pool.
[2017.03.09-01.42.55:832][  0]LogUObjectArray: CloseDisregardForGC: 0/0 objects in disregard for GC pool
[2017.03.09-01.42.55:842][  0]LogInit: WinSock: version 1.1 (2.2), MaxSocks=32767, MaxUdp=65467
[2017.03.09-01.42.56:259][  0]LogSlate: SlateFontCache - WITH_FREETYPE: 1, WITH_HARFBUZZ: 1
[2017.03.09-01.42.56:259][  0]LogSlate: SlateFontCache - WITH_FREETYPE: 1, WITH_HARFBUZZ: 1
[2017.03.09-01.43.01:641][  0]LogUdpMessaging: Initializing bridge on interface 0.0.0.0:0 to multicast group 230.0.0.1:6666.
[2017.03.09-01.43.02:246][  0]SourceControl: Info Source control is disabled
[2017.03.09-01.43.02:285][  0]SourceControl: Info Source control is disabled
[2017.03.09-01.43.02:292][  0]SourceControl: Info Source control is disabled
[2017.03.09-01.43.02:298][  0]SourceControl: Info Source control is disabled
[2017.03.09-01.43.02:460][  0]LogEngine: Initializing Engine...
[2017.03.09-01.43.02:461][  0]LogHMD: SteamVR failed to initialize.  Err: 110
[2017.03.09-01.43.02:461][  0]LogHMD: SteamVR failed to initialize.  Err: 110
[2017.03.09-01.43.02:587][  0]LogAIModule: Creating AISystem for world NewWorld
[2017.03.09-01.43.02:592][  0]LogInit: XAudio2 using 'Speakers (Realtek High Definition Audio)' : 2 channels at 48 kHz using 32 bits per sample (channel mask 0x3)
[2017.03.09-01.43.02:609][  0]LogInit: FAudioDevice initialized.
[2017.03.09-01.43.02:639][  0]LogDerivedDataCache: Saved boot cache 0.03s 50MB C:/Users/b3030113/AppData/Local/UnrealEngine/4.12/DerivedDataCache/Boot.ddc.
[2017.03.09-01.43.02:649][  0]LogInit: Texture streaming: Enabled
[2017.03.09-01.43.02:666][  0]LogInit: Transaction tracking system initialized
[2017.03.09-01.43.02:681][  0]BlueprintLog: New page: Editor Load
[2017.03.09-01.43.02:823][  0]LocalizationService: Info Localization service is disabled
[2017.03.09-01.43.03:029][  0]LogConsoleResponse:Display: 
[2017.03.09-01.43.03:119][  0]LogCook:Display: Max memory allowance for cook 8192mb
[2017.03.09-01.43.03:119][  0]LogCook:Display: Mobile HDR setting 1
[2017.03.09-01.43.03:186][  0]LogFileCache: Scanning file cache for directory 'D:/Unreal Engine Projects/DissertationLevel/DissertationLevel/Content/' took 0.03s
[2017.03.09-01.43.03:186][  0]SourceControl: Info Source control is disabled
[2017.03.09-01.43.03:186][  0]Cmd: MAP LOAD FILE="D:/Unreal Engine Projects/DissertationLevel/DissertationLevel/Content/ThirdPersonCPP/Maps/ThirdPersonExampleMap.umap" TEMPLATE=0 SHOWPROGRESS=1 FEATURELEVEL=3
[2017.03.09-01.43.03:190][  0]LightingResults: New page: Lighting Build
[2017.03.09-01.43.03:192][  0]MapCheck: New page: Map Check
[2017.03.09-01.43.03:192][  0]LightingResults: New page: Lighting Build
[2017.03.09-01.43.03:444][  0]LogAIModule: Creating AISystem for world ThirdPersonExampleMap
[2017.03.09-01.43.03:456][  0]LogEditorServer: Finished looking for orphan Actors (0.000 secs)
[2017.03.09-01.43.03:456][  0]Cmd: MAP CHECKDEP NOCLEARLOG
[2017.03.09-01.43.03:542][  0]MapCheck: Info Map check complete: 0 Error(s), 0 Warning(s), took 85.065ms to complete.
[2017.03.09-01.43.03:542][  0]LogFileHelpers: Loading map 'ThirdPersonExampleMap' took 0.356
[2017.03.09-01.43.03:688][  0]LogCollectionManager: Loaded 0 collections in 0.002660 seconds
[2017.03.09-01.43.03:733][  0]LogFileCache: Scanning file cache for directory 'D:/Unreal Engine Projects/DissertationLevel/DissertationLevel/Saved/Collections/' took 0.01s
[2017.03.09-01.43.03:733][  0]LogFileCache: Scanning file cache for directory 'D:/Unreal Engine Projects/DissertationLevel/DissertationLevel/Content/Developers/b3030113/Collections/' took 0.01s
[2017.03.09-01.43.03:733][  0]LogFileCache: Scanning file cache for directory 'D:/Unreal Engine Projects/DissertationLevel/DissertationLevel/Content/Collections/' took 0.01s
[2017.03.09-01.43.03:733][  0]LogCollectionManager: Rebuilt the GUID cache for 0 collections in 0.000002 seconds
[2017.03.09-01.43.03:769][  0]LogContentBrowser: Native class hierarchy populated in 0.0362 seconds. Added 2068 classes and 376 folders.
[2017.03.09-01.43.03:775][  0]LogStats: UGameplayTagsManager::ConstructGameplayTagTree: Construct from data asset -  0.000 s
[2017.03.09-01.43.03:775][  0]LogStats: UGameplayTagsManager::ConstructGameplayTagTree: GameplayTagTreeChangedEvent.Broadcast -  0.000 s
[2017.03.09-01.43.03:801][  0]LogContentBrowser: Native class hierarchy updated for 'GameplayTags' in 0.0258 seconds. Added 12 classes and 0 folders.
[2017.03.09-01.43.03:822][  0]LogContentBrowser: Native class hierarchy updated for 'WidgetCarousel' in 0.0161 seconds. Added 0 classes and 0 folders.
[2017.03.09-01.43.03:938][  0]LogContentBrowser: Native class hierarchy updated for 'AddContentDialog' in 0.0275 seconds. Added 0 classes and 0 folders.
[2017.03.09-01.43.03:973][  0]LogContentBrowser: Native class hierarchy updated for 'SceneOutliner' in 0.0324 seconds. Added 1 classes and 2 folders.
[2017.03.09-01.43.03:987][  0]LogCrashTracker: Crashtracker disabled due to settings.
[2017.03.09-01.43.03:991][  0]LogUObjectGlobals:Warning: Failed to find object 'Class None.'
[2017.03.09-01.43.04:048][  0]LogContentBrowser: Native class hierarchy updated for 'HierarchicalLODOutliner' in 0.0335 seconds. Added 1 classes and 2 folders.
[2017.03.09-01.43.04:049][  0]LogLoad: Full Startup: 17.18 seconds (BP compile: 0.06 seconds)
[2017.03.09-01.43.04:049][  0]LogExternalProfiler: Found external profiler: VSPerf
[2017.03.09-01.43.04:049][  0]LogExternalProfiler: Using external profiler: VSPerf
[2017.03.09-01.43.04:058][  0]LogOcInput: OculusInput pre-init called
[2017.03.09-01.43.04:074][  0]LogContentStreaming: Texture pool size now 200 MB
[2017.03.09-01.43.04:208][  0]LogRenderer: Reallocating scene render targets to support 1208x576 (Frame:2).
[2017.03.09-01.43.04:292][  1]LogActor:Warning: WinningLocation_BP_C /Engine/Transient.World_1:PersistentLevel.WinningLocation_BP_C_0 has natively added scene component(s), but none of them were set as the actor's RootComponent - picking one arbitrarily
[2017.03.09-01.43.04:312][  1]LogAssetRegistry: Asset discovery search completed in 12.2919 seconds
[2017.03.09-01.43.04:312][  1]LogCollectionManager: Rebuilt the object cache for 0 collections in 0.000001 seconds (found 0 objects)
[2017.03.09-01.43.04:312][  1]LogCollectionManager: Fixed up redirectors for 0 collections in 0.000019 seconds (updated 0 objects)
[2017.03.09-01.43.04:518][  3]LogActor:Warning: WinningLocation_BP_C /Engine/Transient.World_1:PersistentLevel.WinningLocation_BP_C_1 has natively added scene component(s), but none of them were set as the actor's RootComponent - picking one arbitrarily
[2017.03.09-01.43.04:745][  4]LogActor:Warning: WinningLocation_BP_C /Engine/Transient.World_1:PersistentLevel.WinningLocation_BP_C_2 has natively added scene component(s), but none of them were set as the actor's RootComponent - picking one arbitrarily
[2017.03.09-01.43.04:774][  5]LogActor:Warning: WinningLocation_BP_C /Engine/Transient.World_1:PersistentLevel.WinningLocation_BP_C_3 has natively added scene component(s), but none of them were set as the actor's RootComponent - picking one arbitrarily
[2017.03.09-01.43.04:803][  6]LogActor:Warning: WinningLocation_BP_C /Engine/Transient.World_1:PersistentLevel.WinningLocation_BP_C_4 has natively added scene component(s), but none of them were set as the actor's RootComponent - picking one arbitrarily
[2017.03.09-01.43.04:837][  7]LogActor:Warning: WinningLocation_BP_C /Engine/Transient.World_1:PersistentLevel.WinningLocation_BP_C_5 has natively added scene component(s), but none of them were set as the actor's RootComponent - picking one arbitrarily
[2017.03.09-01.43.04:872][  8]LogActor:Warning: WinningLocation_BP_C /Engine/Transient.World_1:PersistentLevel.WinningLocation_BP_C_6 has natively added scene component(s), but none of them were set as the actor's RootComponent - picking one arbitrarily
[2017.03.09-01.43.04:902][  9]LogActor:Warning: WinningLocation_BP_C /Engine/Transient.World_1:PersistentLevel.WinningLocation_BP_C_7 has natively added scene component(s), but none of them were set as the actor's RootComponent - picking one arbitrarily
[2017.03.09-01.43.04:971][ 11]LogActor:Warning: WinningLocation_BP_C /Engine/Transient.World_1:PersistentLevel.WinningLocation_BP_C_8 has natively added scene component(s), but none of them were set as the actor's RootComponent - picking one arbitrarily
[2017.03.09-01.43.05:004][ 12]LogActor:Warning: WinningLocation_BP_C /Engine/Transient.World_1:PersistentLevel.WinningLocation_BP_C_9 has natively added scene component(s), but none of them were set as the actor's RootComponent - picking one arbitrarily
[2017.03.09-01.43.05:018][ 13]LogActor:Warning: WinningLocation_BP_C /Engine/Transient.World_1:PersistentLevel.WinningLocation_BP_C_10 has natively added scene component(s), but none of them were set as the actor's RootComponent - picking one arbitrarily
[2017.03.09-01.43.05:048][ 14]LogActor:Warning: WinningLocation_BP_C /Engine/Transient.World_1:PersistentLevel.WinningLocation_BP_C_11 has natively added scene component(s), but none of them were set as the actor's RootComponent - picking one arbitrarily
[2017.03.09-01.43.05:078][ 15]LogActor:Warning: WinningLocation_BP_C /Engine/Transient.World_1:PersistentLevel.WinningLocation_BP_C_12 has natively added scene component(s), but none of them were set as the actor's RootComponent - picking one arbitrarily
[2017.03.09-01.43.05:111][ 16]LogActor:Warning: WinningLocation_BP_C /Engine/Transient.World_1:PersistentLevel.WinningLocation_BP_C_13 has natively added scene component(s), but none of them were set as the actor's RootComponent - picking one arbitrarily
[2017.03.09-01.43.05:148][ 17]LogActor:Warning: WinningLocation_BP_C /Engine/Transient.World_1:PersistentLevel.WinningLocation_BP_C_14 has natively added scene component(s), but none of them were set as the actor's RootComponent - picking one arbitrarily
[2017.03.09-01.43.05:178][ 18]LogActor:Warning: WinningLocation_BP_C /Engine/Transient.World_1:PersistentLevel.WinningLocation_BP_C_15 has natively added scene component(s), but none of them were set as the actor's RootComponent - picking one arbitrarily
[2017.03.09-01.43.05:207][ 19]LogActor:Warning: WinningLocation_BP_C /Engine/Transient.World_1:PersistentLevel.WinningLocation_BP_C_16 has natively added scene component(s), but none of them were set as the actor's RootComponent - picking one arbitrarily
[2017.03.09-01.43.05:236][ 20]LogActor:Warning: WinningLocation_BP_C /Engine/Transient.World_1:PersistentLevel.WinningLocation_BP_C_17 has natively added scene component(s), but none of them were set as the actor's RootComponent - picking one arbitrarily
[2017.03.09-01.43.05:265][ 21]LogActor:Warning: WinningLocation_BP_C /Engine/Transient.World_1:PersistentLevel.WinningLocation_BP_C_18 has natively added scene component(s), but none of them were set as the actor's RootComponent - picking one arbitrarily
[2017.03.09-01.43.05:295][ 22]LogActor:Warning: WinningLocation_BP_C /Engine/Transient.World_1:PersistentLevel.WinningLocation_BP_C_19 has natively added scene component(s), but none of them were set as the actor's RootComponent - picking one arbitrarily
[2017.03.09-01.43.05:331][ 23]LogActor:Warning: WinningLocation_BP_C /Engine/Transient.World_1:PersistentLevel.WinningLocation_BP_C_20 has natively added scene component(s), but none of them were set as the actor's RootComponent - picking one arbitrarily
[2017.03.09-01.43.05:361][ 24]LogActor:Warning: WinningLocation_BP_C /Engine/Transient.World_1:PersistentLevel.WinningLocation_BP_C_21 has natively added scene component(s), but none of them were set as the actor's RootComponent - picking one arbitrarily
[2017.03.09-01.43.05:389][ 25]LogActor:Warning: WinningLocation_BP_C /Engine/Transient.World_1:PersistentLevel.WinningLocation_BP_C_22 has natively added scene component(s), but none of them were set as the actor's RootComponent - picking one arbitrarily
[2017.03.09-01.43.05:418][ 26]LogActor:Warning: WinningLocation_BP_C /Engine/Transient.World_1:PersistentLevel.WinningLocation_BP_C_23 has natively added scene component(s), but none of them were set as the actor's RootComponent - picking one arbitrarily
[2017.03.09-01.43.05:447][ 27]LogActor:Warning: WinningLocation_BP_C /Engine/Transient.World_1:PersistentLevel.WinningLocation_BP_C_24 has natively added scene component(s), but none of them were set as the actor's RootComponent - picking one arbitrarily
[2017.03.09-01.43.05:476][ 28]LogActor:Warning: WinningLocation_BP_C /Engine/Transient.World_1:PersistentLevel.WinningLocation_BP_C_25 has natively added scene component(s), but none of them were set as the actor's RootComponent - picking one arbitrarily
[2017.03.09-01.43.05:505][ 29]LogActor:Warning: WinningLocation_BP_C /Engine/Transient.World_1:PersistentLevel.WinningLocation_BP_C_26 has natively added scene component(s), but none of them were set as the actor's RootComponent - picking one arbitrarily
[2017.03.09-01.43.05:543][ 30]LogActor:Warning: WinningLocation_BP_C /Engine/Transient.World_1:PersistentLevel.WinningLocation_BP_C_27 has natively added scene component(s), but none of them were set as the actor's RootComponent - picking one arbitrarily
[2017.03.09-01.43.05:572][ 31]LogActor:Warning: WinningLocation_BP_C /Engine/Transient.World_1:PersistentLevel.WinningLocation_BP_C_28 has natively added scene component(s), but none of them were set as the actor's RootComponent - picking one arbitrarily
[2017.03.09-01.43.05:601][ 32]LogActor:Warning: WinningLocation_BP_C /Engine/Transient.World_1:PersistentLevel.WinningLocation_BP_C_29 has natively added scene component(s), but none of them were set as the actor's RootComponent - picking one arbitrarily
[2017.03.09-01.43.05:630][ 33]LogActor:Warning: WinningLocation_BP_C /Engine/Transient.World_1:PersistentLevel.WinningLocation_BP_C_30 has natively added scene component(s), but none of them were set as the actor's RootComponent - picking one arbitrarily
[2017.03.09-01.43.05:659][ 34]LogActor:Warning: WinningLocation_BP_C /Engine/Transient.World_1:PersistentLevel.WinningLocation_BP_C_31 has natively added scene component(s), but none of them were set as the actor's RootComponent - picking one arbitrarily
[2017.03.09-01.43.05:688][ 35]LogActor:Warning: WinningLocation_BP_C /Engine/Transient.World_1:PersistentLevel.WinningLocation_BP_C_32 has natively added scene component(s), but none of them were set as the actor's RootComponent - picking one arbitrarily
[2017.03.09-01.43.05:725][ 36]LogActor:Warning: WinningLocation_BP_C /Engine/Transient.World_1:PersistentLevel.WinningLocation_BP_C_33 has natively added scene component(s), but none of them were set as the actor's RootComponent - picking one arbitrarily
[2017.03.09-01.43.05:754][ 37]LogActor:Warning: WinningLocation_BP_C /Engine/Transient.World_1:PersistentLevel.WinningLocation_BP_C_34 has natively added scene component(s), but none of them were set as the actor's RootComponent - picking one arbitrarily
[2017.03.09-01.43.05:783][ 38]LogActor:Warning: WinningLocation_BP_C /Engine/Transient.World_1:PersistentLevel.WinningLocation_BP_C_35 has natively added scene component(s), but none of them were set as the actor's RootComponent - picking one arbitrarily
[2017.03.09-01.43.05:812][ 39]LogActor:Warning: WinningLocation_BP_C /Engine/Transient.World_1:PersistentLevel.WinningLocation_BP_C_36 has natively added scene component(s), but none of them were set as the actor's RootComponent - picking one arbitrarily
[2017.03.09-01.43.05:841][ 40]LogActor:Warning: WinningLocation_BP_C /Engine/Transient.World_1:PersistentLevel.WinningLocation_BP_C_37 has natively added scene component(s), but none of them were set as the actor's RootComponent - picking one arbitrarily
[2017.03.09-01.43.05:871][ 41]LogActor:Warning: WinningLocation_BP_C /Engine/Transient.World_1:PersistentLevel.WinningLocation_BP_C_38 has natively added scene component(s), but none of them were set as the actor's RootComponent - picking one arbitrarily
[2017.03.09-01.43.05:899][ 42]LogActor:Warning: WinningLocation_BP_C /Engine/Transient.World_1:PersistentLevel.WinningLocation_BP_C_39 has natively added scene component(s), but none of them were set as the actor's RootComponent - picking one arbitrarily
[2017.03.09-01.43.05:935][ 43]LogActor:Warning: WinningLocation_BP_C /Engine/Transient.World_1:PersistentLevel.WinningLocation_BP_C_40 has natively added scene component(s), but none of them were set as the actor's RootComponent - picking one arbitrarily
[2017.03.09-01.43.05:964][ 44]LogActor:Warning: WinningLocation_BP_C /Engine/Transient.World_1:PersistentLevel.WinningLocation_BP_C_41 has natively added scene component(s), but none of them were set as the actor's RootComponent - picking one arbitrarily
[2017.03.09-01.43.05:993][ 45]LogActor:Warning: WinningLocation_BP_C /Engine/Transient.World_1:PersistentLevel.WinningLocation_BP_C_42 has natively added scene component(s), but none of them were set as the actor's RootComponent - picking one arbitrarily
[2017.03.09-01.43.06:021][ 46]LogActor:Warning: WinningLocation_BP_C /Engine/Transient.World_1:PersistentLevel.WinningLocation_BP_C_43 has natively added scene component(s), but none of them were set as the actor's RootComponent - picking one arbitrarily
[2017.03.09-01.43.06:050][ 47]LogActor:Warning: WinningLocation_BP_C /Engine/Transient.World_1:PersistentLevel.WinningLocation_BP_C_44 has natively added scene component(s), but none of them were set as the actor's RootComponent - picking one arbitrarily
[2017.03.09-01.43.06:079][ 48]LogActor:Warning: WinningLocation_BP_C /Engine/Transient.World_1:PersistentLevel.WinningLocation_BP_C_45 has natively added scene component(s), but none of them were set as the actor's RootComponent - picking one arbitrarily
[2017.03.09-01.43.06:108][ 49]LogActor:Warning: WinningLocation_BP_C /Engine/Transient.World_1:PersistentLevel.WinningLocation_BP_C_46 has natively added scene component(s), but none of them were set as the actor's RootComponent - picking one arbitrarily
[2017.03.09-01.43.06:144][ 50]LogActor:Warning: WinningLocation_BP_C /Engine/Transient.World_1:PersistentLevel.WinningLocation_BP_C_47 has natively added scene component(s), but none of them were set as the actor's RootComponent - picking one arbitrarily
[2017.03.09-01.43.06:175][ 51]LogActor:Warning: WinningLocation_BP_C /Engine/Transient.World_1:PersistentLevel.WinningLocation_BP_C_48 has natively added scene component(s), but none of them were set as the actor's RootComponent - picking one arbitrarily
[2017.03.09-01.43.06:202][ 52]LogActor:Warning: WinningLocation_BP_C /Engine/Transient.World_1:PersistentLevel.WinningLocation_BP_C_49 has natively added scene component(s), but none of them were set as the actor's RootComponent - picking one arbitrarily
[2017.03.09-01.43.06:231][ 53]LogActor:Warning: WinningLocation_BP_C /Engine/Transient.World_1:PersistentLevel.WinningLocation_BP_C_50 has natively added scene component(s), but none of them were set as the actor's RootComponent - picking one arbitrarily
[2017.03.09-01.43.06:260][ 54]LogActor:Warning: WinningLocation_BP_C /Engine/Transient.World_1:PersistentLevel.WinningLocation_BP_C_51 has natively added scene component(s), but none of them were set as the actor's RootComponent - picking one arbitrarily
[2017.03.09-01.43.06:289][ 55]LogActor:Warning: WinningLocation_BP_C /Engine/Transient.World_1:PersistentLevel.WinningLocation_BP_C_52 has natively added scene component(s), but none of them were set as the actor's RootComponent - picking one arbitrarily
[2017.03.09-01.43.06:325][ 56]LogActor:Warning: WinningLocation_BP_C /Engine/Transient.World_1:PersistentLevel.WinningLocation_BP_C_53 has natively added scene component(s), but none of them were set as the actor's RootComponent - picking one arbitrarily
[2017.03.09-01.43.06:354][ 57]LogActor:Warning: WinningLocation_BP_C /Engine/Transient.World_1:PersistentLevel.WinningLocation_BP_C_54 has natively added scene component(s), but none of them were set as the actor's RootComponent - picking one arbitrarily
[2017.03.09-01.43.06:383][ 58]LogActor:Warning: WinningLocation_BP_C /Engine/Transient.World_1:PersistentLevel.WinningLocation_BP_C_55 has natively added scene component(s), but none of them were set as the actor's RootComponent - picking one arbitrarily
[2017.03.09-01.43.06:412][ 59]LogActor:Warning: WinningLocation_BP_C /Engine/Transient.World_1:PersistentLevel.WinningLocation_BP_C_56 has natively added scene component(s), but none of them were set as the actor's RootComponent - picking one arbitrarily
[2017.03.09-01.43.06:441][ 60]LogActor:Warning: WinningLocation_BP_C /Engine/Transient.World_1:PersistentLevel.WinningLocation_BP_C_57 has natively added scene component(s), but none of them were set as the actor's RootComponent - picking one arbitrarily
[2017.03.09-01.43.06:470][ 61]LogActor:Warning: WinningLocation_BP_C /Engine/Transient.World_1:PersistentLevel.WinningLocation_BP_C_58 has natively added scene component(s), but none of them were set as the actor's RootComponent - picking one arbitrarily
[2017.03.09-01.43.06:499][ 62]LogActor:Warning: WinningLocation_BP_C /Engine/Transient.World_1:PersistentLevel.WinningLocation_BP_C_59 has natively added scene component(s), but none of them were set as the actor's RootComponent - picking one arbitrarily
[2017.03.09-01.43.07:961][131]Recompiling DissertationLevel...
[2017.03.09-01.43.07:963][131]Launching UnrealBuildTool... [C:/Program Files/Epic Games/4.12/Engine/Binaries/DotNET/UnrealBuildTool.exe DissertationLevel -ModuleWithSuffix DissertationLevel 3710 Win64 Development -editorrecompile -canskiplink "D:/Unreal Engine Projects/DissertationLevel/DissertationLevel/DissertationLevel.uproject"  -2015]
[2017.03.09-01.43.07:964][131]Warning: Starting HotReload took  0.0s.
[2017.03.09-01.43.20:638][764]CompilerResultsLog: New page: Compilation - 9 Mar 2017 01:43:20
[2017.03.09-01.43.20:639][764]CompilerResultsLog: Info Creating makefile for hot reloading DissertationLevel (working set of source files changed)
[2017.03.09-01.43.20:639][764]CompilerResultsLog: Info Compiling game modules for hot reload
[2017.03.09-01.43.20:639][764]CompilerResultsLog: Info Performing 3 actions (4 in parallel)
[2017.03.09-01.43.20:639][764]CompilerResultsLog: Info EnvQueryGenerator_AStarNodes.cpp
[2017.03.09-01.43.20:639][764]CompilerResultsLog: Info EnemyAIController.cpp
[2017.03.09-01.43.20:639][764]CompilerResultsLog:Error: Error c:\program files\epic games\4.12\engine\source\runtime\core\public\Misc/OutputDevice.h(397) : error C2665: 'CheckVA': none of the 11 overloads could convert all the argument types
[2017.03.09-01.43.20:639][764]CompilerResultsLog:Error: Error c:\program files\epic games\4.12\engine\source\runtime\core\public\Misc/OutputDevice.h(98) : note: could be 'bool CheckVA(bool)'
[2017.03.09-01.43.20:639][764]CompilerResultsLog:Error: Error c:\program files\epic games\4.12\engine\source\runtime\core\public\Misc/OutputDevice.h(97) : note: or       'void *CheckVA(ANSICHAR *)'
[2017.03.09-01.43.20:639][764]CompilerResultsLog:Error: Error c:\program files\epic games\4.12\engine\source\runtime\core\public\Misc/OutputDevice.h(96) : note: or       'TCHAR CheckVA(TCHAR)'
[2017.03.09-01.43.20:639][764]CompilerResultsLog:Error: Error c:\program files\epic games\4.12\engine\source\runtime\core\public\Misc/OutputDevice.h(95) : note: or       'long CheckVA(unsigned long)'
[2017.03.09-01.43.20:639][764]CompilerResultsLog:Error: Error c:\program files\epic games\4.12\engine\source\runtime\core\public\Misc/OutputDevice.h(94) : note: or       'long CheckVA(long)'
[2017.03.09-01.43.20:639][764]CompilerResultsLog:Error: Error c:\program files\epic games\4.12\engine\source\runtime\core\public\Misc/OutputDevice.h(93) : note: or       'double CheckVA(double)'
[2017.03.09-01.43.20:639][764]CompilerResultsLog:Error: Error c:\program files\epic games\4.12\engine\source\runtime\core\public\Misc/OutputDevice.h(92) : note: or       'int64 CheckVA(int64)'
[2017.03.09-01.43.20:639][764]CompilerResultsLog:Error: Error c:\program files\epic games\4.12\engine\source\runtime\core\public\Misc/OutputDevice.h(91) : note: or       'uint64 CheckVA(uint64)'
[2017.03.09-01.43.20:639][764]CompilerResultsLog:Error: Error c:\program files\epic games\4.12\engine\source\runtime\core\public\Misc/OutputDevice.h(90) : note: or       'int32 CheckVA(int32)'
[2017.03.09-01.43.20:639][764]CompilerResultsLog:Error: Error c:\program files\epic games\4.12\engine\source\runtime\core\public\Misc/OutputDevice.h(89) : note: or       'uint8 CheckVA(uint8)'
[2017.03.09-01.43.20:639][764]CompilerResultsLog:Error: Error c:\program files\epic games\4.12\engine\source\runtime\core\public\Misc/OutputDevice.h(88) : note: or       'uint32 CheckVA(uint32)'
[2017.03.09-01.43.20:639][764]CompilerResultsLog:Error: Error c:\program files\epic games\4.12\engine\source\runtime\core\public\Misc/OutputDevice.h(397) : note: while trying to match the argument list '(FString)'
[2017.03.09-01.43.20:639][764]CompilerResultsLog:Error: Error D:\Unreal Engine Projects\DissertationLevel\DissertationLevel\Source\DissertationLevel\AI\EnemyAIController.cpp(199) : note: see reference to function template instantiation 'void FMsg::Logf_Internal<FString>(const ANSICHAR *,int32,const FName &,ELogVerbosity::Type,const TCHAR *,T1)' being compiled
[2017.03.09-01.43.20:639][764]CompilerResultsLog: Info         with
[2017.03.09-01.43.20:639][764]CompilerResultsLog: Info         [
[2017.03.09-01.43.20:639][764]CompilerResultsLog: Info             T1=FString
[2017.03.09-01.43.20:639][764]CompilerResultsLog: Info         ]
[2017.03.09-01.43.20:639][764]CompilerResultsLog: Info ERROR: UBT ERROR: Failed to produce item: D:\Unreal Engine Projects\DissertationLevel\DissertationLevel\Binaries\Win64\UE4Editor-DissertationLevel-3710.dll
[2017.03.09-01.43.20:640][764]CompilerResultsLog: Info Total build time: 12.52 seconds
[2017.03.09-01.43.20:640][764]LogMainFrame: MainFrame: Module compiling took 12.691 seconds
[2017.03.09-01.43.20:640][764]Warning: HotReload failed, recompile failed
[2017.03.09-01.44.07:724][ 75]Recompiling DissertationLevel...
[2017.03.09-01.44.07:726][ 75]Launching UnrealBuildTool... [C:/Program Files/Epic Games/4.12/Engine/Binaries/DotNET/UnrealBuildTool.exe DissertationLevel -ModuleWithSuffix DissertationLevel 961 Win64 Development -editorrecompile -canskiplink "D:/Unreal Engine Projects/DissertationLevel/DissertationLevel/DissertationLevel.uproject"  -2015]
[2017.03.09-01.44.07:729][ 75]Warning: Starting HotReload took  0.0s.
[2017.03.09-01.44.14:110][398]CompilerResultsLog: New page: Compilation - 9 Mar 2017 01:44:14
[2017.03.09-01.44.14:111][398]CompilerResultsLog: Info Compiling game modules for hot reload
[2017.03.09-01.44.14:111][398]CompilerResultsLog: Info Performing 2 actions (4 in parallel)
[2017.03.09-01.44.14:111][398]CompilerResultsLog: Info EnemyAIController.cpp
[2017.03.09-01.44.14:111][398]CompilerResultsLog:Error: Error c:\program files\epic games\4.12\engine\source\runtime\core\public\Misc/OutputDevice.h(397) : error C2665: 'CheckVA': none of the 11 overloads could convert all the argument types
[2017.03.09-01.44.14:111][398]CompilerResultsLog:Error: Error c:\program files\epic games\4.12\engine\source\runtime\core\public\Misc/OutputDevice.h(98) : note: could be 'bool CheckVA(bool)'
[2017.03.09-01.44.14:111][398]CompilerResultsLog:Error: Error c:\program files\epic games\4.12\engine\source\runtime\core\public\Misc/OutputDevice.h(97) : note: or       'void *CheckVA(ANSICHAR *)'
[2017.03.09-01.44.14:111][398]CompilerResultsLog:Error: Error c:\program files\epic games\4.12\engine\source\runtime\core\public\Misc/OutputDevice.h(96) : note: or       'TCHAR CheckVA(TCHAR)'
[2017.03.09-01.44.14:111][398]CompilerResultsLog:Error: Error c:\program files\epic games\4.12\engine\source\runtime\core\public\Misc/OutputDevice.h(95) : note: or       'long CheckVA(unsigned long)'
[2017.03.09-01.44.14:111][398]CompilerResultsLog:Error: Error c:\program files\epic games\4.12\engine\source\runtime\core\public\Misc/OutputDevice.h(94) : note: or       'long CheckVA(long)'
[2017.03.09-01.44.14:111][398]CompilerResultsLog:Error: Error c:\program files\epic games\4.12\engine\source\runtime\core\public\Misc/OutputDevice.h(93) : note: or       'double CheckVA(double)'
[2017.03.09-01.44.14:111][398]CompilerResultsLog:Error: Error c:\program files\epic games\4.12\engine\source\runtime\core\public\Misc/OutputDevice.h(92) : note: or       'int64 CheckVA(int64)'
[2017.03.09-01.44.14:111][398]CompilerResultsLog:Error: Error c:\program files\epic games\4.12\engine\source\runtime\core\public\Misc/OutputDevice.h(91) : note: or       'uint64 CheckVA(uint64)'
[2017.03.09-01.44.14:111][398]CompilerResultsLog:Error: Error c:\program files\epic games\4.12\engine\source\runtime\core\public\Misc/OutputDevice.h(90) : note: or       'int32 CheckVA(int32)'
[2017.03.09-01.44.14:111][398]CompilerResultsLog:Error: Error c:\program files\epic games\4.12\engine\source\runtime\core\public\Misc/OutputDevice.h(89) : note: or       'uint8 CheckVA(uint8)'
[2017.03.09-01.44.14:111][398]CompilerResultsLog:Error: Error c:\program files\epic games\4.12\engine\source\runtime\core\public\Misc/OutputDevice.h(88) : note: or       'uint32 CheckVA(uint32)'
[2017.03.09-01.44.14:111][398]CompilerResultsLog:Error: Error c:\program files\epic games\4.12\engine\source\runtime\core\public\Misc/OutputDevice.h(397) : note: while trying to match the argument list '(FString)'
[2017.03.09-01.44.14:111][398]CompilerResultsLog:Error: Error D:\Unreal Engine Projects\DissertationLevel\DissertationLevel\Source\DissertationLevel\AI\EnemyAIController.cpp(199) : note: see reference to function template instantiation 'void FMsg::Logf_Internal<FString>(const ANSICHAR *,int32,const FName &,ELogVerbosity::Type,const TCHAR *,T1)' being compiled
[2017.03.09-01.44.14:111][398]CompilerResultsLog: Info         with
[2017.03.09-01.44.14:111][398]CompilerResultsLog: Info         [
[2017.03.09-01.44.14:111][398]CompilerResultsLog: Info             T1=FString
[2017.03.09-01.44.14:111][398]CompilerResultsLog: Info         ]
[2017.03.09-01.44.14:111][398]CompilerResultsLog: Info ERROR: UBT ERROR: Failed to produce item: D:\Unreal Engine Projects\DissertationLevel\DissertationLevel\Binaries\Win64\UE4Editor-DissertationLevel-961.dll
[2017.03.09-01.44.14:111][398]CompilerResultsLog: Info Total build time: 6.22 seconds
[2017.03.09-01.44.14:111][398]LogMainFrame: MainFrame: Module compiling took 6.390 seconds
[2017.03.09-01.44.14:111][398]Warning: HotReload failed, recompile failed
[2017.03.09-01.44.18:458][611]LogActor:Warning: WinningLocation_BP_C /Engine/Transient.World_1:PersistentLevel.WinningLocation_BP_C_60 has natively added scene component(s), but none of them were set as the actor's RootComponent - picking one arbitrarily
[2017.03.09-01.44.18:485][612]LogActor:Warning: WinningLocation_BP_C /Engine/Transient.World_1:PersistentLevel.WinningLocation_BP_C_61 has natively added scene component(s), but none of them were set as the actor's RootComponent - picking one arbitrarily
[2017.03.09-01.44.21:661][729]LogActor:Warning: WinningLocation_BP_C /Engine/Transient.World_1:PersistentLevel.WinningLocation_BP_C_62 has natively added scene component(s), but none of them were set as the actor's RootComponent - picking one arbitrarily
[2017.03.09-01.44.21:688][730]LogActor:Warning: WinningLocation_BP_C /Engine/Transient.World_1:PersistentLevel.WinningLocation_BP_C_63 has natively added scene component(s), but none of them were set as the actor's RootComponent - picking one arbitrarily
[2017.03.09-01.44.21:725][731]LogActor:Warning: WinningLocation_BP_C /Engine/Transient.World_1:PersistentLevel.WinningLocation_BP_C_64 has natively added scene component(s), but none of them were set as the actor's RootComponent - picking one arbitrarily
[2017.03.09-01.44.21:758][732]LogActor:Warning: WinningLocation_BP_C /Engine/Transient.World_1:PersistentLevel.WinningLocation_BP_C_65 has natively added scene component(s), but none of them were set as the actor's RootComponent - picking one arbitrarily
[2017.03.09-01.44.21:799][733]LogActor:Warning: WinningLocation_BP_C /Engine/Transient.World_1:PersistentLevel.WinningLocation_BP_C_66 has natively added scene component(s), but none of them were set as the actor's RootComponent - picking one arbitrarily
[2017.03.09-01.44.21:834][734]LogActor:Warning: WinningLocation_BP_C /Engine/Transient.World_1:PersistentLevel.WinningLocation_BP_C_67 has natively added scene component(s), but none of them were set as the actor's RootComponent - picking one arbitrarily
[2017.03.09-01.44.21:868][735]LogActor:Warning: WinningLocation_BP_C /Engine/Transient.World_1:PersistentLevel.WinningLocation_BP_C_68 has natively added scene component(s), but none of them were set as the actor's RootComponent - picking one arbitrarily
[2017.03.09-01.44.21:916][736]LogActor:Warning: WinningLocation_BP_C /Engine/Transient.World_1:PersistentLevel.WinningLocation_BP_C_69 has natively added scene component(s), but none of them were set as the actor's RootComponent - picking one arbitrarily
[2017.03.09-01.44.21:952][737]LogActor:Warning: WinningLocation_BP_C /Engine/Transient.World_1:PersistentLevel.WinningLocation_BP_C_70 has natively added scene component(s), but none of them were set as the actor's RootComponent - picking one arbitrarily
[2017.03.09-01.44.21:987][738]LogActor:Warning: WinningLocation_BP_C /Engine/Transient.World_1:PersistentLevel.WinningLocation_BP_C_71 has natively added scene component(s), but none of them were set as the actor's RootComponent - picking one arbitrarily
[2017.03.09-01.44.22:021][739]LogActor:Warning: WinningLocation_BP_C /Engine/Transient.World_1:PersistentLevel.WinningLocation_BP_C_72 has natively added scene component(s), but none of them were set as the actor's RootComponent - picking one arbitrarily
[2017.03.09-01.44.22:055][740]LogActor:Warning: WinningLocation_BP_C /Engine/Transient.World_1:PersistentLevel.WinningLocation_BP_C_73 has natively added scene component(s), but none of them were set as the actor's RootComponent - picking one arbitrarily
[2017.03.09-01.44.34:812][833]LogActor:Warning: WinningLocation_BP_C /Engine/Transient.World_1:PersistentLevel.WinningLocation_BP_C_74 has natively added scene component(s), but none of them were set as the actor's RootComponent - picking one arbitrarily
[2017.03.09-01.44.34:836][834]LogActor:Warning: WinningLocation_BP_C /Engine/Transient.World_1:PersistentLevel.WinningLocation_BP_C_75 has natively added scene component(s), but none of them were set as the actor's RootComponent - picking one arbitrarily
[2017.03.09-01.44.34:887][835]LogActor:Warning: WinningLocation_BP_C /Engine/Transient.World_1:PersistentLevel.WinningLocation_BP_C_76 has natively added scene component(s), but none of them were set as the actor's RootComponent - picking one arbitrarily
[2017.03.09-01.44.34:904][836]LogActor:Warning: WinningLocation_BP_C /Engine/Transient.World_1:PersistentLevel.WinningLocation_BP_C_77 has natively added scene component(s), but none of them were set as the actor's RootComponent - picking one arbitrarily
[2017.03.09-01.44.40:977][ 67]LogActor:Warning: WinningLocation_BP_C /Engine/Transient.World_1:PersistentLevel.WinningLocation_BP_C_78 has natively added scene component(s), but none of them were set as the actor's RootComponent - picking one arbitrarily
[2017.03.09-01.44.41:003][ 68]LogActor:Warning: WinningLocation_BP_C /Engine/Transient.World_1:PersistentLevel.WinningLocation_BP_C_79 has natively added scene component(s), but none of them were set as the actor's RootComponent - picking one arbitrarily
[2017.03.09-01.44.41:034][ 69]LogActor:Warning: WinningLocation_BP_C /Engine/Transient.World_1:PersistentLevel.WinningLocation_BP_C_80 has natively added scene component(s), but none of them were set as the actor's RootComponent - picking one arbitrarily
[2017.03.09-01.44.41:065][ 70]LogActor:Warning: WinningLocation_BP_C /Engine/Transient.World_1:PersistentLevel.WinningLocation_BP_C_81 has natively added scene component(s), but none of them were set as the actor's RootComponent - picking one arbitrarily
[2017.03.09-01.44.41:099][ 71]LogActor:Warning: WinningLocation_BP_C /Engine/Transient.World_1:PersistentLevel.WinningLocation_BP_C_82 has natively added scene component(s), but none of them were set as the actor's RootComponent - picking one arbitrarily
[2017.03.09-01.44.41:141][ 72]LogActor:Warning: WinningLocation_BP_C /Engine/Transient.World_1:PersistentLevel.WinningLocation_BP_C_83 has natively added scene component(s), but none of them were set as the actor's RootComponent - picking one arbitrarily
[2017.03.09-01.44.41:176][ 73]LogActor:Warning: WinningLocation_BP_C /Engine/Transient.World_1:PersistentLevel.WinningLocation_BP_C_84 has natively added scene component(s), but none of them were set as the actor's RootComponent - picking one arbitrarily
[2017.03.09-01.44.41:216][ 74]LogActor:Warning: WinningLocation_BP_C /Engine/Transient.World_1:PersistentLevel.WinningLocation_BP_C_85 has natively added scene component(s), but none of them were set as the actor's RootComponent - picking one arbitrarily
[2017.03.09-01.44.41:249][ 75]LogActor:Warning: WinningLocation_BP_C /Engine/Transient.World_1:PersistentLevel.WinningLocation_BP_C_86 has natively added scene component(s), but none of them were set as the actor's RootComponent - picking one arbitrarily
[2017.03.09-01.44.41:283][ 76]LogActor:Warning: WinningLocation_BP_C /Engine/Transient.World_1:PersistentLevel.WinningLocation_BP_C_87 has natively added scene component(s), but none of them were set as the actor's RootComponent - picking one arbitrarily
[2017.03.09-01.44.57:674][138]LogActor:Warning: WinningLocation_BP_C /Engine/Transient.World_1:PersistentLevel.WinningLocation_BP_C_88 has natively added scene component(s), but none of them were set as the actor's RootComponent - picking one arbitrarily
[2017.03.09-01.44.57:690][139]LogActor:Warning: WinningLocation_BP_C /Engine/Transient.World_1:PersistentLevel.WinningLocation_BP_C_89 has natively added scene component(s), but none of them were set as the actor's RootComponent - picking one arbitrarily
[2017.03.09-01.45.00:595][298]Recompiling DissertationLevel...
[2017.03.09-01.45.00:598][298]Launching UnrealBuildTool... [C:/Program Files/Epic Games/4.12/Engine/Binaries/DotNET/UnrealBuildTool.exe DissertationLevel -ModuleWithSuffix DissertationLevel 1136 Win64 Development -editorrecompile -canskiplink "D:/Unreal Engine Projects/DissertationLevel/DissertationLevel/DissertationLevel.uproject"  -2015]
[2017.03.09-01.45.00:599][298]Warning: Starting HotReload took  0.0s.
[2017.03.09-01.46.43:912][352]CompilerResultsLog: New page: Compilation - 9 Mar 2017 01:46:43
[2017.03.09-01.46.43:912][352]CompilerResultsLog: Info Creating makefile for hot reloading DissertationLevel (working set of source files changed)
[2017.03.09-01.46.43:912][352]CompilerResultsLog: Info Compiling game modules for hot reload
[2017.03.09-01.46.43:912][352]CompilerResultsLog: Info Performing 2 actions (4 in parallel)
[2017.03.09-01.46.43:912][352]CompilerResultsLog: Info EnemyAIController.cpp
[2017.03.09-01.46.43:912][352]CompilerResultsLog: Info [2/2] Link UE4Editor-DissertationLevel-1136.dll
[2017.03.09-01.46.43:912][352]CompilerResultsLog: Info    Creating library D:\Unreal Engine Projects\DissertationLevel\DissertationLevel\Intermediate\Build\Win64\UE4Editor\Development\UE4Editor-DissertationLevel-1136.lib and object D:\Unreal Engine Projects\DissertationLevel\DissertationLevel\Intermediate\Build\Win64\UE4Editor\Development\UE4Editor-DissertationLevel-1136.exp
[2017.03.09-01.46.43:912][352]CompilerResultsLog: Info Total build time: 103.16 seconds
[2017.03.09-01.46.43:912][352]LogMainFrame: MainFrame: Module compiling took 103.331 seconds
[2017.03.09-01.46.43:975][352]LogClass: EPlayState HotReload.
[2017.03.09-01.46.43:975][352]LogClass: NodeCost HotReload.
[2017.03.09-01.46.43:999][352]LogContentBrowser: Native class hierarchy updated for 'DissertationLevel' in 0.0191 seconds. Added 14 classes and 5 folders.
[2017.03.09-01.46.44:000][352]Warning: HotReload successful (4 functions remapped  1 scriptstructs remapped)
[2017.03.09-01.46.44:106][352]LogContentBrowser: Native class hierarchy populated in 0.0256 seconds. Added 2070 classes and 380 folders.
[2017.03.09-01.46.44:106][352]Warning: HotReload took 103.5s.
[2017.03.09-01.47.05:110][283]LogBlueprintUserMessages: Early PlayInEditor Detection: Level '/Game/ThirdPersonCPP/Maps/ThirdPersonExampleMap.ThirdPersonExampleMap:PersistentLevel' has LevelScriptBlueprint '/Game/ThirdPersonCPP/Maps/ThirdPersonExampleMap.ThirdPersonExampleMap:PersistentLevel.ThirdPersonExampleMap' with GeneratedClass '/Game/ThirdPersonCPP/Maps/ThirdPersonExampleMap.ThirdPersonExampleMap_C' with ClassGeneratedBy '/Game/ThirdPersonCPP/Maps/ThirdPersonExampleMap.ThirdPersonExampleMap:PersistentLevel.ThirdPersonExampleMap'
[2017.03.09-01.47.05:110][283]LogPlayLevel: PlayLevel: No blueprints needed recompiling
[2017.03.09-01.47.05:110][283]PIE: New page: PIE session: ThirdPersonExampleMap (9 Mar 2017 01:47:05)
[2017.03.09-01.47.05:110][283]LogPlayLevel: Creating play world package: /Game/ThirdPersonCPP/Maps/UEDPIE_0_ThirdPersonExampleMap
[2017.03.09-01.47.05:173][283]LogPlayLevel: PIE: StaticDuplicateObject took: (0.063457s)
[2017.03.09-01.47.05:174][283]LogAIModule: Creating AISystem for world ThirdPersonExampleMap
[2017.03.09-01.47.05:174][283]LogPlayLevel: PIE: World Init took: (0.000884s)
[2017.03.09-01.47.05:175][283]LogPlayLevel: PIE: Created PIE world by copying editor world from /Game/ThirdPersonCPP/Maps/ThirdPersonExampleMap.ThirdPersonExampleMap to /Game/ThirdPersonCPP/Maps/UEDPIE_0_ThirdPersonExampleMap.ThirdPersonExampleMap (0.064649s)
[2017.03.09-01.47.05:188][283]LogInit: XAudio2 using 'Speakers (Realtek High Definition Audio)' : 2 channels at 48 kHz using 32 bits per sample (channel mask 0x3)
[2017.03.09-01.47.05:194][283]LogInit: FAudioDevice initialized.
[2017.03.09-01.47.05:267][283]LogWorld: Game class is 'DissertationLevelGameMode'
[2017.03.09-01.47.05:374][283]LogWorld: Bringing World /Game/ThirdPersonCPP/Maps/UEDPIE_0_ThirdPersonExampleMap.ThirdPersonExampleMap up for play (max tick rate 0) at 2017.03.09-01.47.05
[2017.03.09-01.47.05:384][283]LogWorld: Bringing up level for play took: 0.115482
[2017.03.09-01.47.05:444][283]LogContentBrowser: Native class hierarchy updated for 'MovieSceneCapture' in 0.0436 seconds. Added 11 classes and 0 folders.
[2017.03.09-01.47.05:445][283]LogActor:Warning: WorldObject /Game/ThirdPersonCPP/Maps/UEDPIE_0_ThirdPersonExampleMap.ThirdPersonExampleMap:PersistentLevel.WorldObject_0 has natively added scene component(s), but none of them were set as the actor's RootComponent - picking one arbitrarily
[2017.03.09-01.47.05:446][283]LogActor:Warning: WorldObject /Game/ThirdPersonCPP/Maps/UEDPIE_0_ThirdPersonExampleMap.ThirdPersonExampleMap:PersistentLevel.WorldObject_1 has natively added scene component(s), but none of them were set as the actor's RootComponent - picking one arbitrarily
[2017.03.09-01.47.05:452][283]LogActor:Warning: WorldObject /Game/ThirdPersonCPP/Maps/UEDPIE_0_ThirdPersonExampleMap.ThirdPersonExampleMap:PersistentLevel.WorldObject_2 has natively added scene component(s), but none of them were set as the actor's RootComponent - picking one arbitrarily
[2017.03.09-01.47.05:453][283]LogActor:Warning: WorldObject /Game/ThirdPersonCPP/Maps/UEDPIE_0_ThirdPersonExampleMap.ThirdPersonExampleMap:PersistentLevel.WorldObject_3 has natively added scene component(s), but none of them were set as the actor's RootComponent - picking one arbitrarily
[2017.03.09-01.47.05:454][283]LogActor:Warning: WorldObject /Game/ThirdPersonCPP/Maps/UEDPIE_0_ThirdPersonExampleMap.ThirdPersonExampleMap:PersistentLevel.WorldObject_4 has natively added scene component(s), but none of them were set as the actor's RootComponent - picking one arbitrarily
[2017.03.09-01.47.05:456][283]LogActor:Warning: WorldObject /Game/ThirdPersonCPP/Maps/UEDPIE_0_ThirdPersonExampleMap.ThirdPersonExampleMap:PersistentLevel.WorldObject_5 has natively added scene component(s), but none of them were set as the actor's RootComponent - picking one arbitrarily
[2017.03.09-01.47.05:457][283]LogActor:Warning: WorldObject /Game/ThirdPersonCPP/Maps/UEDPIE_0_ThirdPersonExampleMap.ThirdPersonExampleMap:PersistentLevel.WorldObject_6 has natively added scene component(s), but none of them were set as the actor's RootComponent - picking one arbitrarily
[2017.03.09-01.47.05:459][283]LogActor:Warning: WorldObject /Game/ThirdPersonCPP/Maps/UEDPIE_0_ThirdPersonExampleMap.ThirdPersonExampleMap:PersistentLevel.WorldObject_7 has natively added scene component(s), but none of them were set as the actor's RootComponent - picking one arbitrarily
[2017.03.09-01.47.05:460][283]LogActor:Warning: WorldObject /Game/ThirdPersonCPP/Maps/UEDPIE_0_ThirdPersonExampleMap.ThirdPersonExampleMap:PersistentLevel.WorldObject_8 has natively added scene component(s), but none of them were set as the actor's RootComponent - picking one arbitrarily
[2017.03.09-01.47.05:462][283]LogActor:Warning: WorldObject /Game/ThirdPersonCPP/Maps/UEDPIE_0_ThirdPersonExampleMap.ThirdPersonExampleMap:PersistentLevel.WorldObject_9 has natively added scene component(s), but none of them were set as the actor's RootComponent - picking one arbitrarily
[2017.03.09-01.47.05:463][283]LogActor:Warning: WorldObject /Game/ThirdPersonCPP/Maps/UEDPIE_0_ThirdPersonExampleMap.ThirdPersonExampleMap:PersistentLevel.WorldObject_10 has natively added scene component(s), but none of them were set as the actor's RootComponent - picking one arbitrarily
[2017.03.09-01.47.05:464][283]LogActor:Warning: WorldObject /Game/ThirdPersonCPP/Maps/UEDPIE_0_ThirdPersonExampleMap.ThirdPersonExampleMap:PersistentLevel.WorldObject_11 has natively added scene component(s), but none of them were set as the actor's RootComponent - picking one arbitrarily
[2017.03.09-01.47.05:465][283]LogActor:Warning: WorldObject /Game/ThirdPersonCPP/Maps/UEDPIE_0_ThirdPersonExampleMap.ThirdPersonExampleMap:PersistentLevel.WorldObject_12 has natively added scene component(s), but none of them were set as the actor's RootComponent - picking one arbitrarily
[2017.03.09-01.47.05:467][283]LogActor:Warning: WorldObject /Game/ThirdPersonCPP/Maps/UEDPIE_0_ThirdPersonExampleMap.ThirdPersonExampleMap:PersistentLevel.WorldObject_13 has natively added scene component(s), but none of them were set as the actor's RootComponent - picking one arbitrarily
[2017.03.09-01.47.05:468][283]LogActor:Warning: WorldObject /Game/ThirdPersonCPP/Maps/UEDPIE_0_ThirdPersonExampleMap.ThirdPersonExampleMap:PersistentLevel.WorldObject_14 has natively added scene component(s), but none of them were set as the actor's RootComponent - picking one arbitrarily
[2017.03.09-01.47.05:469][283]PIE: Info Play in editor start time for /Game/ThirdPersonCPP/Maps/UEDPIE_0_ThirdPersonExampleMap -0.46
[2017.03.09-01.47.05:469][283]LogBlueprintUserMessages: Late PlayInEditor Detection: Level '/Game/ThirdPersonCPP/Maps/ThirdPersonExampleMap.ThirdPersonExampleMap:PersistentLevel' has LevelScriptBlueprint '/Game/ThirdPersonCPP/Maps/ThirdPersonExampleMap.ThirdPersonExampleMap:PersistentLevel.ThirdPersonExampleMap' with GeneratedClass '/Game/ThirdPersonCPP/Maps/ThirdPersonExampleMap.ThirdPersonExampleMap_C' with ClassGeneratedBy '/Game/ThirdPersonCPP/Maps/ThirdPersonExampleMap.ThirdPersonExampleMap:PersistentLevel.ThirdPersonExampleMap'
[2017.03.09-01.47.09:677][424]Cmd: EnableGDT
[2017.03.09-01.47.09:678][424]LogGameplayDebugger:Warning: Got from client: EnableGDT 
[2017.03.09-01.47.27:347][ 80]LogEQS:Warning: Query [FindPlayer_EQS] can't use test [AStarQueryTest_0] in option 0 [], removing it
[2017.03.09-01.50.47:658][187]LogBlueprintUserMessages: Early EndPlayMap Detection: Level '/Game/ThirdPersonCPP/Maps/ThirdPersonExampleMap.ThirdPersonExampleMap:PersistentLevel' has LevelScriptBlueprint '/Game/ThirdPersonCPP/Maps/ThirdPersonExampleMap.ThirdPersonExampleMap:PersistentLevel.ThirdPersonExampleMap' with GeneratedClass '/Game/ThirdPersonCPP/Maps/ThirdPersonExampleMap.ThirdPersonExampleMap_C' with ClassGeneratedBy '/Game/ThirdPersonCPP/Maps/ThirdPersonExampleMap.ThirdPersonExampleMap:PersistentLevel.ThirdPersonExampleMap'
[2017.03.09-01.50.47:714][187]LogBlueprintUserMessages: Late EndPlayMap Detection: Level '/Game/ThirdPersonCPP/Maps/ThirdPersonExampleMap.ThirdPersonExampleMap:PersistentLevel' has LevelScriptBlueprint '/Game/ThirdPersonCPP/Maps/ThirdPersonExampleMap.ThirdPersonExampleMap:PersistentLevel.ThirdPersonExampleMap' with GeneratedClass '/Game/ThirdPersonCPP/Maps/ThirdPersonExampleMap.ThirdPersonExampleMap_C' with ClassGeneratedBy '/Game/ThirdPersonCPP/Maps/ThirdPersonExampleMap.ThirdPersonExampleMap:PersistentLevel.ThirdPersonExampleMap'
[2017.03.09-01.50.56:271][693]LogBlueprintUserMessages: Early PlayInEditor Detection: Level '/Game/ThirdPersonCPP/Maps/ThirdPersonExampleMap.ThirdPersonExampleMap:PersistentLevel' has LevelScriptBlueprint '/Game/ThirdPersonCPP/Maps/ThirdPersonExampleMap.ThirdPersonExampleMap:PersistentLevel.ThirdPersonExampleMap' with GeneratedClass '/Game/ThirdPersonCPP/Maps/ThirdPersonExampleMap.ThirdPersonExampleMap_C' with ClassGeneratedBy '/Game/ThirdPersonCPP/Maps/ThirdPersonExampleMap.ThirdPersonExampleMap:PersistentLevel.ThirdPersonExampleMap'
[2017.03.09-01.50.56:271][693]LogPlayLevel: PlayLevel: No blueprints needed recompiling
[2017.03.09-01.50.56:272][693]PIE: New page: PIE session: ThirdPersonExampleMap (9 Mar 2017 01:50:56)
[2017.03.09-01.50.56:272][693]LogPlayLevel: Creating play world package: /Game/ThirdPersonCPP/Maps/UEDPIE_0_ThirdPersonExampleMap
[2017.03.09-01.50.56:294][693]LogPlayLevel: PIE: StaticDuplicateObject took: (0.022728s)
[2017.03.09-01.50.56:295][693]LogAIModule: Creating AISystem for world ThirdPersonExampleMap
[2017.03.09-01.50.56:295][693]LogPlayLevel: PIE: World Init took: (0.000971s)
[2017.03.09-01.50.56:296][693]LogPlayLevel: PIE: Created PIE world by copying editor world from /Game/ThirdPersonCPP/Maps/ThirdPersonExampleMap.ThirdPersonExampleMap to /Game/ThirdPersonCPP/Maps/UEDPIE_0_ThirdPersonExampleMap.ThirdPersonExampleMap (0.024096s)
[2017.03.09-01.50.56:310][693]LogInit: XAudio2 using 'Speakers (Realtek High Definition Audio)' : 2 channels at 48 kHz using 32 bits per sample (channel mask 0x3)
[2017.03.09-01.50.56:317][693]LogInit: FAudioDevice initialized.
[2017.03.09-01.50.56:369][693]LogWorld: Game class is 'DissertationLevelGameMode'
[2017.03.09-01.50.56:449][693]LogWorld: Bringing World /Game/ThirdPersonCPP/Maps/UEDPIE_0_ThirdPersonExampleMap.ThirdPersonExampleMap up for play (max tick rate 0) at 2017.03.09-01.50.56
[2017.03.09-01.50.56:454][693]LogWorld: Bringing up level for play took: 0.082913
[2017.03.09-01.50.56:462][693]LogActor:Warning: WorldObject /Game/ThirdPersonCPP/Maps/UEDPIE_0_ThirdPersonExampleMap.ThirdPersonExampleMap:PersistentLevel.WorldObject_0 has natively added scene component(s), but none of them were set as the actor's RootComponent - picking one arbitrarily
[2017.03.09-01.50.56:468][693]LogActor:Warning: WorldObject /Game/ThirdPersonCPP/Maps/UEDPIE_0_ThirdPersonExampleMap.ThirdPersonExampleMap:PersistentLevel.WorldObject_1 has natively added scene component(s), but none of them were set as the actor's RootComponent - picking one arbitrarily
[2017.03.09-01.50.56:469][693]LogActor:Warning: WorldObject /Game/ThirdPersonCPP/Maps/UEDPIE_0_ThirdPersonExampleMap.ThirdPersonExampleMap:PersistentLevel.WorldObject_2 has natively added scene component(s), but none of them were set as the actor's RootComponent - picking one arbitrarily
[2017.03.09-01.50.56:471][693]LogActor:Warning: WorldObject /Game/ThirdPersonCPP/Maps/UEDPIE_0_ThirdPersonExampleMap.ThirdPersonExampleMap:PersistentLevel.WorldObject_3 has natively added scene component(s), but none of them were set as the actor's RootComponent - picking one arbitrarily
[2017.03.09-01.50.56:473][693]LogActor:Warning: WorldObject /Game/ThirdPersonCPP/Maps/UEDPIE_0_ThirdPersonExampleMap.ThirdPersonExampleMap:PersistentLevel.WorldObject_4 has natively added scene component(s), but none of them were set as the actor's RootComponent - picking one arbitrarily
[2017.03.09-01.50.56:474][693]LogActor:Warning: WorldObject /Game/ThirdPersonCPP/Maps/UEDPIE_0_ThirdPersonExampleMap.ThirdPersonExampleMap:PersistentLevel.WorldObject_5 has natively added scene component(s), but none of them were set as the actor's RootComponent - picking one arbitrarily
[2017.03.09-01.50.56:475][693]LogActor:Warning: WorldObject /Game/ThirdPersonCPP/Maps/UEDPIE_0_ThirdPersonExampleMap.ThirdPersonExampleMap:PersistentLevel.WorldObject_6 has natively added scene component(s), but none of them were set as the actor's RootComponent - picking one arbitrarily
[2017.03.09-01.50.56:476][693]LogActor:Warning: WorldObject /Game/ThirdPersonCPP/Maps/UEDPIE_0_ThirdPersonExampleMap.ThirdPersonExampleMap:PersistentLevel.WorldObject_7 has natively added scene component(s), but none of them were set as the actor's RootComponent - picking one arbitrarily
[2017.03.09-01.50.56:477][693]LogActor:Warning: WorldObject /Game/ThirdPersonCPP/Maps/UEDPIE_0_ThirdPersonExampleMap.ThirdPersonExampleMap:PersistentLevel.WorldObject_8 has natively added scene component(s), but none of them were set as the actor's RootComponent - picking one arbitrarily
[2017.03.09-01.50.56:478][693]LogActor:Warning: WorldObject /Game/ThirdPersonCPP/Maps/UEDPIE_0_ThirdPersonExampleMap.ThirdPersonExampleMap:PersistentLevel.WorldObject_9 has natively added scene component(s), but none of them were set as the actor's RootComponent - picking one arbitrarily
[2017.03.09-01.50.56:479][693]LogActor:Warning: WorldObject /Game/ThirdPersonCPP/Maps/UEDPIE_0_ThirdPersonExampleMap.ThirdPersonExampleMap:PersistentLevel.WorldObject_10 has natively added scene component(s), but none of them were set as the actor's RootComponent - picking one arbitrarily
[2017.03.09-01.50.56:480][693]LogActor:Warning: WorldObject /Game/ThirdPersonCPP/Maps/UEDPIE_0_ThirdPersonExampleMap.ThirdPersonExampleMap:PersistentLevel.WorldObject_11 has natively added scene component(s), but none of them were set as the actor's RootComponent - picking one arbitrarily
[2017.03.09-01.50.56:481][693]LogActor:Warning: WorldObject /Game/ThirdPersonCPP/Maps/UEDPIE_0_ThirdPersonExampleMap.ThirdPersonExampleMap:PersistentLevel.WorldObject_12 has natively added scene component(s), but none of them were set as the actor's RootComponent - picking one arbitrarily
[2017.03.09-01.50.56:483][693]LogActor:Warning: WorldObject /Game/ThirdPersonCPP/Maps/UEDPIE_0_ThirdPersonExampleMap.ThirdPersonExampleMap:PersistentLevel.WorldObject_13 has natively added scene component(s), but none of them were set as the actor's RootComponent - picking one arbitrarily
[2017.03.09-01.50.56:484][693]LogActor:Warning: WorldObject /Game/ThirdPersonCPP/Maps/UEDPIE_0_ThirdPersonExampleMap.ThirdPersonExampleMap:PersistentLevel.WorldObject_14 has natively added scene component(s), but none of them were set as the actor's RootComponent - picking one arbitrarily
[2017.03.09-01.50.56:488][693]PIE: Info Play in editor start time for /Game/ThirdPersonCPP/Maps/UEDPIE_0_ThirdPersonExampleMap 0.558
[2017.03.09-01.50.56:488][693]LogBlueprintUserMessages: Late PlayInEditor Detection: Level '/Game/ThirdPersonCPP/Maps/ThirdPersonExampleMap.ThirdPersonExampleMap:PersistentLevel' has LevelScriptBlueprint '/Game/ThirdPersonCPP/Maps/ThirdPersonExampleMap.ThirdPersonExampleMap:PersistentLevel.ThirdPersonExampleMap' with GeneratedClass '/Game/ThirdPersonCPP/Maps/ThirdPersonExampleMap.ThirdPersonExampleMap_C' with ClassGeneratedBy '/Game/ThirdPersonCPP/Maps/ThirdPersonExampleMap.ThirdPersonExampleMap:PersistentLevel.ThirdPersonExampleMap'
[2017.03.09-01.51.03:517][928]Cmd: EnableGDT
[2017.03.09-01.51.03:518][928]LogGameplayDebugger:Warning: Got from client: EnableGDT 
[2017.03.09-01.51.05:735][  4]LogEQS:Warning: Query [FindPlayer_EQS] can't use test [AStarQueryTest_0] in option 0 [], removing it
[2017.03.09-01.51.52:071][558]LogBlueprintUserMessages: Early EndPlayMap Detection: Level '/Game/ThirdPersonCPP/Maps/ThirdPersonExampleMap.ThirdPersonExampleMap:PersistentLevel' has LevelScriptBlueprint '/Game/ThirdPersonCPP/Maps/ThirdPersonExampleMap.ThirdPersonExampleMap:PersistentLevel.ThirdPersonExampleMap' with GeneratedClass '/Game/ThirdPersonCPP/Maps/ThirdPersonExampleMap.ThirdPersonExampleMap_C' with ClassGeneratedBy '/Game/ThirdPersonCPP/Maps/ThirdPersonExampleMap.ThirdPersonExampleMap:PersistentLevel.ThirdPersonExampleMap'
[2017.03.09-01.51.52:125][558]LogBlueprintUserMessages: Late EndPlayMap Detection: Level '/Game/ThirdPersonCPP/Maps/ThirdPersonExampleMap.ThirdPersonExampleMap:PersistentLevel' has LevelScriptBlueprint '/Game/ThirdPersonCPP/Maps/ThirdPersonExampleMap.ThirdPersonExampleMap:PersistentLevel.ThirdPersonExampleMap' with GeneratedClass '/Game/ThirdPersonCPP/Maps/ThirdPersonExampleMap.ThirdPersonExampleMap_C' with ClassGeneratedBy '/Game/ThirdPersonCPP/Maps/ThirdPersonExampleMap.ThirdPersonExampleMap:PersistentLevel.ThirdPersonExampleMap'
[2017.03.09-01.51.54:903][705]LogActor:Warning: WinningLocation_BP_C /Engine/Transient.World_1:PersistentLevel.WinningLocation_BP_C_92 has natively added scene component(s), but none of them were set as the actor's RootComponent - picking one arbitrarily
[2017.03.09-01.51.54:923][706]LogActor:Warning: WinningLocation_BP_C /Engine/Transient.World_1:PersistentLevel.WinningLocation_BP_C_93 has natively added scene component(s), but none of them were set as the actor's RootComponent - picking one arbitrarily
[2017.03.09-01.51.54:973][707]LogActor:Warning: WinningLocation_BP_C /Engine/Transient.World_1:PersistentLevel.WinningLocation_BP_C_94 has natively added scene component(s), but none of them were set as the actor's RootComponent - picking one arbitrarily
[2017.03.09-01.51.54:988][708]LogActor:Warning: WinningLocation_BP_C /Engine/Transient.World_1:PersistentLevel.WinningLocation_BP_C_95 has natively added scene component(s), but none of them were set as the actor's RootComponent - picking one arbitrarily
[2017.03.09-01.51.55:014][709]LogActor:Warning: WinningLocation_BP_C /Engine/Transient.World_1:PersistentLevel.WinningLocation_BP_C_96 has natively added scene component(s), but none of them were set as the actor's RootComponent - picking one arbitrarily
[2017.03.09-01.51.55:046][710]LogActor:Warning: WinningLocation_BP_C /Engine/Transient.World_1:PersistentLevel.WinningLocation_BP_C_97 has natively added scene component(s), but none of them were set as the actor's RootComponent - picking one arbitrarily
[2017.03.09-01.51.55:120][711]LogActor:Warning: WinningLocation_BP_C /Engine/Transient.World_1:PersistentLevel.WinningLocation_BP_C_98 has natively added scene component(s), but none of them were set as the actor's RootComponent - picking one arbitrarily
[2017.03.09-01.51.55:137][712]LogActor:Warning: WinningLocation_BP_C /Engine/Transient.World_1:PersistentLevel.WinningLocation_BP_C_99 has natively added scene component(s), but none of them were set as the actor's RootComponent - picking one arbitrarily
[2017.03.09-01.51.55:157][713]LogActor:Warning: WinningLocation_BP_C /Engine/Transient.World_1:PersistentLevel.WinningLocation_BP_C_100 has natively added scene component(s), but none of them were set as the actor's RootComponent - picking one arbitrarily
[2017.03.09-01.51.55:178][714]LogActor:Warning: WinningLocation_BP_C /Engine/Transient.World_1:PersistentLevel.WinningLocation_BP_C_101 has natively added scene component(s), but none of them were set as the actor's RootComponent - picking one arbitrarily
[2017.03.09-01.51.55:186][715]LogActor:Warning: WinningLocation_BP_C /Engine/Transient.World_1:PersistentLevel.WinningLocation_BP_C_102 has natively added scene component(s), but none of them were set as the actor's RootComponent - picking one arbitrarily
[2017.03.09-01.51.55:194][716]LogActor:Warning: WinningLocation_BP_C /Engine/Transient.World_1:PersistentLevel.WinningLocation_BP_C_103 has natively added scene component(s), but none of them were set as the actor's RootComponent - picking one arbitrarily
[2017.03.09-01.51.55:202][717]LogActor:Warning: WinningLocation_BP_C /Engine/Transient.World_1:PersistentLevel.WinningLocation_BP_C_104 has natively added scene component(s), but none of them were set as the actor's RootComponent - picking one arbitrarily
[2017.03.09-01.51.55:212][718]LogActor:Warning: WinningLocation_BP_C /Engine/Transient.World_1:PersistentLevel.WinningLocation_BP_C_105 has natively added scene component(s), but none of them were set as the actor's RootComponent - picking one arbitrarily
[2017.03.09-01.51.55:227][719]LogActor:Warning: WinningLocation_BP_C /Engine/Transient.World_1:PersistentLevel.WinningLocation_BP_C_106 has natively added scene component(s), but none of them were set as the actor's RootComponent - picking one arbitrarily
[2017.03.09-01.51.55:238][720]LogActor:Warning: WinningLocation_BP_C /Engine/Transient.World_1:PersistentLevel.WinningLocation_BP_C_107 has natively added scene component(s), but none of them were set as the actor's RootComponent - picking one arbitrarily
[2017.03.09-01.51.55:310][721]LogActor:Warning: WinningLocation_BP_C /Engine/Transient.World_1:PersistentLevel.WinningLocation_BP_C_108 has natively added scene component(s), but none of them were set as the actor's RootComponent - picking one arbitrarily
[2017.03.09-01.51.55:342][722]LogActor:Warning: WinningLocation_BP_C /Engine/Transient.World_1:PersistentLevel.WinningLocation_BP_C_109 has natively added scene component(s), but none of them were set as the actor's RootComponent - picking one arbitrarily
[2017.03.09-01.51.55:369][723]LogActor:Warning: WinningLocation_BP_C /Engine/Transient.World_1:PersistentLevel.WinningLocation_BP_C_110 has natively added scene component(s), but none of them were set as the actor's RootComponent - picking one arbitrarily
[2017.03.09-01.51.55:405][724]LogActor:Warning: WinningLocation_BP_C /Engine/Transient.World_1:PersistentLevel.WinningLocation_BP_C_111 has natively added scene component(s), but none of them were set as the actor's RootComponent - picking one arbitrarily
[2017.03.09-01.51.55:436][725]LogActor:Warning: WinningLocation_BP_C /Engine/Transient.World_1:PersistentLevel.WinningLocation_BP_C_112 has natively added scene component(s), but none of them were set as the actor's RootComponent - picking one arbitrarily
[2017.03.09-01.51.55:469][726]LogActor:Warning: WinningLocation_BP_C /Engine/Transient.World_1:PersistentLevel.WinningLocation_BP_C_113 has natively added scene component(s), but none of them were set as the actor's RootComponent - picking one arbitrarily
[2017.03.09-01.51.55:510][727]LogActor:Warning: WinningLocation_BP_C /Engine/Transient.World_1:PersistentLevel.WinningLocation_BP_C_114 has natively added scene component(s), but none of them were set as the actor's RootComponent - picking one arbitrarily
[2017.03.09-01.51.55:542][728]LogActor:Warning: WinningLocation_BP_C /Engine/Transient.World_1:PersistentLevel.WinningLocation_BP_C_115 has natively added scene component(s), but none of them were set as the actor's RootComponent - picking one arbitrarily
[2017.03.09-01.51.55:569][729]LogActor:Warning: WinningLocation_BP_C /Engine/Transient.World_1:PersistentLevel.WinningLocation_BP_C_116 has natively added scene component(s), but none of them were set as the actor's RootComponent - picking one arbitrarily
[2017.03.09-01.51.55:605][730]LogActor:Warning: WinningLocation_BP_C /Engine/Transient.World_1:PersistentLevel.WinningLocation_BP_C_117 has natively added scene component(s), but none of them were set as the actor's RootComponent - picking one arbitrarily
[2017.03.09-01.51.55:637][731]LogActor:Warning: WinningLocation_BP_C /Engine/Transient.World_1:PersistentLevel.WinningLocation_BP_C_118 has natively added scene component(s), but none of them were set as the actor's RootComponent - picking one arbitrarily
[2017.03.09-01.51.55:669][732]LogActor:Warning: WinningLocation_BP_C /Engine/Transient.World_1:PersistentLevel.WinningLocation_BP_C_119 has natively added scene component(s), but none of them were set as the actor's RootComponent - picking one arbitrarily
[2017.03.09-01.51.55:709][733]LogActor:Warning: WinningLocation_BP_C /Engine/Transient.World_1:PersistentLevel.WinningLocation_BP_C_120 has natively added scene component(s), but none of them were set as the actor's RootComponent - picking one arbitrarily
[2017.03.09-01.51.55:739][734]LogActor:Warning: WinningLocation_BP_C /Engine/Transient.World_1:PersistentLevel.WinningLocation_BP_C_121 has natively added scene component(s), but none of them were set as the actor's RootComponent - picking one arbitrarily
[2017.03.09-01.51.55:768][735]LogActor:Warning: WinningLocation_BP_C /Engine/Transient.World_1:PersistentLevel.WinningLocation_BP_C_122 has natively added scene component(s), but none of them were set as the actor's RootComponent - picking one arbitrarily
[2017.03.09-01.51.55:814][736]LogActor:Warning: WinningLocation_BP_C /Engine/Transient.World_1:PersistentLevel.WinningLocation_BP_C_123 has natively added scene component(s), but none of them were set as the actor's RootComponent - picking one arbitrarily
[2017.03.09-01.51.55:833][737]LogActor:Warning: WinningLocation_BP_C /Engine/Transient.World_1:PersistentLevel.WinningLocation_BP_C_124 has natively added scene component(s), but none of them were set as the actor's RootComponent - picking one arbitrarily
[2017.03.09-01.51.55:870][738]LogActor:Warning: WinningLocation_BP_C /Engine/Transient.World_1:PersistentLevel.WinningLocation_BP_C_125 has natively added scene component(s), but none of them were set as the actor's RootComponent - picking one arbitrarily
[2017.03.09-01.51.55:907][739]LogActor:Warning: WinningLocation_BP_C /Engine/Transient.World_1:PersistentLevel.WinningLocation_BP_C_126 has natively added scene component(s), but none of them were set as the actor's RootComponent - picking one arbitrarily
[2017.03.09-01.51.55:936][740]LogActor:Warning: WinningLocation_BP_C /Engine/Transient.World_1:PersistentLevel.WinningLocation_BP_C_127 has natively added scene component(s), but none of them were set as the actor's RootComponent - picking one arbitrarily
[2017.03.09-01.51.55:966][741]LogActor:Warning: WinningLocation_BP_C /Engine/Transient.World_1:PersistentLevel.WinningLocation_BP_C_128 has natively added scene component(s), but none of them were set as the actor's RootComponent - picking one arbitrarily
[2017.03.09-01.51.56:000][742]LogActor:Warning: WinningLocation_BP_C /Engine/Transient.World_1:PersistentLevel.WinningLocation_BP_C_129 has natively added scene component(s), but none of them were set as the actor's RootComponent - picking one arbitrarily
[2017.03.09-01.51.56:031][743]LogActor:Warning: WinningLocation_BP_C /Engine/Transient.World_1:PersistentLevel.WinningLocation_BP_C_130 has natively added scene component(s), but none of them were set as the actor's RootComponent - picking one arbitrarily
[2017.03.09-01.51.56:061][744]LogActor:Warning: WinningLocation_BP_C /Engine/Transient.World_1:PersistentLevel.WinningLocation_BP_C_131 has natively added scene component(s), but none of them were set as the actor's RootComponent - picking one arbitrarily
[2017.03.09-01.51.56:091][745]LogActor:Warning: WinningLocation_BP_C /Engine/Transient.World_1:PersistentLevel.WinningLocation_BP_C_132 has natively added scene component(s), but none of them were set as the actor's RootComponent - picking one arbitrarily
[2017.03.09-01.51.56:103][746]LogActor:Warning: WinningLocation_BP_C /Engine/Transient.World_1:PersistentLevel.WinningLocation_BP_C_133 has natively added scene component(s), but none of them were set as the actor's RootComponent - picking one arbitrarily
[2017.03.09-01.51.56:129][747]LogActor:Warning: WinningLocation_BP_C /Engine/Transient.World_1:PersistentLevel.WinningLocation_BP_C_134 has natively added scene component(s), but none of them were set as the actor's RootComponent - picking one arbitrarily
[2017.03.09-01.51.56:167][748]LogActor:Warning: WinningLocation_BP_C /Engine/Transient.World_1:PersistentLevel.WinningLocation_BP_C_135 has natively added scene component(s), but none of them were set as the actor's RootComponent - picking one arbitrarily
[2017.03.09-01.51.56:197][749]LogActor:Warning: WinningLocation_BP_C /Engine/Transient.World_1:PersistentLevel.WinningLocation_BP_C_136 has natively added scene component(s), but none of them were set as the actor's RootComponent - picking one arbitrarily
[2017.03.09-01.51.56:205][750]LogActor:Warning: WinningLocation_BP_C /Engine/Transient.World_1:PersistentLevel.WinningLocation_BP_C_137 has natively added scene component(s), but none of them were set as the actor's RootComponent - picking one arbitrarily
[2017.03.09-01.51.56:213][751]LogActor:Warning: WinningLocation_BP_C /Engine/Transient.World_1:PersistentLevel.WinningLocation_BP_C_138 has natively added scene component(s), but none of them were set as the actor's RootComponent - picking one arbitrarily
[2017.03.09-01.51.56:222][752]LogActor:Warning: WinningLocation_BP_C /Engine/Transient.World_1:PersistentLevel.WinningLocation_BP_C_139 has natively added scene component(s), but none of them were set as the actor's RootComponent - picking one arbitrarily
[2017.03.09-01.51.56:233][753]LogActor:Warning: WinningLocation_BP_C /Engine/Transient.World_1:PersistentLevel.WinningLocation_BP_C_140 has natively added scene component(s), but none of them were set as the actor's RootComponent - picking one arbitrarily
[2017.03.09-01.51.56:241][754]LogActor:Warning: WinningLocation_BP_C /Engine/Transient.World_1:PersistentLevel.WinningLocation_BP_C_141 has natively added scene component(s), but none of them were set as the actor's RootComponent - picking one arbitrarily
[2017.03.09-01.51.56:251][755]LogActor:Warning: WinningLocation_BP_C /Engine/Transient.World_1:PersistentLevel.WinningLocation_BP_C_142 has natively added scene component(s), but none of them were set as the actor's RootComponent - picking one arbitrarily
[2017.03.09-01.51.56:262][756]LogActor:Warning: WinningLocation_BP_C /Engine/Transient.World_1:PersistentLevel.WinningLocation_BP_C_143 has natively added scene component(s), but none of them were set as the actor's RootComponent - picking one arbitrarily
[2017.03.09-01.51.56:282][757]LogActor:Warning: WinningLocation_BP_C /Engine/Transient.World_1:PersistentLevel.WinningLocation_BP_C_144 has natively added scene component(s), but none of them were set as the actor's RootComponent - picking one arbitrarily
[2017.03.09-01.51.56:292][758]LogActor:Warning: WinningLocation_BP_C /Engine/Transient.World_1:PersistentLevel.WinningLocation_BP_C_145 has natively added scene component(s), but none of them were set as the actor's RootComponent - picking one arbitrarily
[2017.03.09-01.51.56:306][759]LogActor:Warning: WinningLocation_BP_C /Engine/Transient.World_1:PersistentLevel.WinningLocation_BP_C_146 has natively added scene component(s), but none of them were set as the actor's RootComponent - picking one arbitrarily
[2017.03.09-01.51.56:314][760]LogActor:Warning: WinningLocation_BP_C /Engine/Transient.World_1:PersistentLevel.WinningLocation_BP_C_147 has natively added scene component(s), but none of them were set as the actor's RootComponent - picking one arbitrarily
[2017.03.09-01.51.56:331][761]LogActor:Warning: WinningLocation_BP_C /Engine/Transient.World_1:PersistentLevel.WinningLocation_BP_C_148 has natively added scene component(s), but none of them were set as the actor's RootComponent - picking one arbitrarily
[2017.03.09-01.51.56:342][762]LogActor:Warning: WinningLocation_BP_C /Engine/Transient.World_1:PersistentLevel.WinningLocation_BP_C_149 has natively added scene component(s), but none of them were set as the actor's RootComponent - picking one arbitrarily
[2017.03.09-01.51.56:354][763]LogActor:Warning: WinningLocation_BP_C /Engine/Transient.World_1:PersistentLevel.WinningLocation_BP_C_150 has natively added scene component(s), but none of them were set as the actor's RootComponent - picking one arbitrarily
[2017.03.09-01.51.56:412][764]LogActor:Warning: WinningLocation_BP_C /Engine/Transient.World_1:PersistentLevel.WinningLocation_BP_C_151 has natively added scene component(s), but none of them were set as the actor's RootComponent - picking one arbitrarily
[2017.03.09-01.51.56:454][765]LogActor:Warning: WinningLocation_BP_C /Engine/Transient.World_1:PersistentLevel.WinningLocation_BP_C_152 has natively added scene component(s), but none of them were set as the actor's RootComponent - picking one arbitrarily
[2017.03.09-01.51.56:468][766]LogActor:Warning: WinningLocation_BP_C /Engine/Transient.World_1:PersistentLevel.WinningLocation_BP_C_153 has natively added scene component(s), but none of them were set as the actor's RootComponent - picking one arbitrarily
[2017.03.09-01.51.56:481][767]LogActor:Warning: WinningLocation_BP_C /Engine/Transient.World_1:PersistentLevel.WinningLocation_BP_C_154 has natively added scene component(s), but none of them were set as the actor's RootComponent - picking one arbitrarily
[2017.03.09-01.52.16:792][834]LogBlueprintUserMessages: Early PlayInEditor Detection: Level '/Game/ThirdPersonCPP/Maps/ThirdPersonExampleMap.ThirdPersonExampleMap:PersistentLevel' has LevelScriptBlueprint '/Game/ThirdPersonCPP/Maps/ThirdPersonExampleMap.ThirdPersonExampleMap:PersistentLevel.ThirdPersonExampleMap' with GeneratedClass '/Game/ThirdPersonCPP/Maps/ThirdPersonExampleMap.ThirdPersonExampleMap_C' with ClassGeneratedBy '/Game/ThirdPersonCPP/Maps/ThirdPersonExampleMap.ThirdPersonExampleMap:PersistentLevel.ThirdPersonExampleMap'
[2017.03.09-01.52.16:826][834]LogPlayLevel: PlayLevel: No blueprints needed recompiling
[2017.03.09-01.52.16:826][834]PIE: New page: PIE session: ThirdPersonExampleMap (9 Mar 2017 01:52:16)
[2017.03.09-01.52.16:826][834]LogPlayLevel: Creating play world package: /Game/ThirdPersonCPP/Maps/UEDPIE_0_ThirdPersonExampleMap
[2017.03.09-01.52.16:849][834]LogPlayLevel: PIE: StaticDuplicateObject took: (0.022857s)
[2017.03.09-01.52.16:850][834]LogAIModule: Creating AISystem for world ThirdPersonExampleMap
[2017.03.09-01.52.16:850][834]LogPlayLevel: PIE: World Init took: (0.001288s)
[2017.03.09-01.52.16:851][834]LogPlayLevel: PIE: Created PIE world by copying editor world from /Game/ThirdPersonCPP/Maps/ThirdPersonExampleMap.ThirdPersonExampleMap to /Game/ThirdPersonCPP/Maps/UEDPIE_0_ThirdPersonExampleMap.ThirdPersonExampleMap (0.024839s)
[2017.03.09-01.52.16:889][834]LogInit: XAudio2 using 'Speakers (Realtek High Definition Audio)' : 2 channels at 48 kHz using 32 bits per sample (channel mask 0x3)
[2017.03.09-01.52.16:896][834]LogInit: FAudioDevice initialized.
[2017.03.09-01.52.16:936][834]LogWorld: Game class is 'DissertationLevelGameMode'
[2017.03.09-01.52.17:041][834]LogWorld: Bringing World /Game/ThirdPersonCPP/Maps/UEDPIE_0_ThirdPersonExampleMap.ThirdPersonExampleMap up for play (max tick rate 0) at 2017.03.09-01.52.17
[2017.03.09-01.52.17:062][834]LogWorld: Bringing up level for play took: 0.123591
[2017.03.09-01.52.17:068][834]LogActor:Warning: WorldObject /Game/ThirdPersonCPP/Maps/UEDPIE_0_ThirdPersonExampleMap.ThirdPersonExampleMap:PersistentLevel.WorldObject_0 has natively added scene component(s), but none of them were set as the actor's RootComponent - picking one arbitrarily
[2017.03.09-01.52.17:074][834]LogActor:Warning: WorldObject /Game/ThirdPersonCPP/Maps/UEDPIE_0_ThirdPersonExampleMap.ThirdPersonExampleMap:PersistentLevel.WorldObject_1 has natively added scene component(s), but none of them were set as the actor's RootComponent - picking one arbitrarily
[2017.03.09-01.52.17:075][834]LogActor:Warning: WorldObject /Game/ThirdPersonCPP/Maps/UEDPIE_0_ThirdPersonExampleMap.ThirdPersonExampleMap:PersistentLevel.WorldObject_2 has natively added scene component(s), but none of them were set as the actor's RootComponent - picking one arbitrarily
[2017.03.09-01.52.17:077][834]LogActor:Warning: WorldObject /Game/ThirdPersonCPP/Maps/UEDPIE_0_ThirdPersonExampleMap.ThirdPersonExampleMap:PersistentLevel.WorldObject_3 has natively added scene component(s), but none of them were set as the actor's RootComponent - picking one arbitrarily
[2017.03.09-01.52.17:078][834]LogActor:Warning: WorldObject /Game/ThirdPersonCPP/Maps/UEDPIE_0_ThirdPersonExampleMap.ThirdPersonExampleMap:PersistentLevel.WorldObject_4 has natively added scene component(s), but none of them were set as the actor's RootComponent - picking one arbitrarily
[2017.03.09-01.52.17:079][834]LogActor:Warning: WorldObject /Game/ThirdPersonCPP/Maps/UEDPIE_0_ThirdPersonExampleMap.ThirdPersonExampleMap:PersistentLevel.WorldObject_5 has natively added scene component(s), but none of them were set as the actor's RootComponent - picking one arbitrarily
[2017.03.09-01.52.17:081][834]LogActor:Warning: WorldObject /Game/ThirdPersonCPP/Maps/UEDPIE_0_ThirdPersonExampleMap.ThirdPersonExampleMap:PersistentLevel.WorldObject_6 has natively added scene component(s), but none of them were set as the actor's RootComponent - picking one arbitrarily
[2017.03.09-01.52.17:082][834]LogActor:Warning: WorldObject /Game/ThirdPersonCPP/Maps/UEDPIE_0_ThirdPersonExampleMap.ThirdPersonExampleMap:PersistentLevel.WorldObject_7 has natively added scene component(s), but none of them were set as the actor's RootComponent - picking one arbitrarily
[2017.03.09-01.52.17:084][834]LogActor:Warning: WorldObject /Game/ThirdPersonCPP/Maps/UEDPIE_0_ThirdPersonExampleMap.ThirdPersonExampleMap:PersistentLevel.WorldObject_8 has natively added scene component(s), but none of them were set as the actor's RootComponent - picking one arbitrarily
[2017.03.09-01.52.17:085][834]LogActor:Warning: WorldObject /Game/ThirdPersonCPP/Maps/UEDPIE_0_ThirdPersonExampleMap.ThirdPersonExampleMap:PersistentLevel.WorldObject_9 has natively added scene component(s), but none of them were set as the actor's RootComponent - picking one arbitrarily
[2017.03.09-01.52.17:086][834]LogActor:Warning: WorldObject /Game/ThirdPersonCPP/Maps/UEDPIE_0_ThirdPersonExampleMap.ThirdPersonExampleMap:PersistentLevel.WorldObject_10 has natively added scene component(s), but none of them were set as the actor's RootComponent - picking one arbitrarily
[2017.03.09-01.52.17:087][834]LogActor:Warning: WorldObject /Game/ThirdPersonCPP/Maps/UEDPIE_0_ThirdPersonExampleMap.ThirdPersonExampleMap:PersistentLevel.WorldObject_11 has natively added scene component(s), but none of them were set as the actor's RootComponent - picking one arbitrarily
[2017.03.09-01.52.17:088][834]LogActor:Warning: WorldObject /Game/ThirdPersonCPP/Maps/UEDPIE_0_ThirdPersonExampleMap.ThirdPersonExampleMap:PersistentLevel.WorldObject_12 has natively added scene component(s), but none of them were set as the actor's RootComponent - picking one arbitrarily
[2017.03.09-01.52.17:090][834]LogActor:Warning: WorldObject /Game/ThirdPersonCPP/Maps/UEDPIE_0_ThirdPersonExampleMap.ThirdPersonExampleMap:PersistentLevel.WorldObject_13 has natively added scene component(s), but none of them were set as the actor's RootComponent - picking one arbitrarily
[2017.03.09-01.52.17:091][834]LogActor:Warning: WorldObject /Game/ThirdPersonCPP/Maps/UEDPIE_0_ThirdPersonExampleMap.ThirdPersonExampleMap:PersistentLevel.WorldObject_14 has natively added scene component(s), but none of them were set as the actor's RootComponent - p