Log file open, 02/23/17 20:25:05
LogInit:Display: Running engine for game: DissertationLevel
LogPlatformFile: Not using cached read wrapper
LogInit:Display: RandInit(-437666057) SRandInit(-437666056).
LogTaskGraph: Started task graph with 4 named threads and 7 total threads with 1 sets of task threads.
LogStats: Stats thread started at 0.146489
LogInit: Version: 4.12.5-3039270+++UE4+Release-4.12
LogInit: API Version: 2992821
LogInit: Net Version: 3039270
LogDevObjectVersion: Number of dev versions registered: 13
LogDevObjectVersion:   Dev-Blueprints (B0D832E4-1F89-4F0D-ACCF-7EB736FD4AA2): 3
LogDevObjectVersion:   Dev-Build (E1C64328-A22C-4D53-A36C-8E866417BD8C): 0
LogDevObjectVersion:   Dev-Core (375EC13C-06E4-48FB-B500-84F0262A717E): 1
LogDevObjectVersion:   Dev-Editor (E4B068ED-F494-42E9-A231-DA0B2E46BB41): 2
LogDevObjectVersion:   Dev-Framework (CFFC743F-43B0-4480-9391-14DF171D2073): 6
LogDevObjectVersion:   Dev-Mobile (B02B49B5-BB20-44E9-A304-32B752E40360): 0
LogDevObjectVersion:   Dev-Networking (A4E4105C-59A1-49B5-A7C5-40C4547EDFEE): 0
LogDevObjectVersion:   Dev-Online (39C831C9-5AE6-47DC-9A44-9C173E1C8E7C): 0
LogDevObjectVersion:   Dev-Physics (78F01B33-EBEA-4F98-B9B4-84EACCB95AA2): 0
LogDevObjectVersion:   Dev-Platform (6631380F-2D4D-43E0-8009-CF276956A95A): 0
LogDevObjectVersion:   Dev-Rendering (12F88B9F-8875-4AFC-A67C-D90C383ABD29): 2
LogDevObjectVersion:   Dev-Sequencer (7B5AE74C-D270-4C10-A958-57980B212A5A): 0
LogDevObjectVersion:   Dev-VR (D7296918-1DD6-4BDD-9DE2-64A83CC13884): 0
LogInit: Compiled (64-bit): Jul  6 2016 09:09:46
LogInit: Compiled with Visual C++: 19.00.23026.00
LogInit: Build Configuration: Development
LogInit: Branch Name: ++UE4+Release-4.12
LogInit: Command line: 
LogInit: Base directory: C:/Program Files/Epic Games/4.12/Engine/Binaries/Win64/
LogInit: Installed Engine Build: 1
LogInit: Using libcurl 7.41.0
LogInit:  - built for x86_64-pc-win32
LogInit:  - supports SSL with WinSSL
LogInit:  - other features:
LogInit:      CURL_VERSION_SSL
LogInit:      CURL_VERSION_IPV6
LogInit:      CURL_VERSION_ASYNCHDNS
LogInit:      CURL_VERSION_LARGEFILE
LogInit:      CURL_VERSION_IDN
LogInit:  CurlRequestOptions (configurable via config and command line):
LogInit:  - bVerifyPeer = true  - Libcurl will verify peer certificate
LogInit:  - bUseHttpProxy = false  - Libcurl will NOT use HTTP proxy
LogInit:  - bDontReuseConnections = false  - Libcurl will reuse connections
LogInit:  - CertBundlePath = nullptr  - Libcurl will use whatever was configured at build time.
LogInit: Presizing for max 8388607 objects, including 0 objects not considered by GC, pre-allocating 0 bytes for permanent pool.
LogInit: Object subsystem initialized
[2017.02.23-20.25.05:238][  0]LogInit: Selected Device Profile: [Windows]
[2017.02.23-20.25.05:238][  0]LogInit: Applying CVar settings loaded from the selected device profile: [Windows]
[2017.02.23-20.25.05:330][  0]LogInit: Computer: IDESK11
[2017.02.23-20.25.05:330][  0]LogInit: User: b3030113
[2017.02.23-20.25.05:330][  0]LogInit: CPU Page size=65536, Cores=4
[2017.02.23-20.25.05:330][  0]LogInit: High frequency timer resolution =3.507509 MHz
[2017.02.23-20.25.05:330][  0]LogMemory: Memory total: Physical=7.8GB (8GB approx)
[2017.02.23-20.25.05:330][  0]LogMemory: Platform Memory Stats for Windows
[2017.02.23-20.25.05:330][  0]LogMemory: Process Physical Memory: 188.99 MB used, 188.99 MB peak
[2017.02.23-20.25.05:330][  0]LogMemory: Process Virtual Memory: 195.07 MB used, 195.07 MB peak
[2017.02.23-20.25.05:330][  0]LogMemory: Physical Memory: 5079.25 MB used, 8028.55 MB total
[2017.02.23-20.25.05:330][  0]LogMemory: Virtual Memory: 536.59 MB used, 134217728.00 MB total
[2017.02.23-20.25.05:405][  0]LogTextLocalizationManager: No specific translations for ('en-GB') exist, so ('en') translations will be used.
[2017.02.23-20.25.05:731][  0]LogD3D11RHI: D3D11 adapters:
[2017.02.23-20.25.05:757][  0]LogD3D11RHI:    0. 'NVIDIA GeForce GTX 950' (Feature Level 11_0)
[2017.02.23-20.25.05:757][  0]LogD3D11RHI:       1965/0/2048 MB DedicatedVideo/DedicatedSystem/SharedSystem, Outputs:2, VendorId:0x10de
[2017.02.23-20.25.05:777][  0]LogD3D11RHI:    1. 'Intel(R) HD Graphics 4600' (Feature Level 11_0)
[2017.02.23-20.25.05:777][  0]LogD3D11RHI:       32/0/1760 MB DedicatedVideo/DedicatedSystem/SharedSystem, Outputs:0, VendorId:0x8086
[2017.02.23-20.25.05:783][  0]LogD3D11RHI:    2. 'Microsoft Basic Render Driver' (Feature Level 11_0)
[2017.02.23-20.25.05:783][  0]LogD3D11RHI:       0/0/256 MB DedicatedVideo/DedicatedSystem/SharedSystem, Outputs:0, VendorId:0x1414
[2017.02.23-20.25.05:783][  0]LogD3D11RHI: Chosen D3D11 Adapter: 0
[2017.02.23-20.25.05:786][  0]LogD3D11RHI: Creating new Direct3DDevice
[2017.02.23-20.25.05:786][  0]LogD3D11RHI:     GPU DeviceId: 0x1402 (for the marketing name, search the web for "GPU Device Id")
[2017.02.23-20.25.05:786][  0]LogWindows: EnumDisplayDevices:
[2017.02.23-20.25.05:786][  0]LogWindows:    0. 'NVIDIA GeForce GTX 950' (P:1 D:1)
[2017.02.23-20.25.05:786][  0]LogWindows:    1. 'NVIDIA GeForce GTX 950' (P:0 D:1)
[2017.02.23-20.25.05:787][  0]LogWindows:    2. 'NVIDIA GeForce GTX 950' (P:0 D:0)
[2017.02.23-20.25.05:787][  0]LogWindows:    3. 'NVIDIA GeForce GTX 950' (P:0 D:0)
[2017.02.23-20.25.05:787][  0]LogWindows:    4. 'Intel(R) HD Graphics 4600' (P:0 D:0)
[2017.02.23-20.25.05:787][  0]LogWindows:    5. 'Intel(R) HD Graphics 4600' (P:0 D:0)
[2017.02.23-20.25.05:787][  0]LogWindows:    6. 'Intel(R) HD Graphics 4600' (P:0 D:0)
[2017.02.23-20.25.05:787][  0]LogWindows: DebugString: PrimaryIsNotTheChoosenAdapter PrimaryIsNotTheChoosenAdapter PrimaryIsNotTheChoosenAdapter FoundDriverCount:4 
[2017.02.23-20.25.05:788][  0]LogD3D11RHI:     Adapter Name: NVIDIA GeForce GTX 950
[2017.02.23-20.25.05:788][  0]LogD3D11RHI:   Driver Version: 368.39 (internal:10.18.13.6839, unified:368.39)
[2017.02.23-20.25.05:788][  0]LogD3D11RHI:      Driver Date: 6-2-2016
[2017.02.23-20.25.05:788][  0]LogRHI: Texture pool is 1361 MB (70% of 1945 MB)
[2017.02.23-20.25.05:800][  0]LogD3D11RHI: Async texture creation enabled
[2017.02.23-20.25.05:817][  0]LogD3D11RHI: GPU Timing Frequency: 1000.000000 (Debug: 2 2)
[2017.02.23-20.25.05:817][  0]LogShaderCompilers: Guid format shader working directory is -12 characters bigger than the processId version (E:/Unreal Engine Projects/DissertationLevel/DissertationLevel/Intermediate/Shaders/WorkingDirectory/7656/).
[2017.02.23-20.25.05:817][  0]LogShaderCompilers: Cleaned the shader compiler working directory 'C:/Users/b3030113/AppData/Local/Temp/UnrealShaderWorkingDir/70F0FA914E6EC75EDBAE4790FEE83FBE/'.
[2017.02.23-20.25.05:817][  0]LogShaderCompilers:Display: Using Local Shader Compiler.
[2017.02.23-20.25.06:611][  0]LogTemp:Display: Loaded TP AllDesktopTargetPlatform
[2017.02.23-20.25.06:624][  0]LogTemp:Display: Loaded TP WindowsClientTargetPlatform
[2017.02.23-20.25.06:636][  0]LogTemp:Display: Loaded TP WindowsNoEditorTargetPlatform
[2017.02.23-20.25.06:647][  0]LogTemp:Display: Loaded TP WindowsServerTargetPlatform
[2017.02.23-20.25.06:659][  0]LogTemp:Display: Loaded TP WindowsTargetPlatform
[2017.02.23-20.25.06:670][  0]LogTemp:Display: Loaded TP AndroidTargetPlatform
[2017.02.23-20.25.06:681][  0]LogTemp:Display: Loaded TP Android_ASTCTargetPlatform
[2017.02.23-20.25.06:692][  0]LogTemp:Display: Loaded TP Android_ATCTargetPlatform
[2017.02.23-20.25.06:702][  0]LogTemp:Display: Loaded TP Android_DXTTargetPlatform
[2017.02.23-20.25.06:714][  0]LogTemp:Display: Loaded TP Android_ETC1TargetPlatform
[2017.02.23-20.25.06:724][  0]LogTemp:Display: Loaded TP Android_ETC2TargetPlatform
[2017.02.23-20.25.06:745][  0]LogTemp:Display: Loaded TP Android_MultiTargetPlatform
[2017.02.23-20.25.06:745][  0]LogTemp:Display: Loaded TP Android_PVRTCTargetPlatform
[2017.02.23-20.25.06:747][  0]LogTemp:Display: Loaded TP HTML5TargetPlatform
[2017.02.23-20.25.06:772][  0]LogTemp:Display: Loaded TP IOSTargetPlatform
[2017.02.23-20.25.06:782][  0]LogTemp:Display: Loaded TP TVOSTargetPlatform
[2017.02.23-20.25.06:792][  0]LogTemp:Display: Loaded TP LinuxNoEditorTargetPlatform
[2017.02.23-20.25.06:806][  0]LogTemp:Display: Loaded TP LinuxServerTargetPlatform
[2017.02.23-20.25.06:816][  0]LogTemp:Display: Loaded TP LinuxTargetPlatform
[2017.02.23-20.25.06:817][  0]LogTargetPlatformManager:Display: Building Assets For Windows
[2017.02.23-20.25.06:902][  0]LogDerivedDataCache:Display: Max Cache Size: 512 MB
[2017.02.23-20.25.06:950][  0]LogDerivedDataCache: Loaded boot cache 0.05s 50MB C:/Users/b3030113/AppData/Local/UnrealEngine/4.12/DerivedDataCache/Boot.ddc.
[2017.02.23-20.25.06:951][  0]LogDerivedDataCache:Display: Loaded Boot cache: C:/Users/b3030113/AppData/Local/UnrealEngine/4.12/DerivedDataCache/Boot.ddc
[2017.02.23-20.25.06:952][  0]LogDerivedDataCache: FDerivedDataBackendGraph:  Pak pak cache file E:/Unreal Engine Projects/DissertationLevel/DissertationLevel/DerivedDataCache/DDC.ddp not found, will not use a pak cache.
[2017.02.23-20.25.06:952][  0]LogDerivedDataCache: Unable to find inner node Pak for hierarchical cache Hierarchy.
[2017.02.23-20.25.06:952][  0]LogDerivedDataCache: FDerivedDataBackendGraph:  CompressedPak pak cache file E:/Unreal Engine Projects/DissertationLevel/DissertationLevel/DerivedDataCache/Compressed.ddp not found, will not use a pak cache.
[2017.02.23-20.25.06:952][  0]LogDerivedDataCache: Unable to find inner node CompressedPak for hierarchical cache Hierarchy.
[2017.02.23-20.25.06:966][  0]LogDerivedDataCache:Display: Pak cache opened for reading ../../../Engine/DerivedDataCache/Compressed.ddp.
[2017.02.23-20.25.06:979][  0]LogDerivedDataCache: Using Local data cache path C:/Users/b3030113/AppData/Local/UnrealEngine/Common/DerivedDataCache: Writable
[2017.02.23-20.25.07:127][  0]LogInit: Selected Device Profile: [Windows]
[2017.02.23-20.25.07:128][  0]LogContentStreaming: Texture pool size is 0.00 MB
[2017.02.23-20.25.07:474][  0]LogMeshUtilities: No automatic mesh reduction module available
[2017.02.23-20.25.07:476][  0]LogMeshUtilities: No automatic mesh merging module available
[2017.02.23-20.25.07:476][  0]LogMeshUtilities: No distributed automatic mesh merging module available
[2017.02.23-20.25.07:810][  0]LogAssetRegistry: FAssetRegistry took 0.0225 seconds to start up
[2017.02.23-20.25.13:885][  0]LogPackageLocalizationCache: Processed 3 localized package path(s) for 2 prioritized culture(s) in 6.072539 seconds
[2017.02.23-20.25.13:901][  0]LogUObjectArray: 28739 objects as part of root set at end of initial load.
[2017.02.23-20.25.13:901][  0]LogUObjectAllocator: 5855624 out of 0 bytes used by permanent object pool.
[2017.02.23-20.25.13:901][  0]LogUObjectArray: CloseDisregardForGC: 0/0 objects in disregard for GC pool
[2017.02.23-20.25.13:928][  0]LogInit: WinSock: version 1.1 (2.2), MaxSocks=32767, MaxUdp=65467
[2017.02.23-20.25.14:438][  0]LogSlate: SlateFontCache - WITH_FREETYPE: 1, WITH_HARFBUZZ: 1
[2017.02.23-20.25.14:438][  0]LogSlate: SlateFontCache - WITH_FREETYPE: 1, WITH_HARFBUZZ: 1
[2017.02.23-20.25.16:060][  0]LogUdpMessaging: Initializing bridge on interface 0.0.0.0:0 to multicast group 230.0.0.1:6666.
[2017.02.23-20.25.17:835][  0]SourceControl: Info Source control is disabled
[2017.02.23-20.25.17:878][  0]SourceControl: Info Source control is disabled
[2017.02.23-20.25.17:893][  0]SourceControl: Info Source control is disabled
[2017.02.23-20.25.17:904][  0]SourceControl: Info Source control is disabled
[2017.02.23-20.25.18:175][  0]LogEngine: Initializing Engine...
[2017.02.23-20.25.18:179][  0]LogHMD: SteamVR failed to initialize.  Err: 110
[2017.02.23-20.25.18:181][  0]LogHMD: SteamVR failed to initialize.  Err: 110
[2017.02.23-20.25.18:357][  0]LogAIModule: Creating AISystem for world NewWorld
[2017.02.23-20.25.18:364][  0]LogInit: XAudio2 using 'Speakers (Realtek High Definition Audio)' : 2 channels at 48 kHz using 32 bits per sample (channel mask 0x3)
[2017.02.23-20.25.18:377][  0]LogInit: FAudioDevice initialized.
[2017.02.23-20.25.18:404][  0]LogDerivedDataCache: Saved boot cache 0.03s 50MB C:/Users/b3030113/AppData/Local/UnrealEngine/4.12/DerivedDataCache/Boot.ddc.
[2017.02.23-20.25.18:414][  0]LogInit: Texture streaming: Enabled
[2017.02.23-20.25.18:445][  0]LogInit: Transaction tracking system initialized
[2017.02.23-20.25.18:468][  0]BlueprintLog: New page: Editor Load
[2017.02.23-20.25.18:650][  0]LocalizationService: Info Localization service is disabled
[2017.02.23-20.25.18:719][  0]LogConsoleResponse:Display: 
[2017.02.23-20.25.18:799][  0]LogCook:Display: Max memory allowance for cook 8192mb
[2017.02.23-20.25.18:799][  0]LogCook:Display: Mobile HDR setting 1
[2017.02.23-20.25.18:885][  0]LogFileCache: Scanning file cache for directory 'E:/Unreal Engine Projects/DissertationLevel/DissertationLevel/Content/' took 0.04s
[2017.02.23-20.25.18:885][  0]SourceControl: Info Source control is disabled
[2017.02.23-20.25.18:885][  0]Cmd: MAP LOAD FILE="E:/Unreal Engine Projects/DissertationLevel/DissertationLevel/Content/ThirdPersonCPP/Maps/ThirdPersonExampleMap.umap" TEMPLATE=0 SHOWPROGRESS=1 FEATURELEVEL=3
[2017.02.23-20.25.18:887][  0]LightingResults: New page: Lighting Build
[2017.02.23-20.25.18:890][  0]MapCheck: New page: Map Check
[2017.02.23-20.25.18:890][  0]LightingResults: New page: Lighting Build
[2017.02.23-20.25.19:049][  0]LogAIModule: Creating AISystem for world ThirdPersonExampleMap
[2017.02.23-20.25.19:058][  0]LogEditorServer: Finished looking for orphan Actors (0.000 secs)
[2017.02.23-20.25.19:059][  0]Cmd: MAP CHECKDEP NOCLEARLOG
[2017.02.23-20.25.19:158][  0]MapCheck: Info Map check complete: 0 Error(s), 0 Warning(s), took 98.819ms to complete.
[2017.02.23-20.25.19:158][  0]LogFileHelpers: Loading map 'ThirdPersonExampleMap' took 0.273
[2017.02.23-20.25.19:315][  0]LogCollectionManager: Loaded 0 collections in 0.003307 seconds
[2017.02.23-20.25.19:367][  0]LogFileCache: Scanning file cache for directory 'E:/Unreal Engine Projects/DissertationLevel/DissertationLevel/Saved/Collections/' took 0.01s
[2017.02.23-20.25.19:367][  0]LogFileCache: Scanning file cache for directory 'E:/Unreal Engine Projects/DissertationLevel/DissertationLevel/Content/Developers/b3030113/Collections/' took 0.01s
[2017.02.23-20.25.19:367][  0]LogFileCache: Scanning file cache for directory 'E:/Unreal Engine Projects/DissertationLevel/DissertationLevel/Content/Collections/' took 0.01s
[2017.02.23-20.25.19:367][  0]LogCollectionManager: Rebuilt the GUID cache for 0 collections in 0.000002 seconds
[2017.02.23-20.25.19:385][  0]LogContentBrowser: Native class hierarchy populated in 0.0178 seconds. Added 2051 classes and 371 folders.
[2017.02.23-20.25.19:388][  0]LogStats: UGameplayTagsManager::ConstructGameplayTagTree: Construct from data asset -  0.000 s
[2017.02.23-20.25.19:389][  0]LogStats: UGameplayTagsManager::ConstructGameplayTagTree: GameplayTagTreeChangedEvent.Broadcast -  0.000 s
[2017.02.23-20.25.19:400][  0]LogContentBrowser: Native class hierarchy updated for 'GameplayTags' in 0.0116 seconds. Added 12 classes and 0 folders.
[2017.02.23-20.25.19:414][  0]LogContentBrowser: Native class hierarchy updated for 'WidgetCarousel' in 0.0108 seconds. Added 0 classes and 0 folders.
[2017.02.23-20.25.19:460][  0]LogContentBrowser: Native class hierarchy updated for 'AddContentDialog' in 0.0110 seconds. Added 0 classes and 0 folders.
[2017.02.23-20.25.19:478][  0]LogContentBrowser: Native class hierarchy updated for 'SceneOutliner' in 0.0104 seconds. Added 1 classes and 2 folders.
[2017.02.23-20.25.19:491][  0]LogCrashTracker: Crashtracker disabled due to settings.
[2017.02.23-20.25.19:495][  0]LogUObjectGlobals:Warning: Failed to find object 'Class None.'
[2017.02.23-20.25.19:534][  0]LogContentBrowser: Native class hierarchy updated for 'HierarchicalLODOutliner' in 0.0118 seconds. Added 1 classes and 2 folders.
[2017.02.23-20.25.19:535][  0]LogLoad: Full Startup: 16.24 seconds (BP compile: 0.11 seconds)
[2017.02.23-20.25.19:535][  0]LogExternalProfiler: Found external profiler: VSPerf
[2017.02.23-20.25.19:535][  0]LogExternalProfiler: Using external profiler: VSPerf
[2017.02.23-20.25.19:544][  0]LogWindowsTextInputMethodSystem:Display: IME system now deactivated.
[2017.