Log file open, 03/07/17 02:07:42
LogInit:Display: Running engine for game: DissertationLevel
LogPlatformFile: Not using cached read wrapper
LogInit:Display: RandInit(-27208204) SRandInit(-27208202).
LogTaskGraph: Started task graph with 4 named threads and 7 total threads with 1 sets of task threads.
LogStats: Stats thread started at 0.077286
LogInit: Version: 4.12.5-3039270+++UE4+Release-4.12
LogInit: API Version: 2992821
LogInit: Net Version: 3039270
LogDevObjectVersion: Number of dev versions registered: 13
LogDevObjectVersion:   Dev-Blueprints (B0D832E4-1F89-4F0D-ACCF-7EB736FD4AA2): 3
LogDevObjectVersion:   Dev-Build (E1C64328-A22C-4D53-A36C-8E866417BD8C): 0
LogDevObjectVersion:   Dev-Core (375EC13C-06E4-48FB-B500-84F0262A717E): 1
LogDevObjectVersion:   Dev-Editor (E4B068ED-F494-42E9-A231-DA0B2E46BB41): 2
LogDevObjectVersion:   Dev-Framework (CFFC743F-43B0-4480-9391-14DF171D2073): 6
LogDevObjectVersion:   Dev-Mobile (B02B49B5-BB20-44E9-A304-32B752E40360): 0
LogDevObjectVersion:   Dev-Networking (A4E4105C-59A1-49B5-A7C5-40C4547EDFEE): 0
LogDevObjectVersion:   Dev-Online (39C831C9-5AE6-47DC-9A44-9C173E1C8E7C): 0
LogDevObjectVersion:   Dev-Physics (78F01B33-EBEA-4F98-B9B4-84EACCB95AA2): 0
LogDevObjectVersion:   Dev-Platform (6631380F-2D4D-43E0-8009-CF276956A95A): 0
LogDevObjectVersion:   Dev-Rendering (12F88B9F-8875-4AFC-A67C-D90C383ABD29): 2
LogDevObjectVersion:   Dev-Sequencer (7B5AE74C-D270-4C10-A958-57980B212A5A): 0
LogDevObjectVersion:   Dev-VR (D7296918-1DD6-4BDD-9DE2-64A83CC13884): 0
LogInit: Compiled (64-bit): Jul  6 2016 09:09:46
LogInit: Compiled with Visual C++: 19.00.23026.00
LogInit: Build Configuration: Development
LogInit: Branch Name: ++UE4+Release-4.12
LogInit: Command line: 
LogInit: Base directory: C:/Program Files/Epic Games/4.12/Engine/Binaries/Win64/
LogInit: Installed Engine Build: 1
LogInit: Using libcurl 7.41.0
LogInit:  - built for x86_64-pc-win32
LogInit:  - supports SSL with WinSSL
LogInit:  - other features:
LogInit:      CURL_VERSION_SSL
LogInit:      CURL_VERSION_IPV6
LogInit:      CURL_VERSION_ASYNCHDNS
LogInit:      CURL_VERSION_LARGEFILE
LogInit:      CURL_VERSION_IDN
LogInit:  CurlRequestOptions (configurable via config and command line):
LogInit:  - bVerifyPeer = true  - Libcurl will verify peer certificate
LogInit:  - bUseHttpProxy = false  - Libcurl will NOT use HTTP proxy
LogInit:  - bDontReuseConnections = false  - Libcurl will reuse connections
LogInit:  - CertBundlePath = nullptr  - Libcurl will use whatever was configured at build time.
LogInit: Presizing for max 8388607 objects, including 0 objects not considered by GC, pre-allocating 0 bytes for permanent pool.
LogInit: Object subsystem initialized
[2017.03.07-02.07.42:907][  0]LogInit: Selected Device Profile: [Windows]
[2017.03.07-02.07.42:907][  0]LogInit: Applying CVar settings loaded from the selected device profile: [Windows]
[2017.03.07-02.07.42:979][  0]LogInit: Computer: IDESK11
[2017.03.07-02.07.42:979][  0]LogInit: User: b3030113
[2017.03.07-02.07.42:979][  0]LogInit: CPU Page size=65536, Cores=4
[2017.03.07-02.07.42:979][  0]LogInit: High frequency timer resolution =3.507495 MHz
[2017.03.07-02.07.42:980][  0]LogMemory: Memory total: Physical=7.8GB (8GB approx)
[2017.03.07-02.07.42:980][  0]LogMemory: Platform Memory Stats for Windows
[2017.03.07-02.07.42:980][  0]LogMemory: Process Physical Memory: 188.32 MB used, 188.32 MB peak
[2017.03.07-02.07.42:980][  0]LogMemory: Process Virtual Memory: 195.04 MB used, 195.04 MB peak
[2017.03.07-02.07.42:980][  0]LogMemory: Physical Memory: 6125.67 MB used, 8028.55 MB total
[2017.03.07-02.07.42:980][  0]LogMemory: Virtual Memory: 532.69 MB used, 134217728.00 MB total
[2017.03.07-02.07.43:011][  0]LogTextLocalizationManager: No specific translations for ('en-GB') exist, so ('en') translations will be used.
[2017.03.07-02.07.43:374][  0]LogD3D11RHI: D3D11 adapters:
[2017.03.07-02.07.43:394][  0]LogD3D11RHI:    0. 'NVIDIA GeForce GTX 950' (Feature Level 11_0)
[2017.03.07-02.07.43:394][  0]LogD3D11RHI:       1965/0/2048 MB DedicatedVideo/DedicatedSystem/SharedSystem, Outputs:2, VendorId:0x10de
[2017.03.07-02.07.43:403][  0]LogD3D11RHI:    1. 'Intel(R) HD Graphics 4600' (Feature Level 11_0)
[2017.03.07-02.07.43:403][  0]LogD3D11RHI:       32/0/1760 MB DedicatedVideo/DedicatedSystem/SharedSystem, Outputs:0, VendorId:0x8086
[2017.03.07-02.07.43:404][  0]LogD3D11RHI:    2. 'Microsoft Basic Render Driver' (Feature Level 11_0)
[2017.03.07-02.07.43:404][  0]LogD3D11RHI:       0/0/256 MB DedicatedVideo/DedicatedSystem/SharedSystem, Outputs:0, VendorId:0x1414
[2017.03.07-02.07.43:404][  0]LogD3D11RHI: Chosen D3D11 Adapter: 0
[2017.03.07-02.07.43:408][  0]LogD3D11RHI: Creating new Direct3DDevice
[2017.03.07-02.07.43:408][  0]LogD3D11RHI:     GPU DeviceId: 0x1402 (for the marketing name, search the web for "GPU Device Id")
[2017.03.07-02.07.43:408][  0]LogWindows: EnumDisplayDevices:
[2017.03.07-02.07.43:408][  0]LogWindows:    0. 'NVIDIA GeForce GTX 950' (P:1 D:1)
[2017.03.07-02.07.43:408][  0]LogWindows:    1. 'NVIDIA GeForce GTX 950' (P:0 D:1)
[2017.03.07-02.07.43:408][  0]LogWindows:    2. 'NVIDIA GeForce GTX 950' (P:0 D:0)
[2017.03.07-02.07.43:408][  0]LogWindows:    3. 'NVIDIA GeForce GTX 950' (P:0 D:0)
[2017.03.07-02.07.43:408][  0]LogWindows:    4. 'Intel(R) HD Graphics 4600' (P:0 D:0)
[2017.03.07-02.07.43:408][  0]LogWindows:    5. 'Intel(R) HD Graphics 4600' (P:0 D:0)
[2017.03.07-02.07.43:408][  0]LogWindows:    6. 'Intel(R) HD Graphics 4600' (P:0 D:0)
[2017.03.07-02.07.43:408][  0]LogWindows: DebugString: PrimaryIsNotTheChoosenAdapter PrimaryIsNotTheChoosenAdapter PrimaryIsNotTheChoosenAdapter FoundDriverCount:4 
[2017.03.07-02.07.43:408][  0]LogD3D11RHI:     Adapter Name: NVIDIA GeForce GTX 950
[2017.03.07-02.07.43:408][  0]LogD3D11RHI:   Driver Version: 368.39 (internal:10.18.13.6839, unified:368.39)
[2017.03.07-02.07.43:408][  0]LogD3D11RHI:      Driver Date: 6-2-2016
[2017.03.07-02.07.43:408][  0]LogRHI: Texture pool is 1361 MB (70% of 1945 MB)
[2017.03.07-02.07.43:417][  0]LogD3D11RHI: Async texture creation enabled
[2017.03.07-02.07.43:433][  0]LogD3D11RHI: GPU Timing Frequency: 1000.000000 (Debug: 2 2)
[2017.03.07-02.07.43:433][  0]LogShaderCompilers: Guid format shader working directory is -12 characters bigger than the processId version (E:/Unreal Engine Projects/DissertationLevel/DissertationLevel/Intermediate/Shaders/WorkingDirectory/8628/).
[2017.03.07-02.07.43:433][  0]LogShaderCompilers: Cleaned the shader compiler working directory 'C:/Users/b3030113/AppData/Local/Temp/UnrealShaderWorkingDir/BF79499B4ABEBE2906CA39B95C3FE5A4/'.
[2017.03.07-02.07.43:433][  0]LogShaderCompilers:Display: Using Local Shader Compiler.
[2017.03.07-02.07.44:243][  0]LogTemp:Display: Loaded TP AllDesktopTargetPlatform
[2017.03.07-02.07.44:253][  0]LogTemp:Display: Loaded TP WindowsClientTargetPlatform
[2017.03.07-02.07.44:264][  0]LogTemp:Display: Loaded TP WindowsNoEditorTargetPlatform
[2017.03.07-02.07.44:274][  0]LogTemp:Display: Loaded TP WindowsServerTargetPlatform
[2017.03.07-02.07.44:285][  0]LogTemp:Display: Loaded TP WindowsTargetPlatform
[2017.03.07-02.07.44:294][  0]LogTemp:Display: Loaded TP AndroidTargetPlatform
[2017.03.07-02.07.44:304][  0]LogTemp:Display: Loaded TP Android_ASTCTargetPlatform
[2017.03.07-02.07.44:313][  0]LogTemp:Display: Loaded TP Android_ATCTargetPlatform
[2017.03.07-02.07.44:321][  0]LogTemp:Display: Loaded TP Android_DXTTargetPlatform
[2017.03.07-02.07.44:329][  0]LogTemp:Display: Loaded TP Android_ETC1TargetPlatform
[2017.03.07-02.07.44:337][  0]LogTemp:Display: Loaded TP Android_ETC2TargetPlatform
[2017.03.07-02.07.44:356][  0]LogTemp:Display: Loaded TP Android_MultiTargetPlatform
[2017.03.07-02.07.44:356][  0]LogTemp:Display: Loaded TP Android_PVRTCTargetPlatform
[2017.03.07-02.07.44:357][  0]LogTemp:Display: Loaded TP HTML5TargetPlatform
[2017.03.07-02.07.44:379][  0]LogTemp:Display: Loaded TP IOSTargetPlatform
[2017.03.07-02.07.44:387][  0]LogTemp:Display: Loaded TP TVOSTargetPlatform
[2017.03.07-02.07.44:397][  0]LogTemp:Display: Loaded TP LinuxNoEditorTargetPlatform
[2017.03.07-02.07.44:411][  0]LogTemp:Display: Loaded TP LinuxServerTargetPlatform
[2017.03.07-02.07.44:421][  0]LogTemp:Display: Loaded TP LinuxTargetPlatform
[2017.03.07-02.07.44:421][  0]LogTargetPlatformManager:Display: Building Assets For Windows
[2017.03.07-02.07.44:471][  0]LogDerivedDataCache:Display: Max Cache Size: 512 MB
[2017.03.07-02.07.44:518][  0]LogDerivedDataCache: Loaded boot cache 0.05s 50MB C:/Users/b3030113/AppData/Local/UnrealEngine/4.12/DerivedDataCache/Boot.ddc.
[2017.03.07-02.07.44:518][  0]LogDerivedDataCache:Display: Loaded Boot cache: C:/Users/b3030113/AppData/Local/UnrealEngine/4.12/DerivedDataCache/Boot.ddc
[2017.03.07-02.07.44:519][  0]LogDerivedDataCache: FDerivedDataBackendGraph:  Pak pak cache file E:/Unreal Engine Projects/DissertationLevel/DissertationLevel/DerivedDataCache/DDC.ddp not found, will not use a pak cache.
[2017.03.07-02.07.44:519][  0]LogDerivedDataCache: Unable to find inner node Pak for hierarchical cache Hierarchy.
[2017.03.07-02.07.44:519][  0]LogDerivedDataCache: FDerivedDataBackendGraph:  CompressedPak pak cache file E:/Unreal Engine Projects/DissertationLevel/DissertationLevel/DerivedDataCache/Compressed.ddp not found, will not use a pak cache.
[2017.03.07-02.07.44:519][  0]LogDerivedDataCache: Unable to find inner node CompressedPak for hierarchical cache Hierarchy.
[2017.03.07-02.07.44:533][  0]LogDerivedDataCache:Display: Pak cache opened for reading ../../../Engine/DerivedDataCache/Compressed.ddp.
[2017.03.07-02.07.44:545][  0]LogDerivedDataCache: Using Local data cache path C:/Users/b3030113/AppData/Local/UnrealEngine/Common/DerivedDataCache: Writable
[2017.03.07-02.07.44:711][  0]LogInit: Selected Device Profile: [Windows]
[2017.03.07-02.07.44:711][  0]LogContentStreaming: Texture pool size is 0.00 MB
[2017.03.07-02.07.44:929][  0]LogMeshUtilities: No automatic mesh reduction module available
[2017.03.07-02.07.44:929][  0]LogMeshUtilities: No automatic mesh merging module available
[2017.03.07-02.07.44:929][  0]LogMeshUtilities: No distributed automatic mesh merging module available
[2017.03.07-02.07.45:149][  0]LogAssetRegistry: FAssetRegistry took 0.0215 seconds to start up
[2017.03.07-02.07.48:105][  0]LogPackageLocalizationCache: Processed 3 localized package path(s) for 2 prioritized culture(s) in 2.950688 seconds
[2017.03.07-02.07.48:115][  0]LogUObjectArray: 28739 objects as part of root set at end of initial load.
[2017.03.07-02.07.48:115][  0]LogUObjectAllocator: 5855632 out of 0 bytes used by permanent object pool.
[2017.03.07-02.07.48:115][  0]LogUObjectArray: CloseDisregardForGC: 0/0 objects in disregard for GC pool
[2017.03.07-02.07.48:124][  0]LogInit: WinSock: version 1.1 (2.2), MaxSocks=32767, MaxUdp=65467
[2017.03.07-02.07.48:344][  0]LogSlate: SlateFontCache - WITH_FREETYPE: 1, WITH_HARFBUZZ: 1
[2017.03.07-02.07.48:344][  0]LogSlate: SlateFontCache - WITH_FREETYPE: 1, WITH_HARFBUZZ: 1
[2017.03.07-02.07.49:186][  0]LogUdpMessaging: Initializing bridge on interface 0.0.0.0:0 to multicast group 230.0.0.1:6666.
[2017.03.07-02.07.50:274][  0]SourceControl: Info Source control is disabled
[2017.03.07-02.07.50:313][  0]SourceControl: Info Source control is disabled
[2017.03.07-02.07.50:319][  0]SourceControl: Info Source control is disabled
[2017.03.07-02.07.50:326][  0]SourceControl: Info Source control is disabled
[2017.03.07-02.07.50:487][  0]LogEngine: Initializing Engine...
[2017.03.07-02.07.50:487][  0]LogHMD: SteamVR failed to initialize.  Err: 110
[2017.03.07-02.07.50:488][  0]LogHMD: SteamVR failed to initialize.  Err: 110
[2017.03.07-02.07.50:605][  0]LogAIModule: Creating AISystem for world NewWorld
[2017.03.07-02.07.50:608][  0]LogInit: XAudio2 using 'Speakers (Realtek High Definition Audio)' : 2 channels at 48 kHz using 32 bits per sample (channel mask 0x3)
[2017.03.07-02.07.50:623][  0]LogInit: FAudioDevice initialized.
[2017.03.07-02.07.50:647][  0]LogDerivedDataCache: Saved boot cache 0.02s 50MB C:/Users/b3030113/AppData/Local/UnrealEngine/4.12/DerivedDataCache/Boot.ddc.
[2017.03.07-02.07.50:654][  0]LogInit: Texture streaming: Enabled
[2017.03.07-02.07.50:669][  0]LogInit: Transaction tracking system initialized
[2017.03.07-02.07.50:684][  0]BlueprintLog: New page: Editor Load
[2017.03.07-02.07.50:820][  0]LocalizationService: Info Localization service is disabled
[2017.03.07-02.07.50:864][  0]LogConsoleResponse:Display: 
[2017.03.07-02.07.50:950][  0]LogCook:Display: Max memory allowance for cook 8192mb
[2017.03.07-02.07.50:950][  0]LogCook:Display: Mobile HDR setting 1
[2017.03.07-02.07.51:012][  0]LogFileCache: Scanning file cache for directory 'E:/Unreal Engine Projects/DissertationLevel/DissertationLevel/Content/' took 0.02s
[2017.03.07-02.07.51:012][  0]SourceControl: Info Source control is disabled
[2017.03.07-02.07.51:013][  0]Cmd: MAP LOAD FILE="E:/Unreal Engine Projects/DissertationLevel/DissertationLevel/Content/ThirdPersonCPP/Maps/ThirdPersonExampleMap.umap" TEMPLATE=0 SHOWPROGRESS=1 FEATURELEVEL=3
[2017.03.07-02.07.51:014][  0]LightingResults: New page: Lighting Build
[2017.03.07-02.07.51:015][  0]MapCheck: New page: Map Check
[2017.03.07-02.07.51:015][  0]LightingResults: New page: Lighting Build
[2017.03.07-02.07.51:201][  0]LogAIModule: Creating AISystem for world ThirdPersonExampleMap
[2017.03.07-02.07.51:212][  0]LogEditorServer: Finished looking for orphan Actors (0.000 secs)
[2017.03.07-02.07.51:213][  0]Cmd: MAP CHECKDEP NOCLEARLOG
[2017.03.07-02.07.51:270][  0]MapCheck: Info Map check complete: 0 Error(s), 0 Warning(s), took 56.693ms to complete.
[2017.03.07-02.07.51:270][  0]LogFileHelpers: Loading map 'ThirdPersonExampleMap' took 0.257
[2017.03.07-02.07.51:427][  0]LogCollectionManager: Loaded 0 collections in 0.002094 seconds
[2017.03.07-02.07.51:473][  0]LogFileCache: Scanning file cache for directory 'E:/Unreal Engine Projects/DissertationLevel/DissertationLevel/Saved/Collections/' took 0.01s
[2017.03.07-02.07.51:473][  0]LogFileCache: Scanning file cache for directory 'E:/Unreal Engine Projects/DissertationLevel/DissertationLevel/Content/Developers/b3030113/Collections/' took 0.01s
[2017.03.07-02.07.51:473][  0]LogFileCache: Scanning file cache for directory 'E:/Unreal Engine Projects/DissertationLevel/DissertationLevel/Content/Collections/' took 0.01s
[2017.03.07-02.07.51:473][  0]LogCollectionManager: Rebuilt the GUID cache for 0 collections in 0.000002 seconds
[2017.03.07-02.07.51:488][  0]LogContentBrowser: Native class hierarchy populated in 0.0153 seconds. Added 2068 classes and 376 folders.
[2017.03.07-02.07.51:491][  0]LogStats: UGameplayTagsManager::ConstructGameplayTagTree: Construct from data asset -  0.000 s
[2017.03.07-02.07.51:491][  0]LogStats: UGameplayTagsManager::ConstructGameplayTagTree: GameplayTagTreeChangedEvent.Broadcast -  0.000 s
[2017.03.07-02.07.51:500][  0]LogContentBrowser: Native class hierarchy updated for 'GameplayTags' in 0.0088 seconds. Added 12 classes and 0 folders.
[2017.03.07-02.07.51:512][  0]LogContentBrowser: Native class hierarchy updated for 'WidgetCarousel' in 0.0093 seconds. Added 0 classes and 0 folders.
[2017.03.07-02.07.51:795][  0]LogContentBrowser: Native class hierarchy updated for 'AddContentDialog' in 0.0092 seconds. Added 0 classes and 0 folders.
[2017.03.07-02.07.51:810][  0]LogContentBrowser: Native class hierarchy updated for 'SceneOutliner' in 0.0107 seconds. Added 1 classes and 2 folders.
[2017.03.07-02.07.51:826][  0]LogCrashTracker: Crashtracker disabled due to settings.
[2017.03.07-02.07.51:830][  0]LogUObjectGlobals:Warning: Failed to find object 'Class None.'
[2017.03.07-02.07.51:864][  0]LogContentBrowser: Native class hierarchy updated for 'HierarchicalLODOutliner' in 0.0095 seconds. Added 1 classes and 2 folders.
[2017.03.07-02.07.51:865][  0]LogLoad: Full Startup: 11.23 seconds (BP compile: 0.04 seconds)
[2017.03.07-02.07.51:865][  0]LogExternalProfiler: Found external profiler: VSPerf
[2017.03.07-02.07.51:865][  0]LogExternalProfiler: Using external profiler: VSPerf
[2017.03.07-02.07.51:874][  0]LogWindowsTextInputMethodSystem:Display: IME system now deactivated.
[2017.03.07-02.07.51:874][  0]LogWindowsTextInputMethodSystem:Display: IME system now deactivated.
[2017.03.07-02.07.51:875][  0]LogOcInput: OculusInput pre-init called
[2017.03.07-02.07.51:894][  0]LogContentStreaming: Texture pool size now 1000 MB
[2017.03.07-02.07.52:064][  0]LogRenderer: Reallocating scene render targets to support 1208x576 (Frame:2).
[2017.03.07-02.07.52:175][  1]LogAssetRegistry: Asset discovery search completed in 7.0483 seconds
[2017.03.07-02.07.52:175][  1]LogCollectionManager: Rebuilt the object cache for 0 collections in 0.000001 seconds (found 0 objects)
[2017.03.07-02.07.52:175][  1]LogCollectionManager: Fixed up redirectors for 0 collections in 0.000073 seconds (updated 0 objects)
[2017.03.07-02.07.54:209][223]LogBlueprintUserMessages: Early PlayInEditor Detection: Level '/Game/ThirdPersonCPP/Maps/ThirdPersonExampleMap.ThirdPersonExampleMap:PersistentLevel' has LevelScriptBlueprint '/Game/ThirdPersonCPP/Maps/ThirdPersonExampleMap.ThirdPersonExampleMap:PersistentLevel.ThirdPersonExampleMap' with GeneratedClass '/Game/ThirdPersonCPP/Maps/ThirdPersonExampleMap.ThirdPersonExampleMap_C' with ClassGeneratedBy '/Game/ThirdPersonCPP/Maps/ThirdPersonExampleMap.ThirdPersonExampleMap:PersistentLevel.ThirdPersonExampleMap'
[2017.03.07-02.07.54:209][223]LogPlayLevel: PlayLevel: No blueprints needed recompiling
[2017.03.07-02.07.54:210][223]PIE: New page: PIE session: ThirdPersonExampleMap (7 Mar 2017 02:07:54)
[2017.03.07-02.07.54:210][223]LogPlayLevel: Creating play world package: /Game/ThirdPersonCPP/Maps/UEDPIE_0_ThirdPersonExampleMap
[2017.03.07-02.07.54:233][223]LogPlayLevel: PIE: StaticDuplicateObject took: (0.022907s)
[2017.03.07-02.07.54:234][223]LogAIModule: Creating AISystem for world ThirdPersonExampleMap
[2017.03.07-02.07.54:234][223]LogPlayLevel: PIE: World Init took: (0.000788s)
[2017.03.07-02.07.54:235][223]LogPlayLevel: PIE: Created PIE world by copying editor world from /Game/ThirdPersonCPP/Maps/ThirdPersonExampleMap.ThirdPersonExampleMap to /Game/ThirdPersonCPP/Maps/UEDPIE_0_ThirdPersonExampleMap.ThirdPersonExampleMap (0.024357s)
[2017.03.07-02.07.54:251][223]LogInit: XAudio2 using 'Speakers (Realtek High Definition Audio)' : 2 channels at 48 kHz using 32 bits per sample (channel mask 0x3)
[2017.03.07-02.07.54:257][223]LogInit: FAudioDevice initialized.
[2017.03.07-02.07.54:324][223]LogWorld: Game class is 'DissertationLevelGameMode'
[2017.03.07-02.07.54:357][223]LogWorld: Bringing World /Game/ThirdPersonCPP/Maps/UEDPIE_0_ThirdPersonExampleMap.ThirdPersonExampleMap up for play (max tick rate 0) at 2017.03.07-02.07.54
[2017.03.07-02.07.54:361][223]LogWorld: Bringing up level for play took: 0.035610
[2017.03.07-02.07.54:376][223]LogContentBrowser: Native class hierarchy updated for 'MovieSceneCapture' in 0.0096 seconds. Added 11 classes and 0 folders.
[2017.03.07-02.07.54:376][223]LogActor:Warning: WorldObject /Game/ThirdPersonCPP/Maps/UEDPIE_0_ThirdPersonExampleMap.ThirdPersonExampleMap:PersistentLevel.WorldObject_0 has natively added scene component(s), but none of them were set as the actor's RootComponent - picking one arbitrarily
[2017.03.07-02.07.54:377][223]LogActor:Warning: WorldObject /Game/ThirdPersonCPP/Maps/UEDPIE_0_ThirdPersonExampleMap.ThirdPersonExampleMap:PersistentLevel.WorldObject_1 has natively added scene component(s), but none of them were set as the actor's RootComponent - picking one arbitrarily
[2017.03.07-02.07.54:378][223]LogActor:Warning: WorldObject /Game/ThirdPersonCPP/Maps/UEDPIE_0_ThirdPersonExampleMap.ThirdPersonExampleMap:PersistentLevel.WorldObject_2 has natively added scene component(s), but none of them were set as the actor's RootComponent - picking one arbitrarily
[2017.03.07-02.07.54:378][223]LogActor:Warning: WorldObject /Game/ThirdPersonCPP/Maps/UEDPIE_0_ThirdPersonExampleMap.ThirdPersonExampleMap:PersistentLevel.WorldObject_3 has natively added scene component(s), but none of them were set as the actor's RootComponent - picking one arbitrarily
[2017.03.07-02.07.54:379][223]LogActor:Warning: WorldObject /Game/ThirdPersonCPP/Maps/UEDPIE_0_ThirdPersonExampleMap.ThirdPersonExampleMap:PersistentLevel.WorldObject_4 has natively added scene component(s), but none of them were set as the actor's RootComponent - picking one arbitrarily
[2017.03.07-02.07.54:382][223]LogActor:Warning: WorldObject /Game/ThirdPersonCPP/Maps/UEDPIE_0_ThirdPersonExampleMap.ThirdPersonExampleMap:PersistentLevel.WorldObject_5 has natively added scene component(s), but none of them were set as the actor's RootComponent - picking one arbitrarily
[2017.03.07-02.07.54:382][223]LogActor:Warning: WorldObject /Game/ThirdPersonCPP/Maps/UEDPIE_0_ThirdPersonExampleMap.ThirdPersonExampleMap:PersistentLevel.WorldObject_6 has natively added scene component(s), but none of them were set as the actor's RootComponent - picking one arbitrarily
[2017.03.07-02.07.54:383][223]LogActor:Warning: WorldObject /Game/ThirdPersonCPP/Maps/UEDPIE_0_ThirdPersonExampleMap.ThirdPersonExampleMap:PersistentLevel.WorldObject_7 has natively added scene component(s), but none of them were set as the actor's RootComponent - picking one arbitrarily
[2017.03.07-02.07.54:384][223]LogActor:Warning: WorldObject /Game/ThirdPersonCPP/Maps/UEDPIE_0_ThirdPersonExampleMap.ThirdPersonExampleMap:PersistentLevel.WorldObject_8 has natively added scene component(s), but none of them were set as the actor's RootComponent - picking one arbitrarily
[2017.03.07-02.07.54:384][223]LogActor:Warning: WorldObject /Game/ThirdPersonCPP/Maps/UEDPIE_0_ThirdPersonExampleMap.ThirdPersonExampleMap:PersistentLevel.WorldObject_9 has natively added scene component(s), but none of them were set as the actor's RootComponent - picking one arbitrarily
[2017.03.07-02.07.54:385][223]LogActor:Warning: WorldObject /Game/ThirdPersonCPP/Maps/UEDPIE_0_ThirdPersonExampleMap.ThirdPersonExampleMap:PersistentLevel.WorldObject_10 has natively added scene component(s), but none of them were set as the actor's RootComponent - picking one arbitrarily
[2017.03.07-02.07.54:385][223]LogActor:Warning: WorldObject /Game/ThirdPersonCPP/Maps/UEDPIE_0_ThirdPersonExampleMap.ThirdPersonExampleMap:PersistentLevel.WorldObject_11 has natively added scene component(s), but none of them were set as the actor's RootComponent - picking one arbitrarily
[2017.03.07-02.07.54:386][223]LogActor:Warning: WorldObject /Game/ThirdPersonCPP/Maps/UEDPIE_0_ThirdPersonExampleMap.ThirdPersonExampleMap:PersistentLevel.WorldObject_12 has natively added scene component(s), but none of them were set as the actor's RootComponent - picking one arbitrarily
[2017.03.07-02.07.54:387][223]LogActor:Warning: WorldObject /Game/ThirdPersonCPP/Maps/UEDPIE_0_ThirdPersonExampleMap.ThirdPersonExampleMap:PersistentLevel.WorldObject_13 has natively added scene component(s), but none of them were set as the actor's RootComponent - picking one arbitrarily
[2017.03.07-02.07.54:387][223]LogActor:Warning: WorldObject /Game/ThirdPersonCPP/Maps/UEDPIE_0_ThirdPersonExampleMap.ThirdPersonExampleMap:PersistentLevel.WorldObject_14 has natively added scene component(s), but none of them were set as the actor's RootComponent - picking one arbitrarily
[2017.03.07-02.07.54:388][223]PIE: Info Play in editor start time for /Game/ThirdPersonCPP/Maps/UEDPIE_0_ThirdPersonExampleMap 0.185
[2017.03.07-02.07.54:388][223]LogBlueprintUserMessages: Late PlayInEditor Detection: Level '/Game/ThirdPersonCPP/Maps/ThirdPersonExampleMap.ThirdPersonExampleMap:PersistentLevel' has LevelScriptBlueprint '/Game/ThirdPersonCPP/Maps/ThirdPersonExampleMap.ThirdPersonExampleMap:PersistentLevel.ThirdPersonExampleMap' with GeneratedClass '/Game/ThirdPersonCPP/Maps/ThirdPersonExampleMap.ThirdPersonExampleMap_C' with ClassGeneratedBy '/Game/ThirdPersonCPP/Maps/ThirdPersonExampleMap.ThirdPersonExampleMap:PersistentLevel.ThirdPersonExampleMap'
[2017.03.07-02.07.57:237][558]Cmd: EnableGDT
[2017.03.07-02.07.57:241][558]LogGameplayDebugger:Warning: Got from client: EnableGDT 
[2017.03.07-02.08.02:232][153]LogWindows: Windows GetLastError: The operation completed successfully. (0)
[2017.03.07-02.08.02:887][153]LogCrashTracker: 


[2017.03.07-02.08.02:887][153]LogCrashTracker: 


[2017.03.07-02.08.02:887][153]LogWindows:Error: === Critical error: ===
Assertion failed: Object [File:D:\Build\++UE4+Release-4.12+Compile\Sync\Engine\Source\Runtime\Engine\Private\UnrealEngine.cpp] [Line: 7968] 





[2017.03.07-02.08.02:968][153]LogExit: Executing StaticShutdownAfterError
[2017.03.07-02.08.02:973][153]LogWindows: FPlatformMisc::RequestExit(1)
[2017.03.07-02.08.02:974][153]Log file closed, 03/07/17 02:08:02
